{"meta": {"format": 3, "version": "7.6.11", "timestamp": "2025-10-04T21:53:04.239137", "branch_coverage": false, "show_contexts": false}, "files": {"backend/__init__.py": {"executed_lines": [0], "summary": {"covered_lines": 0, "num_statements": 0, "percent_covered": 100.0, "percent_covered_display": "100", "missing_lines": 0, "excluded_lines": 0}, "missing_lines": [], "excluded_lines": [], "functions": {"": {"executed_lines": [], "summary": {"covered_lines": 0, "num_statements": 0, "percent_covered": 100.0, "percent_covered_display": "100", "missing_lines": 0, "excluded_lines": 0}, "missing_lines": [], "excluded_lines": []}}, "classes": {"": {"executed_lines": [], "summary": {"covered_lines": 0, "num_statements": 0, "percent_covered": 100.0, "percent_covered_display": "100", "missing_lines": 0, "excluded_lines": 0}, "missing_lines": [], "excluded_lines": []}}}, "backend/api/__init__.py": {"executed_lines": [0], "summary": {"covered_lines": 0, "num_statements": 0, "percent_covered": 100.0, "percent_covered_display": "100", "missing_lines": 0, "excluded_lines": 0}, "missing_lines": [], "excluded_lines": [], "functions": {"": {"executed_lines": [], "summary": {"covered_lines": 0, "num_statements": 0, "percent_covered": 100.0, "percent_covered_display": "100", "missing_lines": 0, "excluded_lines": 0}, "missing_lines": [], "excluded_lines": []}}, "classes": {"": {"executed_lines": [], "summary": {"covered_lines": 0, "num_statements": 0, "percent_covered": 100.0, "percent_covered_display": "100", "missing_lines": 0, "excluded_lines": 0}, "missing_lines": [], "excluded_lines": []}}}, "backend/api/endpoints/__init__.py": {"executed_lines": [0], "summary": {"covered_lines": 0, "num_statements": 0, "percent_covered": 100.0, "percent_covered_display": "100", "missing_lines": 0, "excluded_lines": 0}, "missing_lines": [], "excluded_lines": [], "functions": {"": {"executed_lines": [], "summary": {"covered_lines": 0, "num_statements": 0, "percent_covered": 100.0, "percent_covered_display": "100", "missing_lines": 0, "excluded_lines": 0}, "missing_lines": [], "excluded_lines": []}}, "classes": {"": {"executed_lines": [], "summary": {"covered_lines": 0, "num_statements": 0, "percent_covered": 100.0, "percent_covered_display": "100", "missing_lines": 0, "excluded_lines": 0}, "missing_lines": [], "excluded_lines": []}}}, "backend/api/endpoints/apps.py": {"executed_lines": [1, 2, 3, 4, 5, 7, 11, 12, 13, 14, 15, 16, 27, 28, 31, 32, 37, 38, 40, 45, 54, 55, 60, 61, 62, 63, 64, 70, 71, 72, 78, 79, 82, 85, 88, 94, 95, 100, 101, 102, 103, 104, 110, 111, 117, 118, 119, 122, 123, 124, 130, 131, 147, 148, 163, 164, 180, 181, 214, 215, 234, 235, 263, 264, 296, 297, 426, 427, 444, 445, 486, 487], "summary": {"covered_lines": 72, "num_statements": 227, "percent_covered": 31.718061674008812, "percent_covered_display": "32", "missing_lines": 155, "excluded_lines": 0}, "missing_lines": [41, 42, 43, 46, 47, 48, 49, 50, 51, 65, 66, 67, 83, 86, 89, 90, 91, 105, 106, 107, 120, 121, 125, 126, 127, 136, 137, 138, 139, 140, 141, 142, 143, 144, 153, 154, 155, 156, 157, 158, 159, 160, 170, 171, 172, 173, 174, 175, 176, 177, 187, 188, 189, 190, 191, 192, 193, 194, 196, 197, 199, 201, 203, 204, 205, 206, 207, 208, 209, 210, 211, 220, 221, 222, 223, 224, 225, 226, 227, 228, 229, 230, 231, 241, 242, 245, 247, 253, 255, 256, 257, 258, 259, 260, 269, 270, 272, 275, 277, 288, 289, 290, 291, 292, 293, 326, 328, 331, 365, 366, 367, 372, 375, 376, 394, 395, 396, 400, 401, 404, 413, 414, 415, 416, 417, 418, 419, 420, 421, 422, 423, 437, 460, 461, 464, 466, 473, 474, 475, 477, 478, 479, 481, 482, 483, 528, 530, 533, 536, 538, 540, 541, 542, 543, 544], "excluded_lines": [], "functions": {"get_catalog": {"executed_lines": [37, 38, 40, 45], "summary": {"covered_lines": 4, "num_statements": 13, "percent_covered": 30.76923076923077, "percent_covered_display": "31", "missing_lines": 9, "excluded_lines": 0}, "missing_lines": [41, 42, 43, 46, 47, 48, 49, 50, 51], "excluded_lines": []}, "get_catalog_item": {"executed_lines": [60, 61, 62, 63, 64], "summary": {"covered_lines": 5, "num_statements": 8, "percent_covered": 62.5, "percent_covered_display": "62", "missing_lines": 3, "excluded_lines": 0}, "missing_lines": [65, 66, 67], "excluded_lines": []}, "list_apps": {"executed_lines": [78, 79, 82, 85, 88], "summary": {"covered_lines": 5, "num_statements": 10, "percent_covered": 50.0, "percent_covered_display": "50", "missing_lines": 5, "excluded_lines": 0}, "missing_lines": [83, 86, 89, 90, 91], "excluded_lines": []}, "get_app": {"executed_lines": [100, 101, 102, 103, 104], "summary": {"covered_lines": 5, "num_statements": 8, "percent_covered": 62.5, "percent_covered_display": "62", "missing_lines": 3, "excluded_lines": 0}, "missing_lines": [105, 106, 107], "excluded_lines": []}, "deploy_app": {"executed_lines": [117, 118, 119, 122, 123, 124], "summary": {"covered_lines": 6, "num_statements": 11, "percent_covered": 54.54545454545455, "percent_covered_display": "55", "missing_lines": 5, "excluded_lines": 0}, "missing_lines": [120, 121, 125, 126, 127], "excluded_lines": []}, "get_deployment_status": {"executed_lines": [], "summary": {"covered_lines": 0, "num_statements": 8, "percent_covered": 0.0, "percent_covered_display": "0", "missing_lines": 8, "excluded_lines": 0}, "missing_lines": [153, 154, 155, 156, 157, 158, 159, 160], "excluded_lines": []}, "update_app": {"executed_lines": [], "summary": {"covered_lines": 0, "num_statements": 13, "percent_covered": 0.0, "percent_covered_display": "0", "missing_lines": 13, "excluded_lines": 0}, "missing_lines": [460, 461, 464, 466, 473, 474, 475, 477, 478, 479, 481, 482, 483], "excluded_lines": []}, "perform_app_action": {"executed_lines": [], "summary": {"covered_lines": 0, "num_statements": 21, "percent_covered": 0.0, "percent_covered_display": "0", "missing_lines": 21, "excluded_lines": 0}, "missing_lines": [187, 188, 189, 190, 191, 192, 193, 194, 196, 197, 199, 201, 203, 204, 205, 206, 207, 208, 209, 210, 211], "excluded_lines": []}, "delete_app": {"executed_lines": [], "summary": {"covered_lines": 0, "num_statements": 12, "percent_covered": 0.0, "percent_covered_display": "0", "missing_lines": 12, "excluded_lines": 0}, "missing_lines": [220, 221, 222, 223, 224, 225, 226, 227, 228, 229, 230, 231], "excluded_lines": []}, "get_app_logs": {"executed_lines": [], "summary": {"covered_lines": 0, "num_statements": 11, "percent_covered": 0.0, "percent_covered_display": "0", "missing_lines": 11, "excluded_lines": 0}, "missing_lines": [241, 242, 245, 247, 253, 255, 256, 257, 258, 259, 260], "excluded_lines": []}, "get_app_stats": {"executed_lines": [], "summary": {"covered_lines": 0, "num_statements": 11, "percent_covered": 0.0, "percent_covered_display": "0", "missing_lines": 11, "excluded_lines": 0}, "missing_lines": [269, 270, 272, 275, 277, 288, 289, 290, 291, 292, 293], "excluded_lines": []}, "execute_safe_command": {"executed_lines": [], "summary": {"covered_lines": 0, "num_statements": 26, "percent_covered": 0.0, "percent_covered_display": "0", "missing_lines": 26, "excluded_lines": 0}, "missing_lines": [326, 328, 331, 365, 366, 367, 372, 375, 376, 394, 395, 396, 400, 401, 404, 413, 414, 415, 416, 417, 418, 419, 420, 421, 422, 423], "excluded_lines": []}, "list_available_commands": {"executed_lines": [], "summary": {"covered_lines": 0, "num_statements": 1, "percent_covered": 0.0, "percent_covered_display": "0", "missing_lines": 1, "excluded_lines": 0}, "missing_lines": [437], "excluded_lines": []}, "get_app_current_stats": {"executed_lines": [], "summary": {"covered_lines": 0, "num_statements": 10, "percent_covered": 0.0, "percent_covered_display": "0", "missing_lines": 10, "excluded_lines": 0}, "missing_lines": [528, 530, 533, 536, 538, 540, 541, 542, 543, 544], "excluded_lines": []}, "": {"executed_lines": [1, 2, 3, 4, 5, 7, 11, 12, 13, 14, 15, 16, 27, 28, 31, 32, 54, 55, 70, 71, 72, 94, 95, 110, 111, 130, 131, 147, 148, 163, 164, 180, 181, 214, 215, 234, 235, 263, 264, 296, 297, 426, 427, 444, 445, 486, 487], "summary": {"covered_lines": 47, "num_statements": 47, "percent_covered": 100.0, "percent_covered_display": "100", "missing_lines": 0, "excluded_lines": 0}, "missing_lines": [], "excluded_lines": []}}, "classes": {"": {"executed_lines": [1, 2, 3, 4, 5, 7, 11, 12, 13, 14, 15, 16, 27, 28, 31, 32, 37, 38, 40, 45, 54, 55, 60, 61, 62, 63, 64, 70, 71, 72, 78, 79, 82, 85, 88, 94, 95, 100, 101, 102, 103, 104, 110, 111, 117, 118, 119, 122, 123, 124, 130, 131, 147, 148, 163, 164, 180, 181, 214, 215, 234, 235, 263, 264, 296, 297, 426, 427, 444, 445, 486, 487], "summary": {"covered_lines": 72, "num_statements": 227, "percent_covered": 31.718061674008812, "percent_covered_display": "32", "missing_lines": 155, "excluded_lines": 0}, "missing_lines": [41, 42, 43, 46, 47, 48, 49, 50, 51, 65, 66, 67, 83, 86, 89, 90, 91, 105, 106, 107, 120, 121, 125, 126, 127, 136, 137, 138, 139, 140, 141, 142, 143, 144, 153, 154, 155, 156, 157, 158, 159, 160, 170, 171, 172, 173, 174, 175, 176, 177, 187, 188, 189, 190, 191, 192, 193, 194, 196, 197, 199, 201, 203, 204, 205, 206, 207, 208, 209, 210, 211, 220, 221, 222, 223, 224, 225, 226, 227, 228, 229, 230, 231, 241, 242, 245, 247, 253, 255, 256, 257, 258, 259, 260, 269, 270, 272, 275, 277, 288, 289, 290, 291, 292, 293, 326, 328, 331, 365, 366, 367, 372, 375, 376, 394, 395, 396, 400, 401, 404, 413, 414, 415, 416, 417, 418, 419, 420, 421, 422, 423, 437, 460, 461, 464, 466, 473, 474, 475, 477, 478, 479, 481, 482, 483, 528, 530, 533, 536, 538, 540, 541, 542, 543, 544], "excluded_lines": []}}}, "backend/api/endpoints/auth.py": {"executed_lines": [1, 7, 8, 9, 10, 11, 15, 16, 17, 19, 21, 24, 25, 37, 46, 55, 66, 68, 76, 77, 88, 95, 104, 114, 116, 118, 126, 127, 141, 150, 152, 158, 159, 165, 168, 169, 203, 204], "summary": {"covered_lines": 37, "num_statements": 46, "percent_covered": 80.43478260869566, "percent_covered_display": "80", "missing_lines": 9, "excluded_lines": 0}, "missing_lines": [179, 187, 197, 214, 215, 216, 222, 230, 232], "excluded_lines": [], "functions": {"register": {"executed_lines": [37, 46, 55, 66, 68], "summary": {"covered_lines": 5, "num_statements": 5, "percent_covered": 100.0, "percent_covered_display": "100", "missing_lines": 0, "excluded_lines": 0}, "missing_lines": [], "excluded_lines": []}, "login": {"executed_lines": [88, 95, 104, 114, 116, 118], "summary": {"covered_lines": 6, "num_statements": 6, "percent_covered": 100.0, "percent_covered_display": "100", "missing_lines": 0, "excluded_lines": 0}, "missing_lines": [], "excluded_lines": []}, "logout": {"executed_lines": [141, 150, 152], "summary": {"covered_lines": 3, "num_statements": 3, "percent_covered": 100.0, "percent_covered_display": "100", "missing_lines": 0, "excluded_lines": 0}, "missing_lines": [], "excluded_lines": []}, "get_current_user_info": {"executed_lines": [165], "summary": {"covered_lines": 1, "num_statements": 1, "percent_covered": 100.0, "percent_covered_display": "100", "missing_lines": 0, "excluded_lines": 0}, "missing_lines": [], "excluded_lines": []}, "change_password": {"executed_lines": [], "summary": {"covered_lines": 0, "num_statements": 3, "percent_covered": 0.0, "percent_covered_display": "0", "missing_lines": 3, "excluded_lines": 0}, "missing_lines": [179, 187, 197], "excluded_lines": []}, "refresh_token": {"executed_lines": [], "summary": {"covered_lines": 0, "num_statements": 6, "percent_covered": 0.0, "percent_covered_display": "0", "missing_lines": 6, "excluded_lines": 0}, "missing_lines": [214, 215, 216, 222, 230, 232], "excluded_lines": []}, "": {"executed_lines": [1, 7, 8, 9, 10, 11, 15, 16, 17, 19, 21, 24, 25, 76, 77, 126, 127, 158, 159, 168, 169, 203, 204], "summary": {"covered_lines": 22, "num_statements": 22, "percent_covered": 100.0, "percent_covered_display": "100", "missing_lines": 0, "excluded_lines": 0}, "missing_lines": [], "excluded_lines": []}}, "classes": {"": {"executed_lines": [1, 7, 8, 9, 10, 11, 15, 16, 17, 19, 21, 24, 25, 37, 46, 55, 66, 68, 76, 77, 88, 95, 104, 114, 116, 118, 126, 127, 141, 150, 152, 158, 159, 165, 168, 169, 203, 204], "summary": {"covered_lines": 37, "num_statements": 46, "percent_covered": 80.43478260869566, "percent_covered_display": "80", "missing_lines": 9, "excluded_lines": 0}, "missing_lines": [179, 187, 197, 214, 215, 216, 222, 230, 232], "excluded_lines": []}}}, "backend/api/endpoints/backups.py": {"executed_lines": [1, 6, 7, 8, 9, 10, 14, 15, 18, 21, 36, 37, 38, 44, 45, 50, 53, 54, 79, 81, 83, 86, 93, 113, 114, 134, 136, 137, 138, 140, 152, 153, 175, 177, 178, 179, 182, 188, 190, 191, 202, 203, 230, 232, 233, 236, 237, 244, 245, 251, 253, 260, 265, 266, 274, 275, 300, 302, 303, 306, 307, 314, 316, 322, 323], "summary": {"covered_lines": 64, "num_statements": 80, "percent_covered": 80.0, "percent_covered_display": "80", "missing_lines": 16, "excluded_lines": 0}, "missing_lines": [101, 102, 106, 107, 145, 146, 183, 195, 196, 238, 261, 267, 268, 308, 327, 328], "excluded_lines": [], "functions": {"get_app_and_check_ownership": {"executed_lines": [36, 37, 38, 44, 45, 50], "summary": {"covered_lines": 6, "num_statements": 6, "percent_covered": 100.0, "percent_covered_display": "100", "missing_lines": 0, "excluded_lines": 0}, "missing_lines": [], "excluded_lines": []}, "create_backup": {"executed_lines": [79, 81, 83, 86, 93], "summary": {"covered_lines": 5, "num_statements": 9, "percent_covered": 55.55555555555556, "percent_covered_display": "56", "missing_lines": 4, "excluded_lines": 0}, "missing_lines": [101, 102, 106, 107], "excluded_lines": []}, "list_backups": {"executed_lines": [134, 136, 137, 138, 140], "summary": {"covered_lines": 5, "num_statements": 7, "percent_covered": 71.42857142857143, "percent_covered_display": "71", "missing_lines": 2, "excluded_lines": 0}, "missing_lines": [145, 146], "excluded_lines": []}, "get_backup": {"executed_lines": [175, 177, 178, 179, 182, 188, 190, 191], "summary": {"covered_lines": 8, "num_statements": 11, "percent_covered": 72.72727272727273, "percent_covered_display": "73", "missing_lines": 3, "excluded_lines": 0}, "missing_lines": [183, 195, 196], "excluded_lines": []}, "restore_backup": {"executed_lines": [230, 232, 233, 236, 237, 244, 245, 251, 253, 260, 265, 266], "summary": {"covered_lines": 12, "num_statements": 16, "percent_covered": 75.0, "percent_covered_display": "75", "missing_lines": 4, "excluded_lines": 0}, "missing_lines": [238, 261, 267, 268], "excluded_lines": []}, "delete_backup": {"executed_lines": [300, 302, 303, 306, 307, 314, 316, 322, 323], "summary": {"covered_lines": 9, "num_statements": 12, "percent_covered": 75.0, "percent_covered_display": "75", "missing_lines": 3, "excluded_lines": 0}, "missing_lines": [308, 327, 328], "excluded_lines": []}, "": {"executed_lines": [1, 6, 7, 8, 9, 10, 14, 15, 18, 21, 53, 54, 113, 114, 152, 153, 202, 203, 274, 275], "summary": {"covered_lines": 19, "num_statements": 19, "percent_covered": 100.0, "percent_covered_display": "100", "missing_lines": 0, "excluded_lines": 0}, "missing_lines": [], "excluded_lines": []}}, "classes": {"": {"executed_lines": [1, 6, 7, 8, 9, 10, 14, 15, 18, 21, 36, 37, 38, 44, 45, 50, 53, 54, 79, 81, 83, 86, 93, 113, 114, 134, 136, 137, 138, 140, 152, 153, 175, 177, 178, 179, 182, 188, 190, 191, 202, 203, 230, 232, 233, 236, 237, 244, 245, 251, 253, 260, 265, 266, 274, 275, 300, 302, 303, 306, 307, 314, 316, 322, 323], "summary": {"covered_lines": 64, "num_statements": 80, "percent_covered": 80.0, "percent_covered_display": "80", "missing_lines": 16, "excluded_lines": 0}, "missing_lines": [101, 102, 106, 107, 145, 146, 183, 195, 196, 238, 261, 267, 268, 308, 327, 328], "excluded_lines": []}}}, "backend/api/endpoints/settings.py": {"executed_lines": [1, 7, 8, 9, 10, 11, 12, 13, 14, 16, 17, 22, 23, 24, 25, 26, 27, 28, 31, 32, 33, 34, 35, 36, 37, 40, 41, 42, 43, 44, 45, 48, 49, 50, 51, 52, 57, 58, 69, 72, 78, 87, 88, 147, 148, 157, 158, 196, 197, 206, 207, 242, 243, 264, 265, 296, 297], "summary": {"covered_lines": 52, "num_statements": 89, "percent_covered": 58.42696629213483, "percent_covered_display": "58", "missing_lines": 37, "excluded_lines": 0}, "missing_lines": [102, 103, 109, 110, 111, 112, 115, 116, 118, 119, 123, 124, 126, 127, 128, 131, 138, 154, 171, 182, 189, 203, 219, 229, 236, 253, 254, 255, 257, 277, 283, 290, 305, 307, 308, 311, 317], "excluded_lines": [], "functions": {"get_proxmox_settings": {"executed_lines": [69, 72, 78], "summary": {"covered_lines": 3, "num_statements": 3, "percent_covered": 100.0, "percent_covered_display": "100", "missing_lines": 0, "excluded_lines": 0}, "missing_lines": [], "excluded_lines": []}, "update_proxmox_settings": {"executed_lines": [], "summary": {"covered_lines": 0, "num_statements": 17, "percent_covered": 0.0, "percent_covered_display": "0", "missing_lines": 17, "excluded_lines": 0}, "missing_lines": [102, 103, 109, 110, 111, 112, 115, 116, 118, 119, 123, 124, 126, 127, 128, 131, 138], "excluded_lines": []}, "get_network_settings": {"executed_lines": [], "summary": {"covered_lines": 0, "num_statements": 1, "percent_covered": 0.0, "percent_covered_display": "0", "missing_lines": 1, "excluded_lines": 0}, "missing_lines": [154], "excluded_lines": []}, "update_network_settings": {"executed_lines": [], "summary": {"covered_lines": 0, "num_statements": 3, "percent_covered": 0.0, "percent_covered_display": "0", "missing_lines": 3, "excluded_lines": 0}, "missing_lines": [171, 182, 189], "excluded_lines": []}, "get_default_resources": {"executed_lines": [], "summary": {"covered_lines": 0, "num_statements": 1, "percent_covered": 0.0, "percent_covered_display": "0", "missing_lines": 1, "excluded_lines": 0}, "missing_lines": [203], "excluded_lines": []}, "update_default_resources": {"executed_lines": [], "summary": {"covered_lines": 0, "num_statements": 3, "percent_covered": 0.0, "percent_covered_display": "0", "missing_lines": 3, "excluded_lines": 0}, "missing_lines": [219, 229, 236], "excluded_lines": []}, "get_all_settings": {"executed_lines": [], "summary": {"covered_lines": 0, "num_statements": 4, "percent_covered": 0.0, "percent_covered_display": "0", "missing_lines": 4, "excluded_lines": 0}, "missing_lines": [253, 254, 255, 257], "excluded_lines": []}, "set_setting": {"executed_lines": [], "summary": {"covered_lines": 0, "num_statements": 3, "percent_covered": 0.0, "percent_covered_display": "0", "missing_lines": 3, "excluded_lines": 0}, "missing_lines": [277, 283, 290], "excluded_lines": []}, "delete_setting": {"executed_lines": [], "summary": {"covered_lines": 0, "num_statements": 5, "percent_covered": 0.0, "percent_covered_display": "0", "missing_lines": 5, "excluded_lines": 0}, "missing_lines": [305, 307, 308, 311, 317], "excluded_lines": []}, "": {"executed_lines": [1, 7, 8, 9, 10, 11, 12, 13, 14, 16, 17, 22, 23, 24, 25, 26, 27, 28, 31, 32, 33, 34, 35, 36, 37, 40, 41, 42, 43, 44, 45, 48, 49, 50, 51, 52, 57, 58, 87, 88, 147, 148, 157, 158, 196, 197, 206, 207, 242, 243, 264, 265, 296, 297], "summary": {"covered_lines": 49, "num_statements": 49, "percent_covered": 100.0, "percent_covered_display": "100", "missing_lines": 0, "excluded_lines": 0}, "missing_lines": [], "excluded_lines": []}}, "classes": {"ProxmoxCredentials": {"executed_lines": [], "summary": {"covered_lines": 0, "num_statements": 0, "percent_covered": 100.0, "percent_covered_display": "100", "missing_lines": 0, "excluded_lines": 0}, "missing_lines": [], "excluded_lines": []}, "NetworkSettings": {"executed_lines": [], "summary": {"covered_lines": 0, "num_statements": 0, "percent_covered": 100.0, "percent_covered_display": "100", "missing_lines": 0, "excluded_lines": 0}, "missing_lines": [], "excluded_lines": []}, "DefaultResources": {"executed_lines": [], "summary": {"covered_lines": 0, "num_statements": 0, "percent_covered": 100.0, "percent_covered_display": "100", "missing_lines": 0, "excluded_lines": 0}, "missing_lines": [], "excluded_lines": []}, "SettingUpdate": {"executed_lines": [], "summary": {"covered_lines": 0, "num_statements": 0, "percent_covered": 100.0, "percent_covered_display": "100", "missing_lines": 0, "excluded_lines": 0}, "missing_lines": [], "excluded_lines": []}, "": {"executed_lines": [1, 7, 8, 9, 10, 11, 12, 13, 14, 16, 17, 22, 23, 24, 25, 26, 27, 28, 31, 32, 33, 34, 35, 36, 37, 40, 41, 42, 43, 44, 45, 48, 49, 50, 51, 52, 57, 58, 69, 72, 78, 87, 88, 147, 148, 157, 158, 196, 197, 206, 207, 242, 243, 264, 265, 296, 297], "summary": {"covered_lines": 52, "num_statements": 89, "percent_covered": 58.42696629213483, "percent_covered_display": "58", "missing_lines": 37, "excluded_lines": 0}, "missing_lines": [102, 103, 109, 110, 111, 112, 115, 116, 118, 119, 123, 124, 126, 127, 128, 131, 138, 154, 171, 182, 189, 203, 219, 229, 236, 253, 254, 255, 257, 277, 283, 290, 305, 307, 308, 311, 317], "excluded_lines": []}}}, "backend/api/endpoints/system.py": {"executed_lines": [1, 2, 4, 5, 6, 7, 9, 10, 13, 14, 19, 20, 25, 27, 30, 31, 34, 36, 52, 53, 57, 58, 67, 68, 83, 84, 99, 100, 126, 127, 144, 145, 193, 194, 198, 200, 201, 254, 255, 326, 327, 366, 367, 427, 428, 485, 486, 548, 549, 636, 637], "summary": {"covered_lines": 51, "num_statements": 272, "percent_covered": 18.75, "percent_covered_display": "19", "missing_lines": 221, "excluded_lines": 0}, "missing_lines": [16, 44, 45, 46, 47, 48, 49, 59, 60, 61, 62, 63, 64, 73, 74, 75, 76, 77, 78, 79, 80, 89, 90, 91, 92, 93, 94, 95, 96, 104, 105, 106, 107, 108, 116, 118, 119, 120, 121, 122, 123, 129, 150, 152, 153, 154, 157, 158, 159, 160, 162, 163, 164, 165, 167, 188, 189, 190, 211, 213, 214, 224, 225, 226, 229, 230, 232, 233, 234, 235, 237, 249, 250, 251, 259, 260, 261, 263, 264, 267, 268, 269, 272, 273, 274, 275, 278, 288, 289, 290, 291, 293, 299, 300, 301, 309, 311, 321, 322, 323, 337, 338, 340, 341, 344, 350, 352, 361, 362, 363, 381, 383, 384, 386, 388, 389, 391, 394, 395, 396, 399, 402, 403, 404, 405, 409, 411, 413, 422, 423, 424, 435, 436, 437, 439, 441, 442, 447, 448, 450, 453, 456, 457, 460, 463, 465, 467, 478, 479, 480, 481, 482, 493, 494, 496, 498, 499, 504, 505, 508, 511, 512, 515, 516, 519, 520, 523, 524, 526, 541, 542, 543, 544, 545, 556, 557, 558, 560, 562, 563, 568, 569, 571, 574, 578, 581, 585, 588, 592, 595, 599, 601, 603, 629, 630, 631, 632, 633, 644, 645, 646, 648, 650, 651, 656, 658, 661, 663, 664, 670, 671, 673, 674, 676, 678, 680, 691, 692, 693, 694, 695], "excluded_lines": [], "functions": {"health_check": {"executed_lines": [], "summary": {"covered_lines": 0, "num_statements": 1, "percent_covered": 0.0, "percent_covered_display": "0", "missing_lines": 1, "excluded_lines": 0}, "missing_lines": [16], "excluded_lines": []}, "get_system_info": {"executed_lines": [25, 27, 30, 31, 34, 36], "summary": {"covered_lines": 6, "num_statements": 12, "percent_covered": 50.0, "percent_covered_display": "50", "missing_lines": 6, "excluded_lines": 0}, "missing_lines": [44, 45, 46, 47, 48, 49], "excluded_lines": []}, "get_nodes": {"executed_lines": [57, 58], "summary": {"covered_lines": 2, "num_statements": 8, "percent_covered": 25.0, "percent_covered_display": "25", "missing_lines": 6, "excluded_lines": 0}, "missing_lines": [59, 60, 61, 62, 63, 64], "excluded_lines": []}, "get_node_info": {"executed_lines": [], "summary": {"covered_lines": 0, "num_statements": 8, "percent_covered": 0.0, "percent_covered_display": "0", "missing_lines": 8, "excluded_lines": 0}, "missing_lines": [73, 74, 75, 76, 77, 78, 79, 80], "excluded_lines": []}, "get_containers": {"executed_lines": [], "summary": {"covered_lines": 0, "num_statements": 8, "percent_covered": 0.0, "percent_covered_display": "0", "missing_lines": 8, "excluded_lines": 0}, "missing_lines": [89, 90, 91, 92, 93, 94, 95, 96], "excluded_lines": []}, "test_proxmox_connection": {"executed_lines": [], "summary": {"covered_lines": 0, "num_statements": 12, "percent_covered": 0.0, "percent_covered_display": "0", "missing_lines": 12, "excluded_lines": 0}, "missing_lines": [104, 105, 106, 107, 108, 116, 118, 119, 120, 121, 122, 123], "excluded_lines": []}, "get_configuration": {"executed_lines": [], "summary": {"covered_lines": 0, "num_statements": 1, "percent_covered": 0.0, "percent_covered_display": "0", "missing_lines": 1, "excluded_lines": 0}, "missing_lines": [129], "excluded_lines": []}, "get_metrics": {"executed_lines": [], "summary": {"covered_lines": 0, "num_statements": 16, "percent_covered": 0.0, "percent_covered_display": "0", "missing_lines": 16, "excluded_lines": 0}, "missing_lines": [150, 152, 153, 154, 157, 158, 159, 160, 162, 163, 164, 165, 167, 188, 189, 190], "excluded_lines": []}, "get_proxy_status": {"executed_lines": [198, 200, 201], "summary": {"covered_lines": 3, "num_statements": 19, "percent_covered": 15.789473684210526, "percent_covered_display": "16", "missing_lines": 16, "excluded_lines": 0}, "missing_lines": [211, 213, 214, 224, 225, 226, 229, 230, 232, 233, 234, 235, 237, 249, 250, 251], "excluded_lines": []}, "get_template_cache_status": {"executed_lines": [], "summary": {"covered_lines": 0, "num_statements": 26, "percent_covered": 0.0, "percent_covered_display": "0", "missing_lines": 26, "excluded_lines": 0}, "missing_lines": [259, 260, 261, 263, 264, 267, 268, 269, 272, 273, 274, 275, 278, 288, 289, 290, 291, 293, 299, 300, 301, 309, 311, 321, 322, 323], "excluded_lines": []}, "get_network_status": {"executed_lines": [], "summary": {"covered_lines": 0, "num_statements": 10, "percent_covered": 0.0, "percent_covered_display": "0", "missing_lines": 10, "excluded_lines": 0}, "missing_lines": [337, 338, 340, 341, 344, 350, 352, 361, 362, 363], "excluded_lines": []}, "get_infrastructure_status": {"executed_lines": [], "summary": {"covered_lines": 0, "num_statements": 21, "percent_covered": 0.0, "percent_covered_display": "0", "missing_lines": 21, "excluded_lines": 0}, "missing_lines": [381, 383, 384, 386, 388, 389, 391, 394, 395, 396, 399, 402, 403, 404, 405, 409, 411, 413, 422, 423, 424], "excluded_lines": []}, "restart_network_appliance": {"executed_lines": [], "summary": {"covered_lines": 0, "num_statements": 21, "percent_covered": 0.0, "percent_covered_display": "0", "missing_lines": 21, "excluded_lines": 0}, "missing_lines": [435, 436, 437, 439, 441, 442, 447, 448, 450, 453, 456, 457, 460, 463, 465, 467, 478, 479, 480, 481, 482], "excluded_lines": []}, "get_appliance_logs": {"executed_lines": [], "summary": {"covered_lines": 0, "num_statements": 22, "percent_covered": 0.0, "percent_covered_display": "0", "missing_lines": 22, "excluded_lines": 0}, "missing_lines": [493, 494, 496, 498, 499, 504, 505, 508, 511, 512, 515, 516, 519, 520, 523, 524, 526, 541, 542, 543, 544, 545], "excluded_lines": []}, "test_nat_connectivity": {"executed_lines": [], "summary": {"covered_lines": 0, "num_statements": 24, "percent_covered": 0.0, "percent_covered_display": "0", "missing_lines": 24, "excluded_lines": 0}, "missing_lines": [556, 557, 558, 560, 562, 563, 568, 569, 571, 574, 578, 581, 585, 588, 592, 595, 599, 601, 603, 629, 630, 631, 632, 633], "excluded_lines": []}, "rebuild_network_bridge": {"executed_lines": [], "summary": {"covered_lines": 0, "num_statements": 23, "percent_covered": 0.0, "percent_covered_display": "0", "missing_lines": 23, "excluded_lines": 0}, "missing_lines": [644, 645, 646, 648, 650, 651, 656, 658, 661, 663, 664, 670, 671, 673, 674, 676, 678, 680, 691, 692, 693, 694, 695], "excluded_lines": []}, "": {"executed_lines": [1, 2, 4, 5, 6, 7, 9, 10, 13, 14, 19, 20, 52, 53, 67, 68, 83, 84, 99, 100, 126, 127, 144, 145, 193, 194, 254, 255, 326, 327, 366, 367, 427, 428, 485, 486, 548, 549, 636, 637], "summary": {"covered_lines": 40, "num_statements": 40, "percent_covered": 100.0, "percent_covered_display": "100", "missing_lines": 0, "excluded_lines": 0}, "missing_lines": [], "excluded_lines": []}}, "classes": {"": {"executed_lines": [1, 2, 4, 5, 6, 7, 9, 10, 13, 14, 19, 20, 25, 27, 30, 31, 34, 36, 52, 53, 57, 58, 67, 68, 83, 84, 99, 100, 126, 127, 144, 145, 193, 194, 198, 200, 201, 254, 255, 326, 327, 366, 367, 427, 428, 485, 486, 548, 549, 636, 637], "summary": {"covered_lines": 51, "num_statements": 272, "percent_covered": 18.75, "percent_covered_display": "19", "missing_lines": 221, "excluded_lines": 0}, "missing_lines": [16, 44, 45, 46, 47, 48, 49, 59, 60, 61, 62, 63, 64, 73, 74, 75, 76, 77, 78, 79, 80, 89, 90, 91, 92, 93, 94, 95, 96, 104, 105, 106, 107, 108, 116, 118, 119, 120, 121, 122, 123, 129, 150, 152, 153, 154, 157, 158, 159, 160, 162, 163, 164, 165, 167, 188, 189, 190, 211, 213, 214, 224, 225, 226, 229, 230, 232, 233, 234, 235, 237, 249, 250, 251, 259, 260, 261, 263, 264, 267, 268, 269, 272, 273, 274, 275, 278, 288, 289, 290, 291, 293, 299, 300, 301, 309, 311, 321, 322, 323, 337, 338, 340, 341, 344, 350, 352, 361, 362, 363, 381, 383, 384, 386, 388, 389, 391, 394, 395, 396, 399, 402, 403, 404, 405, 409, 411, 413, 422, 423, 424, 435, 436, 437, 439, 441, 442, 447, 448, 450, 453, 456, 457, 460, 463, 465, 467, 478, 479, 480, 481, 482, 493, 494, 496, 498, 499, 504, 505, 508, 511, 512, 515, 516, 519, 520, 523, 524, 526, 541, 542, 543, 544, 545, 556, 557, 558, 560, 562, 563, 568, 569, 571, 574, 578, 581, 585, 588, 592, 595, 599, 601, 603, 629, 630, 631, 632, 633, 644, 645, 646, 648, 650, 651, 656, 658, 661, 663, 664, 670, 671, 673, 674, 676, 678, 680, 691, 692, 693, 694, 695], "excluded_lines": []}}}, "backend/api/middleware/__init__.py": {"executed_lines": [0], "summary": {"covered_lines": 0, "num_statements": 0, "percent_covered": 100.0, "percent_covered_display": "100", "missing_lines": 0, "excluded_lines": 0}, "missing_lines": [], "excluded_lines": [], "functions": {"": {"executed_lines": [], "summary": {"covered_lines": 0, "num_statements": 0, "percent_covered": 100.0, "percent_covered_display": "100", "missing_lines": 0, "excluded_lines": 0}, "missing_lines": [], "excluded_lines": []}}, "classes": {"": {"executed_lines": [], "summary": {"covered_lines": 0, "num_statements": 0, "percent_covered": 100.0, "percent_covered_display": "100", "missing_lines": 0, "excluded_lines": 0}, "missing_lines": [], "excluded_lines": []}}}, "backend/api/middleware/auth.py": {"executed_lines": [1, 7, 8, 9, 10, 11, 12, 13, 14, 15, 17, 20, 23, 43, 46, 47, 48, 54, 57, 60, 61, 70, 71, 73, 76, 87, 102, 103, 104, 109, 112, 128, 129, 134, 138], "summary": {"covered_lines": 34, "num_statements": 50, "percent_covered": 68.0, "percent_covered_display": "68", "missing_lines": 16, "excluded_lines": 0}, "missing_lines": [44, 62, 63, 84, 130, 155, 156, 158, 159, 160, 163, 164, 165, 167, 169, 170], "excluded_lines": [], "functions": {"get_current_user": {"executed_lines": [43, 46, 47, 48, 54, 57, 60, 61, 70, 71, 73], "summary": {"covered_lines": 11, "num_statements": 14, "percent_covered": 78.57142857142857, "percent_covered_display": "79", "missing_lines": 3, "excluded_lines": 0}, "missing_lines": [44, 62, 63], "excluded_lines": []}, "get_current_active_user": {"executed_lines": [], "summary": {"covered_lines": 0, "num_statements": 1, "percent_covered": 0.0, "percent_covered_display": "0", "missing_lines": 1, "excluded_lines": 0}, "missing_lines": [84], "excluded_lines": []}, "require_admin": {"executed_lines": [102, 103, 104, 109], "summary": {"covered_lines": 4, "num_statements": 4, "percent_covered": 100.0, "percent_covered_display": "100", "missing_lines": 0, "excluded_lines": 0}, "missing_lines": [], "excluded_lines": []}, "get_current_user_db": {"executed_lines": [128, 129, 134], "summary": {"covered_lines": 3, "num_statements": 4, "percent_covered": 75.0, "percent_covered_display": "75", "missing_lines": 1, "excluded_lines": 0}, "missing_lines": [130], "excluded_lines": []}, "optional_auth": {"executed_lines": [], "summary": {"covered_lines": 0, "num_statements": 11, "percent_covered": 0.0, "percent_covered_display": "0", "missing_lines": 11, "excluded_lines": 0}, "missing_lines": [155, 156, 158, 159, 160, 163, 164, 165, 167, 169, 170], "excluded_lines": []}, "": {"executed_lines": [1, 7, 8, 9, 10, 11, 12, 13, 14, 15, 17, 20, 23, 76, 87, 112, 138], "summary": {"covered_lines": 16, "num_statements": 16, "percent_covered": 100.0, "percent_covered_display": "100", "missing_lines": 0, "excluded_lines": 0}, "missing_lines": [], "excluded_lines": []}}, "classes": {"": {"executed_lines": [1, 7, 8, 9, 10, 11, 12, 13, 14, 15, 17, 20, 23, 43, 46, 47, 48, 54, 57, 60, 61, 70, 71, 73, 76, 87, 102, 103, 104, 109, 112, 128, 129, 134, 138], "summary": {"covered_lines": 34, "num_statements": 50, "percent_covered": 68.0, "percent_covered_display": "68", "missing_lines": 16, "excluded_lines": 0}, "missing_lines": [44, 62, 63, 84, 130, 155, 156, 158, 159, 160, 163, 164, 165, 167, 169, 170], "excluded_lines": []}}}, "backend/core/__init__.py": {"executed_lines": [0], "summary": {"covered_lines": 0, "num_statements": 0, "percent_covered": 100.0, "percent_covered_display": "100", "missing_lines": 0, "excluded_lines": 0}, "missing_lines": [], "excluded_lines": [], "functions": {"": {"executed_lines": [], "summary": {"covered_lines": 0, "num_statements": 0, "percent_covered": 100.0, "percent_covered_display": "100", "missing_lines": 0, "excluded_lines": 0}, "missing_lines": [], "excluded_lines": []}}, "classes": {"": {"executed_lines": [], "summary": {"covered_lines": 0, "num_statements": 0, "percent_covered": 100.0, "percent_covered_display": "100", "missing_lines": 0, "excluded_lines": 0}, "missing_lines": [], "excluded_lines": []}}}, "backend/core/config.py": {"executed_lines": [1, 2, 3, 4, 7, 10, 12, 13, 14, 15, 16, 19, 20, 21, 22, 25, 26, 27, 30, 31, 32, 35, 36, 37, 38, 39, 42, 43, 46, 49, 52, 53, 56, 59, 60, 61, 62, 64, 70, 77], "summary": {"covered_lines": 40, "num_statements": 42, "percent_covered": 95.23809523809524, "percent_covered_display": "95", "missing_lines": 2, "excluded_lines": 0}, "missing_lines": [72, 73], "excluded_lines": [], "functions": {"Settings.get_proxmox_url": {"executed_lines": [], "summary": {"covered_lines": 0, "num_statements": 2, "percent_covered": 0.0, "percent_covered_display": "0", "missing_lines": 2, "excluded_lines": 0}, "missing_lines": [72, 73], "excluded_lines": []}, "": {"executed_lines": [1, 2, 3, 4, 7, 10, 12, 13, 14, 15, 16, 19, 20, 21, 22, 25, 26, 27, 30, 31, 32, 35, 36, 37, 38, 39, 42, 43, 46, 49, 52, 53, 56, 59, 60, 61, 62, 64, 70, 77], "summary": {"covered_lines": 40, "num_statements": 40, "percent_covered": 100.0, "percent_covered_display": "100", "missing_lines": 0, "excluded_lines": 0}, "missing_lines": [], "excluded_lines": []}}, "classes": {"Settings": {"executed_lines": [], "summary": {"covered_lines": 0, "num_statements": 2, "percent_covered": 0.0, "percent_covered_display": "0", "missing_lines": 2, "excluded_lines": 0}, "missing_lines": [72, 73], "excluded_lines": []}, "": {"executed_lines": [1, 2, 3, 4, 7, 10, 12, 13, 14, 15, 16, 19, 20, 21, 22, 25, 26, 27, 30, 31, 32, 35, 36, 37, 38, 39, 42, 43, 46, 49, 52, 53, 56, 59, 60, 61, 62, 64, 70, 77], "summary": {"covered_lines": 40, "num_statements": 40, "percent_covered": 100.0, "percent_covered_display": "100", "missing_lines": 0, "excluded_lines": 0}, "missing_lines": [], "excluded_lines": []}}}, "backend/core/exceptions.py": {"executed_lines": [1, 15, 16, 17, 18, 19, 20, 25, 26, 27, 30, 31, 32, 35, 36, 37, 40, 41, 42, 45, 46, 47, 50, 51, 52, 55, 56, 57, 60, 61, 62, 67, 68, 69, 72, 73, 74, 77, 78, 79, 82, 83, 84, 87, 88, 89, 92, 93, 94, 99, 100, 101, 104, 105, 106, 109, 110, 111, 114, 115, 116, 119, 120, 121, 126, 127, 128, 131, 132, 133, 136, 137, 138, 141, 142, 143, 148, 149, 150, 153, 154, 155, 158, 159, 160, 163, 164, 165, 170, 171, 172, 175, 176, 177, 180, 181, 182, 187, 188, 189, 192, 193, 194, 197, 198, 199, 204, 205, 206, 209, 210, 211, 214, 215, 216, 219, 220, 221, 226, 227, 228, 231, 232, 233, 236, 237, 238, 243, 244, 245, 248, 249, 250, 253, 254, 255, 258, 259, 260], "summary": {"covered_lines": 93, "num_statements": 93, "percent_covered": 100.0, "percent_covered_display": "100", "missing_lines": 0, "excluded_lines": 0}, "missing_lines": [], "excluded_lines": [], "functions": {"ProximityError.__init__": {"executed_lines": [18, 19, 20], "summary": {"covered_lines": 3, "num_statements": 3, "percent_covered": 100.0, "percent_covered_display": "100", "missing_lines": 0, "excluded_lines": 0}, "missing_lines": [], "excluded_lines": []}, "": {"executed_lines": [1, 15, 16, 17, 25, 26, 27, 30, 31, 32, 35, 36, 37, 40, 41, 42, 45, 46, 47, 50, 51, 52, 55, 56, 57, 60, 61, 62, 67, 68, 69, 72, 73, 74, 77, 78, 79, 82, 83, 84, 87, 88, 89, 92, 93, 94, 99, 100, 101, 104, 105, 106, 109, 110, 111, 114, 115, 116, 119, 120, 121, 126, 127, 128, 131, 132, 133, 136, 137, 138, 141, 142, 143, 148, 149, 150, 153, 154, 155, 158, 159, 160, 163, 164, 165, 170, 171, 172, 175, 176, 177, 180, 181, 182, 187, 188, 189, 192, 193, 194, 197, 198, 199, 204, 205, 206, 209, 210, 211, 214, 215, 216, 219, 220, 221, 226, 227, 228, 231, 232, 233, 236, 237, 238, 243, 244, 245, 248, 249, 250, 253, 254, 255, 258, 259, 260], "summary": {"covered_lines": 90, "num_statements": 90, "percent_covered": 100.0, "percent_covered_display": "100", "missing_lines": 0, "excluded_lines": 0}, "missing_lines": [], "excluded_lines": []}}, "classes": {"ProximityError": {"executed_lines": [18, 19, 20], "summary": {"covered_lines": 3, "num_statements": 3, "percent_covered": 100.0, "percent_covered_display": "100", "missing_lines": 0, "excluded_lines": 0}, "missing_lines": [], "excluded_lines": []}, "AppError": {"executed_lines": [], "summary": {"covered_lines": 0, "num_statements": 0, "percent_covered": 100.0, "percent_covered_display": "100", "missing_lines": 0, "excluded_lines": 0}, "missing_lines": [], "excluded_lines": []}, "AppNotFoundError": {"executed_lines": [], "summary": {"covered_lines": 0, "num_statements": 0, "percent_covered": 100.0, "percent_covered_display": "100", "missing_lines": 0, "excluded_lines": 0}, "missing_lines": [], "excluded_lines": []}, "AppAlreadyExistsError": {"executed_lines": [], "summary": {"covered_lines": 0, "num_statements": 0, "percent_covered": 100.0, "percent_covered_display": "100", "missing_lines": 0, "excluded_lines": 0}, "missing_lines": [], "excluded_lines": []}, "AppDeploymentError": {"executed_lines": [], "summary": {"covered_lines": 0, "num_statements": 0, "percent_covered": 100.0, "percent_covered_display": "100", "missing_lines": 0, "excluded_lines": 0}, "missing_lines": [], "excluded_lines": []}, "AppDeletionError": {"executed_lines": [], "summary": {"covered_lines": 0, "num_statements": 0, "percent_covered": 100.0, "percent_covered_display": "100", "missing_lines": 0, "excluded_lines": 0}, "missing_lines": [], "excluded_lines": []}, "AppOperationError": {"executed_lines": [], "summary": {"covered_lines": 0, "num_statements": 0, "percent_covered": 100.0, "percent_covered_display": "100", "missing_lines": 0, "excluded_lines": 0}, "missing_lines": [], "excluded_lines": []}, "AppStateError": {"executed_lines": [], "summary": {"covered_lines": 0, "num_statements": 0, "percent_covered": 100.0, "percent_covered_display": "100", "missing_lines": 0, "excluded_lines": 0}, "missing_lines": [], "excluded_lines": []}, "AppUpdateError": {"executed_lines": [], "summary": {"covered_lines": 0, "num_statements": 0, "percent_covered": 100.0, "percent_covered_display": "100", "missing_lines": 0, "excluded_lines": 0}, "missing_lines": [], "excluded_lines": []}, "InfrastructureError": {"executed_lines": [], "summary": {"covered_lines": 0, "num_statements": 0, "percent_covered": 100.0, "percent_covered_display": "100", "missing_lines": 0, "excluded_lines": 0}, "missing_lines": [], "excluded_lines": []}, "NetworkApplianceError": {"executed_lines": [], "summary": {"covered_lines": 0, "num_statements": 0, "percent_covered": 100.0, "percent_covered_display": "100", "missing_lines": 0, "excluded_lines": 0}, "missing_lines": [], "excluded_lines": []}, "BridgeConfigurationError": {"executed_lines": [], "summary": {"covered_lines": 0, "num_statements": 0, "percent_covered": 100.0, "percent_covered_display": "100", "missing_lines": 0, "excluded_lines": 0}, "missing_lines": [], "excluded_lines": []}, "ProxmoxConnectionError": {"executed_lines": [], "summary": {"covered_lines": 0, "num_statements": 0, "percent_covered": 100.0, "percent_covered_display": "100", "missing_lines": 0, "excluded_lines": 0}, "missing_lines": [], "excluded_lines": []}, "LXCCreationError": {"executed_lines": [], "summary": {"covered_lines": 0, "num_statements": 0, "percent_covered": 100.0, "percent_covered_display": "100", "missing_lines": 0, "excluded_lines": 0}, "missing_lines": [], "excluded_lines": []}, "LXCNotFoundError": {"executed_lines": [], "summary": {"covered_lines": 0, "num_statements": 0, "percent_covered": 100.0, "percent_covered_display": "100", "missing_lines": 0, "excluded_lines": 0}, "missing_lines": [], "excluded_lines": []}, "AuthenticationError": {"executed_lines": [], "summary": {"covered_lines": 0, "num_statements": 0, "percent_covered": 100.0, "percent_covered_display": "100", "missing_lines": 0, "excluded_lines": 0}, "missing_lines": [], "excluded_lines": []}, "InvalidCredentialsError": {"executed_lines": [], "summary": {"covered_lines": 0, "num_statements": 0, "percent_covered": 100.0, "percent_covered_display": "100", "missing_lines": 0, "excluded_lines": 0}, "missing_lines": [], "excluded_lines": []}, "TokenExpiredError": {"executed_lines": [], "summary": {"covered_lines": 0, "num_statements": 0, "percent_covered": 100.0, "percent_covered_display": "100", "missing_lines": 0, "excluded_lines": 0}, "missing_lines": [], "excluded_lines": []}, "TokenInvalidError": {"executed_lines": [], "summary": {"covered_lines": 0, "num_statements": 0, "percent_covered": 100.0, "percent_covered_display": "100", "missing_lines": 0, "excluded_lines": 0}, "missing_lines": [], "excluded_lines": []}, "PermissionDeniedError": {"executed_lines": [], "summary": {"covered_lines": 0, "num_statements": 0, "percent_covered": 100.0, "percent_covered_display": "100", "missing_lines": 0, "excluded_lines": 0}, "missing_lines": [], "excluded_lines": []}, "DatabaseError": {"executed_lines": [], "summary": {"covered_lines": 0, "num_statements": 0, "percent_covered": 100.0, "percent_covered_display": "100", "missing_lines": 0, "excluded_lines": 0}, "missing_lines": [], "excluded_lines": []}, "RecordNotFoundError": {"executed_lines": [], "summary": {"covered_lines": 0, "num_statements": 0, "percent_covered": 100.0, "percent_covered_display": "100", "missing_lines": 0, "excluded_lines": 0}, "missing_lines": [], "excluded_lines": []}, "DuplicateRecordError": {"executed_lines": [], "summary": {"covered_lines": 0, "num_statements": 0, "percent_covered": 100.0, "percent_covered_display": "100", "missing_lines": 0, "excluded_lines": 0}, "missing_lines": [], "excluded_lines": []}, "DatabaseMigrationError": {"executed_lines": [], "summary": {"covered_lines": 0, "num_statements": 0, "percent_covered": 100.0, "percent_covered_display": "100", "missing_lines": 0, "excluded_lines": 0}, "missing_lines": [], "excluded_lines": []}, "ConfigurationError": {"executed_lines": [], "summary": {"covered_lines": 0, "num_statements": 0, "percent_covered": 100.0, "percent_covered_display": "100", "missing_lines": 0, "excluded_lines": 0}, "missing_lines": [], "excluded_lines": []}, "InvalidConfigurationError": {"executed_lines": [], "summary": {"covered_lines": 0, "num_statements": 0, "percent_covered": 100.0, "percent_covered_display": "100", "missing_lines": 0, "excluded_lines": 0}, "missing_lines": [], "excluded_lines": []}, "MissingConfigurationError": {"executed_lines": [], "summary": {"covered_lines": 0, "num_statements": 0, "percent_covered": 100.0, "percent_covered_display": "100", "missing_lines": 0, "excluded_lines": 0}, "missing_lines": [], "excluded_lines": []}, "EncryptionError": {"executed_lines": [], "summary": {"covered_lines": 0, "num_statements": 0, "percent_covered": 100.0, "percent_covered_display": "100", "missing_lines": 0, "excluded_lines": 0}, "missing_lines": [], "excluded_lines": []}, "CatalogError": {"executed_lines": [], "summary": {"covered_lines": 0, "num_statements": 0, "percent_covered": 100.0, "percent_covered_display": "100", "missing_lines": 0, "excluded_lines": 0}, "missing_lines": [], "excluded_lines": []}, "CatalogItemNotFoundError": {"executed_lines": [], "summary": {"covered_lines": 0, "num_statements": 0, "percent_covered": 100.0, "percent_covered_display": "100", "missing_lines": 0, "excluded_lines": 0}, "missing_lines": [], "excluded_lines": []}, "CatalogLoadError": {"executed_lines": [], "summary": {"covered_lines": 0, "num_statements": 0, "percent_covered": 100.0, "percent_covered_display": "100", "missing_lines": 0, "excluded_lines": 0}, "missing_lines": [], "excluded_lines": []}, "CommandExecutionError": {"executed_lines": [], "summary": {"covered_lines": 0, "num_statements": 0, "percent_covered": 100.0, "percent_covered_display": "100", "missing_lines": 0, "excluded_lines": 0}, "missing_lines": [], "excluded_lines": []}, "UnsafeCommandError": {"executed_lines": [], "summary": {"covered_lines": 0, "num_statements": 0, "percent_covered": 100.0, "percent_covered_display": "100", "missing_lines": 0, "excluded_lines": 0}, "missing_lines": [], "excluded_lines": []}, "CommandTimeoutError": {"executed_lines": [], "summary": {"covered_lines": 0, "num_statements": 0, "percent_covered": 100.0, "percent_covered_display": "100", "missing_lines": 0, "excluded_lines": 0}, "missing_lines": [], "excluded_lines": []}, "NetworkError": {"executed_lines": [], "summary": {"covered_lines": 0, "num_statements": 0, "percent_covered": 100.0, "percent_covered_display": "100", "missing_lines": 0, "excluded_lines": 0}, "missing_lines": [], "excluded_lines": []}, "IPAllocationError": {"executed_lines": [], "summary": {"covered_lines": 0, "num_statements": 0, "percent_covered": 100.0, "percent_covered_display": "100", "missing_lines": 0, "excluded_lines": 0}, "missing_lines": [], "excluded_lines": []}, "DNSConfigurationError": {"executed_lines": [], "summary": {"covered_lines": 0, "num_statements": 0, "percent_covered": 100.0, "percent_covered_display": "100", "missing_lines": 0, "excluded_lines": 0}, "missing_lines": [], "excluded_lines": []}, "ReverseProxyError": {"executed_lines": [], "summary": {"covered_lines": 0, "num_statements": 0, "percent_covered": 100.0, "percent_covered_display": "100", "missing_lines": 0, "excluded_lines": 0}, "missing_lines": [], "excluded_lines": []}, "ValidationError": {"executed_lines": [], "summary": {"covered_lines": 0, "num_statements": 0, "percent_covered": 100.0, "percent_covered_display": "100", "missing_lines": 0, "excluded_lines": 0}, "missing_lines": [], "excluded_lines": []}, "InvalidInputError": {"executed_lines": [], "summary": {"covered_lines": 0, "num_statements": 0, "percent_covered": 100.0, "percent_covered_display": "100", "missing_lines": 0, "excluded_lines": 0}, "missing_lines": [], "excluded_lines": []}, "ResourceLimitError": {"executed_lines": [], "summary": {"covered_lines": 0, "num_statements": 0, "percent_covered": 100.0, "percent_covered_display": "100", "missing_lines": 0, "excluded_lines": 0}, "missing_lines": [], "excluded_lines": []}, "BackupError": {"executed_lines": [], "summary": {"covered_lines": 0, "num_statements": 0, "percent_covered": 100.0, "percent_covered_display": "100", "missing_lines": 0, "excluded_lines": 0}, "missing_lines": [], "excluded_lines": []}, "BackupCreationError": {"executed_lines": [], "summary": {"covered_lines": 0, "num_statements": 0, "percent_covered": 100.0, "percent_covered_display": "100", "missing_lines": 0, "excluded_lines": 0}, "missing_lines": [], "excluded_lines": []}, "BackupNotFoundError": {"executed_lines": [], "summary": {"covered_lines": 0, "num_statements": 0, "percent_covered": 100.0, "percent_covered_display": "100", "missing_lines": 0, "excluded_lines": 0}, "missing_lines": [], "excluded_lines": []}, "RestoreError": {"executed_lines": [], "summary": {"covered_lines": 0, "num_statements": 0, "percent_covered": 100.0, "percent_covered_display": "100", "missing_lines": 0, "excluded_lines": 0}, "missing_lines": [], "excluded_lines": []}, "": {"executed_lines": [1, 15, 16, 17, 25, 26, 27, 30, 31, 32, 35, 36, 37, 40, 41, 42, 45, 46, 47, 50, 51, 52, 55, 56, 57, 60, 61, 62, 67, 68, 69, 72, 73, 74, 77, 78, 79, 82, 83, 84, 87, 88, 89, 92, 93, 94, 99, 100, 101, 104, 105, 106, 109, 110, 111, 114, 115, 116, 119, 120, 121, 126, 127, 128, 131, 132, 133, 136, 137, 138, 141, 142, 143, 148, 149, 150, 153, 154, 155, 158, 159, 160, 163, 164, 165, 170, 171, 172, 175, 176, 177, 180, 181, 182, 187, 188, 189, 192, 193, 194, 197, 198, 199, 204, 205, 206, 209, 210, 211, 214, 215, 216, 219, 220, 221, 226, 227, 228, 231, 232, 233, 236, 237, 238, 243, 244, 245, 248, 249, 250, 253, 254, 255, 258, 259, 260], "summary": {"covered_lines": 90, "num_statements": 90, "percent_covered": 100.0, "percent_covered_display": "100", "missing_lines": 0, "excluded_lines": 0}, "missing_lines": [], "excluded_lines": []}}}, "backend/diagnose_network.py": {"executed_lines": [], "summary": {"covered_lines": 0, "num_statements": 108, "percent_covered": 0.0, "percent_covered_display": "0", "missing_lines": 108, "excluded_lines": 0}, "missing_lines": [7, 8, 9, 12, 14, 15, 16, 19, 21, 22, 23, 25, 27, 28, 30, 31, 32, 35, 36, 37, 39, 40, 43, 44, 45, 46, 47, 48, 51, 52, 53, 54, 55, 56, 59, 60, 65, 66, 67, 69, 70, 71, 74, 75, 80, 81, 82, 84, 85, 86, 88, 90, 91, 92, 95, 97, 98, 99, 101, 102, 103, 105, 108, 109, 112, 113, 114, 115, 117, 120, 121, 122, 123, 126, 127, 128, 133, 134, 135, 136, 138, 141, 143, 144, 145, 147, 149, 152, 153, 155, 156, 157, 159, 162, 163, 169, 172, 173, 175, 177, 178, 179, 181, 182, 183, 184, 187, 188], "excluded_lines": [], "functions": {"test_lxc_network": {"executed_lines": [], "summary": {"covered_lines": 0, "num_statements": 46, "percent_covered": 0.0, "percent_covered_display": "0", "missing_lines": 46, "excluded_lines": 0}, "missing_lines": [21, 22, 23, 25, 27, 28, 30, 31, 32, 35, 36, 37, 39, 40, 43, 44, 45, 46, 47, 48, 51, 52, 53, 54, 55, 56, 59, 60, 65, 66, 67, 69, 70, 71, 74, 75, 80, 81, 82, 84, 85, 86, 88, 90, 91, 92], "excluded_lines": []}, "test_caddy_proxy": {"executed_lines": [], "summary": {"covered_lines": 0, "num_statements": 26, "percent_covered": 0.0, "percent_covered_display": "0", "missing_lines": 26, "excluded_lines": 0}, "missing_lines": [97, 98, 99, 101, 102, 103, 105, 108, 109, 112, 113, 114, 115, 117, 120, 121, 122, 123, 126, 127, 128, 133, 134, 135, 136, 138], "excluded_lines": []}, "main": {"executed_lines": [], "summary": {"covered_lines": 0, "num_statements": 24, "percent_covered": 0.0, "percent_covered_display": "0", "missing_lines": 24, "excluded_lines": 0}, "missing_lines": [143, 144, 145, 147, 149, 152, 153, 155, 156, 157, 159, 162, 163, 169, 172, 173, 175, 177, 178, 179, 181, 182, 183, 184], "excluded_lines": []}, "": {"executed_lines": [], "summary": {"covered_lines": 0, "num_statements": 12, "percent_covered": 0.0, "percent_covered_display": "0", "missing_lines": 12, "excluded_lines": 0}, "missing_lines": [7, 8, 9, 12, 14, 15, 16, 19, 95, 141, 187, 188], "excluded_lines": []}}, "classes": {"": {"executed_lines": [], "summary": {"covered_lines": 0, "num_statements": 108, "percent_covered": 0.0, "percent_covered_display": "0", "missing_lines": 108, "excluded_lines": 0}, "missing_lines": [7, 8, 9, 12, 14, 15, 16, 19, 21, 22, 23, 25, 27, 28, 30, 31, 32, 35, 36, 37, 39, 40, 43, 44, 45, 46, 47, 48, 51, 52, 53, 54, 55, 56, 59, 60, 65, 66, 67, 69, 70, 71, 74, 75, 80, 81, 82, 84, 85, 86, 88, 90, 91, 92, 95, 97, 98, 99, 101, 102, 103, 105, 108, 109, 112, 113, 114, 115, 117, 120, 121, 122, 123, 126, 127, 128, 133, 134, 135, 136, 138, 141, 143, 144, 145, 147, 149, 152, 153, 155, 156, 157, 159, 162, 163, 169, 172, 173, 175, 177, 178, 179, 181, 182, 183, 184, 187, 188], "excluded_lines": []}}}, "backend/main.py": {"executed_lines": [1, 2, 3, 4, 5, 7, 8, 9, 10, 11, 12, 14, 15, 16, 17, 18, 21, 29, 32, 33, 160, 163, 175, 184, 191, 192, 199, 200, 207, 208, 209, 215, 216, 224, 225, 227, 228, 239, 242, 244, 247, 251, 255, 262, 263, 271, 279, 288, 296, 298, 299, 303, 304, 312, 313, 321, 322, 324, 333, 334, 336, 338, 342, 345], "summary": {"covered_lines": 64, "num_statements": 161, "percent_covered": 39.75155279503105, "percent_covered_display": "40", "missing_lines": 97, "excluded_lines": 0}, "missing_lines": [35, 38, 40, 41, 42, 44, 45, 46, 49, 50, 51, 53, 55, 56, 57, 59, 62, 63, 64, 65, 67, 69, 70, 72, 73, 74, 75, 77, 78, 79, 80, 81, 82, 83, 84, 88, 90, 91, 92, 94, 95, 98, 101, 102, 103, 105, 106, 109, 110, 111, 112, 113, 115, 118, 119, 120, 122, 123, 124, 126, 131, 134, 136, 137, 138, 140, 141, 142, 143, 145, 146, 148, 149, 152, 154, 157, 185, 193, 194, 201, 202, 217, 218, 248, 249, 301, 306, 307, 308, 309, 310, 315, 316, 317, 318, 319, 346], "excluded_lines": [], "functions": {"lifespan": {"executed_lines": [], "summary": {"covered_lines": 0, "num_statements": 76, "percent_covered": 0.0, "percent_covered_display": "0", "missing_lines": 76, "excluded_lines": 0}, "missing_lines": [35, 38, 40, 41, 42, 44, 45, 46, 49, 50, 51, 53, 55, 56, 57, 59, 62, 63, 64, 65, 67, 69, 70, 72, 73, 74, 75, 77, 78, 79, 80, 81, 82, 83, 84, 88, 90, 91, 92, 94, 95, 98, 101, 102, 103, 105, 106, 109, 110, 111, 112, 113, 115, 118, 119, 120, 122, 123, 124, 126, 131, 134, 136, 137, 138, 140, 141, 142, 143, 145, 146, 148, 149, 152, 154, 157], "excluded_lines": []}, "create_app": {"executed_lines": [163, 175, 184, 191, 192, 199, 200, 207, 208, 215, 216, 224, 225, 255, 262, 263, 271, 279, 288, 296, 298, 299, 303, 304, 312, 313, 321, 322, 333, 334, 338], "summary": {"covered_lines": 31, "num_statements": 32, "percent_covered": 96.875, "percent_covered_display": "97", "missing_lines": 1, "excluded_lines": 0}, "missing_lines": [185], "excluded_lines": []}, "create_app.proxmox_exception_handler": {"executed_lines": [], "summary": {"covered_lines": 0, "num_statements": 2, "percent_covered": 0.0, "percent_covered_display": "0", "missing_lines": 2, "excluded_lines": 0}, "missing_lines": [193, 194], "excluded_lines": []}, "create_app.app_service_exception_handler": {"executed_lines": [], "summary": {"covered_lines": 0, "num_statements": 2, "percent_covered": 0.0, "percent_covered_display": "0", "missing_lines": 2, "excluded_lines": 0}, "missing_lines": [201, 202], "excluded_lines": []}, "create_app.http_exception_handler": {"executed_lines": [209], "summary": {"covered_lines": 1, "num_statements": 1, "percent_covered": 100.0, "percent_covered_display": "100", "missing_lines": 0, "excluded_lines": 0}, "missing_lines": [], "excluded_lines": []}, "create_app.general_exception_handler": {"executed_lines": [], "summary": {"covered_lines": 0, "num_statements": 2, "percent_covered": 0.0, "percent_covered_display": "0", "missing_lines": 2, "excluded_lines": 0}, "missing_lines": [217, 218], "excluded_lines": []}, "create_app.log_requests": {"executed_lines": [227, 228, 239, 242, 244, 247, 251], "summary": {"covered_lines": 7, "num_statements": 9, "percent_covered": 77.77777777777777, "percent_covered_display": "78", "missing_lines": 2, "excluded_lines": 0}, "missing_lines": [248, 249], "excluded_lines": []}, "create_app.read_root": {"executed_lines": [], "summary": {"covered_lines": 0, "num_statements": 1, "percent_covered": 0.0, "percent_covered_display": "0", "missing_lines": 1, "excluded_lines": 0}, "missing_lines": [301], "excluded_lines": []}, "create_app.serve_app_js": {"executed_lines": [], "summary": {"covered_lines": 0, "num_statements": 5, "percent_covered": 0.0, "percent_covered_display": "0", "missing_lines": 5, "excluded_lines": 0}, "missing_lines": [306, 307, 308, 309, 310], "excluded_lines": []}, "create_app.serve_styles_css": {"executed_lines": [], "summary": {"covered_lines": 0, "num_statements": 5, "percent_covered": 0.0, "percent_covered_display": "0", "missing_lines": 5, "excluded_lines": 0}, "missing_lines": [315, 316, 317, 318, 319], "excluded_lines": []}, "create_app.api_root": {"executed_lines": [324], "summary": {"covered_lines": 1, "num_statements": 1, "percent_covered": 100.0, "percent_covered_display": "100", "missing_lines": 0, "excluded_lines": 0}, "missing_lines": [], "excluded_lines": []}, "create_app.health_check": {"executed_lines": [336], "summary": {"covered_lines": 1, "num_statements": 1, "percent_covered": 100.0, "percent_covered_display": "100", "missing_lines": 0, "excluded_lines": 0}, "missing_lines": [], "excluded_lines": []}, "": {"executed_lines": [1, 2, 3, 4, 5, 7, 8, 9, 10, 11, 12, 14, 15, 16, 17, 18, 21, 29, 32, 33, 160, 342, 345], "summary": {"covered_lines": 23, "num_statements": 24, "percent_covered": 95.83333333333333, "percent_covered_display": "96", "missing_lines": 1, "excluded_lines": 0}, "missing_lines": [346], "excluded_lines": []}}, "classes": {"": {"executed_lines": [1, 2, 3, 4, 5, 7, 8, 9, 10, 11, 12, 14, 15, 16, 17, 18, 21, 29, 32, 33, 160, 163, 175, 184, 191, 192, 199, 200, 207, 208, 209, 215, 216, 224, 225, 227, 228, 239, 242, 244, 247, 251, 255, 262, 263, 271, 279, 288, 296, 298, 299, 303, 304, 312, 313, 321, 322, 324, 333, 334, 336, 338, 342, 345], "summary": {"covered_lines": 64, "num_statements": 161, "percent_covered": 39.75155279503105, "percent_covered_display": "40", "missing_lines": 97, "excluded_lines": 0}, "missing_lines": [35, 38, 40, 41, 42, 44, 45, 46, 49, 50, 51, 53, 55, 56, 57, 59, 62, 63, 64, 65, 67, 69, 70, 72, 73, 74, 75, 77, 78, 79, 80, 81, 82, 83, 84, 88, 90, 91, 92, 94, 95, 98, 101, 102, 103, 105, 106, 109, 110, 111, 112, 113, 115, 118, 119, 120, 122, 123, 124, 126, 131, 134, 136, 137, 138, 140, 141, 142, 143, 145, 146, 148, 149, 152, 154, 157, 185, 193, 194, 201, 202, 217, 218, 248, 249, 301, 306, 307, 308, 309, 310, 315, 316, 317, 318, 319, 346], "excluded_lines": []}}}, "backend/migrate_db.py": {"executed_lines": [], "summary": {"covered_lines": 0, "num_statements": 20, "percent_covered": 0.0, "percent_covered_display": "0", "missing_lines": 20, "excluded_lines": 0}, "missing_lines": [11, 12, 13, 14, 16, 18, 21, 22, 23, 24, 27, 28, 31, 32, 34, 35, 36, 37, 39, 40], "excluded_lines": [], "functions": {"migrate": {"executed_lines": [], "summary": {"covered_lines": 0, "num_statements": 13, "percent_covered": 0.0, "percent_covered_display": "0", "missing_lines": 13, "excluded_lines": 0}, "missing_lines": [18, 21, 22, 23, 24, 27, 28, 31, 32, 34, 35, 36, 37], "excluded_lines": []}, "": {"executed_lines": [], "summary": {"covered_lines": 0, "num_statements": 7, "percent_covered": 0.0, "percent_covered_display": "0", "missing_lines": 7, "excluded_lines": 0}, "missing_lines": [11, 12, 13, 14, 16, 39, 40], "excluded_lines": []}}, "classes": {"": {"executed_lines": [], "summary": {"covered_lines": 0, "num_statements": 20, "percent_covered": 0.0, "percent_covered_display": "0", "missing_lines": 20, "excluded_lines": 0}, "missing_lines": [11, 12, 13, 14, 16, 18, 21, 22, 23, 24, 27, 28, 31, 32, 34, 35, 36, 37, 39, 40], "excluded_lines": []}}}, "backend/models/__init__.py": {"executed_lines": [0], "summary": {"covered_lines": 0, "num_statements": 0, "percent_covered": 100.0, "percent_covered_display": "100", "missing_lines": 0, "excluded_lines": 0}, "missing_lines": [], "excluded_lines": [], "functions": {"": {"executed_lines": [], "summary": {"covered_lines": 0, "num_statements": 0, "percent_covered": 100.0, "percent_covered_display": "100", "missing_lines": 0, "excluded_lines": 0}, "missing_lines": [], "excluded_lines": []}}, "classes": {"": {"executed_lines": [], "summary": {"covered_lines": 0, "num_statements": 0, "percent_covered": 100.0, "percent_covered_display": "100", "missing_lines": 0, "excluded_lines": 0}, "missing_lines": [], "excluded_lines": []}}}, "backend/models/database.py": {"executed_lines": [1, 10, 11, 12, 13, 14, 15, 16, 19, 21, 27, 29, 33, 35, 36, 37, 39, 42, 49, 50, 51, 53, 54, 55, 56, 57, 58, 59, 60, 63, 65, 67, 72, 73, 75, 80, 81, 84, 85, 86, 88, 89, 90, 91, 92, 93, 94, 95, 96, 97, 98, 99, 100, 103, 104, 105, 106, 109, 112, 113, 114, 116, 117, 120, 121, 122, 124, 125, 126, 127, 128, 129, 132, 134, 135, 138, 139, 140, 142, 143, 144, 145, 146, 147, 148, 149, 150, 151, 154, 156, 157, 160, 161, 162, 164, 165, 166, 167, 168, 169, 170, 171, 172, 174, 175, 178, 179, 180, 182, 183, 184, 185, 186, 187, 188, 189, 191], "summary": {"covered_lines": 110, "num_statements": 112, "percent_covered": 98.21428571428571, "percent_covered_display": "98", "missing_lines": 2, "excluded_lines": 0}, "missing_lines": [44, 192], "excluded_lines": [], "functions": {"get_db": {"executed_lines": [35, 36, 37, 39], "summary": {"covered_lines": 4, "num_statements": 4, "percent_covered": 100.0, "percent_covered_display": "100", "missing_lines": 0, "excluded_lines": 0}, "missing_lines": [], "excluded_lines": []}, "init_db": {"executed_lines": [], "summary": {"covered_lines": 0, "num_statements": 1, "percent_covered": 0.0, "percent_covered_display": "0", "missing_lines": 1, "excluded_lines": 0}, "missing_lines": [44], "excluded_lines": []}, "User.verify_password": {"executed_lines": [67], "summary": {"covered_lines": 1, "num_statements": 1, "percent_covered": 100.0, "percent_covered_display": "100", "missing_lines": 0, "excluded_lines": 0}, "missing_lines": [], "excluded_lines": []}, "User.hash_password": {"executed_lines": [75], "summary": {"covered_lines": 1, "num_statements": 1, "percent_covered": 100.0, "percent_covered_display": "100", "missing_lines": 0, "excluded_lines": 0}, "missing_lines": [], "excluded_lines": []}, "User.__repr__": {"executed_lines": [81], "summary": {"covered_lines": 1, "num_statements": 1, "percent_covered": 100.0, "percent_covered_display": "100", "missing_lines": 0, "excluded_lines": 0}, "missing_lines": [], "excluded_lines": []}, "App.__repr__": {"executed_lines": [117], "summary": {"covered_lines": 1, "num_statements": 1, "percent_covered": 100.0, "percent_covered_display": "100", "missing_lines": 0, "excluded_lines": 0}, "missing_lines": [], "excluded_lines": []}, "DeploymentLog.__repr__": {"executed_lines": [135], "summary": {"covered_lines": 1, "num_statements": 1, "percent_covered": 100.0, "percent_covered_display": "100", "missing_lines": 0, "excluded_lines": 0}, "missing_lines": [], "excluded_lines": []}, "Backup.__repr__": {"executed_lines": [157], "summary": {"covered_lines": 1, "num_statements": 1, "percent_covered": 100.0, "percent_covered_display": "100", "missing_lines": 0, "excluded_lines": 0}, "missing_lines": [], "excluded_lines": []}, "AuditLog.__repr__": {"executed_lines": [175], "summary": {"covered_lines": 1, "num_statements": 1, "percent_covered": 100.0, "percent_covered_display": "100", "missing_lines": 0, "excluded_lines": 0}, "missing_lines": [], "excluded_lines": []}, "Setting.__repr__": {"executed_lines": [], "summary": {"covered_lines": 0, "num_statements": 1, "percent_covered": 0.0, "percent_covered_display": "0", "missing_lines": 1, "excluded_lines": 0}, "missing_lines": [192], "excluded_lines": []}, "": {"executed_lines": [1, 10, 11, 12, 13, 14, 15, 16, 19, 21, 27, 29, 33, 42, 49, 50, 51, 53, 54, 55, 56, 57, 58, 59, 60, 63, 65, 72, 73, 80, 84, 85, 86, 88, 89, 90, 91, 92, 93, 94, 95, 96, 97, 98, 99, 100, 103, 104, 105, 106, 109, 112, 113, 114, 116, 120, 121, 122, 124, 125, 126, 127, 128, 129, 132, 134, 138, 139, 140, 142, 143, 144, 145, 146, 147, 148, 149, 150, 151, 154, 156, 160, 161, 162, 164, 165, 166, 167, 168, 169, 170, 171, 172, 174, 178, 179, 180, 182, 183, 184, 185, 186, 187, 188, 189, 191], "summary": {"covered_lines": 99, "num_statements": 99, "percent_covered": 100.0, "percent_covered_display": "100", "missing_lines": 0, "excluded_lines": 0}, "missing_lines": [], "excluded_lines": []}}, "classes": {"User": {"executed_lines": [67, 75, 81], "summary": {"covered_lines": 3, "num_statements": 3, "percent_covered": 100.0, "percent_covered_display": "100", "missing_lines": 0, "excluded_lines": 0}, "missing_lines": [], "excluded_lines": []}, "App": {"executed_lines": [117], "summary": {"covered_lines": 1, "num_statements": 1, "percent_covered": 100.0, "percent_covered_display": "100", "missing_lines": 0, "excluded_lines": 0}, "missing_lines": [], "excluded_lines": []}, "DeploymentLog": {"executed_lines": [135], "summary": {"covered_lines": 1, "num_statements": 1, "percent_covered": 100.0, "percent_covered_display": "100", "missing_lines": 0, "excluded_lines": 0}, "missing_lines": [], "excluded_lines": []}, "Backup": {"executed_lines": [157], "summary": {"covered_lines": 1, "num_statements": 1, "percent_covered": 100.0, "percent_covered_display": "100", "missing_lines": 0, "excluded_lines": 0}, "missing_lines": [], "excluded_lines": []}, "AuditLog": {"executed_lines": [175], "summary": {"covered_lines": 1, "num_statements": 1, "percent_covered": 100.0, "percent_covered_display": "100", "missing_lines": 0, "excluded_lines": 0}, "missing_lines": [], "excluded_lines": []}, "Setting": {"executed_lines": [], "summary": {"covered_lines": 0, "num_statements": 1, "percent_covered": 0.0, "percent_covered_display": "0", "missing_lines": 1, "excluded_lines": 0}, "missing_lines": [192], "excluded_lines": []}, "": {"executed_lines": [1, 10, 11, 12, 13, 14, 15, 16, 19, 21, 27, 29, 33, 35, 36, 37, 39, 42, 49, 50, 51, 53, 54, 55, 56, 57, 58, 59, 60, 63, 65, 72, 73, 80, 84, 85, 86, 88, 89, 90, 91, 92, 93, 94, 95, 96, 97, 98, 99, 100, 103, 104, 105, 106, 109, 112, 113, 114, 116, 120, 121, 122, 124, 125, 126, 127, 128, 129, 132, 134, 138, 139, 140, 142, 143, 144, 145, 146, 147, 148, 149, 150, 151, 154, 156, 160, 161, 162, 164, 165, 166, 167, 168, 169, 170, 171, 172, 174, 178, 179, 180, 182, 183, 184, 185, 186, 187, 188, 189, 191], "summary": {"covered_lines": 103, "num_statements": 104, "percent_covered": 99.03846153846153, "percent_covered_display": "99", "missing_lines": 1, "excluded_lines": 0}, "missing_lines": [44], "excluded_lines": []}}}, "backend/models/schemas.py": {"executed_lines": [1, 2, 3, 4, 7, 8, 9, 10, 11, 12, 13, 14, 17, 18, 19, 20, 21, 22, 25, 26, 27, 28, 29, 30, 31, 32, 33, 34, 35, 36, 39, 40, 41, 42, 43, 44, 45, 46, 47, 48, 49, 50, 53, 54, 55, 56, 57, 58, 59, 60, 61, 62, 63, 64, 65, 66, 67, 70, 71, 72, 73, 74, 75, 76, 77, 78, 79, 80, 81, 82, 83, 84, 87, 88, 89, 90, 91, 92, 93, 94, 95, 96, 97, 98, 99, 100, 101, 102, 103, 104, 105, 108, 109, 110, 111, 112, 113, 114, 116, 117, 118, 119, 121, 123, 126, 127, 128, 129, 130, 133, 134, 135, 137, 138, 139, 146, 147, 148, 149, 150, 151, 154, 155, 156, 157, 158, 159, 160, 161, 164, 165, 166, 167, 168, 169, 170, 171, 174, 175, 176, 177, 178, 179, 180, 183, 184, 185, 186, 187, 190, 191, 192, 193, 194, 195, 198, 199, 200, 201, 202, 207, 208, 209, 210, 211, 212, 214, 215, 216, 217, 219, 221, 222, 223, 224, 226, 229, 230, 231, 232, 235, 236, 237, 238, 239, 240, 241, 242, 244, 247, 248, 249, 250, 251, 252, 255, 256, 257, 258, 259, 262, 263, 264, 265, 268, 269, 270, 271, 272, 273, 274, 277, 278, 279, 280, 281, 282, 283, 284, 285, 286, 287, 288, 290, 293, 294, 295, 296, 297, 298, 300, 301, 302, 304, 305, 306, 308, 309, 310, 312, 314, 317, 318, 319, 320], "summary": {"covered_lines": 218, "num_statements": 227, "percent_covered": 96.0352422907489, "percent_covered_display": "96", "missing_lines": 9, "excluded_lines": 0}, "missing_lines": [120, 122, 140, 141, 142, 143, 218, 225, 313], "excluded_lines": [], "functions": {"AppCreate.validate_hostname": {"executed_lines": [119, 121, 123], "summary": {"covered_lines": 3, "num_statements": 5, "percent_covered": 60.0, "percent_covered_display": "60", "missing_lines": 2, "excluded_lines": 0}, "missing_lines": [120, 122], "excluded_lines": []}, "AppAction.validate_action": {"executed_lines": [], "summary": {"covered_lines": 0, "num_statements": 4, "percent_covered": 0.0, "percent_covered_display": "0", "missing_lines": 4, "excluded_lines": 0}, "missing_lines": [140, 141, 142, 143], "excluded_lines": []}, "UserCreate.validate_username": {"executed_lines": [217, 219], "summary": {"covered_lines": 2, "num_statements": 3, "percent_covered": 66.66666666666667, "percent_covered_display": "67", "missing_lines": 1, "excluded_lines": 0}, "missing_lines": [218], "excluded_lines": []}, "UserCreate.validate_role": {"executed_lines": [224, 226], "summary": {"covered_lines": 2, "num_statements": 3, "percent_covered": 66.66666666666667, "percent_covered_display": "67", "missing_lines": 1, "excluded_lines": 0}, "missing_lines": [225], "excluded_lines": []}, "BackupCreate.validate_compress": {"executed_lines": [304, 305, 306], "summary": {"covered_lines": 3, "num_statements": 3, "percent_covered": 100.0, "percent_covered_display": "100", "missing_lines": 0, "excluded_lines": 0}, "missing_lines": [], "excluded_lines": []}, "BackupCreate.validate_mode": {"executed_lines": [312, 314], "summary": {"covered_lines": 2, "num_statements": 3, "percent_covered": 66.66666666666667, "percent_covered_display": "67", "missing_lines": 1, "excluded_lines": 0}, "missing_lines": [313], "excluded_lines": []}, "": {"executed_lines": [1, 2, 3, 4, 7, 8, 9, 10, 11, 12, 13, 14, 17, 18, 19, 20, 21, 22, 25, 26, 27, 28, 29, 30, 31, 32, 33, 34, 35, 36, 39, 40, 41, 42, 43, 44, 45, 46, 47, 48, 49, 50, 53, 54, 55, 56, 57, 58, 59, 60, 61, 62, 63, 64, 65, 66, 67, 70, 71, 72, 73, 74, 75, 76, 77, 78, 79, 80, 81, 82, 83, 84, 87, 88, 89, 90, 91, 92, 93, 94, 95, 96, 97, 98, 99, 100, 101, 102, 103, 104, 105, 108, 109, 110, 111, 112, 113, 114, 116, 117, 118, 126, 127, 128, 129, 130, 133, 134, 135, 137, 138, 139, 146, 147, 148, 149, 150, 151, 154, 155, 156, 157, 158, 159, 160, 161, 164, 165, 166, 167, 168, 169, 170, 171, 174, 175, 176, 177, 178, 179, 180, 183, 184, 185, 186, 187, 190, 191, 192, 193, 194, 195, 198, 199, 200, 201, 202, 207, 208, 209, 210, 211, 212, 214, 215, 216, 221, 222, 223, 229, 230, 231, 232, 235, 236, 237, 238, 239, 240, 241, 242, 244, 247, 248, 249, 250, 251, 252, 255, 256, 257, 258, 259, 262, 263, 264, 265, 268, 269, 270, 271, 272, 273, 274, 277, 278, 279, 280, 281, 282, 283, 284, 285, 286, 287, 288, 290, 293, 294, 295, 296, 297, 298, 300, 301, 302, 308, 309, 310, 317, 318, 319, 320], "summary": {"covered_lines": 206, "num_statements": 206, "percent_covered": 100.0, "percent_covered_display": "100", "missing_lines": 0, "excluded_lines": 0}, "missing_lines": [], "excluded_lines": []}}, "classes": {"AppStatus": {"executed_lines": [], "summary": {"covered_lines": 0, "num_statements": 0, "percent_covered": 100.0, "percent_covered_display": "100", "missing_lines": 0, "excluded_lines": 0}, "missing_lines": [], "excluded_lines": []}, "LXCStatus": {"executed_lines": [], "summary": {"covered_lines": 0, "num_statements": 0, "percent_covered": 100.0, "percent_covered_display": "100", "missing_lines": 0, "excluded_lines": 0}, "missing_lines": [], "excluded_lines": []}, "SafeCommand": {"executed_lines": [], "summary": {"covered_lines": 0, "num_statements": 0, "percent_covered": 100.0, "percent_covered_display": "100", "missing_lines": 0, "excluded_lines": 0}, "missing_lines": [], "excluded_lines": []}, "NodeInfo": {"executed_lines": [], "summary": {"covered_lines": 0, "num_statements": 0, "percent_covered": 100.0, "percent_covered_display": "100", "missing_lines": 0, "excluded_lines": 0}, "missing_lines": [], "excluded_lines": []}, "LXCInfo": {"executed_lines": [], "summary": {"covered_lines": 0, "num_statements": 0, "percent_covered": 100.0, "percent_covered_display": "100", "missing_lines": 0, "excluded_lines": 0}, "missing_lines": [], "excluded_lines": []}, "AppCatalogItem": {"executed_lines": [], "summary": {"covered_lines": 0, "num_statements": 0, "percent_covered": 100.0, "percent_covered_display": "100", "missing_lines": 0, "excluded_lines": 0}, "missing_lines": [], "excluded_lines": []}, "App": {"executed_lines": [], "summary": {"covered_lines": 0, "num_statements": 0, "percent_covered": 100.0, "percent_covered_display": "100", "missing_lines": 0, "excluded_lines": 0}, "missing_lines": [], "excluded_lines": []}, "AppCreate": {"executed_lines": [119, 121, 123], "summary": {"covered_lines": 3, "num_statements": 5, "percent_covered": 60.0, "percent_covered_display": "60", "missing_lines": 2, "excluded_lines": 0}, "missing_lines": [120, 122], "excluded_lines": []}, "AppUpdate": {"executed_lines": [], "summary": {"covered_lines": 0, "num_statements": 0, "percent_covered": 100.0, "percent_covered_display": "100", "missing_lines": 0, "excluded_lines": 0}, "missing_lines": [], "excluded_lines": []}, "AppAction": {"executed_lines": [], "summary": {"covered_lines": 0, "num_statements": 4, "percent_covered": 0.0, "percent_covered_display": "0", "missing_lines": 4, "excluded_lines": 0}, "missing_lines": [140, 141, 142, 143], "excluded_lines": []}, "DeploymentLog": {"executed_lines": [], "summary": {"covered_lines": 0, "num_statements": 0, "percent_covered": 100.0, "percent_covered_display": "100", "missing_lines": 0, "excluded_lines": 0}, "missing_lines": [], "excluded_lines": []}, "DeploymentStatus": {"executed_lines": [], "summary": {"covered_lines": 0, "num_statements": 0, "percent_covered": 100.0, "percent_covered_display": "100", "missing_lines": 0, "excluded_lines": 0}, "missing_lines": [], "excluded_lines": []}, "SystemInfo": {"executed_lines": [], "summary": {"covered_lines": 0, "num_statements": 0, "percent_covered": 100.0, "percent_covered_display": "100", "missing_lines": 0, "excluded_lines": 0}, "missing_lines": [], "excluded_lines": []}, "AppList": {"executed_lines": [], "summary": {"covered_lines": 0, "num_statements": 0, "percent_covered": 100.0, "percent_covered_display": "100", "missing_lines": 0, "excluded_lines": 0}, "missing_lines": [], "excluded_lines": []}, "CatalogResponse": {"executed_lines": [], "summary": {"covered_lines": 0, "num_statements": 0, "percent_covered": 100.0, "percent_covered_display": "100", "missing_lines": 0, "excluded_lines": 0}, "missing_lines": [], "excluded_lines": []}, "APIResponse": {"executed_lines": [], "summary": {"covered_lines": 0, "num_statements": 0, "percent_covered": 100.0, "percent_covered_display": "100", "missing_lines": 0, "excluded_lines": 0}, "missing_lines": [], "excluded_lines": []}, "ErrorResponse": {"executed_lines": [], "summary": {"covered_lines": 0, "num_statements": 0, "percent_covered": 100.0, "percent_covered_display": "100", "missing_lines": 0, "excluded_lines": 0}, "missing_lines": [], "excluded_lines": []}, "UserCreate": {"executed_lines": [217, 219, 224, 226], "summary": {"covered_lines": 4, "num_statements": 6, "percent_covered": 66.66666666666667, "percent_covered_display": "67", "missing_lines": 2, "excluded_lines": 0}, "missing_lines": [218, 225], "excluded_lines": []}, "UserLogin": {"executed_lines": [], "summary": {"covered_lines": 0, "num_statements": 0, "percent_covered": 100.0, "percent_covered_display": "100", "missing_lines": 0, "excluded_lines": 0}, "missing_lines": [], "excluded_lines": []}, "UserResponse": {"executed_lines": [], "summary": {"covered_lines": 0, "num_statements": 0, "percent_covered": 100.0, "percent_covered_display": "100", "missing_lines": 0, "excluded_lines": 0}, "missing_lines": [], "excluded_lines": []}, "Token": {"executed_lines": [], "summary": {"covered_lines": 0, "num_statements": 0, "percent_covered": 100.0, "percent_covered_display": "100", "missing_lines": 0, "excluded_lines": 0}, "missing_lines": [], "excluded_lines": []}, "TokenData": {"executed_lines": [], "summary": {"covered_lines": 0, "num_statements": 0, "percent_covered": 100.0, "percent_covered_display": "100", "missing_lines": 0, "excluded_lines": 0}, "missing_lines": [], "excluded_lines": []}, "PasswordChange": {"executed_lines": [], "summary": {"covered_lines": 0, "num_statements": 0, "percent_covered": 100.0, "percent_covered_display": "100", "missing_lines": 0, "excluded_lines": 0}, "missing_lines": [], "excluded_lines": []}, "BackupStatus": {"executed_lines": [], "summary": {"covered_lines": 0, "num_statements": 0, "percent_covered": 100.0, "percent_covered_display": "100", "missing_lines": 0, "excluded_lines": 0}, "missing_lines": [], "excluded_lines": []}, "Backup": {"executed_lines": [], "summary": {"covered_lines": 0, "num_statements": 0, "percent_covered": 100.0, "percent_covered_display": "100", "missing_lines": 0, "excluded_lines": 0}, "missing_lines": [], "excluded_lines": []}, "BackupCreate": {"executed_lines": [304, 305, 306, 312, 314], "summary": {"covered_lines": 5, "num_statements": 6, "percent_covered": 83.33333333333333, "percent_covered_display": "83", "missing_lines": 1, "excluded_lines": 0}, "missing_lines": [313], "excluded_lines": []}, "BackupList": {"executed_lines": [], "summary": {"covered_lines": 0, "num_statements": 0, "percent_covered": 100.0, "percent_covered_display": "100", "missing_lines": 0, "excluded_lines": 0}, "missing_lines": [], "excluded_lines": []}, "": {"executed_lines": [1, 2, 3, 4, 7, 8, 9, 10, 11, 12, 13, 14, 17, 18, 19, 20, 21, 22, 25, 26, 27, 28, 29, 30, 31, 32, 33, 34, 35, 36, 39, 40, 41, 42, 43, 44, 45, 46, 47, 48, 49, 50, 53, 54, 55, 56, 57, 58, 59, 60, 61, 62, 63, 64, 65, 66, 67, 70, 71, 72, 73, 74, 75, 76, 77, 78, 79, 80, 81, 82, 83, 84, 87, 88, 89, 90, 91, 92, 93, 94, 95, 96, 97, 98, 99, 100, 101, 102, 103, 104, 105, 108, 109, 110, 111, 112, 113, 114, 116, 117, 118, 126, 127, 128, 129, 130, 133, 134, 135, 137, 138, 139, 146, 147, 148, 149, 150, 151, 154, 155, 156, 157, 158, 159, 160, 161, 164, 165, 166, 167, 168, 169, 170, 171, 174, 175, 176, 177, 178, 179, 180, 183, 184, 185, 186, 187, 190, 191, 192, 193, 194, 195, 198, 199, 200, 201, 202, 207, 208, 209, 210, 211, 212, 214, 215, 216, 221, 222, 223, 229, 230, 231, 232, 235, 236, 237, 238, 239, 240, 241, 242, 244, 247, 248, 249, 250, 251, 252, 255, 256, 257, 258, 259, 262, 263, 264, 265, 268, 269, 270, 271, 272, 273, 274, 277, 278, 279, 280, 281, 282, 283, 284, 285, 286, 287, 288, 290, 293, 294, 295, 296, 297, 298, 300, 301, 302, 308, 309, 310, 317, 318, 319, 320], "summary": {"covered_lines": 206, "num_statements": 206, "percent_covered": 100.0, "percent_covered_display": "100", "missing_lines": 0, "excluded_lines": 0}, "missing_lines": [], "excluded_lines": []}}}, "backend/services/__init__.py": {"executed_lines": [0], "summary": {"covered_lines": 0, "num_statements": 0, "percent_covered": 100.0, "percent_covered_display": "100", "missing_lines": 0, "excluded_lines": 0}, "missing_lines": [], "excluded_lines": [], "functions": {"": {"executed_lines": [], "summary": {"covered_lines": 0, "num_statements": 0, "percent_covered": 100.0, "percent_covered_display": "100", "missing_lines": 0, "excluded_lines": 0}, "missing_lines": [], "excluded_lines": []}}, "classes": {"": {"executed_lines": [], "summary": {"covered_lines": 0, "num_statements": 0, "percent_covered": 100.0, "percent_covered_display": "100", "missing_lines": 0, "excluded_lines": 0}, "missing_lines": [], "excluded_lines": []}}}, "backend/services/app_service.py": {"executed_lines": [1, 2, 3, 4, 5, 6, 7, 8, 9, 11, 12, 13, 14, 18, 19, 20, 30, 33, 34, 35, 38, 39, 41, 42, 43, 44, 45, 46, 47, 48, 49, 52, 53, 54, 59, 60, 62, 63, 65, 66, 71, 73, 77, 78, 80, 82, 85, 86, 88, 90, 110, 112, 115, 117, 121, 123, 124, 126, 129, 130, 131, 134, 135, 138, 139, 140, 141, 142, 143, 144, 145, 151, 153, 158, 181, 192, 194, 279, 280, 282, 287, 289, 291, 292, 293, 295, 297, 298, 299, 300, 301, 303, 306, 309, 312, 313, 315, 318, 320, 321, 324, 327, 328, 329, 330, 338, 340, 342, 344, 345, 346, 348, 349, 351, 416, 419, 422, 425, 426, 427, 429, 431, 433, 435, 438, 441, 447, 448, 449, 450, 451, 453, 454, 455, 457, 458, 460, 461, 462, 463, 464, 465, 488, 490, 492, 494, 500, 503, 504, 505, 506, 507, 509, 510, 511, 513, 514, 516, 517, 518, 519, 520, 521, 544, 546, 547, 548, 550, 552, 554, 556, 558, 559, 560, 561, 568, 569, 570, 577, 591, 592, 593, 601, 602, 603, 604, 605, 606, 609, 610, 611, 612, 613, 614, 620, 626, 631, 633, 656, 658, 661, 662, 663, 669, 672, 678, 681, 682, 684, 686, 687, 688, 690, 691, 694, 695, 696, 698, 701, 702, 703, 705, 708, 709, 710, 713, 720, 723, 726, 727, 728, 730, 731, 734, 735, 736, 738, 741, 744, 745, 746, 748, 751, 752, 755, 757, 758, 761, 762, 764, 772, 774, 775, 781, 790, 791, 792, 793, 794, 813, 814, 815, 816, 
[...]
 "excluded_lines": []}}}, "backend/services/reverse_proxy_manager.py": {"executed_lines": [1, 39, 40, 41, 42, 44, 47, 48, 49, 50, 51, 52, 53, 54, 55, 56, 59, 60, 70, 71, 73, 81, 82, 83, 85, 167, 231, 277, 286, 295, 307, 333, 366, 385, 420, 482, 484, 512, 544], "summary": {"covered_lines": 36, "num_statements": 162, "percent_covered": 22.22222222222222, "percent_covered_display": "22", "missing_lines": 126, "excluded_lines": 0}, "missing_lines": [115, 117, 119, 126, 135, 136, 137, 138, 141, 142, 143, 146, 155, 157, 161, 163, 164, 165, 188, 189, 190, 191, 193, 196, 197, 198, 199, 200, 201, 202, 203, 205, 208, 209, 216, 218, 219, 221, 222, 224, 225, 227, 228, 229, 241, 242, 243, 244, 246, 247, 249, 255, 256, 258, 259, 260, 261, 264, 265, 268, 270, 271, 273, 274, 275, 284, 293, 305, 328, 343, 344, 345, 346, 349, 350, 352, 353, 355, 356, 358, 360, 361, 362, 376, 378, 380, 382, 383, 495, 497, 499, 500, 502, 503, 504, 506, 508, 509, 510, 519, 521, 522, 524, 525, 526, 529, 530, 531, 533, 534, 535, 537, 538, 540, 541, 542, 554, 556, 558, 559, 562, 563, 565, 571, 572, 573], "excluded_lines": [], "functions": {"ReverseProxyManager.__init__": {"executed_lines": [81, 82, 83], "summary": {"covered_lines": 3, "num_statements": 3, "percent_covered": 100.0, "percent_covered_display": "100", "missing_lines": 0, "excluded_lines": 0}, "missing_lines": [], "excluded_lines": []}, "ReverseProxyManager.create_vhost": {"executed_lines": [], "summary": {"covered_lines": 0, "num_statements": 18, "percent_covered": 0.0, "percent_covered_display": "0", "missing_lines": 18, "excluded_lines": 0}, "missing_lines": [115, 117, 119, 126, 135, 136, 137, 138, 141, 142, 143, 146, 155, 157, 161, 163, 164, 165], "excluded_lines": []}, "ReverseProxyManager.update_vhost": {"executed_lines": [], "summary": {"covered_lines": 0, "num_statements": 26, "percent_covered": 0.0, "percent_covered_display": "0", "missing_lines": 26, "excluded_lines": 0}, "missing_lines": [188, 189, 190, 191, 193, 196, 197, 198, 199, 200, 201, 202, 203, 205, 208, 209, 216, 218, 219, 221, 222, 224, 225, 227, 228, 229], "excluded_lines": []}, "ReverseProxyManager.delete_vhost": {"executed_lines": [], "summary": {"covered_lines": 0, "num_statements": 21, "percent_covered": 0.0, "percent_covered_display": "0", "missing_lines": 21, "excluded_lines": 0}, "missing_lines": [241, 242, 243, 244, 246, 247, 249, 255, 256, 258, 259, 260, 261, 264, 265, 268, 270, 271, 273, 274, 275], "excluded_lines": []}, "ReverseProxyManager.get_vhost_count": {"executed_lines": [], "summary": {"covered_lines": 0, "num_statements": 1, "percent_covered": 0.0, "percent_covered_display": "0", "missing_lines": 1, "excluded_lines": 0}, "missing_lines": [284], "excluded_lines": []}, "ReverseProxyManager.list_vhosts": {"executed_lines": [], "summary": {"covered_lines": 0, "num_statements": 1, "percent_covered": 0.0, "percent_covered_display": "0", "missing_lines": 1, "excluded_lines": 0}, "missing_lines": [293], "excluded_lines": []}, "ReverseProxyManager.get_vhost": {"executed_lines": [], "summary": {"covered_lines": 0, "num_statements": 1, "percent_covered": 0.0, "percent_covered_display": "0", "missing_lines": 1, "excluded_lines": 0}, "missing_lines": [305], "excluded_lines": []}, "ReverseProxyManager.get_vhost_urls": {"executed_lines": [], "summary": {"covered_lines": 0, "num_statements": 1, "percent_covered": 0.0, "percent_covered_display": "0", "missing_lines": 1, "excluded_lines": 0}, "missing_lines": [328], "excluded_lines": []}, "ReverseProxyManager.verify_vhost_health": {"executed_lines": [], "summary": {"covered_lines": 0, "num_statements": 14, "percent_covered": 0.0, "percent_covered_display": "0", "missing_lines": 14, "excluded_lines": 0}, "missing_lines": [343, 344, 345, 346, 349, 350, 352, 353, 355, 356, 358, 360, 361, 362], "excluded_lines": []}, "ReverseProxyManager._sanitize_app_name": {"executed_lines": [], "summary": {"covered_lines": 0, "num_statements": 5, "percent_covered": 0.0, "percent_covered_display": "0", "missing_lines": 5, "excluded_lines": 0}, "missing_lines": [376, 378, 380, 382, 383], "excluded_lines": []}, "ReverseProxyManager._generate_caddy_config": {"executed_lines": [420, 482], "summary": {"covered_lines": 2, "num_statements": 2, "percent_covered": 100.0, "percent_covered_display": "100", "missing_lines": 0, "excluded_lines": 0}, "missing_lines": [], "excluded_lines": []}, "ReverseProxyManager._write_config_file": {"executed_lines": [], "summary": {"covered_lines": 0, "num_statements": 11, "percent_covered": 0.0, "percent_covered_display": "0", "missing_lines": 11, "excluded_lines": 0}, "missing_lines": [495, 497, 499, 500, 502, 503, 504, 506, 508, 509, 510], "excluded_lines": []}, "ReverseProxyManager._reload_caddy": {"executed_lines": [], "summary": {"covered_lines": 0, "num_statements": 17, "percent_covered": 0.0, "percent_covered_display": "0", "missing_lines": 17, "excluded_lines": 0}, "missing_lines": [519, 521, 522, 524, 525, 526, 529, 530, 531, 533, 534, 535, 537, 538, 540, 541, 542], "excluded_lines": []}, "ReverseProxyManager._exec_in_appliance": {"executed_lines": [], "summary": {"covered_lines": 0, "num_statements": 10, "percent_covered": 0.0, "percent_covered_display": "0", "missing_lines": 10, "excluded_lines": 0}, "missing_lines": [554, 556, 558, 559, 562, 563, 565, 571, 572, 573], "excluded_lines": []}, "": {"executed_lines": [1, 39, 40, 41, 42, 44, 47, 48, 49, 50, 51, 52, 53, 54, 55, 56, 59, 60, 70, 71, 73, 85, 167, 231, 277, 286, 295, 307, 333, 366, 385, 484, 512, 544], "summary": {"covered_lines": 31, "num_statements": 31, "percent_covered": 100.0, "percent_covered_display": "100", "missing_lines": 0, "excluded_lines": 0}, "missing_lines": [], "excluded_lines": []}}, "classes": {"VirtualHost": {"executed_lines": [], "summary": {"covered_lines": 0, "num_statements": 0, "percent_covered": 100.0, "percent_covered_display": "100", "missing_lines": 0, "excluded_lines": 0}, "missing_lines": [], "excluded_lines": []}, "ReverseProxyManager": {"executed_lines": [81, 82, 83, 420, 482], "summary": {"covered_lines": 5, "num_statements": 131, "percent_covered": 3.816793893129771, "percent_covered_display": "4", "missing_lines": 126, "excluded_lines": 0}, "missing_lines": [115, 117, 119, 126, 135, 136, 137, 138, 141, 142, 143, 146, 155, 157, 161, 163, 164, 165, 188, 189, 190, 191, 193, 196, 197, 198, 199, 200, 201, 202, 203, 205, 208, 209, 216, 218, 219, 221, 222, 224, 225, 227, 228, 229, 241, 242, 243, 244, 246, 247, 249, 255, 256, 258, 259, 260, 261, 264, 265, 268, 270, 271, 273, 274, 275, 284, 293, 305, 328, 343, 344, 345, 346, 349, 350, 352, 353, 355, 356, 358, 360, 361, 362, 376, 378, 380, 382, 383, 495, 497, 499, 500, 502, 503, 504, 506, 508, 509, 510, 519, 521, 522, 524, 525, 526, 529, 530, 531, 533, 534, 535, 537, 538, 540, 541, 542, 554, 556, 558, 559, 562, 563, 565, 571, 572, 573], "excluded_lines": []}, "": {"executed_lines": [1, 39, 40, 41, 42, 44, 47, 48, 49, 50, 51, 52, 53, 54, 55, 56, 59, 60, 70, 71, 73, 85, 167, 231, 277, 286, 295, 307, 333, 366, 385, 484, 512, 544], "summary": {"covered_lines": 31, "num_statements": 31, "percent_covered": 100.0, "percent_covered_display": "100", "missing_lines": 0, "excluded_lines": 0}, "missing_lines": [], "excluded_lines": []}}}, "backend/services/reverse_proxy_manager_old.py": {"executed_lines": [], "summary": {"covered_lines": 0, "num_statements": 161, "percent_covered": 0.0, "percent_covered_display": "0", "missing_lines": 161, "excluded_lines": 0}, "missing_lines": [36, 37, 38, 39, 41, 44, 45, 47, 48, 49, 50, 51, 52, 55, 67, 68, 69, 71, 79, 80, 81, 83, 101, 103, 104, 106, 109, 112, 113, 114, 115, 118, 119, 120, 123, 131, 133, 134, 136, 137, 138, 140, 153, 154, 155, 156, 158, 161, 162, 163, 164, 166, 169, 170, 171, 173, 174, 176, 177, 179, 180, 182, 183, 184, 186, 196, 197, 198, 199, 201, 202, 204, 207, 208, 210, 211, 212, 213, 216, 217, 220, 222, 223, 225, 226, 227, 229, 236, 238, 245, 247, 257, 259, 278, 279, 284, 294, 295, 296, 297, 300, 301, 303, 304, 306, 307, 309, 311, 312, 313, 317, 327, 329, 331, 333, 334, 336, 359, 361, 428, 430, 441, 443, 445, 446, 448, 449, 450, 452, 454, 455, 456, 458, 465, 467, 468, 470, 471, 472, 475, 476, 477, 479, 480, 481, 483, 484, 486, 487, 488, 490, 500, 502, 504, 505, 508, 509, 511, 517, 518, 519], "excluded_lines": [], "functions": {"ReverseProxyManager.__init__": {"executed_lines": [], "summary": {"covered_lines": 0, "num_statements": 3, "percent_covered": 0.0, "percent_covered_display": "0", "missing_lines": 3, "excluded_lines": 0}, "missing_lines": [79, 80, 81], "excluded_lines": []}, "ReverseProxyManager.create_vhost": {"executed_lines": [], "summary": {"covered_lines": 0, "num_statements": 19, "percent_covered": 0.0, "percent_covered_display": "0", "missing_lines": 19, "excluded_lines": 0}, "missing_lines": [101, 103, 104, 106, 109, 112, 113, 114, 115, 118, 119, 120, 123, 131, 133, 134, 136, 137, 138], "excluded_lines": []}, "ReverseProxyManager.update_vhost": {"executed_lines": [], "summary": {"covered_lines": 0, "num_statements": 22, "percent_covered": 0.0, "percent_covered_display": "0", "missing_lines": 22, "excluded_lines": 0}, "missing_lines": [153, 154, 155, 156, 158, 161, 162, 163, 164, 166, 169, 170, 171, 173, 174, 176, 177, 179, 180, 182, 183, 184], "excluded_lines": []}, "ReverseProxyManager.delete_vhost": {"executed_lines": [], "summary": {"covered_lines": 0, "num_statements": 21, "percent_covered": 0.0, "percent_covered_display": "0", "missing_lines": 21, "excluded_lines": 0}, "missing_lines": [196, 197, 198, 199, 201, 202, 204, 207, 208, 210, 211, 212, 213, 216, 217, 220, 222, 223, 225, 226, 227], "excluded_lines": []}, "ReverseProxyManager.get_vhost_count": {"executed_lines": [], "summary": {"covered_lines": 0, "num_statements": 1, "percent_covered": 0.0, "percent_covered_display": "0", "missing_lines": 1, "excluded_lines": 0}, "missing_lines": [236], "excluded_lines": []}, "ReverseProxyManager.list_vhosts": {"executed_lines": [], "summary": {"covered_lines": 0, "num_statements": 1, "percent_covered": 0.0, "percent_covered_display": "0", "missing_lines": 1, "excluded_lines": 0}, "missing_lines": [245], "excluded_lines": []}, "ReverseProxyManager.get_vhost": {"executed_lines": [], "summary": {"covered_lines": 0, "num_statements": 1, "percent_covered": 0.0, "percent_covered_display": "0", "missing_lines": 1, "excluded_lines": 0}, "missing_lines": [257], "excluded_lines": []}, "ReverseProxyManager.get_vhost_urls": {"executed_lines": [], "summary": {"covered_lines": 0, "num_statements": 2, "percent_covered": 0.0, "percent_covered_display": "0", "missing_lines": 2, "excluded_lines": 0}, "missing_lines": [278, 279], "excluded_lines": []}, "ReverseProxyManager.verify_vhost_health": {"executed_lines": [], "summary": {"covered_lines": 0, "num_statements": 14, "percent_covered": 0.0, "percent_covered_display": "0", "missing_lines": 14, "excluded_lines": 0}, "missing_lines": [294, 295, 296, 297, 300, 301, 303, 304, 306, 307, 309, 311, 312, 313], "excluded_lines": []}, "ReverseProxyManager._sanitize_app_name": {"executed_lines": [], "summary": {"covered_lines": 0, "num_statements": 5, "percent_covered": 0.0, "percent_covered_display": "0", "missing_lines": 5, "excluded_lines": 0}, "missing_lines": [327, 329, 331, 333, 334], "excluded_lines": []}, "ReverseProxyManager._generate_caddy_config": {"executed_lines": [], "summary": {"covered_lines": 0, "num_statements": 3, "percent_covered": 0.0, "percent_covered_display": "0", "missing_lines": 3, "excluded_lines": 0}, "missing_lines": [359, 361, 428], "excluded_lines": []}, "ReverseProxyManager._write_config_file": {"executed_lines": [], "summary": {"covered_lines": 0, "num_statements": 11, "percent_covered": 0.0, "percent_covered_display": "0", "missing_lines": 11, "excluded_lines": 0}, "missing_lines": [441, 443, 445, 446, 448, 449, 450, 452, 454, 455, 456], "excluded_lines": []}, "ReverseProxyManager._reload_caddy": {"executed_lines": [], "summary": {"covered_lines": 0, "num_statements": 17, "percent_covered": 0.0, "percent_covered_display": "0", "missing_lines": 17, "excluded_lines": 0}, "missing_lines": [465, 467, 468, 470, 471, 472, 475, 476, 477, 479, 480, 481, 483, 484, 486, 487, 488], "excluded_lines": []}, "ReverseProxyManager._exec_in_appliance": {"executed_lines": [], "summary": {"covered_lines": 0, "num_statements": 10, "percent_covered": 0.0, "percent_covered_display": "0", "missing_lines": 10, "excluded_lines": 0}, "missing_lines": [500, 502, 504, 505, 508, 509, 511, 517, 518, 519], "excluded_lines": []}, "": {"executed_lines": [], "summary": {"covered_lines": 0, "num_statements": 31, "percent_covered": 0.0, "percent_covered_display": "0", "missing_lines": 31, "excluded_lines": 0}, "missing_lines": [36, 37, 38, 39, 41, 44, 45, 47, 48, 49, 50, 51, 52, 55, 67, 68, 69, 71, 83, 140, 186, 229, 238, 247, 259, 284, 317, 336, 430, 458, 490], "excluded_lines": []}}, "classes": {"VirtualHost": {"executed_lines": [], "summary": {"covered_lines": 0, "num_statements": 0, "percent_covered": 100.0, "percent_covered_display": "100", "missing_lines": 0, "excluded_lines": 0}, "missing_lines": [], "excluded_lines": []}, "ReverseProxyManager": {"executed_lines": [], "summary": {"covered_lines": 0, "num_statements": 130, "percent_covered": 0.0, "percent_covered_display": "0", "missing_lines": 130, "excluded_lines": 0}, "missing_lines": [79, 80, 81, 101, 103, 104, 106, 109, 112, 113, 114, 115, 118, 119, 120, 123, 131, 133, 134, 136, 137, 138, 153, 154, 155, 156, 158, 161, 162, 163, 164, 166, 169, 170, 171, 173, 174, 176, 177, 179, 180, 182, 183, 184, 196, 197, 198, 199, 201, 202, 204, 207, 208, 210, 211, 212, 213, 216, 217, 220, 222, 223, 225, 226, 227, 236, 245, 257, 278, 279, 294, 295, 296, 297, 300, 301, 303, 304, 306, 307, 309, 311, 312, 313, 327, 329, 331, 333, 334, 359, 361, 428, 441, 443, 445, 446, 448, 449, 450, 452, 454, 455, 456, 465, 467, 468, 470, 471, 472, 475, 476, 477, 479, 480, 481, 483, 484, 486, 487, 488, 500, 502, 504, 505, 508, 509, 511, 517, 518, 519], "excluded_lines": []}, "": {"executed_lines": [], "summary": {"covered_lines": 0, "num_statements": 31, "percent_covered": 0.0, "percent_covered_display": "0", "missing_lines": 31, "excluded_lines": 0}, "missing_lines": [36, 37, 38, 39, 41, 44, 45, 47, 48, 49, 50, 51, 52, 55, 67, 68, 69, 71, 83, 140, 186, 229, 238, 247, 259, 284, 317, 336, 430, 458, 490], "excluded_lines": []}}}, "backend/services/settings_service.py": {"executed_lines": [1, 7, 8, 9, 10, 11, 13, 16, 17, 20, 29, 30, 32, 44, 46, 47, 60, 112, 138, 150, 164, 166, 174, 193, 203, 219, 230, 233, 235], "summary": {"covered_lines": 27, "num_statements": 99, "percent_covered": 27.272727272727273, "percent_covered_display": "27", "missing_lines": 72, "excluded_lines": 0}, "missing_lines": [49, 51, 52, 53, 54, 55, 56, 58, 80, 81, 83, 84, 87, 89, 90, 91, 92, 93, 94, 96, 104, 106, 107, 109, 110, 123, 125, 126, 127, 128, 129, 130, 131, 132, 133, 134, 136, 140, 141, 142, 143, 144, 145, 146, 156, 157, 158, 159, 160, 162, 180, 181, 182, 183, 184, 185, 186, 187, 188, 189, 191, 195, 208, 209, 210, 211, 212, 213, 214, 215, 217, 221], "excluded_lines": [], "functions": {"SettingsService.__init__": {"executed_lines": [30], "summary": {"covered_lines": 1, "num_statements": 1, "percent_covered": 100.0, "percent_covered_display": "100", "missing_lines": 0, "excluded_lines": 0}, "missing_lines": [], "excluded_lines": []}, "SettingsService.get": {"executed_lines": [44, 46, 47], "summary": {"covered_lines": 3, "num_statements": 11, "percent_covered": 27.272727272727273, "percent_covered_display": "27", "missing_lines": 8, "excluded_lines": 0}, "missing_lines": [49, 51, 52, 53, 54, 55, 56, 58], "excluded_lines": []}, "SettingsService.set": {"executed_lines": [], "summary": {"covered_lines": 0, "num_statements": 17, "percent_covered": 0.0, "percent_covered_display": "0", "missing_lines": 17, "excluded_lines": 0}, "missing_lines": [80, 81, 83, 84, 87, 89, 90, 91, 92, 93, 94, 96, 104, 106, 107, 109, 110], "excluded_lines": []}, "SettingsService.get_category": {"executed_lines": [], "summary": {"covered_lines": 0, "num_statements": 12, "percent_covered": 0.0, "percent_covered_display": "0", "missing_lines": 12, "excluded_lines": 0}, "missing_lines": [123, 125, 126, 127, 128, 129, 130, 131, 132, 133, 134, 136], "excluded_lines": []}, "SettingsService.delete": {"executed_lines": [], "summary": {"covered_lines": 0, "num_statements": 7, "percent_covered": 0.0, "percent_covered_display": "0", "missing_lines": 7, "excluded_lines": 0}, "missing_lines": [140, 141, 142, 143, 144, 145, 146], "excluded_lines": []}, "SettingsService.set_proxmox_credentials": {"executed_lines": [], "summary": {"covered_lines": 0, "num_statements": 6, "percent_covered": 0.0, "percent_covered_display": "0", "missing_lines": 6, "excluded_lines": 0}, "missing_lines": [156, 157, 158, 159, 160, 162], "excluded_lines": []}, "SettingsService.get_proxmox_credentials": {"executed_lines": [166], "summary": {"covered_lines": 1, "num_statements": 1, "percent_covered": 100.0, "percent_covered_display": "100", "missing_lines": 0, "excluded_lines": 0}, "missing_lines": [], "excluded_lines": []}, "SettingsService.set_network_settings": {"executed_lines": [], "summary": {"covered_lines": 0, "num_statements": 11, "percent_covered": 0.0, "percent_covered_display": "0", "missing_lines": 11, "excluded_lines": 0}, "missing_lines": [180, 181, 182, 183, 184, 185, 186, 187, 188, 189, 191], "excluded_lines": []}, "SettingsService.get_network_settings": {"executed_lines": [], "summary": {"covered_lines": 0, "num_statements": 1, "percent_covered": 0.0, "percent_covered_display": "0", "missing_lines": 1, "excluded_lines": 0}, "missing_lines": [195], "excluded_lines": []}, "SettingsService.set_default_resources": {"executed_lines": [], "summary": {"covered_lines": 0, "num_statements": 9, "percent_covered": 0.0, "percent_covered_display": "0", "missing_lines": 9, "excluded_lines": 0}, "missing_lines": [208, 209, 210, 211, 212, 213, 214, 215, 217], "excluded_lines": []}, "SettingsService.get_default_resources": {"executed_lines": [], "summary": {"covered_lines": 0, "num_statements": 1, "percent_covered": 0.0, "percent_covered_display": "0", "missing_lines": 1, "excluded_lines": 0}, "missing_lines": [221], "excluded_lines": []}, "get_settings_service": {"executed_lines": [235], "summary": {"covered_lines": 1, "num_statements": 1, "percent_covered": 100.0, "percent_covered_display": "100", "missing_lines": 0, "excluded_lines": 0}, "missing_lines": [], "excluded_lines": []}, "": {"executed_lines": [1, 7, 8, 9, 10, 11, 13, 16, 17, 20, 29, 32, 60, 112, 138, 150, 164, 174, 193, 203, 219, 230, 233], "summary": {"covered_lines": 21, "num_statements": 21, "percent_covered": 100.0, "percent_covered_display": "100", "missing_lines": 0, "excluded_lines": 0}, "missing_lines": [], "excluded_lines": []}}, "classes": {"SettingsService": {"executed_lines": [30, 44, 46, 47, 166], "summary": {"covered_lines": 5, "num_statements": 77, "percent_covered": 6.4935064935064934, "percent_covered_display": "6", "missing_lines": 72, "excluded_lines": 0}, "missing_lines": [49, 51, 52, 53, 54, 55, 56, 58, 80, 81, 83, 84, 87, 89, 90, 91, 92, 93, 94, 96, 104, 106, 107, 109, 110, 123, 125, 126, 127, 128, 129, 130, 131, 132, 133, 134, 136, 140, 141, 142, 143, 144, 145, 146, 156, 157, 158, 159, 160, 162, 180, 181, 182, 183, 184, 185, 186, 187, 188, 189, 191, 195, 208, 209, 210, 211, 212, 213, 214, 215, 217, 221], "excluded_lines": []}, "": {"executed_lines": [1, 7, 8, 9, 10, 11, 13, 16, 17, 20, 29, 32, 60, 112, 138, 150, 164, 174, 193, 203, 219, 230, 233, 235], "summary": {"covered_lines": 22, "num_statements": 22, "percent_covered": 100.0, "percent_covered_display": "100", "missing_lines": 0, "excluded_lines": 0}, "missing_lines": [], "excluded_lines": []}}}}, "totals": {"covered_lines": 1919, "num_statements": 4975, "percent_covered": 38.57286432160804, "percent_covered_display": "39", "missing_lines": 3056, "excluded_lines": 0}}