[1m============================= test session starts ==============================[0m
platform darwin -- Python 3.13.7, pytest-8.3.4, pluggy-1.5.0 -- /opt/homebrew/opt/python@3.13/bin/python3.13
cachedir: .pytest_cache
rootdir: /Users/fab/GitHub/proximity/e2e_tests
configfile: pytest.ini
plugins: flask-1.3.0, xdist-3.8.0, timeout-2.4.0, anyio-4.8.0, cov-6.2.1, mock-3.14.1, rerunfailures-16.0.1, base-url-2.1.0, playwright-0.7.1, asyncio-1.0.0, Faker-33.3.1, requests-mock-1.12.1
timeout: 300.0s
timeout method: signal
timeout func_only: False
asyncio: mode=Mode.STRICT, asyncio_default_fixture_loop_scope=function, asyncio_default_test_loop_scope=function
[1mcollecting ... [0mcollected 119 items

e2e_tests/test_app_canvas.py::test_open_and_close_canvas_with_button[chromium] 
================================================================================
Starting test: test_open_and_close_canvas_with_button[chromium]
================================================================================

================================================================================
ğŸ” [authenticated_page] Starting INDESTRUCTIBLE authentication setup
================================================================================

ğŸ‘¤ STEP 1: Creating test user via API
   Creating user: testuser_20251011_143029_4ebk
   âœ… User created successfully via API (status: 201)

ğŸ§¹ STEP 2: Clean Slate - Clearing all storage
   âœ“ localStorage cleared
   âœ“ sessionStorage cleared
   âœ“ Page reloaded with clean state

ğŸ”‘ STEP 3: UI Login - Using LoginPage object
   Logging in as: testuser_20251011_143029_4ebk

[1m-------------------------------- live log setup --------------------------------[0m
2025-10-11 14:30:30 [[32m    INFO[0m] Logging in as: testuser_20251011_143029_4ebk
2025-10-11 14:30:30 [[32m    INFO[0m] Switching to login mode
2025-10-11 14:30:30 [[32m    INFO[0m] Clicking: #loginTab
2025-10-11 14:30:30 [[32m    INFO[0m] Waiting for #loginUsername to be visible
2025-10-11 14:30:30 [[32m    INFO[0m] Filling username: testuser_20251011_143029_4ebk
2025-10-11 14:30:30 [[32m    INFO[0m] Filling #loginUsername with: testuser_20251011_14...
2025-10-11 14:30:30 [[32m    INFO[0m] Filling password
2025-10-11 14:30:30 [[32m    INFO[0m] Filling #loginPassword with: Test7tpuguyuyyfj!...
2025-10-11 14:30:30 [[32m    INFO[0m] Clicking Login submit button
2025-10-11 14:30:30 [[32m    INFO[0m] Clicking: #loginForm button[type='submit']
2025-10-11 14:30:30 [[32m    INFO[0m] Waiting for auth modal to close
2025-10-11 14:30:30 [[32m    INFO[0m] Waiting for #authModal to be hidden
2025-10-11 14:30:31 [[32m    INFO[0m] Login successful - modal closed
   âœ“ Login form submitted

âœ… STEP 4: Smart Wait - Waiting for authentication to complete
   âš ï¸  User display not found, trying dashboard container: Locator expected to be visible
Actual value: <element(s) not found> 
Call log:
  - LocatorAssertions.to_be_visible with timeout 15000ms
  -   - waiting for locator(".user-info")

   âœ… Dashboard container visible - authentication confirmed
   âœ… Auth modal hidden - login complete

================================================================================
ğŸ‰ AUTHENTICATION COMPLETE - Page ready for testing
================================================================================


================================================================================
ğŸš€ [LOCAL deployed_app fixture] Starting UI-based deployment
================================================================================
ğŸ“ Generated hostname: nginx-canvas-e2e-202510111430-kupanw
ğŸ”§ Creating page objects...
âœ… Page objects created

ğŸ“‹ STEP 1: Navigate to App Store
2025-10-11 14:30:46 [[32m    INFO[0m] Navigating to App Store
2025-10-11 14:30:46 [[32m    INFO[0m] Clicking: [data-view='catalog']
âœ… Successfully navigated to App Store

ğŸ“‹ STEP 2: Wait for catalog to load
2025-10-11 14:30:46 [[32m    INFO[0m] Waiting for catalog to load
2025-10-11 14:30:46 [[32m    INFO[0m] Waiting for #catalogView to be visible
2025-10-11 14:30:46 [[32m    INFO[0m] Waiting for load state: networkidle
âœ… Catalog loaded successfully

ğŸ“‹ STEP 3: Click on Nginx app card
2025-10-11 14:30:46 [[32m    INFO[0m] Clicking app card: Nginx
2025-10-11 14:30:46 [[32m    INFO[0m] Finding catalog app card for: Nginx
2025-10-11 14:30:47 [[32m    INFO[0m] Clicked app card: Nginx
âœ… Clicked Nginx app card

ğŸ“‹ STEP 4: Wait for deployment modal
2025-10-11 14:30:47 [[32m    INFO[0m] Waiting for deployment modal to be visible
2025-10-11 14:30:47 [[32m    INFO[0m] Deployment modal is visible
âœ… Deployment modal visible

ğŸ“‹ STEP 5: Enter hostname: nginx-canvas-e2e-202510111430-kupanw
2025-10-11 14:30:47 [[32m    INFO[0m] Filling hostname: nginx-canvas-e2e-202510111430-kupanw
2025-10-11 14:30:47 [[32m    INFO[0m] Hostname filled: nginx-canvas-e2e-202510111430-kupanw
âœ… Hostname entered

ğŸ“‹ STEP 6: Submit deployment
2025-10-11 14:30:47 [[32m    INFO[0m] Clicking deploy button
2025-10-11 14:30:48 [[32m    INFO[0m] Deploy button clicked
âœ… Deployment submitted

ğŸ“‹ STEP 7: Wait for deployment success (timeout=180s)
2025-10-11 14:30:48 [[32m    INFO[0m] Waiting for deployment success (timeout: 180000ms)
2025-10-11 14:30:48 [[32m    INFO[0m] Waiting for deployment progress view
2025-10-11 14:30:48 [[32m    INFO[0m] Waiting for #progressSteps to be visible
2025-10-11 14:30:48 [[32m    INFO[0m] Deployment progress view visible
2025-10-11 14:31:28 [[32m    INFO[0m] âœ… Deployment success message detected
âœ… Deployment successful!

ğŸ“‹ STEP 8: Close modal
2025-10-11 14:31:28 [[32m    INFO[0m] Clicking modal close button
âŒ FAILED to close modal: Locator.click: Error: strict mode violation: locator(".modal-close") resolved to 3 elements:
    1) <button class="modal-close" onclick="closeModal()">âœ•</button> aka get_by_role("button", name="âœ•")
    2) <button class="modal-close" onclick="hideBackupModal()">âœ•</button> aka locator("#backupModal").get_by_text("âœ•")
    3) <button class="modal-close" onclick="closeAuthModal()">âœ•</button> aka locator("#authModal").get_by_text("âœ•")

Call log:
  - waiting for locator(".modal-close")

[31mERROR[0m
ğŸ§¹ [authenticated_page] STEP 5: Teardown - Cleaning up session
  âœ“ Session cleared successfully

ğŸ§¹ [Cleanup] Closing page fixture
  âœ“ Storage cleared
  âœ“ Page closed successfully

ğŸ§¹ [Cleanup] Closing browser context and all pages
  âœ“ Context closed successfully

================================================================================
Finished test: test_open_and_close_canvas_with_button[chromium]
================================================================================


ğŸ›¡ï¸  [Safety Net] Final cleanup check
  âš ï¸  Error accessing page: The fixture value for "page" is not available.  This can happen when the fixture has already been torn down.
  âš ï¸  Error accessing context: The fixture value for "context" is not available.  This can happen when the fixture has already been torn down.

e2e_tests/test_app_canvas.py::test_close_canvas_with_escape_key[chromium] 
================================================================================
Starting test: test_close_canvas_with_escape_key[chromium]
================================================================================

================================================================================
ğŸ” [authenticated_page] Starting INDESTRUCTIBLE authentication setup
================================================================================

ğŸ‘¤ STEP 1: Creating test user via API
   Creating user: testuser_20251011_143129_0n7m
   âœ… User created successfully via API (status: 201)

ğŸ§¹ STEP 2: Clean Slate - Clearing all storage
   âœ“ localStorage cleared
   âœ“ sessionStorage cleared
   âœ“ Page reloaded with clean state

ğŸ”‘ STEP 3: UI Login - Using LoginPage object
   Logging in as: testuser_20251011_143129_0n7m

[1m-------------------------------- live log setup --------------------------------[0m
2025-10-11 14:31:30 [[32m    INFO[0m] Logging in as: testuser_20251011_143129_0n7m
2025-10-11 14:31:30 [[32m    INFO[0m] Switching to login mode
2025-10-11 14:31:30 [[32m    INFO[0m] Clicking: #loginTab
2025-10-11 14:31:30 [[32m    INFO[0m] Waiting for #loginUsername to be visible
2025-10-11 14:31:30 [[32m    INFO[0m] Filling username: testuser_20251011_143129_0n7m
2025-10-11 14:31:30 [[32m    INFO[0m] Filling #loginUsername with: testuser_20251011_14...
2025-10-11 14:31:30 [[32m    INFO[0m] Filling password
2025-10-11 14:31:30 [[32m    INFO[0m] Filling #loginPassword with: Test2z0slkwvg25g!...
2025-10-11 14:31:30 [[32m    INFO[0m] Clicking Login submit button
2025-10-11 14:31:30 [[32m    INFO[0m] Clicking: #loginForm button[type='submit']
2025-10-11 14:31:30 [[32m    INFO[0m] Waiting for auth modal to close
2025-10-11 14:31:30 [[32m    INFO[0m] Waiting for #authModal to be hidden
2025-10-11 14:31:31 [[32m    INFO[0m] Login successful - modal closed
   âœ“ Login form submitted

âœ… STEP 4: Smart Wait - Waiting for authentication to complete
   âš ï¸  User display not found, trying dashboard container: Locator expected to be visible
Actual value: <element(s) not found> 
Call log:
  - LocatorAssertions.to_be_visible with timeout 15000ms
  -   - waiting for locator(".user-info")

   âœ… Dashboard container visible - authentication confirmed
   âœ… Auth modal hidden - login complete

================================================================================
ğŸ‰ AUTHENTICATION COMPLETE - Page ready for testing
================================================================================


================================================================================
ğŸš€ [LOCAL deployed_app fixture] Starting UI-based deployment
================================================================================
ğŸ“ Generated hostname: nginx-canvas-e2e-202510111431-dj2tde
ğŸ”§ Creating page objects...
âœ… Page objects created

ğŸ“‹ STEP 1: Navigate to App Store
2025-10-11 14:31:46 [[32m    INFO[0m] Navigating to App Store
2025-10-11 14:31:46 [[32m    INFO[0m] Clicking: [data-view='catalog']
âœ… Successfully navigated to App Store

ğŸ“‹ STEP 2: Wait for catalog to load
2025-10-11 14:31:46 [[32m    INFO[0m] Waiting for catalog to load
2025-10-11 14:31:46 [[32m    INFO[0m] Waiting for #catalogView to be visible
2025-10-11 14:31:46 [[32m    INFO[0m] Waiting for load state: networkidle
âœ… Catalog loaded successfully

ğŸ“‹ STEP 3: Click on Nginx app card
2025-10-11 14:31:46 [[32m    INFO[0m] Clicking app card: Nginx
2025-10-11 14:31:46 [[32m    INFO[0m] Finding catalog app card for: Nginx
2025-10-11 14:31:47 [[32m    INFO[0m] Clicked app card: Nginx
âœ… Clicked Nginx app card

ğŸ“‹ STEP 4: Wait for deployment modal
2025-10-11 14:31:47 [[32m    INFO[0m] Waiting for deployment modal to be visible
2025-10-11 14:31:47 [[32m    INFO[0m] Deployment modal is visible
âœ… Deployment modal visible

ğŸ“‹ STEP 5: Enter hostname: nginx-canvas-e2e-202510111431-dj2tde
2025-10-11 14:31:47 [[32m    INFO[0m] Filling hostname: nginx-canvas-e2e-202510111431-dj2tde
2025-10-11 14:31:47 [[32m    INFO[0m] Hostname filled: nginx-canvas-e2e-202510111431-dj2tde
âœ… Hostname entered

ğŸ“‹ STEP 6: Submit deployment
2025-10-11 14:31:47 [[32m    INFO[0m] Clicking deploy button
2025-10-11 14:31:47 [[32m    INFO[0m] Deploy button clicked
âœ… Deployment submitted

ğŸ“‹ STEP 7: Wait for deployment success (timeout=180s)
2025-10-11 14:31:47 [[32m    INFO[0m] Waiting for deployment success (timeout: 180000ms)
2025-10-11 14:31:47 [[32m    INFO[0m] Waiting for deployment progress view
2025-10-11 14:31:47 [[32m    INFO[0m] Waiting for #progressSteps to be visible
2025-10-11 14:31:48 [[32m    INFO[0m] Deployment progress view visible
2025-10-11 14:32:26 [[32m    INFO[0m] âœ… Deployment success message detected
âœ… Deployment successful!

ğŸ“‹ STEP 8: Close modal
2025-10-11 14:32:26 [[32m    INFO[0m] Clicking modal close button
âŒ FAILED to close modal: Locator.click: Error: strict mode violation: locator(".modal-close") resolved to 3 elements:
    1) <button class="modal-close" onclick="closeModal()">âœ•</button> aka get_by_role("button", name="âœ•")
    2) <button class="modal-close" onclick="hideBackupModal()">âœ•</button> aka locator("#backupModal").get_by_text("âœ•")
    3) <button class="modal-close" onclick="closeAuthModal()">âœ•</button> aka locator("#authModal").get_by_text("âœ•")

Call log:
  - waiting for locator(".modal-close")

[31mERROR[0m
ğŸ§¹ [authenticated_page] STEP 5: Teardown - Cleaning up session
  âœ“ Session cleared successfully

ğŸ§¹ [Cleanup] Closing page fixture
  âœ“ Storage cleared
  âœ“ Page closed successfully

ğŸ§¹ [Cleanup] Closing browser context and all pages
  âœ“ Context closed successfully

================================================================================
Finished test: test_close_canvas_with_escape_key[chromium]
================================================================================


ğŸ›¡ï¸  [Safety Net] Final cleanup check
  âš ï¸  Error accessing page: The fixture value for "page" is not available.  This can happen when the fixture has already been torn down.
  âš ï¸  Error accessing context: The fixture value for "context" is not available.  This can happen when the fixture has already been torn down.

e2e_tests/test_app_canvas.py::test_close_canvas_by_clicking_outside[chromium] 
================================================================================
Starting test: test_close_canvas_by_clicking_outside[chromium]
================================================================================

================================================================================
ğŸ” [authenticated_page] Starting INDESTRUCTIBLE authentication setup
================================================================================

ğŸ‘¤ STEP 1: Creating test user via API
   Creating user: testuser_20251011_143227_4u0h
   âœ… User created successfully via API (status: 201)

ğŸ§¹ STEP 2: Clean Slate - Clearing all storage
   âœ“ localStorage cleared
   âœ“ sessionStorage cleared
   âœ“ Page reloaded with clean state

ğŸ”‘ STEP 3: UI Login - Using LoginPage object
   Logging in as: testuser_20251011_143227_4u0h

[1m-------------------------------- live log setup --------------------------------[0m
2025-10-11 14:32:27 [[32m    INFO[0m] Logging in as: testuser_20251011_143227_4u0h
2025-10-11 14:32:27 [[32m    INFO[0m] Switching to login mode
2025-10-11 14:32:27 [[32m    INFO[0m] Clicking: #loginTab
2025-10-11 14:32:28 [[32m    INFO[0m] Waiting for #loginUsername to be visible
2025-10-11 14:32:28 [[32m    INFO[0m] Filling username: testuser_20251011_143227_4u0h
2025-10-11 14:32:28 [[32m    INFO[0m] Filling #loginUsername with: testuser_20251011_14...
2025-10-11 14:32:28 [[32m    INFO[0m] Filling password
2025-10-11 14:32:28 [[32m    INFO[0m] Filling #loginPassword with: Testfzljt1qms8lw!...
2025-10-11 14:32:28 [[32m    INFO[0m] Clicking Login submit button
2025-10-11 14:32:28 [[32m    INFO[0m] Clicking: #loginForm button[type='submit']
2025-10-11 14:32:28 [[32m    INFO[0m] Waiting for auth modal to close
2025-10-11 14:32:28 [[32m    INFO[0m] Waiting for #authModal to be hidden
2025-10-11 14:32:29 [[32m    INFO[0m] Login successful - modal closed
   âœ“ Login form submitted

âœ… STEP 4: Smart Wait - Waiting for authentication to complete
   âš ï¸  User display not found, trying dashboard container: Locator expected to be visible
Actual value: <element(s) not found> 
Call log:
  - LocatorAssertions.to_be_visible with timeout 15000ms
  -   - waiting for locator(".user-info")

   âœ… Dashboard container visible - authentication confirmed
   âœ… Auth modal hidden - login complete

================================================================================
ğŸ‰ AUTHENTICATION COMPLETE - Page ready for testing
================================================================================


================================================================================
ğŸš€ [LOCAL deployed_app fixture] Starting UI-based deployment
================================================================================
ğŸ“ Generated hostname: nginx-canvas-e2e-202510111432-zyejqe
ğŸ”§ Creating page objects...
âœ… Page objects created

ğŸ“‹ STEP 1: Navigate to App Store
2025-10-11 14:32:44 [[32m    INFO[0m] Navigating to App Store
2025-10-11 14:32:44 [[32m    INFO[0m] Clicking: [data-view='catalog']
âœ… Successfully navigated to App Store

ğŸ“‹ STEP 2: Wait for catalog to load
2025-10-11 14:32:44 [[32m    INFO[0m] Waiting for catalog to load
2025-10-11 14:32:44 [[32m    INFO[0m] Waiting for #catalogView to be visible
2025-10-11 14:32:44 [[32m    INFO[0m] Waiting for load state: networkidle
âœ… Catalog loaded successfully

ğŸ“‹ STEP 3: Click on Nginx app card
2025-10-11 14:32:44 [[32m    INFO[0m] Clicking app card: Nginx
2025-10-11 14:32:44 [[32m    INFO[0m] Finding catalog app card for: Nginx
2025-10-11 14:32:44 [[32m    INFO[0m] Clicked app card: Nginx
âœ… Clicked Nginx app card

ğŸ“‹ STEP 4: Wait for deployment modal
2025-10-11 14:32:44 [[32m    INFO[0m] Waiting for deployment modal to be visible
2025-10-11 14:32:44 [[32m    INFO[0m] Deployment modal is visible
âœ… Deployment modal visible

ğŸ“‹ STEP 5: Enter hostname: nginx-canvas-e2e-202510111432-zyejqe
2025-10-11 14:32:44 [[32m    INFO[0m] Filling hostname: nginx-canvas-e2e-202510111432-zyejqe
2025-10-11 14:32:44 [[32m    INFO[0m] Hostname filled: nginx-canvas-e2e-202510111432-zyejqe
âœ… Hostname entered

ğŸ“‹ STEP 6: Submit deployment
2025-10-11 14:32:44 [[32m    INFO[0m] Clicking deploy button
2025-10-11 14:32:45 [[32m    INFO[0m] Deploy button clicked
âœ… Deployment submitted

ğŸ“‹ STEP 7: Wait for deployment success (timeout=180s)
2025-10-11 14:32:45 [[32m    INFO[0m] Waiting for deployment success (timeout: 180000ms)
2025-10-11 14:32:45 [[32m    INFO[0m] Waiting for deployment progress view
2025-10-11 14:32:45 [[32m    INFO[0m] Waiting for #progressSteps to be visible
2025-10-11 14:32:45 [[32m    INFO[0m] Deployment progress view visible
2025-10-11 14:33:23 [[32m    INFO[0m] âœ… Deployment success message detected
âœ… Deployment successful!

ğŸ“‹ STEP 8: Close modal
2025-10-11 14:33:23 [[32m    INFO[0m] Clicking modal close button
âŒ FAILED to close modal: Locator.click: Error: strict mode violation: locator(".modal-close") resolved to 3 elements:
    1) <button class="modal-close" onclick="closeModal()">âœ•</button> aka get_by_role("button", name="âœ•")
    2) <button class="modal-close" onclick="hideBackupModal()">âœ•</button> aka locator("#backupModal").get_by_text("âœ•")
    3) <button class="modal-close" onclick="closeAuthModal()">âœ•</button> aka locator("#authModal").get_by_text("âœ•")

Call log:
  - waiting for locator(".modal-close")

[31mERROR[0m
ğŸ§¹ [authenticated_page] STEP 5: Teardown - Cleaning up session
  âœ“ Session cleared successfully

ğŸ§¹ [Cleanup] Closing page fixture
  âœ“ Storage cleared
  âœ“ Page closed successfully

ğŸ§¹ [Cleanup] Closing browser context and all pages
  âœ“ Context closed successfully

================================================================================
Finished test: test_close_canvas_by_clicking_outside[chromium]
================================================================================


ğŸ›¡ï¸  [Safety Net] Final cleanup check
  âš ï¸  Error accessing page: The fixture value for "page" is not available.  This can happen when the fixture has already been torn down.
  âš ï¸  Error accessing context: The fixture value for "context" is not available.  This can happen when the fixture has already been torn down.

e2e_tests/test_app_canvas.py::test_refresh_canvas[chromium] 
================================================================================
Starting test: test_refresh_canvas[chromium]
================================================================================

================================================================================
ğŸ” [authenticated_page] Starting INDESTRUCTIBLE authentication setup
================================================================================

ğŸ‘¤ STEP 1: Creating test user via API
   Creating user: testuser_20251011_143325_sfhe
   âœ… User created successfully via API (status: 201)

ğŸ§¹ STEP 2: Clean Slate - Clearing all storage
   âœ“ localStorage cleared
   âœ“ sessionStorage cleared
   âœ“ Page reloaded with clean state

ğŸ”‘ STEP 3: UI Login - Using LoginPage object
   Logging in as: testuser_20251011_143325_sfhe

[1m-------------------------------- live log setup --------------------------------[0m
2025-10-11 14:33:25 [[32m    INFO[0m] Logging in as: testuser_20251011_143325_sfhe
2025-10-11 14:33:25 [[32m    INFO[0m] Switching to login mode
2025-10-11 14:33:25 [[32m    INFO[0m] Clicking: #loginTab
2025-10-11 14:33:25 [[32m    INFO[0m] Waiting for #loginUsername to be visible
2025-10-11 14:33:25 [[32m    INFO[0m] Filling username: testuser_20251011_143325_sfhe
2025-10-11 14:33:25 [[32m    INFO[0m] Filling #loginUsername with: testuser_20251011_14...
2025-10-11 14:33:25 [[32m    INFO[0m] Filling password
2025-10-11 14:33:25 [[32m    INFO[0m] Filling #loginPassword with: Testrudjbygs4xe5!...
2025-10-11 14:33:25 [[32m    INFO[0m] Clicking Login submit button
2025-10-11 14:33:25 [[32m    INFO[0m] Clicking: #loginForm button[type='submit']
2025-10-11 14:33:25 [[32m    INFO[0m] Waiting for auth modal to close
2025-10-11 14:33:25 [[32m    INFO[0m] Waiting for #authModal to be hidden
2025-10-11 14:33:26 [[32m    INFO[0m] Login successful - modal closed
   âœ“ Login form submitted

âœ… STEP 4: Smart Wait - Waiting for authentication to complete
   âš ï¸  User display not found, trying dashboard container: Locator expected to be visible
Actual value: <element(s) not found> 
Call log:
  - LocatorAssertions.to_be_visible with timeout 15000ms
  -   - waiting for locator(".user-info")

   âœ… Dashboard container visible - authentication confirmed
   âœ… Auth modal hidden - login complete

================================================================================
ğŸ‰ AUTHENTICATION COMPLETE - Page ready for testing
================================================================================


================================================================================
ğŸš€ [LOCAL deployed_app fixture] Starting UI-based deployment
================================================================================
ğŸ“ Generated hostname: nginx-canvas-e2e-202510111433-kmbyyx
ğŸ”§ Creating page objects...
âœ… Page objects created

ğŸ“‹ STEP 1: Navigate to App Store
2025-10-11 14:33:41 [[32m    INFO[0m] Navigating to App Store
2025-10-11 14:33:41 [[32m    INFO[0m] Clicking: [data-view='catalog']
âœ… Successfully navigated to App Store

ğŸ“‹ STEP 2: Wait for catalog to load
2025-10-11 14:33:41 [[32m    INFO[0m] Waiting for catalog to load
2025-10-11 14:33:41 [[32m    INFO[0m] Waiting for #catalogView to be visible
2025-10-11 14:33:41 [[32m    INFO[0m] Waiting for load state: networkidle
âœ… Catalog loaded successfully

ğŸ“‹ STEP 3: Click on Nginx app card
2025-10-11 14:33:41 [[32m    INFO[0m] Clicking app card: Nginx
2025-10-11 14:33:41 [[32m    INFO[0m] Finding catalog app card for: Nginx
2025-10-11 14:33:42 [[32m    INFO[0m] Clicked app card: Nginx
âœ… Clicked Nginx app card

ğŸ“‹ STEP 4: Wait for deployment modal
2025-10-11 14:33:42 [[32m    INFO[0m] Waiting for deployment modal to be visible
2025-10-11 14:33:42 [[32m    INFO[0m] Deployment modal is visible
âœ… Deployment modal visible

ğŸ“‹ STEP 5: Enter hostname: nginx-canvas-e2e-202510111433-kmbyyx
2025-10-11 14:33:42 [[32m    INFO[0m] Filling hostname: nginx-canvas-e2e-202510111433-kmbyyx
2025-10-11 14:33:42 [[32m    INFO[0m] Hostname filled: nginx-canvas-e2e-202510111433-kmbyyx
âœ… Hostname entered

ğŸ“‹ STEP 6: Submit deployment
2025-10-11 14:33:42 [[32m    INFO[0m] Clicking deploy button
2025-10-11 14:33:43 [[32m    INFO[0m] Deploy button clicked
âœ… Deployment submitted

ğŸ“‹ STEP 7: Wait for deployment success (timeout=180s)
2025-10-11 14:33:43 [[32m    INFO[0m] Waiting for deployment success (timeout: 180000ms)
2025-10-11 14:33:43 [[32m    INFO[0m] Waiting for deployment progress view
2025-10-11 14:33:43 [[32m    INFO[0m] Waiting for #progressSteps to be visible
2025-10-11 14:33:43 [[32m    INFO[0m] Deployment progress view visible
2025-10-11 14:34:21 [[32m    INFO[0m] âœ… Deployment success message detected
âœ… Deployment successful!

ğŸ“‹ STEP 8: Close modal
2025-10-11 14:34:21 [[32m    INFO[0m] Clicking modal close button
âŒ FAILED to close modal: Locator.click: Error: strict mode violation: locator(".modal-close") resolved to 3 elements:
    1) <button class="modal-close" onclick="closeModal()">âœ•</button> aka get_by_role("button", name="âœ•")
    2) <button class="modal-close" onclick="hideBackupModal()">âœ•</button> aka locator("#backupModal").get_by_text("âœ•")
    3) <button class="modal-close" onclick="closeAuthModal()">âœ•</button> aka locator("#authModal").get_by_text("âœ•")

Call log:
  - waiting for locator(".modal-close")

[31mERROR[0m
ğŸ§¹ [authenticated_page] STEP 5: Teardown - Cleaning up session
  âœ“ Session cleared successfully

ğŸ§¹ [Cleanup] Closing page fixture
  âœ“ Storage cleared
  âœ“ Page closed successfully

ğŸ§¹ [Cleanup] Closing browser context and all pages
  âœ“ Context closed successfully

================================================================================
Finished test: test_refresh_canvas[chromium]
================================================================================


ğŸ›¡ï¸  [Safety Net] Final cleanup check
  âš ï¸  Error accessing page: The fixture value for "page" is not available.  This can happen when the fixture has already been torn down.
  âš ï¸  Error accessing context: The fixture value for "context" is not available.  This can happen when the fixture has already been torn down.

e2e_tests/test_app_canvas.py::test_canvas_displays_correct_app_name[chromium] 
================================================================================
Starting test: test_canvas_displays_correct_app_name[chromium]
================================================================================

================================================================================
ğŸ” [authenticated_page] Starting INDESTRUCTIBLE authentication setup
================================================================================

ğŸ‘¤ STEP 1: Creating test user via API
   Creating user: testuser_20251011_143422_meev
   âœ… User created successfully via API (status: 201)

ğŸ§¹ STEP 2: Clean Slate - Clearing all storage
   âœ“ localStorage cleared
   âœ“ sessionStorage cleared
   âœ“ Page reloaded with clean state

ğŸ”‘ STEP 3: UI Login - Using LoginPage object
   Logging in as: testuser_20251011_143422_meev

[1m-------------------------------- live log setup --------------------------------[0m
2025-10-11 14:34:22 [[32m    INFO[0m] Logging in as: testuser_20251011_143422_meev
2025-10-11 14:34:22 [[32m    INFO[0m] Switching to login mode
2025-10-11 14:34:22 [[32m    INFO[0m] Clicking: #loginTab
2025-10-11 14:34:23 [[32m    INFO[0m] Waiting for #loginUsername to be visible
2025-10-11 14:34:23 [[32m    INFO[0m] Filling username: testuser_20251011_143422_meev
2025-10-11 14:34:23 [[32m    INFO[0m] Filling #loginUsername with: testuser_20251011_14...
2025-10-11 14:34:23 [[32m    INFO[0m] Filling password
2025-10-11 14:34:23 [[32m    INFO[0m] Filling #loginPassword with: Testgra5yn3u3s1c!...
2025-10-11 14:34:23 [[32m    INFO[0m] Clicking Login submit button
2025-10-11 14:34:23 [[32m    INFO[0m] Clicking: #loginForm button[type='submit']
2025-10-11 14:34:23 [[32m    INFO[0m] Waiting for auth modal to close
2025-10-11 14:34:23 [[32m    INFO[0m] Waiting for #authModal to be hidden
2025-10-11 14:34:24 [[32m    INFO[0m] Login successful - modal closed
   âœ“ Login form submitted

âœ… STEP 4: Smart Wait - Waiting for authentication to complete
   âš ï¸  User display not found, trying dashboard container: Locator expected to be visible
Actual value: <element(s) not found> 
Call log:
  - LocatorAssertions.to_be_visible with timeout 15000ms
  -   - waiting for locator(".user-info")

   âœ… Dashboard container visible - authentication confirmed
   âœ… Auth modal hidden - login complete

================================================================================
ğŸ‰ AUTHENTICATION COMPLETE - Page ready for testing
================================================================================


================================================================================
ğŸš€ [LOCAL deployed_app fixture] Starting UI-based deployment
================================================================================
ğŸ“ Generated hostname: nginx-canvas-e2e-202510111434-jvqmhe
ğŸ”§ Creating page objects...
âœ… Page objects created

ğŸ“‹ STEP 1: Navigate to App Store
2025-10-11 14:34:39 [[32m    INFO[0m] Navigating to App Store
2025-10-11 14:34:39 [[32m    INFO[0m] Clicking: [data-view='catalog']
âœ… Successfully navigated to App Store

ğŸ“‹ STEP 2: Wait for catalog to load
2025-10-11 14:34:39 [[32m    INFO[0m] Waiting for catalog to load
2025-10-11 14:34:39 [[32m    INFO[0m] Waiting for #catalogView to be visible
2025-10-11 14:34:39 [[32m    INFO[0m] Waiting for load state: networkidle
âœ… Catalog loaded successfully

ğŸ“‹ STEP 3: Click on Nginx app card
2025-10-11 14:34:40 [[32m    INFO[0m] Clicking app card: Nginx
2025-10-11 14:34:40 [[32m    INFO[0m] Finding catalog app card for: Nginx
2025-10-11 14:34:40 [[32m    INFO[0m] Clicked app card: Nginx
âœ… Clicked Nginx app card

ğŸ“‹ STEP 4: Wait for deployment modal
2025-10-11 14:34:40 [[32m    INFO[0m] Waiting for deployment modal to be visible
2025-10-11 14:34:40 [[32m    INFO[0m] Deployment modal is visible
âœ… Deployment modal visible

ğŸ“‹ STEP 5: Enter hostname: nginx-canvas-e2e-202510111434-jvqmhe
2025-10-11 14:34:40 [[32m    INFO[0m] Filling hostname: nginx-canvas-e2e-202510111434-jvqmhe
2025-10-11 14:34:40 [[32m    INFO[0m] Hostname filled: nginx-canvas-e2e-202510111434-jvqmhe
âœ… Hostname entered

ğŸ“‹ STEP 6: Submit deployment
2025-10-11 14:34:40 [[32m    INFO[0m] Clicking deploy button
2025-10-11 14:34:41 [[32m    INFO[0m] Deploy button clicked
âœ… Deployment submitted

ğŸ“‹ STEP 7: Wait for deployment success (timeout=180s)
2025-10-11 14:34:41 [[32m    INFO[0m] Waiting for deployment success (timeout: 180000ms)
2025-10-11 14:34:41 [[32m    INFO[0m] Waiting for deployment progress view
2025-10-11 14:34:41 [[32m    INFO[0m] Waiting for #progressSteps to be visible
2025-10-11 14:34:41 [[32m    INFO[0m] Deployment progress view visible
2025-10-11 14:35:19 [[32m    INFO[0m] âœ… Deployment success message detected
âœ… Deployment successful!

ğŸ“‹ STEP 8: Close modal
2025-10-11 14:35:19 [[32m    INFO[0m] Clicking modal close button
âŒ FAILED to close modal: Locator.click: Error: strict mode violation: locator(".modal-close") resolved to 3 elements:
    1) <button class="modal-close" onclick="closeModal()">âœ•</button> aka get_by_role("button", name="âœ•")
    2) <button class="modal-close" onclick="hideBackupModal()">âœ•</button> aka locator("#backupModal").get_by_text("âœ•")
    3) <button class="modal-close" onclick="closeAuthModal()">âœ•</button> aka locator("#authModal").get_by_text("âœ•")

Call log:
  - waiting for locator(".modal-close")

[31mERROR[0m
ğŸ§¹ [authenticated_page] STEP 5: Teardown - Cleaning up session
  âœ“ Session cleared successfully

ğŸ§¹ [Cleanup] Closing page fixture
  âœ“ Storage cleared
  âœ“ Page closed successfully

ğŸ§¹ [Cleanup] Closing browser context and all pages
  âœ“ Context closed successfully

================================================================================
Finished test: test_canvas_displays_correct_app_name[chromium]
================================================================================


ğŸ›¡ï¸  [Safety Net] Final cleanup check
  âš ï¸  Error accessing page: The fixture value for "page" is not available.  This can happen when the fixture has already been torn down.
  âš ï¸  Error accessing context: The fixture value for "context" is not available.  This can happen when the fixture has already been torn down.

e2e_tests/test_app_canvas.py::test_canvas_iframe_loads_content[chromium] 
================================================================================
Starting test: test_canvas_iframe_loads_content[chromium]
================================================================================

================================================================================
ğŸ” [authenticated_page] Starting INDESTRUCTIBLE authentication setup
================================================================================

ğŸ‘¤ STEP 1: Creating test user via API
   Creating user: testuser_20251011_143520_gdcy
   âœ… User created successfully via API (status: 201)

ğŸ§¹ STEP 2: Clean Slate - Clearing all storage
   âœ“ localStorage cleared
   âœ“ sessionStorage cleared
   âœ“ Page reloaded with clean state

ğŸ”‘ STEP 3: UI Login - Using LoginPage object
   Logging in as: testuser_20251011_143520_gdcy

[1m-------------------------------- live log setup --------------------------------[0m
2025-10-11 14:35:21 [[32m    INFO[0m] Logging in as: testuser_20251011_143520_gdcy
2025-10-11 14:35:21 [[32m    INFO[0m] Switching to login mode
2025-10-11 14:35:21 [[32m    INFO[0m] Clicking: #loginTab
2025-10-11 14:35:21 [[32m    INFO[0m] Waiting for #loginUsername to be visible
2025-10-11 14:35:21 [[32m    INFO[0m] Filling username: testuser_20251011_143520_gdcy
2025-10-11 14:35:21 [[32m    INFO[0m] Filling #loginUsername with: testuser_20251011_14...
2025-10-11 14:35:21 [[32m    INFO[0m] Filling password
2025-10-11 14:35:21 [[32m    INFO[0m] Filling #loginPassword with: Test18hyf1zetwg1!...
2025-10-11 14:35:21 [[32m    INFO[0m] Clicking Login submit button
2025-10-11 14:35:21 [[32m    INFO[0m] Clicking: #loginForm button[type='submit']
2025-10-11 14:35:21 [[32m    INFO[0m] Waiting for auth modal to close
2025-10-11 14:35:21 [[32m    INFO[0m] Waiting for #authModal to be hidden
2025-10-11 14:35:22 [[32m    INFO[0m] Login successful - modal closed
   âœ“ Login form submitted

âœ… STEP 4: Smart Wait - Waiting for authentication to complete
   âš ï¸  User display not found, trying dashboard container: Locator expected to be visible
Actual value: <element(s) not found> 
Call log:
  - LocatorAssertions.to_be_visible with timeout 15000ms
  -   - waiting for locator(".user-info")

   âœ… Dashboard container visible - authentication confirmed
   âœ… Auth modal hidden - login complete

================================================================================
ğŸ‰ AUTHENTICATION COMPLETE - Page ready for testing
================================================================================


================================================================================
ğŸš€ [LOCAL deployed_app fixture] Starting UI-based deployment
================================================================================
ğŸ“ Generated hostname: nginx-canvas-e2e-202510111435-2nxs47
ğŸ”§ Creating page objects...
âœ… Page objects created

ğŸ“‹ STEP 1: Navigate to App Store
2025-10-11 14:35:37 [[32m    INFO[0m] Navigating to App Store
2025-10-11 14:35:37 [[32m    INFO[0m] Clicking: [data-view='catalog']
âœ… Successfully navigated to App Store

ğŸ“‹ STEP 2: Wait for catalog to load
2025-10-11 14:35:39 [[32m    INFO[0m] Waiting for catalog to load
2025-10-11 14:35:39 [[32m    INFO[0m] Waiting for #catalogView to be visible
2025-10-11 14:35:39 [[32m    INFO[0m] Waiting for load state: networkidle
âœ… Catalog loaded successfully

ğŸ“‹ STEP 3: Click on Nginx app card
2025-10-11 14:35:40 [[32m    INFO[0m] Clicking app card: Nginx
2025-10-11 14:35:40 [[32m    INFO[0m] Finding catalog app card for: Nginx
2025-10-11 14:35:40 [[32m    INFO[0m] Clicked app card: Nginx
âœ… Clicked Nginx app card

ğŸ“‹ STEP 4: Wait for deployment modal
2025-10-11 14:35:40 [[32m    INFO[0m] Waiting for deployment modal to be visible
2025-10-11 14:35:40 [[32m    INFO[0m] Deployment modal is visible
âœ… Deployment modal visible

ğŸ“‹ STEP 5: Enter hostname: nginx-canvas-e2e-202510111435-2nxs47
2025-10-11 14:35:40 [[32m    INFO[0m] Filling hostname: nginx-canvas-e2e-202510111435-2nxs47
2025-10-11 14:35:40 [[32m    INFO[0m] Hostname filled: nginx-canvas-e2e-202510111435-2nxs47
âœ… Hostname entered

ğŸ“‹ STEP 6: Submit deployment
2025-10-11 14:35:40 [[32m    INFO[0m] Clicking deploy button
2025-10-11 14:35:41 [[32m    INFO[0m] Deploy button clicked
âœ… Deployment submitted

ğŸ“‹ STEP 7: Wait for deployment success (timeout=180s)
2025-10-11 14:35:41 [[32m    INFO[0m] Waiting for deployment success (timeout: 180000ms)
2025-10-11 14:35:41 [[32m    INFO[0m] Waiting for deployment progress view
2025-10-11 14:35:41 [[32m    INFO[0m] Waiting for #progressSteps to be visible
2025-10-11 14:35:41 [[32m    INFO[0m] Deployment progress view visible
2025-10-11 14:36:19 [[32m    INFO[0m] âœ… Deployment success message detected
âœ… Deployment successful!

ğŸ“‹ STEP 8: Close modal
2025-10-11 14:36:19 [[32m    INFO[0m] Clicking modal close button
âŒ FAILED to close modal: Locator.click: Error: strict mode violation: locator(".modal-close") resolved to 3 elements:
    1) <button class="modal-close" onclick="closeModal()">âœ•</button> aka get_by_role("button", name="âœ•")
    2) <button class="modal-close" onclick="hideBackupModal()">âœ•</button> aka locator("#backupModal").get_by_text("âœ•")
    3) <button class="modal-close" onclick="closeAuthModal()">âœ•</button> aka locator("#authModal").get_by_text("âœ•")

Call log:
  - waiting for locator(".modal-close")

[31mERROR[0m
ğŸ§¹ [authenticated_page] STEP 5: Teardown - Cleaning up session
  âœ“ Session cleared successfully

ğŸ§¹ [Cleanup] Closing page fixture
  âœ“ Storage cleared
  âœ“ Page closed successfully

ğŸ§¹ [Cleanup] Closing browser context and all pages
  âœ“ Context closed successfully

================================================================================
Finished test: test_canvas_iframe_loads_content[chromium]
================================================================================


ğŸ›¡ï¸  [Safety Net] Final cleanup check
  âš ï¸  Error accessing page: The fixture value for "page" is not available.  This can happen when the fixture has already been torn down.
  âš ï¸  Error accessing context: The fixture value for "context" is not available.  This can happen when the fixture has already been torn down.

e2e_tests/test_app_canvas.py::test_canvas_button_only_visible_for_running_apps[chromium] 
================================================================================
Starting test: test_canvas_button_only_visible_for_running_apps[chromium]
================================================================================

================================================================================
ğŸ” [authenticated_page] Starting INDESTRUCTIBLE authentication setup
================================================================================

ğŸ‘¤ STEP 1: Creating test user via API
   Creating user: testuser_20251011_143620_cumr
   âœ… User created successfully via API (status: 201)

ğŸ§¹ STEP 2: Clean Slate - Clearing all storage
   âœ“ localStorage cleared
   âœ“ sessionStorage cleared
   âœ“ Page reloaded with clean state

ğŸ”‘ STEP 3: UI Login - Using LoginPage object
   Logging in as: testuser_20251011_143620_cumr

[1m-------------------------------- live log setup --------------------------------[0m
2025-10-11 14:36:21 [[32m    INFO[0m] Logging in as: testuser_20251011_143620_cumr
2025-10-11 14:36:21 [[32m    INFO[0m] Switching to login mode
2025-10-11 14:36:21 [[32m    INFO[0m] Clicking: #loginTab
2025-10-11 14:36:21 [[32m    INFO[0m] Waiting for #loginUsername to be visible
2025-10-11 14:36:21 [[32m    INFO[0m] Filling username: testuser_20251011_143620_cumr
2025-10-11 14:36:21 [[32m    INFO[0m] Filling #loginUsername with: testuser_20251011_14...
2025-10-11 14:36:21 [[32m    INFO[0m] Filling password
2025-10-11 14:36:21 [[32m    INFO[0m] Filling #loginPassword with: Testv9cm11uz8zm4!...
2025-10-11 14:36:21 [[32m    INFO[0m] Clicking Login submit button
2025-10-11 14:36:21 [[32m    INFO[0m] Clicking: #loginForm button[type='submit']
2025-10-11 14:36:21 [[32m    INFO[0m] Waiting for auth modal to close
2025-10-11 14:36:21 [[32m    INFO[0m] Waiting for #authModal to be hidden
2025-10-11 14:36:22 [[32m    INFO[0m] Login successful - modal closed
   âœ“ Login form submitted

âœ… STEP 4: Smart Wait - Waiting for authentication to complete
   âš ï¸  User display not found, trying dashboard container: Locator expected to be visible
Actual value: <element(s) not found> 
Call log:
  - LocatorAssertions.to_be_visible with timeout 15000ms
  -   - waiting for locator(".user-info")

   âœ… Dashboard container visible - authentication confirmed
   âœ… Auth modal hidden - login complete

================================================================================
ğŸ‰ AUTHENTICATION COMPLETE - Page ready for testing
================================================================================


================================================================================
ğŸš€ [LOCAL deployed_app fixture] Starting UI-based deployment
================================================================================
ğŸ“ Generated hostname: nginx-canvas-e2e-202510111436-obe4er
ğŸ”§ Creating page objects...
âœ… Page objects created

ğŸ“‹ STEP 1: Navigate to App Store
2025-10-11 14:36:37 [[32m    INFO[0m] Navigating to App Store
2025-10-11 14:36:37 [[32m    INFO[0m] Clicking: [data-view='catalog']
âœ… Successfully navigated to App Store

ğŸ“‹ STEP 2: Wait for catalog to load
2025-10-11 14:36:42 [[32m    INFO[0m] Waiting for catalog to load
2025-10-11 14:36:42 [[32m    INFO[0m] Waiting for #catalogView to be visible
2025-10-11 14:36:42 [[32m    INFO[0m] Waiting for load state: networkidle
âœ… Catalog loaded successfully

ğŸ“‹ STEP 3: Click on Nginx app card
2025-10-11 14:36:42 [[32m    INFO[0m] Clicking app card: Nginx
2025-10-11 14:36:42 [[32m    INFO[0m] Finding catalog app card for: Nginx
2025-10-11 14:36:42 [[32m    INFO[0m] Clicked app card: Nginx
âœ… Clicked Nginx app card

ğŸ“‹ STEP 4: Wait for deployment modal
2025-10-11 14:36:42 [[32m    INFO[0m] Waiting for deployment modal to be visible
2025-10-11 14:36:42 [[32m    INFO[0m] Deployment modal is visible
âœ… Deployment modal visible

ğŸ“‹ STEP 5: Enter hostname: nginx-canvas-e2e-202510111436-obe4er
2025-10-11 14:36:42 [[32m    INFO[0m] Filling hostname: nginx-canvas-e2e-202510111436-obe4er
2025-10-11 14:36:42 [[32m    INFO[0m] Hostname filled: nginx-canvas-e2e-202510111436-obe4er
âœ… Hostname entered

ğŸ“‹ STEP 6: Submit deployment
2025-10-11 14:36:42 [[32m    INFO[0m] Clicking deploy button
2025-10-11 14:36:43 [[32m    INFO[0m] Deploy button clicked
âœ… Deployment submitted

ğŸ“‹ STEP 7: Wait for deployment success (timeout=180s)
2025-10-11 14:36:43 [[32m    INFO[0m] Waiting for deployment success (timeout: 180000ms)
2025-10-11 14:36:43 [[32m    INFO[0m] Waiting for deployment progress view
2025-10-11 14:36:43 [[32m    INFO[0m] Waiting for #progressSteps to be visible
2025-10-11 14:36:43 [[32m    INFO[0m] Deployment progress view visible
2025-10-11 14:37:21 [[32m    INFO[0m] âœ… Deployment success message detected
âœ… Deployment successful!

ğŸ“‹ STEP 8: Close modal
2025-10-11 14:37:21 [[32m    INFO[0m] Clicking modal close button
âŒ FAILED to close modal: Locator.click: Error: strict mode violation: locator(".modal-close") resolved to 3 elements:
    1) <button class="modal-close" onclick="closeModal()">âœ•</button> aka get_by_role("button", name="âœ•")
    2) <button class="modal-close" onclick="hideBackupModal()">âœ•</button> aka locator("#backupModal").get_by_text("âœ•")
    3) <button class="modal-close" onclick="closeAuthModal()">âœ•</button> aka locator("#authModal").get_by_text("âœ•")

Call log:
  - waiting for locator(".modal-close")

[31mERROR[0m
ğŸ§¹ [authenticated_page] STEP 5: Teardown - Cleaning up session
  âœ“ Session cleared successfully

ğŸ§¹ [Cleanup] Closing page fixture
  âœ“ Storage cleared
  âœ“ Page closed successfully

ğŸ§¹ [Cleanup] Closing browser context and all pages
  âœ“ Context closed successfully

================================================================================
Finished test: test_canvas_button_only_visible_for_running_apps[chromium]
================================================================================


ğŸ›¡ï¸  [Safety Net] Final cleanup check
  âš ï¸  Error accessing page: The fixture value for "page" is not available.  This can happen when the fixture has already been torn down.
  âš ï¸  Error accessing context: The fixture value for "context" is not available.  This can happen when the fixture has already been torn down.

e2e_tests/test_app_canvas.py::test_canvas_error_handling[chromium] [33mSKIPPED[0m
e2e_tests/test_app_lifecycle.py::test_full_app_deploy_manage_delete_workflow[chromium] 
================================================================================
Starting test: test_full_app_deploy_manage_delete_workflow[chromium]
================================================================================

================================================================================
ğŸ” [authenticated_page] Starting INDESTRUCTIBLE authentication setup
================================================================================

ğŸ‘¤ STEP 1: Creating test user via API
   Creating user: testuser_20251011_143722_jeef
   âœ… User created successfully via API (status: 201)

ğŸ§¹ STEP 2: Clean Slate - Clearing all storage
   âœ“ localStorage cleared
   âœ“ sessionStorage cleared
   âœ“ Page reloaded with clean state

ğŸ”‘ STEP 3: UI Login - Using LoginPage object
   Logging in as: testuser_20251011_143722_jeef

[1m-------------------------------- live log setup --------------------------------[0m
2025-10-11 14:37:23 [[32m    INFO[0m] Logging in as: testuser_20251011_143722_jeef
2025-10-11 14:37:23 [[32m    INFO[0m] Switching to login mode
2025-10-11 14:37:23 [[32m    INFO[0m] Clicking: #loginTab
2025-10-11 14:37:23 [[32m    INFO[0m] Waiting for #loginUsername to be visible
2025-10-11 14:37:23 [[32m    INFO[0m] Filling username: testuser_20251011_143722_jeef
2025-10-11 14:37:23 [[32m    INFO[0m] Filling #loginUsername with: testuser_20251011_14...
2025-10-11 14:37:23 [[32m    INFO[0m] Filling password
2025-10-11 14:37:23 [[32m    INFO[0m] Filling #loginPassword with: Test3dw1ayxb9byd!...
2025-10-11 14:37:23 [[32m    INFO[0m] Clicking Login submit button
2025-10-11 14:37:23 [[32m    INFO[0m] Clicking: #loginForm button[type='submit']
2025-10-11 14:37:23 [[32m    INFO[0m] Waiting for auth modal to close
2025-10-11 14:37:23 [[32m    INFO[0m] Waiting for #authModal to be hidden
2025-10-11 14:37:24 [[32m    INFO[0m] Login successful - modal closed
   âœ“ Login form submitted

âœ… STEP 4: Smart Wait - Waiting for authentication to complete
   âš ï¸  User display not found, trying dashboard container: Locator expected to be visible
Actual value: <element(s) not found> 
Call log:
  - LocatorAssertions.to_be_visible with timeout 15000ms
  -   - waiting for locator(".user-info")

   âœ… Dashboard container visible - authentication confirmed
   âœ… Auth modal hidden - login complete

================================================================================
ğŸ‰ AUTHENTICATION COMPLETE - Page ready for testing
================================================================================


================================================================================
ğŸš€ CRITICAL E2E TEST: Full Application Lifecycle Workflow
================================================================================

ğŸ“‹ Phase 0: Setup
   âœ“ Generated unique hostname: nginx-e2e-202510111437-85s7ae
   âœ“ Page objects initialized
   âœ“ Base URL: http://127.0.0.1:8765

--------------------------------------------------------------------------------
ï¿½ Phase 1: Deploy Application
--------------------------------------------------------------------------------

   Step 1.1: Navigate to App Store
[1m-------------------------------- live log call ---------------------------------[0m
2025-10-11 14:37:39 [[32m    INFO[0m] Navigating to App Store
2025-10-11 14:37:39 [[32m    INFO[0m] Clicking: [data-view='catalog']
   âœ“ Navigated to App Store
2025-10-11 14:37:46 [[32m    INFO[0m] Waiting for catalog to load
2025-10-11 14:37:46 [[32m    INFO[0m] Waiting for #catalogView to be visible
2025-10-11 14:37:46 [[32m    INFO[0m] Waiting for load state: networkidle
   âœ“ Catalog loaded

   Step 1.2: Select Nginx application
2025-10-11 14:37:46 [[32m    INFO[0m] Finding catalog app card for: Nginx
   âœ“ Nginx found in catalog
2025-10-11 14:37:46 [[32m    INFO[0m] Clicking app card: Nginx
2025-10-11 14:37:46 [[32m    INFO[0m] Finding catalog app card for: Nginx
2025-10-11 14:37:46 [[32m    INFO[0m] Clicked app card: Nginx
   âœ“ Clicked Nginx app card

   Step 1.3: Configure deployment
2025-10-11 14:37:46 [[32m    INFO[0m] Waiting for deployment modal to be visible
2025-10-11 14:37:46 [[32m    INFO[0m] Deployment modal is visible
   âœ“ Deployment modal opened
   âœ“ Modal title verified
2025-10-11 14:37:46 [[32m    INFO[0m] Filling hostname: nginx-e2e-202510111437-85s7ae
2025-10-11 14:37:46 [[32m    INFO[0m] Hostname filled: nginx-e2e-202510111437-85s7ae
   âœ“ Filled hostname: nginx-e2e-202510111437-85s7ae

   Step 1.4: Submit deployment
2025-10-11 14:37:46 [[32m    INFO[0m] Clicking deploy button
2025-10-11 14:37:47 [[32m    INFO[0m] Deploy button clicked
   âœ“ Deployment submitted

   Step 1.5: Monitor deployment (this may take 3-5 minutes)
   â³ Waiting for deployment to complete...
   ğŸ“‹ Progress steps:
      - Creating LXC container
      - Starting container
      - Installing Docker
      - Pulling Docker images
      - Starting services
      - Finalizing deployment
2025-10-11 14:37:47 [[32m    INFO[0m] Waiting for deployment success (timeout: 300000ms)
2025-10-11 14:37:47 [[32m    INFO[0m] Waiting for deployment progress view
2025-10-11 14:37:47 [[32m    INFO[0m] Waiting for #progressSteps to be visible
2025-10-11 14:37:47 [[32m    INFO[0m] Deployment progress view visible
2025-10-11 14:38:26 [[32m    INFO[0m] âœ… Deployment success message detected
