[1m============================= test session starts ==============================[0m
platform darwin -- Python 3.13.7, pytest-8.4.2, pluggy-1.6.0 -- /Users/fab/GitHub/proximity/e2e_tests/.venv/bin/python3.13
cachedir: .pytest_cache
rootdir: /Users/fab/GitHub/proximity/e2e_tests
configfile: pytest.ini
testpaths: .
plugins: asyncio-1.2.0, anyio-4.11.0, xdist-3.8.0, timeout-2.4.0, Faker-37.8.0, rerunfailures-16.0.1, base-url-2.1.0, playwright-0.7.1
asyncio: mode=Mode.STRICT, debug=False, asyncio_default_fixture_loop_scope=None, asyncio_default_test_loop_scope=function
timeout: 300.0s
timeout method: signal
timeout func_only: False
[1mcollecting ... [0mcollected 68 items

test_app_canvas.py::test_open_and_close_canvas_with_button[chromium] 
================================================================================
Starting test: test_open_and_close_canvas_with_button[chromium]
================================================================================

[1m-------------------------------- live log setup --------------------------------[0m
2025-10-04 22:22:04 [[32m    INFO[0m] Waiting for auth modal to appear
2025-10-04 22:22:04 [[32m    INFO[0m] Waiting for #authModal to be visible
2025-10-04 22:22:04 [[32m    INFO[0m] Waiting for #registerTab to be visible
2025-10-04 22:22:04 [[32m    INFO[0m] Switching to register mode
2025-10-04 22:22:04 [[32m    INFO[0m] Already in register mode
2025-10-04 22:22:04 [[32m    INFO[0m] Filling username: testuser_20251004_222203_b52g
2025-10-04 22:22:04 [[32m    INFO[0m] Filling #registerUsername with: testuser_20251004_22...
2025-10-04 22:22:04 [[32m    INFO[0m] Filling password
2025-10-04 22:22:04 [[32m    INFO[0m] Filling #registerPassword with: Test77d8fn7kq2zp!...
2025-10-04 22:22:04 [[32m    INFO[0m] Filling email: test_20251004_222203_b52g@example.com
2025-10-04 22:22:04 [[32m    INFO[0m] Filling #registerEmail with: test_20251004_222203...
2025-10-04 22:22:04 [[32m    INFO[0m] Clicking Register button
2025-10-04 22:22:04 [[32m    INFO[0m] Clicking: #registerForm button[type='submit']
2025-10-04 22:22:06 [[32m    INFO[0m] Switching to login mode
2025-10-04 22:22:06 [[32m    INFO[0m] Already in login mode
2025-10-04 22:22:06 [[32m    INFO[0m] Clicking Login submit button
2025-10-04 22:22:06 [[32m    INFO[0m] Clicking: #loginForm button[type='submit']
2025-10-04 22:22:07 [[32m    INFO[0m] Waiting for dashboard to load
2025-10-04 22:22:07 [[32m    INFO[0m] Waiting for #dashboardView to be visible
2025-10-04 22:22:07 [[32m    INFO[0m] Waiting for load state: networkidle
2025-10-04 22:22:07 [[32m    INFO[0m] Navigating to App Store
2025-10-04 22:22:07 [[32m    INFO[0m] Clicking: [data-view='catalog']
[31mERROR[0m
================================================================================
Finished test: test_open_and_close_canvas_with_button[chromium]
================================================================================


test_app_canvas.py::test_close_canvas_with_escape_key[chromium] 
================================================================================
Starting test: test_close_canvas_with_escape_key[chromium]
================================================================================

[1m-------------------------------- live log setup --------------------------------[0m
2025-10-04 22:22:23 [[32m    INFO[0m] Waiting for auth modal to appear
2025-10-04 22:22:23 [[32m    INFO[0m] Waiting for #authModal to be visible
2025-10-04 22:22:23 [[32m    INFO[0m] Waiting for #registerTab to be visible
2025-10-04 22:22:23 [[32m    INFO[0m] Switching to register mode
2025-10-04 22:22:23 [[32m    INFO[0m] Already in register mode
2025-10-04 22:22:23 [[32m    INFO[0m] Filling username: testuser_20251004_222223_g1em
2025-10-04 22:22:23 [[32m    INFO[0m] Filling #registerUsername with: testuser_20251004_22...
2025-10-04 22:22:23 [[32m    INFO[0m] Filling password
2025-10-04 22:22:23 [[32m    INFO[0m] Filling #registerPassword with: Testjhsh4lyg2i24!...
2025-10-04 22:22:23 [[32m    INFO[0m] Filling email: test_20251004_222223_g1em@example.com
2025-10-04 22:22:23 [[32m    INFO[0m] Filling #registerEmail with: test_20251004_222223...
2025-10-04 22:22:23 [[32m    INFO[0m] Clicking Register button
2025-10-04 22:22:23 [[32m    INFO[0m] Clicking: #registerForm button[type='submit']
2025-10-04 22:22:25 [[32m    INFO[0m] Switching to login mode
2025-10-04 22:22:25 [[32m    INFO[0m] Already in login mode
2025-10-04 22:22:25 [[32m    INFO[0m] Clicking Login submit button
2025-10-04 22:22:25 [[32m    INFO[0m] Clicking: #loginForm button[type='submit']
2025-10-04 22:22:26 [[32m    INFO[0m] Waiting for dashboard to load
2025-10-04 22:22:26 [[32m    INFO[0m] Waiting for #dashboardView to be visible
2025-10-04 22:22:26 [[32m    INFO[0m] Waiting for load state: networkidle
2025-10-04 22:22:27 [[32m    INFO[0m] Navigating to App Store
2025-10-04 22:22:27 [[32m    INFO[0m] Clicking: [data-view='catalog']
[31mERROR[0m
================================================================================
Finished test: test_close_canvas_with_escape_key[chromium]
================================================================================


test_app_canvas.py::test_close_canvas_by_clicking_outside[chromium] 
================================================================================
Starting test: test_close_canvas_by_clicking_outside[chromium]
================================================================================

[1m-------------------------------- live log setup --------------------------------[0m
2025-10-04 22:22:42 [[32m    INFO[0m] Waiting for auth modal to appear
2025-10-04 22:22:42 [[32m    INFO[0m] Waiting for #authModal to be visible
2025-10-04 22:22:42 [[32m    INFO[0m] Waiting for #registerTab to be visible
2025-10-04 22:22:42 [[32m    INFO[0m] Switching to register mode
2025-10-04 22:22:42 [[32m    INFO[0m] Already in register mode
2025-10-04 22:22:42 [[32m    INFO[0m] Filling username: testuser_20251004_222242_x9wd
2025-10-04 22:22:42 [[32m    INFO[0m] Filling #registerUsername with: testuser_20251004_22...
2025-10-04 22:22:42 [[32m    INFO[0m] Filling password
2025-10-04 22:22:42 [[32m    INFO[0m] Filling #registerPassword with: Test0qocutw6b9io!...
2025-10-04 22:22:42 [[32m    INFO[0m] Filling email: test_20251004_222242_x9wd@example.com
2025-10-04 22:22:42 [[32m    INFO[0m] Filling #registerEmail with: test_20251004_222242...
2025-10-04 22:22:42 [[32m    INFO[0m] Clicking Register button
2025-10-04 22:22:42 [[32m    INFO[0m] Clicking: #registerForm button[type='submit']
2025-10-04 22:22:45 [[32m    INFO[0m] Switching to login mode
2025-10-04 22:22:45 [[32m    INFO[0m] Already in login mode
2025-10-04 22:22:45 [[32m    INFO[0m] Clicking Login submit button
2025-10-04 22:22:45 [[32m    INFO[0m] Clicking: #loginForm button[type='submit']
2025-10-04 22:22:46 [[32m    INFO[0m] Waiting for dashboard to load
2025-10-04 22:22:46 [[32m    INFO[0m] Waiting for #dashboardView to be visible
2025-10-04 22:22:46 [[32m    INFO[0m] Waiting for load state: networkidle
2025-10-04 22:22:46 [[32m    INFO[0m] Navigating to App Store
2025-10-04 22:22:46 [[32m    INFO[0m] Clicking: [data-view='catalog']
[31mERROR[0m
================================================================================
Finished test: test_close_canvas_by_clicking_outside[chromium]
================================================================================


test_app_canvas.py::test_refresh_canvas[chromium] 
================================================================================
Starting test: test_refresh_canvas[chromium]
================================================================================

[1m-------------------------------- live log setup --------------------------------[0m
2025-10-04 22:23:02 [[32m    INFO[0m] Waiting for auth modal to appear
2025-10-04 22:23:02 [[32m    INFO[0m] Waiting for #authModal to be visible
2025-10-04 22:23:02 [[32m    INFO[0m] Waiting for #registerTab to be visible
2025-10-04 22:23:02 [[32m    INFO[0m] Switching to register mode
2025-10-04 22:23:02 [[32m    INFO[0m] Already in register mode
2025-10-04 22:23:02 [[32m    INFO[0m] Filling username: testuser_20251004_222302_fvcx
2025-10-04 22:23:02 [[32m    INFO[0m] Filling #registerUsername with: testuser_20251004_22...
2025-10-04 22:23:02 [[32m    INFO[0m] Filling password
2025-10-04 22:23:02 [[32m    INFO[0m] Filling #registerPassword with: Testq95abgrlzecp!...
2025-10-04 22:23:02 [[32m    INFO[0m] Filling email: test_20251004_222302_fvcx@example.com
2025-10-04 22:23:02 [[32m    INFO[0m] Filling #registerEmail with: test_20251004_222302...
2025-10-04 22:23:02 [[32m    INFO[0m] Clicking Register button
2025-10-04 22:23:02 [[32m    INFO[0m] Clicking: #registerForm button[type='submit']
2025-10-04 22:23:04 [[32m    INFO[0m] Switching to login mode
2025-10-04 22:23:04 [[32m    INFO[0m] Already in login mode
2025-10-04 22:23:04 [[32m    INFO[0m] Clicking Login submit button
2025-10-04 22:23:04 [[32m    INFO[0m] Clicking: #loginForm button[type='submit']
2025-10-04 22:23:05 [[32m    INFO[0m] Waiting for dashboard to load
2025-10-04 22:23:05 [[32m    INFO[0m] Waiting for #dashboardView to be visible
2025-10-04 22:23:05 [[32m    INFO[0m] Waiting for load state: networkidle
2025-10-04 22:23:06 [[32m    INFO[0m] Navigating to App Store
2025-10-04 22:23:06 [[32m    INFO[0m] Clicking: [data-view='catalog']
[31mERROR[0m
================================================================================
Finished test: test_refresh_canvas[chromium]
================================================================================


test_app_canvas.py::test_canvas_displays_correct_app_name[chromium] 
================================================================================
Starting test: test_canvas_displays_correct_app_name[chromium]
================================================================================

[1m-------------------------------- live log setup --------------------------------[0m
2025-10-04 22:23:21 [[32m    INFO[0m] Waiting for auth modal to appear
2025-10-04 22:23:21 [[32m    INFO[0m] Waiting for #authModal to be visible
2025-10-04 22:23:21 [[32m    INFO[0m] Waiting for #registerTab to be visible
2025-10-04 22:23:21 [[32m    INFO[0m] Switching to register mode
2025-10-04 22:23:21 [[32m    INFO[0m] Already in register mode
2025-10-04 22:23:21 [[32m    INFO[0m] Filling username: testuser_20251004_222321_po5t
2025-10-04 22:23:21 [[32m    INFO[0m] Filling #registerUsername with: testuser_20251004_22...
2025-10-04 22:23:21 [[32m    INFO[0m] Filling password
2025-10-04 22:23:21 [[32m    INFO[0m] Filling #registerPassword with: Testgwxeiafl4zs6!...
2025-10-04 22:23:21 [[32m    INFO[0m] Filling email: test_20251004_222321_po5t@example.com
2025-10-04 22:23:21 [[32m    INFO[0m] Filling #registerEmail with: test_20251004_222321...
2025-10-04 22:23:21 [[32m    INFO[0m] Clicking Register button
2025-10-04 22:23:21 [[32m    INFO[0m] Clicking: #registerForm button[type='submit']
2025-10-04 22:23:24 [[32m    INFO[0m] Switching to login mode
2025-10-04 22:23:24 [[32m    INFO[0m] Already in login mode
2025-10-04 22:23:24 [[32m    INFO[0m] Clicking Login submit button
2025-10-04 22:23:24 [[32m    INFO[0m] Clicking: #loginForm button[type='submit']
2025-10-04 22:23:25 [[32m    INFO[0m] Waiting for dashboard to load
2025-10-04 22:23:25 [[32m    INFO[0m] Waiting for #dashboardView to be visible
2025-10-04 22:23:25 [[32m    INFO[0m] Waiting for load state: networkidle
2025-10-04 22:23:25 [[32m    INFO[0m] Navigating to App Store
2025-10-04 22:23:25 [[32m    INFO[0m] Clicking: [data-view='catalog']
[31mERROR[0m
================================================================================
Finished test: test_canvas_displays_correct_app_name[chromium]
================================================================================


test_app_canvas.py::test_canvas_iframe_loads_content[chromium] 
================================================================================
Starting test: test_canvas_iframe_loads_content[chromium]
================================================================================

[1m-------------------------------- live log setup --------------------------------[0m
2025-10-04 22:23:41 [[32m    INFO[0m] Waiting for auth modal to appear
2025-10-04 22:23:41 [[32m    INFO[0m] Waiting for #authModal to be visible
2025-10-04 22:23:41 [[32m    INFO[0m] Waiting for #registerTab to be visible
2025-10-04 22:23:41 [[32m    INFO[0m] Switching to register mode
2025-10-04 22:23:41 [[32m    INFO[0m] Already in register mode
2025-10-04 22:23:41 [[32m    INFO[0m] Filling username: testuser_20251004_222341_wx0o
2025-10-04 22:23:41 [[32m    INFO[0m] Filling #registerUsername with: testuser_20251004_22...
2025-10-04 22:23:41 [[32m    INFO[0m] Filling password
2025-10-04 22:23:41 [[32m    INFO[0m] Filling #registerPassword with: Testw7shtpzfksw8!...
2025-10-04 22:23:41 [[32m    INFO[0m] Filling email: test_20251004_222341_wx0o@example.com
2025-10-04 22:23:41 [[32m    INFO[0m] Filling #registerEmail with: test_20251004_222341...
2025-10-04 22:23:41 [[32m    INFO[0m] Clicking Register button
2025-10-04 22:23:41 [[32m    INFO[0m] Clicking: #registerForm button[type='submit']
2025-10-04 22:23:43 [[32m    INFO[0m] Switching to login mode
2025-10-04 22:23:43 [[32m    INFO[0m] Already in login mode
2025-10-04 22:23:43 [[32m    INFO[0m] Clicking Login submit button
2025-10-04 22:23:43 [[32m    INFO[0m] Clicking: #loginForm button[type='submit']
2025-10-04 22:23:44 [[32m    INFO[0m] Waiting for dashboard to load
2025-10-04 22:23:44 [[32m    INFO[0m] Waiting for #dashboardView to be visible
2025-10-04 22:23:44 [[32m    INFO[0m] Waiting for load state: networkidle
2025-10-04 22:23:45 [[32m    INFO[0m] Navigating to App Store
2025-10-04 22:23:45 [[32m    INFO[0m] Clicking: [data-view='catalog']
[31mERROR[0m
================================================================================
Finished test: test_canvas_iframe_loads_content[chromium]
================================================================================


test_app_canvas.py::test_canvas_button_only_visible_for_running_apps[chromium] 
================================================================================
Starting test: test_canvas_button_only_visible_for_running_apps[chromium]
================================================================================

[1m-------------------------------- live log setup --------------------------------[0m
2025-10-04 22:24:01 [[32m    INFO[0m] Waiting for auth modal to appear
2025-10-04 22:24:01 [[32m    INFO[0m] Waiting for #authModal to be visible
2025-10-04 22:24:01 [[32m    INFO[0m] Waiting for #registerTab to be visible
2025-10-04 22:24:01 [[32m    INFO[0m] Switching to register mode
2025-10-04 22:24:01 [[32m    INFO[0m] Already in register mode
2025-10-04 22:24:01 [[32m    INFO[0m] Filling username: testuser_20251004_222400_avqo
2025-10-04 22:24:01 [[32m    INFO[0m] Filling #registerUsername with: testuser_20251004_22...
2025-10-04 22:24:01 [[32m    INFO[0m] Filling password
2025-10-04 22:24:01 [[32m    INFO[0m] Filling #registerPassword with: Testdokfj7w1621b!...
2025-10-04 22:24:01 [[32m    INFO[0m] Filling email: test_20251004_222400_avqo@example.com
2025-10-04 22:24:01 [[32m    INFO[0m] Filling #registerEmail with: test_20251004_222400...
2025-10-04 22:24:01 [[32m    INFO[0m] Clicking Register button
2025-10-04 22:24:01 [[32m    INFO[0m] Clicking: #registerForm button[type='submit']
2025-10-04 22:24:03 [[32m    INFO[0m] Switching to login mode
2025-10-04 22:24:03 [[32m    INFO[0m] Already in login mode
2025-10-04 22:24:03 [[32m    INFO[0m] Clicking Login submit button
2025-10-04 22:24:03 [[32m    INFO[0m] Clicking: #loginForm button[type='submit']
2025-10-04 22:24:04 [[32m    INFO[0m] Waiting for dashboard to load
2025-10-04 22:24:04 [[32m    INFO[0m] Waiting for #dashboardView to be visible
2025-10-04 22:24:04 [[32m    INFO[0m] Waiting for load state: networkidle
2025-10-04 22:24:04 [[32m    INFO[0m] Navigating to App Store
2025-10-04 22:24:04 [[32m    INFO[0m] Clicking: [data-view='catalog']
[31mERROR[0m
================================================================================
Finished test: test_canvas_button_only_visible_for_running_apps[chromium]
================================================================================


test_app_canvas.py::test_canvas_error_handling[chromium] [33mSKIPPED[0m (Error
handling depends on app configuration)
test_app_lifecycle.py::test_full_app_deploy_manage_delete_workflow[chromium] 
================================================================================
Starting test: test_full_app_deploy_manage_delete_workflow[chromium]
================================================================================

[1m-------------------------------- live log setup --------------------------------[0m
2025-10-04 22:24:20 [[32m    INFO[0m] Waiting for auth modal to appear
2025-10-04 22:24:20 [[32m    INFO[0m] Waiting for #authModal to be visible
2025-10-04 22:24:20 [[32m    INFO[0m] Waiting for #registerTab to be visible
2025-10-04 22:24:20 [[32m    INFO[0m] Switching to register mode
2025-10-04 22:24:20 [[32m    INFO[0m] Already in register mode
2025-10-04 22:24:20 [[32m    INFO[0m] Filling username: testuser_20251004_222420_mdxc
2025-10-04 22:24:20 [[32m    INFO[0m] Filling #registerUsername with: testuser_20251004_22...
2025-10-04 22:24:20 [[32m    INFO[0m] Filling password
2025-10-04 22:24:20 [[32m    INFO[0m] Filling #registerPassword with: Testyqa4hoq032ay!...
2025-10-04 22:24:20 [[32m    INFO[0m] Filling email: test_20251004_222420_mdxc@example.com
2025-10-04 22:24:20 [[32m    INFO[0m] Filling #registerEmail with: test_20251004_222420...
2025-10-04 22:24:20 [[32m    INFO[0m] Clicking Register button
2025-10-04 22:24:20 [[32m    INFO[0m] Clicking: #registerForm button[type='submit']
2025-10-04 22:24:22 [[32m    INFO[0m] Switching to login mode
2025-10-04 22:24:22 [[32m    INFO[0m] Already in login mode
2025-10-04 22:24:22 [[32m    INFO[0m] Clicking Login submit button
2025-10-04 22:24:22 [[32m    INFO[0m] Clicking: #loginForm button[type='submit']
2025-10-04 22:24:23 [[32m    INFO[0m] Waiting for dashboard to load
2025-10-04 22:24:23 [[32m    INFO[0m] Waiting for #dashboardView to be visible
2025-10-04 22:24:23 [[32m    INFO[0m] Waiting for load state: networkidle

================================================================================
üöÄ CRITICAL E2E TEST: Full Application Lifecycle Workflow
================================================================================

üìã Phase 0: Setup
   ‚úì Generated unique hostname: nginx-e2e-202510042224-xlqvfq
   ‚úì Page objects initialized
   ‚úì Base URL: http://127.0.0.1:8765

--------------------------------------------------------------------------------
ÔøΩ Phase 1: Deploy Application
--------------------------------------------------------------------------------

   Step 1.1: Navigate to App Store
[1m-------------------------------- live log call ---------------------------------[0m
2025-10-04 22:24:24 [[32m    INFO[0m] Navigating to App Store
2025-10-04 22:24:24 [[32m    INFO[0m] Clicking: [data-view='catalog']
[31mFAILED[0m
================================================================================
Finished test: test_full_app_deploy_manage_delete_workflow[chromium]
================================================================================


test_app_lifecycle.py::test_app_update_workflow_with_pre_update_backup[chromium] 
================================================================================
Starting test: test_app_update_workflow_with_pre_update_backup[chromium]
================================================================================

[1m-------------------------------- live log setup --------------------------------[0m
2025-10-04 22:24:40 [[32m    INFO[0m] Waiting for auth modal to appear
2025-10-04 22:24:40 [[32m    INFO[0m] Waiting for #authModal to be visible
2025-10-04 22:24:40 [[32m    INFO[0m] Waiting for #registerTab to be visible
2025-10-04 22:24:40 [[32m    INFO[0m] Switching to register mode
2025-10-04 22:24:40 [[32m    INFO[0m] Already in register mode
2025-10-04 22:24:40 [[32m    INFO[0m] Filling username: testuser_20251004_222439_kdur
2025-10-04 22:24:40 [[32m    INFO[0m] Filling #registerUsername with: testuser_20251004_22...
2025-10-04 22:24:40 [[32m    INFO[0m] Filling password
2025-10-04 22:24:40 [[32m    INFO[0m] Filling #registerPassword with: Testucrqimhgjs9n!...
2025-10-04 22:24:40 [[32m    INFO[0m] Filling email: test_20251004_222439_kdur@example.com
2025-10-04 22:24:40 [[32m    INFO[0m] Filling #registerEmail with: test_20251004_222439...
2025-10-04 22:24:40 [[32m    INFO[0m] Clicking Register button
2025-10-04 22:24:40 [[32m    INFO[0m] Clicking: #registerForm button[type='submit']
2025-10-04 22:24:42 [[32m    INFO[0m] Switching to login mode
2025-10-04 22:24:42 [[32m    INFO[0m] Already in login mode
2025-10-04 22:24:42 [[32m    INFO[0m] Clicking Login submit button
2025-10-04 22:24:42 [[32m    INFO[0m] Clicking: #loginForm button[type='submit']
2025-10-04 22:24:43 [[32m    INFO[0m] Waiting for dashboard to load
2025-10-04 22:24:43 [[32m    INFO[0m] Waiting for #dashboardView to be visible
2025-10-04 22:24:43 [[32m    INFO[0m] Waiting for load state: networkidle

================================================================================
üîÑ E2E TEST: Fearless Update Workflow
================================================================================

üì¶ Phase 1: Deploy Application for Update Test
   Generated hostname: nginx-e2e-202510042224-tpv634
[1m-------------------------------- live log call ---------------------------------[0m
2025-10-04 22:24:43 [[32m    INFO[0m] Navigating to App Store
2025-10-04 22:24:43 [[32m    INFO[0m] Clicking: [data-view='catalog']
[31mFAILED[0m
================================================================================
Finished test: test_app_update_workflow_with_pre_update_backup[chromium]
================================================================================


test_app_lifecycle.py::test_app_volumes_display[chromium] 
================================================================================
Starting test: test_app_volumes_display[chromium]
================================================================================

[1m-------------------------------- live log setup --------------------------------[0m
2025-10-04 22:24:59 [[32m    INFO[0m] Waiting for auth modal to appear
2025-10-04 22:24:59 [[32m    INFO[0m] Waiting for #authModal to be visible
2025-10-04 22:24:59 [[32m    INFO[0m] Waiting for #registerTab to be visible
2025-10-04 22:24:59 [[32m    INFO[0m] Switching to register mode
2025-10-04 22:24:59 [[32m    INFO[0m] Already in register mode
2025-10-04 22:24:59 [[32m    INFO[0m] Filling username: testuser_20251004_222459_0cjb
2025-10-04 22:24:59 [[32m    INFO[0m] Filling #registerUsername with: testuser_20251004_22...
2025-10-04 22:24:59 [[32m    INFO[0m] Filling password
2025-10-04 22:24:59 [[32m    INFO[0m] Filling #registerPassword with: Test470i5ok03ejv!...
2025-10-04 22:24:59 [[32m    INFO[0m] Filling email: test_20251004_222459_0cjb@example.com
2025-10-04 22:24:59 [[32m    INFO[0m] Filling #registerEmail with: test_20251004_222459...
2025-10-04 22:24:59 [[32m    INFO[0m] Clicking Register button
2025-10-04 22:24:59 [[32m    INFO[0m] Clicking: #registerForm button[type='submit']
2025-10-04 22:25:01 [[32m    INFO[0m] Switching to login mode
2025-10-04 22:25:01 [[32m    INFO[0m] Already in login mode
2025-10-04 22:25:01 [[32m    INFO[0m] Clicking Login submit button
2025-10-04 22:25:01 [[32m    INFO[0m] Clicking: #loginForm button[type='submit']
2025-10-04 22:25:03 [[32m    INFO[0m] Waiting for dashboard to load
2025-10-04 22:25:03 [[32m    INFO[0m] Waiting for #dashboardView to be visible
2025-10-04 22:25:03 [[32m    INFO[0m] Waiting for load state: networkidle

================================================================================
üíæ E2E TEST: Transparent Volumes Display
================================================================================

üì¶ Phase 1: Deploy Application with Volumes
   Generated hostname: nginx-e2e-202510042225-lqiipi
[1m-------------------------------- live log call ---------------------------------[0m
2025-10-04 22:25:03 [[32m    INFO[0m] Navigating to App Store
2025-10-04 22:25:03 [[32m    INFO[0m] Clicking: [data-view='catalog']
[31mFAILED[0m
================================================================================
Finished test: test_app_volumes_display[chromium]
================================================================================


test_app_lifecycle.py::test_monitoring_tab_displays_data[chromium] 
================================================================================
Starting test: test_monitoring_tab_displays_data[chromium]
================================================================================

[1m-------------------------------- live log setup --------------------------------[0m
2025-10-04 22:25:19 [[32m    INFO[0m] Waiting for auth modal to appear
2025-10-04 22:25:19 [[32m    INFO[0m] Waiting for #authModal to be visible
2025-10-04 22:25:19 [[32m    INFO[0m] Waiting for #registerTab to be visible
2025-10-04 22:25:19 [[32m    INFO[0m] Switching to register mode
2025-10-04 22:25:19 [[32m    INFO[0m] Already in register mode
2025-10-04 22:25:19 [[32m    INFO[0m] Filling username: testuser_20251004_222519_1gbh
2025-10-04 22:25:19 [[32m    INFO[0m] Filling #registerUsername with: testuser_20251004_22...
2025-10-04 22:25:19 [[32m    INFO[0m] Filling password
2025-10-04 22:25:19 [[32m    INFO[0m] Filling #registerPassword with: Testab1xifkspew3!...
2025-10-04 22:25:19 [[32m    INFO[0m] Filling email: test_20251004_222519_1gbh@example.com
2025-10-04 22:25:19 [[32m    INFO[0m] Filling #registerEmail with: test_20251004_222519...
2025-10-04 22:25:19 [[32m    INFO[0m] Clicking Register button
2025-10-04 22:25:19 [[32m    INFO[0m] Clicking: #registerForm button[type='submit']
2025-10-04 22:25:21 [[32m    INFO[0m] Switching to login mode
2025-10-04 22:25:21 [[32m    INFO[0m] Already in login mode
2025-10-04 22:25:21 [[32m    INFO[0m] Clicking Login submit button
2025-10-04 22:25:21 [[32m    INFO[0m] Clicking: #loginForm button[type='submit']
2025-10-04 22:25:22 [[32m    INFO[0m] Waiting for dashboard to load
2025-10-04 22:25:22 [[32m    INFO[0m] Waiting for #dashboardView to be visible
2025-10-04 22:25:22 [[32m    INFO[0m] Waiting for load state: networkidle

================================================================================
üìä E2E TEST: Monitoring Tab Data Display
================================================================================

üì¶ Phase 1: Deploy Application for Monitoring Test
   Generated hostname: nginx-e2e-202510042225-fjtoni
[1m-------------------------------- live log call ---------------------------------[0m
2025-10-04 22:25:22 [[32m    INFO[0m] Navigating to App Store
2025-10-04 22:25:22 [[32m    INFO[0m] Clicking: [data-view='catalog']
[31mFAILED[0m
================================================================================
Finished test: test_monitoring_tab_displays_data[chromium]
================================================================================


test_app_management.py::test_view_app_logs_all[chromium] 
[1m-------------------------------- live log setup --------------------------------[0m
2025-10-04 22:25:38 [[32m    INFO[0m] Waiting for auth modal to appear
2025-10-04 22:25:38 [[32m    INFO[0m] Waiting for #authModal to be visible
[31mERROR[0m
test_app_management.py::test_view_app_logs_docker[chromium] [31mERROR[0m
test_app_management.py::test_view_app_logs_system[chromium] [31mERROR[0m
test_app_management.py::test_logs_auto_refresh[chromium] [31mERROR[0m
test_app_management.py::test_download_logs[chromium] [31mERROR[0m
test_app_management.py::test_open_app_console[chromium] [31mERROR[0m
test_app_management.py::test_console_quick_commands[chromium] [31mERROR[0m
test_app_management.py::test_app_external_link[chromium] [31mERROR[0m
test_app_management.py::test_app_stop_start_cycle[chromium] [31mERROR[0m
test_app_management.py::test_app_restart[chromium] [31mERROR[0m
test_auth_flow.py::test_registration_and_login[chromium] 
================================================================================
Starting test: test_registration_and_login[chromium]
================================================================================

üîç Test: Registration and Login Flow
üìù Generated test user: testuser_20251004_222548_qk9g
üìã Step 1: Waiting for auth modal

[1m-------------------------------- live log call ---------------------------------[0m
2025-10-04 22:25:48 [[32m    INFO[0m] Waiting for auth modal to appear
2025-10-04 22:25:48 [[32m    INFO[0m] Waiting for #authModal to be visible
2025-10-04 22:25:48 [[32m    INFO[0m] Waiting for #registerTab to be visible
üìã Step 2: Switching to register mode
2025-10-04 22:25:48 [[32m    INFO[0m] Switching to register mode
2025-10-04 22:25:48 [[32m    INFO[0m] Already in register mode
üìã Step 3: Filling registration form
2025-10-04 22:25:48 [[32m    INFO[0m] Filling username: testuser_20251004_222548_qk9g
2025-10-04 22:25:48 [[32m    INFO[0m] Filling #registerUsername with: testuser_20251004_22...
2025-10-04 22:25:48 [[32m    INFO[0m] Filling password
2025-10-04 22:25:48 [[32m    INFO[0m] Filling #registerPassword with: Testrc78m8fmf1u9!...
2025-10-04 22:25:48 [[32m    INFO[0m] Filling email: test_20251004_222548_qk9g@example.com
2025-10-04 22:25:48 [[32m    INFO[0m] Filling #registerEmail with: test_20251004_222548...
üìã Step 4: Clicking register button
2025-10-04 22:25:48 [[32m    INFO[0m] Clicking Register button
2025-10-04 22:25:48 [[32m    INFO[0m] Clicking: #registerForm button[type='submit']
üìã Step 5: Waiting for success notification (optional)
üìã Step 6: Verifying modal switched to login tab
2025-10-04 22:25:51 [[32m    INFO[0m] Asserting login mode
üìã Step 7: Verifying username is pre-filled
2025-10-04 22:25:51 [[32m    INFO[0m] Asserting username is pre-filled with: testuser_20251004_222548_qk9g
2025-10-04 22:25:51 [[32m    INFO[0m] Getting pre-filled username from login form
üìã Step 8: Clicking login button to complete authentication
2025-10-04 22:25:51 [[32m    INFO[0m] Clicking Login submit button
2025-10-04 22:25:51 [[32m    INFO[0m] Clicking: #loginForm button[type='submit']
üìã Step 9: Waiting for dashboard to appear (confirms async auto-login completed)
‚úì Dashboard is now visible - auto-login completed successfully
üìã Step 10: Verifying modal is closed
‚úì Auth modal is hidden
üìã Step 11: Verifying dashboard state
2025-10-04 22:25:51 [[32m    INFO[0m] Asserting on dashboard page
2025-10-04 22:25:51 [[32m    INFO[0m] Asserting visible: #dashboardView
‚úÖ Test passed: Registration and login flow works correctly
[32mPASSED[0m
================================================================================
Finished test: test_registration_and_login[chromium]
================================================================================


test_auth_flow.py::test_logout[chromium] 
================================================================================
Starting test: test_logout[chromium]
================================================================================

[1m-------------------------------- live log setup --------------------------------[0m
2025-10-04 22:25:52 [[32m    INFO[0m] Waiting for auth modal to appear
2025-10-04 22:25:52 [[32m    INFO[0m] Waiting for #authModal to be visible
2025-10-04 22:25:52 [[32m    INFO[0m] Waiting for #registerTab to be visible
2025-10-04 22:25:52 [[32m    INFO[0m] Switching to register mode
2025-10-04 22:25:52 [[32m    INFO[0m] Already in register mode
2025-10-04 22:25:52 [[32m    INFO[0m] Filling username: testuser_20251004_222552_lau3
2025-10-04 22:25:52 [[32m    INFO[0m] Filling #registerUsername with: testuser_20251004_22...
2025-10-04 22:25:52 [[32m    INFO[0m] Filling password
2025-10-04 22:25:52 [[32m    INFO[0m] Filling #registerPassword with: Test0xaxdm99p38w!...
2025-10-04 22:25:52 [[32m    INFO[0m] Filling email: test_20251004_222552_lau3@example.com
2025-10-04 22:25:52 [[32m    INFO[0m] Filling #registerEmail with: test_20251004_222552...
2025-10-04 22:25:52 [[32m    INFO[0m] Clicking Register button
2025-10-04 22:25:52 [[32m    INFO[0m] Clicking: #registerForm button[type='submit']
2025-10-04 22:25:54 [[32m    INFO[0m] Switching to login mode
2025-10-04 22:25:54 [[32m    INFO[0m] Already in login mode
2025-10-04 22:25:54 [[32m    INFO[0m] Clicking Login submit button
2025-10-04 22:25:54 [[32m    INFO[0m] Clicking: #loginForm button[type='submit']
2025-10-04 22:25:55 [[32m    INFO[0m] Waiting for dashboard to load
2025-10-04 22:25:55 [[32m    INFO[0m] Waiting for #dashboardView to be visible
2025-10-04 22:25:55 [[32m    INFO[0m] Waiting for load state: networkidle

üîç Test: Logout Functionality
üìã Step 1: Verifying authenticated state
[1m-------------------------------- live log call ---------------------------------[0m
2025-10-04 22:25:55 [[32m    INFO[0m] Asserting on dashboard page
2025-10-04 22:25:55 [[32m    INFO[0m] Asserting visible: #dashboardView
‚úì User is authenticated and on dashboard
üìã Step 2: Clicking logout button
2025-10-04 22:25:55 [[32m    INFO[0m] Logging out
2025-10-04 22:25:55 [[32m    INFO[0m] Opening user menu dropdown
2025-10-04 22:25:55 [[33m WARNING[0m] Hard wait for 500ms
2025-10-04 22:25:56 [[32m    INFO[0m] Clicking logout button
[31mFAILED[0m
================================================================================
Finished test: test_logout[chromium]
================================================================================


test_auth_flow.py::test_invalid_login[chromium] 
================================================================================
Starting test: test_invalid_login[chromium]
================================================================================

üîç Test: Invalid Login
üìã Step 1: Clearing any existing session
üìã Step 2: Navigating to fresh page with full reload
üìã Step 3: Verifying clean state (no dashboard visible)
‚ö†Ô∏è  Dashboard was visible, forcing another clear
üìã Step 4: Waiting for auth modal

[1m-------------------------------- live log call ---------------------------------[0m
2025-10-04 22:26:07 [[32m    INFO[0m] Waiting for auth modal to appear
2025-10-04 22:26:07 [[32m    INFO[0m] Waiting for #authModal to be visible
2025-10-04 22:26:07 [[32m    INFO[0m] Waiting for #registerTab to be visible
üìã Step 5: Attempting login with invalid credentials
2025-10-04 22:26:07 [[32m    INFO[0m] Switching to login mode
2025-10-04 22:26:07 [[32m    INFO[0m] Clicking: #loginTab
2025-10-04 22:26:07 [[32m    INFO[0m] Waiting for #loginUsername to be visible
2025-10-04 22:26:07 [[32m    INFO[0m] Filling username: nonexistent_user_12345
2025-10-04 22:26:07 [[32m    INFO[0m] Filling #loginUsername with: nonexistent_user_123...
2025-10-04 22:26:07 [[32m    INFO[0m] Filling password
2025-10-04 22:26:07 [[32m    INFO[0m] Filling #loginPassword with: wrong_password_98765...
2025-10-04 22:26:07 [[32m    INFO[0m] Clicking Login submit button
2025-10-04 22:26:07 [[32m    INFO[0m] Clicking: #loginForm button[type='submit']
üìã Step 6: Waiting for error message to appear (confirms async login attempt completed)
‚úì Error message is now visible - invalid login rejected
üìã Step 7: Verifying error message content
‚úì Error message received: Incorrect username or password
üìã Step 8: Verifying modal still visible
2025-10-04 22:26:07 [[32m    INFO[0m] Asserting auth modal is visible
2025-10-04 22:26:07 [[32m    INFO[0m] Asserting visible: #authModal
üìã Step 9: Verifying user is NOT authenticated (no token saved)
‚úì No auth token stored - access properly denied
‚úÖ Test passed: Invalid login correctly rejected
[32mPASSED[0m
================================================================================
Finished test: test_invalid_login[chromium]
================================================================================


test_auth_flow.py::test_session_persistence[chromium] 
================================================================================
Starting test: test_session_persistence[chromium]
================================================================================

üîç Test: Session Persistence
üìù Generated test user: testuser_20251004_222608_xjyq
üìã Step 1: Registering new user

[1m-------------------------------- live log call ---------------------------------[0m
2025-10-04 22:26:08 [[32m    INFO[0m] Waiting for auth modal to appear
2025-10-04 22:26:08 [[32m    INFO[0m] Waiting for #authModal to be visible
2025-10-04 22:26:08 [[32m    INFO[0m] Waiting for #registerTab to be visible
2025-10-04 22:26:08 [[32m    INFO[0m] Switching to register mode
2025-10-04 22:26:08 [[32m    INFO[0m] Already in register mode
2025-10-04 22:26:08 [[32m    INFO[0m] Filling username: testuser_20251004_222608_xjyq
2025-10-04 22:26:08 [[32m    INFO[0m] Filling #registerUsername with: testuser_20251004_22...
2025-10-04 22:26:08 [[32m    INFO[0m] Filling password
2025-10-04 22:26:08 [[32m    INFO[0m] Filling #registerPassword with: Test3u86yx4qsbvb!...
2025-10-04 22:26:08 [[32m    INFO[0m] Filling email: test_20251004_222608_xjyq@example.com
2025-10-04 22:26:08 [[32m    INFO[0m] Filling #registerEmail with: test_20251004_222608...
2025-10-04 22:26:08 [[32m    INFO[0m] Clicking Register button
2025-10-04 22:26:08 [[32m    INFO[0m] Clicking: #registerForm button[type='submit']
üìã Step 2: Completing login
2025-10-04 22:26:10 [[32m    INFO[0m] Switching to login mode
2025-10-04 22:26:10 [[32m    INFO[0m] Already in login mode
2025-10-04 22:26:10 [[32m    INFO[0m] Clicking Login submit button
2025-10-04 22:26:10 [[32m    INFO[0m] Clicking: #loginForm button[type='submit']
üìã Step 3: Waiting for dashboard to load (confirms login completed)
‚úì Dashboard is now visible - login completed successfully
üìã Step 4: Verifying JWT token is stored
üìù Token check result: {'key': 'proximity_token', 'value': 'eyJhbGciOiJIUzI1NiIsInR5cCI6IkpXVCJ9.eyJzdWIiOiJ0ZXN0dXNlcl8yMDI1MTAwNF8yMjI2MDhfeGp5cSIsInJvbGUiOiJ1c2VyIiwidXNlcl9pZCI6MTQsImV4cCI6MTc1OTYxMzE3MCwiaWF0IjoxNzU5NjA5NTcwfQ.uuuNdKKslr3ZhtqmXRkL22RHFxpO5Xt0NogwYagloag'}
‚úì JWT token stored (length: 215 chars)
üìã Step 5: Reloading page to test persistence
üìã Step 6: Waiting for dashboard to appear (confirms session persisted and auto-login occurred)
‚úì Dashboard is now visible - session persisted successfully
üìã Step 7: Verifying auth modal does NOT appear
‚úì Auth modal is hidden - user remained authenticated
üìã Step 8: Verifying dashboard is fully loaded
2025-10-04 22:26:10 [[32m    INFO[0m] Asserting on dashboard page
2025-10-04 22:26:10 [[32m    INFO[0m] Asserting visible: #dashboardView
‚úÖ Test passed: Session persists across page reload
[32mPASSED[0m
================================================================================
Finished test: test_session_persistence[chromium]
================================================================================


test_auth_flow.py::test_password_field_masking[chromium] 
================================================================================
Starting test: test_password_field_masking[chromium]
================================================================================

[1m-------------------------------- live log call ---------------------------------[0m
2025-10-04 22:26:11 [[32m    INFO[0m] Waiting for auth modal to appear
2025-10-04 22:26:11 [[32m    INFO[0m] Waiting for #authModal to be visible
2025-10-04 22:26:11 [[32m    INFO[0m] Waiting for #registerTab to be visible
2025-10-04 22:26:11 [[32m    INFO[0m] Filling password
2025-10-04 22:26:11 [[32m    INFO[0m] Filling #registerPassword with: TestPassword123!...
[32mPASSED[0m
================================================================================
Finished test: test_password_field_masking[chromium]
================================================================================


test_auth_flow.py::test_switch_between_login_and_register[chromium] 
================================================================================
Starting test: test_switch_between_login_and_register[chromium]
================================================================================

[1m-------------------------------- live log call ---------------------------------[0m
2025-10-04 22:26:12 [[32m    INFO[0m] Waiting for auth modal to appear
2025-10-04 22:26:12 [[32m    INFO[0m] Waiting for #authModal to be visible
2025-10-04 22:26:12 [[32m    INFO[0m] Waiting for #registerTab to be visible
2025-10-04 22:26:12 [[32m    INFO[0m] Switching to register mode
2025-10-04 22:26:12 [[32m    INFO[0m] Already in register mode
2025-10-04 22:26:12 [[32m    INFO[0m] Asserting register mode
2025-10-04 22:26:12 [[32m    INFO[0m] Switching to login mode
2025-10-04 22:26:12 [[32m    INFO[0m] Clicking: #loginTab
2025-10-04 22:26:12 [[32m    INFO[0m] Waiting for #loginUsername to be visible
2025-10-04 22:26:12 [[32m    INFO[0m] Asserting login mode
[32mPASSED[0m
================================================================================
Finished test: test_switch_between_login_and_register[chromium]
================================================================================


test_auth_flow.py::test_admin_user_login[chromium] 
================================================================================
Starting test: test_admin_user_login[chromium]
================================================================================
[33mSKIPPED[0m (Admin
credentials not configured in environment)
================================================================================
Finished test: test_admin_user_login[chromium]
================================================================================


test_backup_restore_flow.py::test_backup_creation_and_listing[chromium] 
================================================================================
Starting test: test_backup_creation_and_listing[chromium]
================================================================================
[31mFAILED[0m
================================================================================
Finished test: test_backup_creation_and_listing[chromium]
================================================================================


test_backup_restore_flow.py::test_backup_completion_polling[chromium] 
================================================================================
Starting test: test_backup_completion_polling[chromium]
================================================================================
[31mFAILED[0m
================================================================================
Finished test: test_backup_completion_polling[chromium]
================================================================================


test_backup_restore_flow.py::test_backup_restore_workflow[chromium] 
================================================================================
Starting test: test_backup_restore_workflow[chromium]
================================================================================
[31mFAILED[0m
================================================================================
Finished test: test_backup_restore_workflow[chromium]
================================================================================


test_backup_restore_flow.py::test_backup_deletion[chromium] 
================================================================================
Starting test: test_backup_deletion[chromium]
================================================================================
[31mFAILED[0m
================================================================================
Finished test: test_backup_deletion[chromium]
================================================================================


test_backup_restore_flow.py::test_backup_ui_feedback[chromium] 
================================================================================
Starting test: test_backup_ui_feedback[chromium]
================================================================================
[31mFAILED[0m
================================================================================
Finished test: test_backup_ui_feedback[chromium]
================================================================================


test_backup_restore_flow.py::test_backup_security_ownership[chromium] 
================================================================================
Starting test: test_backup_security_ownership[chromium]
================================================================================
[31mFAILED[0m
================================================================================
Finished test: test_backup_security_ownership[chromium]
================================================================================


test_infrastructure.py::test_infrastructure_page_loads[chromium] 
================================================================================
Starting test: test_infrastructure_page_loads[chromium]
================================================================================

[1m-------------------------------- live log setup --------------------------------[0m
2025-10-04 22:27:19 [[32m    INFO[0m] Waiting for auth modal to appear
2025-10-04 22:27:19 [[32m    INFO[0m] Waiting for #authModal to be visible
2025-10-04 22:27:19 [[32m    INFO[0m] Waiting for #registerTab to be visible
2025-10-04 22:27:19 [[32m    INFO[0m] Registering user: testuser_20251004_222719_t4p0
2025-10-04 22:27:19 [[32m    INFO[0m] Switching to register mode
2025-10-04 22:27:19 [[32m    INFO[0m] Already in register mode
2025-10-04 22:27:19 [[32m    INFO[0m] Filling username: testuser_20251004_222719_t4p0
2025-10-04 22:27:19 [[32m    INFO[0m] Filling #registerUsername with: testuser_20251004_22...
2025-10-04 22:27:19 [[32m    INFO[0m] Filling password
2025-10-04 22:27:19 [[32m    INFO[0m] Filling #registerPassword with: Testaji8ax4vc35r!...
2025-10-04 22:27:19 [[32m    INFO[0m] Filling email: test_20251004_222719_t4p0@example.com
2025-10-04 22:27:19 [[32m    INFO[0m] Filling #registerEmail with: test_20251004_222719...
2025-10-04 22:27:19 [[32m    INFO[0m] Clicking Register button
2025-10-04 22:27:19 [[32m    INFO[0m] Clicking: #registerForm button[type='submit']
2025-10-04 22:27:20 [[32m    INFO[0m] Waiting for auth modal to close
2025-10-04 22:27:20 [[32m    INFO[0m] Waiting for #authModal to be hidden
2025-10-04 22:27:25 [[33m WARNING[0m] Modal didn't close automatically, checking auth state: Page.wait_for_selector: Timeout 5000ms exceeded.
Call log:
  - waiting for locator("#authModal") to be hidden
    15 √ó locator resolved to visible <div id="authModal" class="modal show">‚Ä¶</div>

2025-10-04 22:27:25 [[33m WARNING[0m] Token not found after registration, may have failed
[31mERROR[0m
================================================================================
Finished test: test_infrastructure_page_loads[chromium]
================================================================================


test_infrastructure.py::test_proxmox_nodes_display[chromium] 
================================================================================
Starting test: test_proxmox_nodes_display[chromium]
================================================================================

[1m-------------------------------- live log setup --------------------------------[0m
2025-10-04 22:27:26 [[32m    INFO[0m] Waiting for auth modal to appear
2025-10-04 22:27:26 [[32m    INFO[0m] Waiting for #authModal to be visible
2025-10-04 22:27:26 [[32m    INFO[0m] Waiting for #registerTab to be visible
2025-10-04 22:27:26 [[32m    INFO[0m] Registering user: testuser_20251004_222726_wfgd
2025-10-04 22:27:26 [[32m    INFO[0m] Switching to register mode
2025-10-04 22:27:26 [[32m    INFO[0m] Already in register mode
2025-10-04 22:27:26 [[32m    INFO[0m] Filling username: testuser_20251004_222726_wfgd
2025-10-04 22:27:26 [[32m    INFO[0m] Filling #registerUsername with: testuser_20251004_22...
2025-10-04 22:27:26 [[32m    INFO[0m] Filling password
2025-10-04 22:27:26 [[32m    INFO[0m] Filling #registerPassword with: Testmghh96sw2bb9!...
2025-10-04 22:27:26 [[32m    INFO[0m] Filling email: test_20251004_222726_wfgd@example.com
2025-10-04 22:27:26 [[32m    INFO[0m] Filling #registerEmail with: test_20251004_222726...
2025-10-04 22:27:26 [[32m    INFO[0m] Clicking Register button
2025-10-04 22:27:26 [[32m    INFO[0m] Clicking: #registerForm button[type='submit']
2025-10-04 22:27:27 [[32m    INFO[0m] Waiting for auth modal to close
2025-10-04 22:27:27 [[32m    INFO[0m] Waiting for #authModal to be hidden
2025-10-04 22:27:32 [[33m WARNING[0m] Modal didn't close automatically, checking auth state: Page.wait_for_selector: Timeout 5000ms exceeded.
Call log:
  - waiting for locator("#authModal") to be hidden
    15 √ó locator resolved to visible <div id="authModal" class="modal show">‚Ä¶</div>

2025-10-04 22:27:32 [[33m WARNING[0m] Token not found after registration, may have failed
[31mERROR[0m
================================================================================
Finished test: test_proxmox_nodes_display[chromium]
================================================================================


test_infrastructure.py::test_network_appliance_status[chromium] 
================================================================================
Starting test: test_network_appliance_status[chromium]
================================================================================

[1m-------------------------------- live log setup --------------------------------[0m
2025-10-04 22:27:33 [[32m    INFO[0m] Waiting for auth modal to appear
2025-10-04 22:27:33 [[32m    INFO[0m] Waiting for #authModal to be visible
2025-10-04 22:27:33 [[32m    INFO[0m] Waiting for #registerTab to be visible
2025-10-04 22:27:33 [[32m    INFO[0m] Registering user: testuser_20251004_222733_mx2c
2025-10-04 22:27:33 [[32m    INFO[0m] Switching to register mode
2025-10-04 22:27:33 [[32m    INFO[0m] Already in register mode
2025-10-04 22:27:33 [[32m    INFO[0m] Filling username: testuser_20251004_222733_mx2c
2025-10-04 22:27:33 [[32m    INFO[0m] Filling #registerUsername with: testuser_20251004_22...
2025-10-04 22:27:33 [[32m    INFO[0m] Filling password
2025-10-04 22:27:33 [[32m    INFO[0m] Filling #registerPassword with: Testvfhgc20crkmg!...
2025-10-04 22:27:33 [[32m    INFO[0m] Filling email: test_20251004_222733_mx2c@example.com
2025-10-04 22:27:33 [[32m    INFO[0m] Filling #registerEmail with: test_20251004_222733...
2025-10-04 22:27:33 [[32m    INFO[0m] Clicking Register button
2025-10-04 22:27:33 [[32m    INFO[0m] Clicking: #registerForm button[type='submit']
2025-10-04 22:27:34 [[32m    INFO[0m] Waiting for auth modal to close
2025-10-04 22:27:34 [[32m    INFO[0m] Waiting for #authModal to be hidden
2025-10-04 22:27:39 [[33m WARNING[0m] Modal didn't close automatically, checking auth state: Page.wait_for_selector: Timeout 5000ms exceeded.
Call log:
  - waiting for locator("#authModal") to be hidden
    15 √ó locator resolved to visible <div id="authModal" class="modal show">‚Ä¶</div>

2025-10-04 22:27:39 [[33m WARNING[0m] Token not found after registration, may have failed
[31mERROR[0m
================================================================================
Finished test: test_network_appliance_status[chromium]
================================================================================


test_infrastructure.py::test_refresh_infrastructure[chromium] 
================================================================================
Starting test: test_refresh_infrastructure[chromium]
================================================================================

[1m-------------------------------- live log setup --------------------------------[0m
2025-10-04 22:27:40 [[32m    INFO[0m] Waiting for auth modal to appear
2025-10-04 22:27:40 [[32m    INFO[0m] Waiting for #authModal to be visible
2025-10-04 22:27:40 [[32m    INFO[0m] Waiting for #registerTab to be visible
2025-10-04 22:27:40 [[32m    INFO[0m] Registering user: testuser_20251004_222740_zzi8
2025-10-04 22:27:40 [[32m    INFO[0m] Switching to register mode
2025-10-04 22:27:40 [[32m    INFO[0m] Already in register mode
2025-10-04 22:27:40 [[32m    INFO[0m] Filling username: testuser_20251004_222740_zzi8
2025-10-04 22:27:40 [[32m    INFO[0m] Filling #registerUsername with: testuser_20251004_22...
2025-10-04 22:27:40 [[32m    INFO[0m] Filling password
2025-10-04 22:27:40 [[32m    INFO[0m] Filling #registerPassword with: Testwpjt1mray9wv!...
2025-10-04 22:27:40 [[32m    INFO[0m] Filling email: test_20251004_222740_zzi8@example.com
2025-10-04 22:27:40 [[32m    INFO[0m] Filling #registerEmail with: test_20251004_222740...
2025-10-04 22:27:40 [[32m    INFO[0m] Clicking Register button
2025-10-04 22:27:40 [[32m    INFO[0m] Clicking: #registerForm button[type='submit']
2025-10-04 22:27:41 [[32m    INFO[0m] Waiting for auth modal to close
2025-10-04 22:27:41 [[32m    INFO[0m] Waiting for #authModal to be hidden
2025-10-04 22:27:46 [[33m WARNING[0m] Modal didn't close automatically, checking auth state: Page.wait_for_selector: Timeout 5000ms exceeded.
Call log:
  - waiting for locator("#authModal") to be hidden
    15 √ó locator resolved to visible <div id="authModal" class="modal show">‚Ä¶</div>

2025-10-04 22:27:46 [[33m WARNING[0m] Token not found after registration, may have failed
[31mERROR[0m
================================================================================
Finished test: test_refresh_infrastructure[chromium]
================================================================================


test_infrastructure.py::test_view_appliance_logs[chromium] 
================================================================================
Starting test: test_view_appliance_logs[chromium]
================================================================================

[1m-------------------------------- live log setup --------------------------------[0m
2025-10-04 22:27:46 [[32m    INFO[0m] Waiting for auth modal to appear
2025-10-04 22:27:46 [[32m    INFO[0m] Waiting for #authModal to be visible
2025-10-04 22:27:46 [[32m    INFO[0m] Waiting for #registerTab to be visible
2025-10-04 22:27:46 [[32m    INFO[0m] Registering user: testuser_20251004_222746_oxfp
2025-10-04 22:27:46 [[32m    INFO[0m] Switching to register mode
2025-10-04 22:27:46 [[32m    INFO[0m] Already in register mode
2025-10-04 22:27:46 [[32m    INFO[0m] Filling username: testuser_20251004_222746_oxfp
2025-10-04 22:27:46 [[32m    INFO[0m] Filling #registerUsername with: testuser_20251004_22...
2025-10-04 22:27:46 [[32m    INFO[0m] Filling password
2025-10-04 22:27:46 [[32m    INFO[0m] Filling #registerPassword with: Testorxrv0xq4lnx!...
2025-10-04 22:27:47 [[32m    INFO[0m] Filling email: test_20251004_222746_oxfp@example.com
2025-10-04 22:27:47 [[32m    INFO[0m] Filling #registerEmail with: test_20251004_222746...
2025-10-04 22:27:47 [[32m    INFO[0m] Clicking Register button
2025-10-04 22:27:47 [[32m    INFO[0m] Clicking: #registerForm button[type='submit']
2025-10-04 22:27:48 [[32m    INFO[0m] Waiting for auth modal to close
2025-10-04 22:27:48 [[32m    INFO[0m] Waiting for #authModal to be hidden
2025-10-04 22:27:53 [[33m WARNING[0m] Modal didn't close automatically, checking auth state: Page.wait_for_selector: Timeout 5000ms exceeded.
Call log:
  - waiting for locator("#authModal") to be hidden
    15 √ó locator resolved to visible <div id="authModal" class="modal show">‚Ä¶</div>

2025-10-04 22:27:53 [[33m WARNING[0m] Token not found after registration, may have failed
[31mERROR[0m
================================================================================
Finished test: test_view_appliance_logs[chromium]
================================================================================


test_infrastructure.py::test_restart_appliance_button[chromium] 
================================================================================
Starting test: test_restart_appliance_button[chromium]
================================================================================

[1m-------------------------------- live log setup --------------------------------[0m
2025-10-04 22:27:53 [[32m    INFO[0m] Waiting for auth modal to appear
2025-10-04 22:27:53 [[32m    INFO[0m] Waiting for #authModal to be visible
2025-10-04 22:27:53 [[32m    INFO[0m] Waiting for #registerTab to be visible
2025-10-04 22:27:53 [[32m    INFO[0m] Registering user: testuser_20251004_222753_nc3f
2025-10-04 22:27:53 [[32m    INFO[0m] Switching to register mode
2025-10-04 22:27:53 [[32m    INFO[0m] Already in register mode
2025-10-04 22:27:53 [[32m    INFO[0m] Filling username: testuser_20251004_222753_nc3f
2025-10-04 22:27:53 [[32m    INFO[0m] Filling #registerUsername with: testuser_20251004_22...
2025-10-04 22:27:53 [[32m    INFO[0m] Filling password
2025-10-04 22:27:53 [[32m    INFO[0m] Filling #registerPassword with: Testamrzvfzn2v73!...
2025-10-04 22:27:53 [[32m    INFO[0m] Filling email: test_20251004_222753_nc3f@example.com
2025-10-04 22:27:53 [[32m    INFO[0m] Filling #registerEmail with: test_20251004_222753...
2025-10-04 22:27:53 [[32m    INFO[0m] Clicking Register button
2025-10-04 22:27:53 [[32m    INFO[0m] Clicking: #registerForm button[type='submit']
2025-10-04 22:27:55 [[32m    INFO[0m] Waiting for auth modal to close
2025-10-04 22:27:55 [[32m    INFO[0m] Waiting for #authModal to be hidden
2025-10-04 22:28:00 [[33m WARNING[0m] Modal didn't close automatically, checking auth state: Page.wait_for_selector: Timeout 5000ms exceeded.
Call log:
  - waiting for locator("#authModal") to be hidden
    15 √ó locator resolved to visible <div id="authModal" class="modal show">‚Ä¶</div>

2025-10-04 22:28:00 [[33m WARNING[0m] Token not found after registration, may have failed
[31mERROR[0m
================================================================================
Finished test: test_restart_appliance_button[chromium]
================================================================================


test_infrastructure.py::test_nat_testing_button[chromium] 
================================================================================
Starting test: test_nat_testing_button[chromium]
================================================================================

[1m-------------------------------- live log setup --------------------------------[0m
2025-10-04 22:28:00 [[32m    INFO[0m] Waiting for auth modal to appear
2025-10-04 22:28:00 [[32m    INFO[0m] Waiting for #authModal to be visible
2025-10-04 22:28:00 [[32m    INFO[0m] Waiting for #registerTab to be visible
2025-10-04 22:28:00 [[32m    INFO[0m] Registering user: testuser_20251004_222800_uysz
2025-10-04 22:28:00 [[32m    INFO[0m] Switching to register mode
2025-10-04 22:28:00 [[32m    INFO[0m] Already in register mode
2025-10-04 22:28:00 [[32m    INFO[0m] Filling username: testuser_20251004_222800_uysz
2025-10-04 22:28:00 [[32m    INFO[0m] Filling #registerUsername with: testuser_20251004_22...
2025-10-04 22:28:00 [[32m    INFO[0m] Filling password
2025-10-04 22:28:00 [[32m    INFO[0m] Filling #registerPassword with: Testyk2rl6caoaza!...
2025-10-04 22:28:00 [[32m    INFO[0m] Filling email: test_20251004_222800_uysz@example.com
2025-10-04 22:28:00 [[32m    INFO[0m] Filling #registerEmail with: test_20251004_222800...
2025-10-04 22:28:00 [[32m    INFO[0m] Clicking Register button
2025-10-04 22:28:00 [[32m    INFO[0m] Clicking: #registerForm button[type='submit']
2025-10-04 22:28:01 [[32m    INFO[0m] Waiting for auth modal to close
2025-10-04 22:28:01 [[32m    INFO[0m] Waiting for #authModal to be hidden
2025-10-04 22:28:06 [[33m WARNING[0m] Modal didn't close automatically, checking auth state: Page.wait_for_selector: Timeout 5000ms exceeded.
Call log:
  - waiting for locator("#authModal") to be hidden
    15 √ó locator resolved to visible <div id="authModal" class="modal show">‚Ä¶</div>

2025-10-04 22:28:06 [[33m WARNING[0m] Token not found after registration, may have failed
[31mERROR[0m
================================================================================
Finished test: test_nat_testing_button[chromium]
================================================================================


test_infrastructure.py::test_services_health_grid[chromium] 
================================================================================
Starting test: test_services_health_grid[chromium]
================================================================================

[1m-------------------------------- live log setup --------------------------------[0m
2025-10-04 22:28:07 [[32m    INFO[0m] Waiting for auth modal to appear
2025-10-04 22:28:07 [[32m    INFO[0m] Waiting for #authModal to be visible
2025-10-04 22:28:07 [[32m    INFO[0m] Waiting for #registerTab to be visible
2025-10-04 22:28:07 [[32m    INFO[0m] Registering user: testuser_20251004_222807_k8ri
2025-10-04 22:28:07 [[32m    INFO[0m] Switching to register mode
2025-10-04 22:28:07 [[32m    INFO[0m] Already in register mode
2025-10-04 22:28:07 [[32m    INFO[0m] Filling username: testuser_20251004_222807_k8ri
2025-10-04 22:28:07 [[32m    INFO[0m] Filling #registerUsername with: testuser_20251004_22...
2025-10-04 22:28:07 [[32m    INFO[0m] Filling password
2025-10-04 22:28:07 [[32m    INFO[0m] Filling #registerPassword with: Testqlkhokz6uq9x!...
2025-10-04 22:28:07 [[32m    INFO[0m] Filling email: test_20251004_222807_k8ri@example.com
2025-10-04 22:28:07 [[32m    INFO[0m] Filling #registerEmail with: test_20251004_222807...
2025-10-04 22:28:07 [[32m    INFO[0m] Clicking Register button
2025-10-04 22:28:07 [[32m    INFO[0m] Clicking: #registerForm button[type='submit']
2025-10-04 22:28:08 [[32m    INFO[0m] Waiting for auth modal to close
2025-10-04 22:28:08 [[32m    INFO[0m] Waiting for #authModal to be hidden
2025-10-04 22:28:13 [[33m WARNING[0m] Modal didn't close automatically, checking auth state: Page.wait_for_selector: Timeout 5000ms exceeded.
Call log:
  - waiting for locator("#authModal") to be hidden
    15 √ó locator resolved to visible <div id="authModal" class="modal show">‚Ä¶</div>

2025-10-04 22:28:13 [[33m WARNING[0m] Token not found after registration, may have failed
[31mERROR[0m
================================================================================
Finished test: test_services_health_grid[chromium]
================================================================================


test_infrastructure.py::test_infrastructure_statistics[chromium] 
================================================================================
Starting test: test_infrastructure_statistics[chromium]
================================================================================

[1m-------------------------------- live log setup --------------------------------[0m
2025-10-04 22:28:14 [[32m    INFO[0m] Waiting for auth modal to appear
2025-10-04 22:28:14 [[32m    INFO[0m] Waiting for #authModal to be visible
2025-10-04 22:28:14 [[32m    INFO[0m] Waiting for #registerTab to be visible
2025-10-04 22:28:14 [[32m    INFO[0m] Registering user: testuser_20251004_222814_nbc1
2025-10-04 22:28:14 [[32m    INFO[0m] Switching to register mode
2025-10-04 22:28:14 [[32m    INFO[0m] Already in register mode
2025-10-04 22:28:14 [[32m    INFO[0m] Filling username: testuser_20251004_222814_nbc1
2025-10-04 22:28:14 [[32m    INFO[0m] Filling #registerUsername with: testuser_20251004_22...
2025-10-04 22:28:14 [[32m    INFO[0m] Filling password
2025-10-04 22:28:14 [[32m    INFO[0m] Filling #registerPassword with: Test7mxujk1w8o2u!...
2025-10-04 22:28:14 [[32m    INFO[0m] Filling email: test_20251004_222814_nbc1@example.com
2025-10-04 22:28:14 [[32m    INFO[0m] Filling #registerEmail with: test_20251004_222814...
2025-10-04 22:28:14 [[32m    INFO[0m] Clicking Register button
2025-10-04 22:28:14 [[32m    INFO[0m] Clicking: #registerForm button[type='submit']
2025-10-04 22:28:15 [[32m    INFO[0m] Waiting for auth modal to close
2025-10-04 22:28:15 [[32m    INFO[0m] Waiting for #authModal to be hidden
2025-10-04 22:28:20 [[33m WARNING[0m] Modal didn't close automatically, checking auth state: Page.wait_for_selector: Timeout 5000ms exceeded.
Call log:
  - waiting for locator("#authModal") to be hidden
    15 √ó locator resolved to visible <div id="authModal" class="modal show">‚Ä¶</div>

2025-10-04 22:28:20 [[33m WARNING[0m] Token not found after registration, may have failed
[31mERROR[0m
================================================================================
Finished test: test_infrastructure_statistics[chromium]
================================================================================


test_infrastructure.py::test_infrastructure_alerts[chromium] 
================================================================================
Starting test: test_infrastructure_alerts[chromium]
================================================================================

[1m-------------------------------- live log setup --------------------------------[0m
2025-10-04 22:28:21 [[32m    INFO[0m] Waiting for auth modal to appear
2025-10-04 22:28:21 [[32m    INFO[0m] Waiting for #authModal to be visible
2025-10-04 22:28:21 [[32m    INFO[0m] Waiting for #registerTab to be visible
2025-10-04 22:28:21 [[32m    INFO[0m] Registering user: testuser_20251004_222821_taaa
2025-10-04 22:28:21 [[32m    INFO[0m] Switching to register mode
2025-10-04 22:28:21 [[32m    INFO[0m] Already in register mode
2025-10-04 22:28:21 [[32m    INFO[0m] Filling username: testuser_20251004_222821_taaa
2025-10-04 22:28:21 [[32m    INFO[0m] Filling #registerUsername with: testuser_20251004_22...
2025-10-04 22:28:21 [[32m    INFO[0m] Filling password
2025-10-04 22:28:21 [[32m    INFO[0m] Filling #registerPassword with: Testk1rtqtxdhssq!...
2025-10-04 22:28:21 [[32m    INFO[0m] Filling email: test_20251004_222821_taaa@example.com
2025-10-04 22:28:21 [[32m    INFO[0m] Filling #registerEmail with: test_20251004_222821...
2025-10-04 22:28:21 [[32m    INFO[0m] Clicking Register button
2025-10-04 22:28:21 [[32m    INFO[0m] Clicking: #registerForm button[type='submit']
2025-10-04 22:28:22 [[32m    INFO[0m] Waiting for auth modal to close
2025-10-04 22:28:22 [[32m    INFO[0m] Waiting for #authModal to be hidden
2025-10-04 22:28:27 [[33m WARNING[0m] Modal didn't close automatically, checking auth state: Page.wait_for_selector: Timeout 5000ms exceeded.
Call log:
  - waiting for locator("#authModal") to be hidden
    15 √ó locator resolved to visible <div id="authModal" class="modal show">‚Ä¶</div>

2025-10-04 22:28:27 [[33m WARNING[0m] Token not found after registration, may have failed
[31mERROR[0m
================================================================================
Finished test: test_infrastructure_alerts[chromium]
================================================================================


test_infrastructure.py::test_infrastructure_realtime_updates[chromium] 
================================================================================
Starting test: test_infrastructure_realtime_updates[chromium]
================================================================================

[1m-------------------------------- live log setup --------------------------------[0m
2025-10-04 22:28:28 [[32m    INFO[0m] Waiting for auth modal to appear
2025-10-04 22:28:28 [[32m    INFO[0m] Waiting for #authModal to be visible
2025-10-04 22:28:28 [[32m    INFO[0m] Waiting for #registerTab to be visible
2025-10-04 22:28:28 [[32m    INFO[0m] Registering user: testuser_20251004_222828_6c4y
2025-10-04 22:28:28 [[32m    INFO[0m] Switching to register mode
2025-10-04 22:28:28 [[32m    INFO[0m] Already in register mode
2025-10-04 22:28:28 [[32m    INFO[0m] Filling username: testuser_20251004_222828_6c4y
2025-10-04 22:28:28 [[32m    INFO[0m] Filling #registerUsername with: testuser_20251004_22...
2025-10-04 22:28:28 [[32m    INFO[0m] Filling password
2025-10-04 22:28:28 [[32m    INFO[0m] Filling #registerPassword with: Test51q5lz7ojf7k!...
2025-10-04 22:28:28 [[32m    INFO[0m] Filling email: test_20251004_222828_6c4y@example.com
2025-10-04 22:28:28 [[32m    INFO[0m] Filling #registerEmail with: test_20251004_222828...
2025-10-04 22:28:28 [[32m    INFO[0m] Clicking Register button
2025-10-04 22:28:28 [[32m    INFO[0m] Clicking: #registerForm button[type='submit']
2025-10-04 22:28:29 [[32m    INFO[0m] Waiting for auth modal to close
2025-10-04 22:28:29 [[32m    INFO[0m] Waiting for #authModal to be hidden
2025-10-04 22:28:34 [[33m WARNING[0m] Modal didn't close automatically, checking auth state: Page.wait_for_selector: Timeout 5000ms exceeded.
Call log:
  - waiting for locator("#authModal") to be hidden
    15 √ó locator resolved to visible <div id="authModal" class="modal show">‚Ä¶</div>

2025-10-04 22:28:34 [[33m WARNING[0m] Token not found after registration, may have failed
[31mERROR[0m
================================================================================
Finished test: test_infrastructure_realtime_updates[chromium]
================================================================================


test_navigation.py::test_navigate_all_views[chromium] 
================================================================================
Starting test: test_navigate_all_views[chromium]
================================================================================

[1m-------------------------------- live log setup --------------------------------[0m
2025-10-04 22:28:35 [[32m    INFO[0m] Waiting for auth modal to appear
2025-10-04 22:28:35 [[32m    INFO[0m] Waiting for #authModal to be visible
2025-10-04 22:28:35 [[32m    INFO[0m] Waiting for #registerTab to be visible
2025-10-04 22:28:35 [[32m    INFO[0m] Registering user: testuser_20251004_222835_uop3
2025-10-04 22:28:35 [[32m    INFO[0m] Switching to register mode
2025-10-04 22:28:35 [[32m    INFO[0m] Already in register mode
2025-10-04 22:28:35 [[32m    INFO[0m] Filling username: testuser_20251004_222835_uop3
2025-10-04 22:28:35 [[32m    INFO[0m] Filling #registerUsername with: testuser_20251004_22...
2025-10-04 22:28:35 [[32m    INFO[0m] Filling password
2025-10-04 22:28:35 [[32m    INFO[0m] Filling #registerPassword with: Testmtwd9g6qzeyf!...
2025-10-04 22:28:35 [[32m    INFO[0m] Filling email: test_20251004_222835_uop3@example.com
2025-10-04 22:28:35 [[32m    INFO[0m] Filling #registerEmail with: test_20251004_222835...
2025-10-04 22:28:35 [[32m    INFO[0m] Clicking Register button
2025-10-04 22:28:35 [[32m    INFO[0m] Clicking: #registerForm button[type='submit']
2025-10-04 22:28:36 [[32m    INFO[0m] Waiting for auth modal to close
2025-10-04 22:28:36 [[32m    INFO[0m] Waiting for #authModal to be hidden
2025-10-04 22:28:41 [[33m WARNING[0m] Modal didn't close automatically, checking auth state: Page.wait_for_selector: Timeout 5000ms exceeded.
Call log:
  - waiting for locator("#authModal") to be hidden
    15 √ó locator resolved to visible <div id="authModal" class="modal show">‚Ä¶</div>

2025-10-04 22:28:41 [[33m WARNING[0m] Token not found after registration, may have failed
[31mERROR[0m
================================================================================
Finished test: test_navigate_all_views[chromium]
================================================================================


test_navigation.py::test_sidebar_collapse_expand[chromium] 
================================================================================
Starting test: test_sidebar_collapse_expand[chromium]
================================================================================

[1m-------------------------------- live log setup --------------------------------[0m
2025-10-04 22:28:41 [[32m    INFO[0m] Waiting for auth modal to appear
2025-10-04 22:28:41 [[32m    INFO[0m] Waiting for #authModal to be visible
2025-10-04 22:28:41 [[32m    INFO[0m] Waiting for #registerTab to be visible
2025-10-04 22:28:41 [[32m    INFO[0m] Registering user: testuser_20251004_222841_tnur
2025-10-04 22:28:41 [[32m    INFO[0m] Switching to register mode
2025-10-04 22:28:41 [[32m    INFO[0m] Already in register mode
2025-10-04 22:28:41 [[32m    INFO[0m] Filling username: testuser_20251004_222841_tnur
2025-10-04 22:28:41 [[32m    INFO[0m] Filling #registerUsername with: testuser_20251004_22...
2025-10-04 22:28:41 [[32m    INFO[0m] Filling password
2025-10-04 22:28:41 [[32m    INFO[0m] Filling #registerPassword with: Test20x87wsxy2be!...
2025-10-04 22:28:42 [[32m    INFO[0m] Filling email: test_20251004_222841_tnur@example.com
2025-10-04 22:28:42 [[32m    INFO[0m] Filling #registerEmail with: test_20251004_222841...
2025-10-04 22:28:42 [[32m    INFO[0m] Clicking Register button
2025-10-04 22:28:42 [[32m    INFO[0m] Clicking: #registerForm button[type='submit']
2025-10-04 22:28:43 [[32m    INFO[0m] Waiting for auth modal to close
2025-10-04 22:28:43 [[32m    INFO[0m] Waiting for #authModal to be hidden
2025-10-04 22:28:48 [[33m WARNING[0m] Modal didn't close automatically, checking auth state: Page.wait_for_selector: Timeout 5000ms exceeded.
Call log:
  - waiting for locator("#authModal") to be hidden
    15 √ó locator resolved to visible <div id="authModal" class="modal show">‚Ä¶</div>

2025-10-04 22:28:48 [[33m WARNING[0m] Token not found after registration, may have failed
[31mERROR[0m
================================================================================
Finished test: test_sidebar_collapse_expand[chromium]
================================================================================


test_navigation.py::test_user_menu_toggle[chromium] 
================================================================================
Starting test: test_user_menu_toggle[chromium]
================================================================================

[1m-------------------------------- live log setup --------------------------------[0m
2025-10-04 22:28:48 [[32m    INFO[0m] Waiting for auth modal to appear
2025-10-04 22:28:48 [[32m    INFO[0m] Waiting for #authModal to be visible
2025-10-04 22:28:48 [[32m    INFO[0m] Waiting for #registerTab to be visible
2025-10-04 22:28:48 [[32m    INFO[0m] Registering user: testuser_20251004_222848_5xo9
2025-10-04 22:28:48 [[32m    INFO[0m] Switching to register mode
2025-10-04 22:28:48 [[32m    INFO[0m] Already in register mode
2025-10-04 22:28:48 [[32m    INFO[0m] Filling username: testuser_20251004_222848_5xo9
2025-10-04 22:28:48 [[32m    INFO[0m] Filling #registerUsername with: testuser_20251004_22...
2025-10-04 22:28:48 [[32m    INFO[0m] Filling password
2025-10-04 22:28:48 [[32m    INFO[0m] Filling #registerPassword with: Testjouwa04n8grf!...
2025-10-04 22:28:48 [[32m    INFO[0m] Filling email: test_20251004_222848_5xo9@example.com
2025-10-04 22:28:48 [[32m    INFO[0m] Filling #registerEmail with: test_20251004_222848...
2025-10-04 22:28:48 [[32m    INFO[0m] Clicking Register button
2025-10-04 22:28:48 [[32m    INFO[0m] Clicking: #registerForm button[type='submit']
2025-10-04 22:28:50 [[32m    INFO[0m] Waiting for auth modal to close
2025-10-04 22:28:50 [[32m    INFO[0m] Waiting for #authModal to be hidden
2025-10-04 22:28:55 [[33m WARNING[0m] Modal didn't close automatically, checking auth state: Page.wait_for_selector: Timeout 5000ms exceeded.
Call log:
  - waiting for locator("#authModal") to be hidden
    15 √ó locator resolved to visible <div id="authModal" class="modal show">‚Ä¶</div>

2025-10-04 22:28:55 [[33m WARNING[0m] Token not found after registration, may have failed
[31mERROR[0m
================================================================================
Finished test: test_user_menu_toggle[chromium]
================================================================================


test_navigation.py::test_user_profile_info_display[chromium] 
================================================================================
Starting test: test_user_profile_info_display[chromium]
================================================================================

[1m-------------------------------- live log setup --------------------------------[0m
2025-10-04 22:28:55 [[32m    INFO[0m] Waiting for auth modal to appear
2025-10-04 22:28:55 [[32m    INFO[0m] Waiting for #authModal to be visible
2025-10-04 22:28:55 [[32m    INFO[0m] Waiting for #registerTab to be visible
2025-10-04 22:28:55 [[32m    INFO[0m] Registering user: testuser_20251004_222855_wtcj
2025-10-04 22:28:55 [[32m    INFO[0m] Switching to register mode
2025-10-04 22:28:55 [[32m    INFO[0m] Already in register mode
2025-10-04 22:28:55 [[32m    INFO[0m] Filling username: testuser_20251004_222855_wtcj
2025-10-04 22:28:55 [[32m    INFO[0m] Filling #registerUsername with: testuser_20251004_22...
2025-10-04 22:28:55 [[32m    INFO[0m] Filling password
2025-10-04 22:28:55 [[32m    INFO[0m] Filling #registerPassword with: Testvlbgz8f9881n!...
2025-10-04 22:28:55 [[32m    INFO[0m] Filling email: test_20251004_222855_wtcj@example.com
2025-10-04 22:28:55 [[32m    INFO[0m] Filling #registerEmail with: test_20251004_222855...
2025-10-04 22:28:55 [[32m    INFO[0m] Clicking Register button
2025-10-04 22:28:55 [[32m    INFO[0m] Clicking: #registerForm button[type='submit']
2025-10-04 22:28:57 [[32m    INFO[0m] Waiting for auth modal to close
2025-10-04 22:28:57 [[32m    INFO[0m] Waiting for #authModal to be hidden
2025-10-04 22:29:02 [[33m WARNING[0m] Modal didn't close automatically, checking auth state: Page.wait_for_selector: Timeout 5000ms exceeded.
Call log:
  - waiting for locator("#authModal") to be hidden
    15 √ó locator resolved to visible <div id="authModal" class="modal show">‚Ä¶</div>

2025-10-04 22:29:02 [[33m WARNING[0m] Token not found after registration, may have failed
[31mERROR[0m
================================================================================
Finished test: test_user_profile_info_display[chromium]
================================================================================


test_navigation.py::test_navigate_to_profile[chromium] 
================================================================================
Starting test: test_navigate_to_profile[chromium]
================================================================================

[1m-------------------------------- live log setup --------------------------------[0m
2025-10-04 22:29:02 [[32m    INFO[0m] Waiting for auth modal to appear
2025-10-04 22:29:02 [[32m    INFO[0m] Waiting for #authModal to be visible
2025-10-04 22:29:02 [[32m    INFO[0m] Waiting for #registerTab to be visible
2025-10-04 22:29:02 [[32m    INFO[0m] Registering user: testuser_20251004_222902_mtii
2025-10-04 22:29:02 [[32m    INFO[0m] Switching to register mode
2025-10-04 22:29:02 [[32m    INFO[0m] Already in register mode
2025-10-04 22:29:02 [[32m    INFO[0m] Filling username: testuser_20251004_222902_mtii
2025-10-04 22:29:02 [[32m    INFO[0m] Filling #registerUsername with: testuser_20251004_22...
2025-10-04 22:29:02 [[32m    INFO[0m] Filling password
2025-10-04 22:29:02 [[32m    INFO[0m] Filling #registerPassword with: Testshp3ls6ypkyl!...
2025-10-04 22:29:02 [[32m    INFO[0m] Filling email: test_20251004_222902_mtii@example.com
2025-10-04 22:29:02 [[32m    INFO[0m] Filling #registerEmail with: test_20251004_222902...
2025-10-04 22:29:02 [[32m    INFO[0m] Clicking Register button
2025-10-04 22:29:02 [[32m    INFO[0m] Clicking: #registerForm button[type='submit']
2025-10-04 22:29:03 [[32m    INFO[0m] Waiting for auth modal to close
2025-10-04 22:29:03 [[32m    INFO[0m] Waiting for #authModal to be hidden
2025-10-04 22:29:08 [[33m WARNING[0m] Modal didn't close automatically, checking auth state: Page.wait_for_selector: Timeout 5000ms exceeded.
Call log:
  - waiting for locator("#authModal") to be hidden
    15 √ó locator resolved to visible <div id="authModal" class="modal show">‚Ä¶</div>

2025-10-04 22:29:08 [[33m WARNING[0m] Token not found after registration, may have failed
[31mERROR[0m
================================================================================
Finished test: test_navigate_to_profile[chromium]
================================================================================


test_navigation.py::test_active_nav_indicator[chromium] 
================================================================================
Starting test: test_active_nav_indicator[chromium]
================================================================================

[1m-------------------------------- live log setup --------------------------------[0m
2025-10-04 22:29:09 [[32m    INFO[0m] Waiting for auth modal to appear
2025-10-04 22:29:09 [[32m    INFO[0m] Waiting for #authModal to be visible
2025-10-04 22:29:09 [[32m    INFO[0m] Waiting for #registerTab to be visible
2025-10-04 22:29:09 [[32m    INFO[0m] Registering user: testuser_20251004_222909_7mzr
2025-10-04 22:29:09 [[32m    INFO[0m] Switching to register mode
2025-10-04 22:29:09 [[32m    INFO[0m] Already in register mode
2025-10-04 22:29:09 [[32m    INFO[0m] Filling username: testuser_20251004_222909_7mzr
2025-10-04 22:29:09 [[32m    INFO[0m] Filling #registerUsername with: testuser_20251004_22...
2025-10-04 22:29:09 [[32m    INFO[0m] Filling password
2025-10-04 22:29:09 [[32m    INFO[0m] Filling #registerPassword with: Testpqudoebk3ilk!...
2025-10-04 22:29:09 [[32m    INFO[0m] Filling email: test_20251004_222909_7mzr@example.com
2025-10-04 22:29:09 [[32m    INFO[0m] Filling #registerEmail with: test_20251004_222909...
2025-10-04 22:29:09 [[32m    INFO[0m] Clicking Register button
2025-10-04 22:29:09 [[32m    INFO[0m] Clicking: #registerForm button[type='submit']
2025-10-04 22:29:10 [[32m    INFO[0m] Waiting for auth modal to close
2025-10-04 22:29:10 [[32m    INFO[0m] Waiting for #authModal to be hidden
2025-10-04 22:29:15 [[33m WARNING[0m] Modal didn't close automatically, checking auth state: Page.wait_for_selector: Timeout 5000ms exceeded.
Call log:
  - waiting for locator("#authModal") to be hidden
    15 √ó locator resolved to visible <div id="authModal" class="modal show">‚Ä¶</div>

2025-10-04 22:29:15 [[33m WARNING[0m] Token not found after registration, may have failed
[31mERROR[0m
================================================================================
Finished test: test_active_nav_indicator[chromium]
================================================================================


test_navigation.py::test_navigation_keyboard_shortcuts[chromium] 
================================================================================
Starting test: test_navigation_keyboard_shortcuts[chromium]
================================================================================

[1m-------------------------------- live log setup --------------------------------[0m
2025-10-04 22:29:16 [[32m    INFO[0m] Waiting for auth modal to appear
2025-10-04 22:29:16 [[32m    INFO[0m] Waiting for #authModal to be visible
2025-10-04 22:29:16 [[32m    INFO[0m] Waiting for #registerTab to be visible
2025-10-04 22:29:16 [[32m    INFO[0m] Registering user: testuser_20251004_222916_7riu
2025-10-04 22:29:16 [[32m    INFO[0m] Switching to register mode
2025-10-04 22:29:16 [[32m    INFO[0m] Already in register mode
2025-10-04 22:29:16 [[32m    INFO[0m] Filling username: testuser_20251004_222916_7riu
2025-10-04 22:29:16 [[32m    INFO[0m] Filling #registerUsername with: testuser_20251004_22...
2025-10-04 22:29:16 [[32m    INFO[0m] Filling password
2025-10-04 22:29:16 [[32m    INFO[0m] Filling #registerPassword with: Testenmzgrh6ba0s!...
2025-10-04 22:29:16 [[32m    INFO[0m] Filling email: test_20251004_222916_7riu@example.com
2025-10-04 22:29:16 [[32m    INFO[0m] Filling #registerEmail with: test_20251004_222916...
2025-10-04 22:29:16 [[32m    INFO[0m] Clicking Register button
2025-10-04 22:29:16 [[32m    INFO[0m] Clicking: #registerForm button[type='submit']
2025-10-04 22:29:18 [[32m    INFO[0m] Waiting for auth modal to close
2025-10-04 22:29:18 [[32m    INFO[0m] Waiting for #authModal to be hidden
2025-10-04 22:29:23 [[33m WARNING[0m] Modal didn't close automatically, checking auth state: Page.wait_for_selector: Timeout 5000ms exceeded.
Call log:
  - waiting for locator("#authModal") to be hidden
    15 √ó locator resolved to visible <div id="authModal" class="modal show">‚Ä¶</div>

2025-10-04 22:29:23 [[33m WARNING[0m] Token not found after registration, may have failed
[31mERROR[0m
================================================================================
Finished test: test_navigation_keyboard_shortcuts[chromium]
================================================================================


test_navigation.py::test_breadcrumb_navigation[chromium] 
================================================================================
Starting test: test_breadcrumb_navigation[chromium]
================================================================================

[1m-------------------------------- live log setup --------------------------------[0m
2025-10-04 22:29:23 [[32m    INFO[0m] Waiting for auth modal to appear
2025-10-04 22:29:23 [[32m    INFO[0m] Waiting for #authModal to be visible
2025-10-04 22:29:23 [[32m    INFO[0m] Waiting for #registerTab to be visible
2025-10-04 22:29:23 [[32m    INFO[0m] Registering user: testuser_20251004_222923_7u14
2025-10-04 22:29:23 [[32m    INFO[0m] Switching to register mode
2025-10-04 22:29:23 [[32m    INFO[0m] Already in register mode
2025-10-04 22:29:23 [[32m    INFO[0m] Filling username: testuser_20251004_222923_7u14
2025-10-04 22:29:23 [[32m    INFO[0m] Filling #registerUsername with: testuser_20251004_22...
2025-10-04 22:29:23 [[32m    INFO[0m] Filling password
2025-10-04 22:29:23 [[32m    INFO[0m] Filling #registerPassword with: Testxjrr9gbuvbe5!...
2025-10-04 22:29:23 [[32m    INFO[0m] Filling email: test_20251004_222923_7u14@example.com
2025-10-04 22:29:23 [[32m    INFO[0m] Filling #registerEmail with: test_20251004_222923...
2025-10-04 22:29:23 [[32m    INFO[0m] Clicking Register button
2025-10-04 22:29:23 [[32m    INFO[0m] Clicking: #registerForm button[type='submit']
2025-10-04 22:29:24 [[32m    INFO[0m] Waiting for auth modal to close
2025-10-04 22:29:24 [[32m    INFO[0m] Waiting for #authModal to be hidden
2025-10-04 22:29:29 [[33m WARNING[0m] Modal didn't close automatically, checking auth state: Page.wait_for_selector: Timeout 5000ms exceeded.
Call log:
  - waiting for locator("#authModal") to be hidden
    15 √ó locator resolved to visible <div id="authModal" class="modal show">‚Ä¶</div>

2025-10-04 22:29:29 [[33m WARNING[0m] Token not found after registration, may have failed
[31mERROR[0m
================================================================================
Finished test: test_breadcrumb_navigation[chromium]
================================================================================


test_navigation.py::test_page_titles_update[chromium] 
================================================================================
Starting test: test_page_titles_update[chromium]
================================================================================

[1m-------------------------------- live log setup --------------------------------[0m
2025-10-04 22:29:30 [[32m    INFO[0m] Waiting for auth modal to appear
2025-10-04 22:29:30 [[32m    INFO[0m] Waiting for #authModal to be visible
2025-10-04 22:29:30 [[32m    INFO[0m] Waiting for #registerTab to be visible
2025-10-04 22:29:30 [[32m    INFO[0m] Registering user: testuser_20251004_222930_j4iq
2025-10-04 22:29:30 [[32m    INFO[0m] Switching to register mode
2025-10-04 22:29:30 [[32m    INFO[0m] Already in register mode
2025-10-04 22:29:30 [[32m    INFO[0m] Filling username: testuser_20251004_222930_j4iq
2025-10-04 22:29:30 [[32m    INFO[0m] Filling #registerUsername with: testuser_20251004_22...
2025-10-04 22:29:30 [[32m    INFO[0m] Filling password
2025-10-04 22:29:30 [[32m    INFO[0m] Filling #registerPassword with: Testvb1n31l2face!...
2025-10-04 22:29:30 [[32m    INFO[0m] Filling email: test_20251004_222930_j4iq@example.com
2025-10-04 22:29:30 [[32m    INFO[0m] Filling #registerEmail with: test_20251004_222930...
2025-10-04 22:29:30 [[32m    INFO[0m] Clicking Register button
2025-10-04 22:29:30 [[32m    INFO[0m] Clicking: #registerForm button[type='submit']
2025-10-04 22:29:31 [[32m    INFO[0m] Waiting for auth modal to close
2025-10-04 22:29:31 [[32m    INFO[0m] Waiting for #authModal to be hidden
2025-10-04 22:29:36 [[33m WARNING[0m] Modal didn't close automatically, checking auth state: Page.wait_for_selector: Timeout 5000ms exceeded.
Call log:
  - waiting for locator("#authModal") to be hidden
    15 √ó locator resolved to visible <div id="authModal" class="modal show">‚Ä¶</div>

2025-10-04 22:29:36 [[33m WARNING[0m] Token not found after registration, may have failed
[31mERROR[0m
================================================================================
Finished test: test_page_titles_update[chromium]
================================================================================


test_navigation.py::test_quick_deploy_button[chromium] 
================================================================================
Starting test: test_quick_deploy_button[chromium]
================================================================================

[1m-------------------------------- live log setup --------------------------------[0m
2025-10-04 22:29:37 [[32m    INFO[0m] Waiting for auth modal to appear
2025-10-04 22:29:37 [[32m    INFO[0m] Waiting for #authModal to be visible
2025-10-04 22:29:37 [[32m    INFO[0m] Waiting for #registerTab to be visible
2025-10-04 22:29:37 [[32m    INFO[0m] Registering user: testuser_20251004_222937_7mcd
2025-10-04 22:29:37 [[32m    INFO[0m] Switching to register mode
2025-10-04 22:29:37 [[32m    INFO[0m] Already in register mode
2025-10-04 22:29:37 [[32m    INFO[0m] Filling username: testuser_20251004_222937_7mcd
2025-10-04 22:29:37 [[32m    INFO[0m] Filling #registerUsername with: testuser_20251004_22...
2025-10-04 22:29:37 [[32m    INFO[0m] Filling password
2025-10-04 22:29:37 [[32m    INFO[0m] Filling #registerPassword with: Testp0hwguivxe6i!...
2025-10-04 22:29:37 [[32m    INFO[0m] Filling email: test_20251004_222937_7mcd@example.com
2025-10-04 22:29:37 [[32m    INFO[0m] Filling #registerEmail with: test_20251004_222937...
2025-10-04 22:29:37 [[32m    INFO[0m] Clicking Register button
2025-10-04 22:29:37 [[32m    INFO[0m] Clicking: #registerForm button[type='submit']
2025-10-04 22:29:38 [[32m    INFO[0m] Waiting for auth modal to close
2025-10-04 22:29:38 [[32m    INFO[0m] Waiting for #authModal to be hidden
2025-10-04 22:29:43 [[33m WARNING[0m] Modal didn't close automatically, checking auth state: Page.wait_for_selector: Timeout 5000ms exceeded.
Call log:
  - waiting for locator("#authModal") to be hidden
    15 √ó locator resolved to visible <div id="authModal" class="modal show">‚Ä¶</div>

2025-10-04 22:29:43 [[33m WARNING[0m] Token not found after registration, may have failed
[31mERROR[0m
================================================================================
Finished test: test_quick_deploy_button[chromium]
================================================================================


test_navigation.py::test_logo_click_returns_home[chromium] 
================================================================================
Starting test: test_logo_click_returns_home[chromium]
================================================================================

[1m-------------------------------- live log setup --------------------------------[0m
2025-10-04 22:29:44 [[32m    INFO[0m] Waiting for auth modal to appear
2025-10-04 22:29:44 [[32m    INFO[0m] Waiting for #authModal to be visible
2025-10-04 22:29:44 [[32m    INFO[0m] Waiting for #registerTab to be visible
2025-10-04 22:29:44 [[32m    INFO[0m] Registering user: testuser_20251004_222944_pkis
2025-10-04 22:29:44 [[32m    INFO[0m] Switching to register mode
2025-10-04 22:29:44 [[32m    INFO[0m] Already in register mode
2025-10-04 22:29:44 [[32m    INFO[0m] Filling username: testuser_20251004_222944_pkis
2025-10-04 22:29:44 [[32m    INFO[0m] Filling #registerUsername with: testuser_20251004_22...
2025-10-04 22:29:44 [[32m    INFO[0m] Filling password
2025-10-04 22:29:44 [[32m    INFO[0m] Filling #registerPassword with: Test9u1pkp0zlasw!...
2025-10-04 22:29:44 [[32m    INFO[0m] Filling email: test_20251004_222944_pkis@example.com
2025-10-04 22:29:44 [[32m    INFO[0m] Filling #registerEmail with: test_20251004_222944...
2025-10-04 22:29:44 [[32m    INFO[0m] Clicking Register button
2025-10-04 22:29:44 [[32m    INFO[0m] Clicking: #registerForm button[type='submit']
2025-10-04 22:29:45 [[32m    INFO[0m] Waiting for auth modal to close
2025-10-04 22:29:45 [[32m    INFO[0m] Waiting for #authModal to be hidden
2025-10-04 22:29:50 [[33m WARNING[0m] Modal didn't close automatically, checking auth state: Page.wait_for_selector: Timeout 5000ms exceeded.
Call log:
  - waiting for locator("#authModal") to be hidden
    15 √ó locator resolved to visible <div id="authModal" class="modal show">‚Ä¶</div>

2025-10-04 22:29:50 [[33m WARNING[0m] Token not found after registration, may have failed
[31mERROR[0m
================================================================================
Finished test: test_logo_click_returns_home[chromium]
================================================================================


test_settings.py::test_settings_page_loads[chromium] 
================================================================================
Starting test: test_settings_page_loads[chromium]
================================================================================

[1m-------------------------------- live log setup --------------------------------[0m
2025-10-04 22:29:51 [[32m    INFO[0m] Waiting for auth modal to appear
2025-10-04 22:29:51 [[32m    INFO[0m] Waiting for #authModal to be visible
2025-10-04 22:29:51 [[32m    INFO[0m] Waiting for #registerTab to be visible
2025-10-04 22:29:51 [[32m    INFO[0m] Registering user: testuser_20251004_222951_bk5a
2025-10-04 22:29:51 [[32m    INFO[0m] Switching to register mode
2025-10-04 22:29:51 [[32m    INFO[0m] Already in register mode
2025-10-04 22:29:51 [[32m    INFO[0m] Filling username: testuser_20251004_222951_bk5a
2025-10-04 22:29:51 [[32m    INFO[0m] Filling #registerUsername with: testuser_20251004_22...
2025-10-04 22:29:51 [[32m    INFO[0m] Filling password
2025-10-04 22:29:51 [[32m    INFO[0m] Filling #registerPassword with: Test9jvfaz3grupn!...
2025-10-04 22:29:51 [[32m    INFO[0m] Filling email: test_20251004_222951_bk5a@example.com
2025-10-04 22:29:51 [[32m    INFO[0m] Filling #registerEmail with: test_20251004_222951...
2025-10-04 22:29:51 [[32m    INFO[0m] Clicking Register button
2025-10-04 22:29:51 [[32m    INFO[0m] Clicking: #registerForm button[type='submit']
2025-10-04 22:29:52 [[32m    INFO[0m] Waiting for auth modal to close
2025-10-04 22:29:52 [[32m    INFO[0m] Waiting for #authModal to be hidden
2025-10-04 22:29:57 [[33m WARNING[0m] Modal didn't close automatically, checking auth state: Page.wait_for_selector: Timeout 5000ms exceeded.
Call log:
  - waiting for locator("#authModal") to be hidden
    15 √ó locator resolved to visible <div id="authModal" class="modal show">‚Ä¶</div>

2025-10-04 22:29:57 [[33m WARNING[0m] Token not found after registration, may have failed
[31mERROR[0m
================================================================================
Finished test: test_settings_page_loads[chromium]
================================================================================


test_settings.py::test_settings_tab_navigation[chromium] 
================================================================================
Starting test: test_settings_tab_navigation[chromium]
================================================================================

[1m-------------------------------- live log setup --------------------------------[0m
2025-10-04 22:29:58 [[32m    INFO[0m] Waiting for auth modal to appear
2025-10-04 22:29:58 [[32m    INFO[0m] Waiting for #authModal to be visible
2025-10-04 22:29:58 [[32m    INFO[0m] Waiting for #registerTab to be visible
2025-10-04 22:29:58 [[32m    INFO[0m] Registering user: testuser_20251004_222958_ev1b
2025-10-04 22:29:58 [[32m    INFO[0m] Switching to register mode
2025-10-04 22:29:58 [[32m    INFO[0m] Already in register mode
2025-10-04 22:29:58 [[32m    INFO[0m] Filling username: testuser_20251004_222958_ev1b
2025-10-04 22:29:58 [[32m    INFO[0m] Filling #registerUsername with: testuser_20251004_22...
2025-10-04 22:29:58 [[32m    INFO[0m] Filling password
2025-10-04 22:29:58 [[32m    INFO[0m] Filling #registerPassword with: Testmwr3l7zcqjz6!...
2025-10-04 22:29:58 [[32m    INFO[0m] Filling email: test_20251004_222958_ev1b@example.com
2025-10-04 22:29:58 [[32m    INFO[0m] Filling #registerEmail with: test_20251004_222958...
2025-10-04 22:29:58 [[32m    INFO[0m] Clicking Register button
2025-10-04 22:29:58 [[32m    INFO[0m] Clicking: #registerForm button[type='submit']
2025-10-04 22:29:59 [[32m    INFO[0m] Waiting for auth modal to close
2025-10-04 22:29:59 [[32m    INFO[0m] Waiting for #authModal to be hidden
2025-10-04 22:30:04 [[33m WARNING[0m] Modal didn't close automatically, checking auth state: Page.wait_for_selector: Timeout 5000ms exceeded.
Call log:
  - waiting for locator("#authModal") to be hidden
    15 √ó locator resolved to visible <div id="authModal" class="modal show">‚Ä¶</div>

2025-10-04 22:30:04 [[33m WARNING[0m] Token not found after registration, may have failed
[31mERROR[0m
================================================================================
Finished test: test_settings_tab_navigation[chromium]
================================================================================


test_settings.py::test_proxmox_settings_form[chromium] 
================================================================================
Starting test: test_proxmox_settings_form[chromium]
================================================================================

[1m-------------------------------- live log setup --------------------------------[0m
2025-10-04 22:30:04 [[32m    INFO[0m] Waiting for auth modal to appear
2025-10-04 22:30:04 [[32m    INFO[0m] Waiting for #authModal to be visible
2025-10-04 22:30:04 [[32m    INFO[0m] Waiting for #registerTab to be visible
2025-10-04 22:30:04 [[32m    INFO[0m] Registering user: testuser_20251004_223004_6ci3
2025-10-04 22:30:04 [[32m    INFO[0m] Switching to register mode
2025-10-04 22:30:04 [[32m    INFO[0m] Already in register mode
2025-10-04 22:30:04 [[32m    INFO[0m] Filling username: testuser_20251004_223004_6ci3
2025-10-04 22:30:04 [[32m    INFO[0m] Filling #registerUsername with: testuser_20251004_22...
2025-10-04 22:30:04 [[32m    INFO[0m] Filling password
2025-10-04 22:30:04 [[32m    INFO[0m] Filling #registerPassword with: Testmz2uwoasfxdr!...
2025-10-04 22:30:04 [[32m    INFO[0m] Filling email: test_20251004_223004_6ci3@example.com
2025-10-04 22:30:04 [[32m    INFO[0m] Filling #registerEmail with: test_20251004_223004...
2025-10-04 22:30:05 [[32m    INFO[0m] Clicking Register button
2025-10-04 22:30:05 [[32m    INFO[0m] Clicking: #registerForm button[type='submit']
2025-10-04 22:30:06 [[32m    INFO[0m] Waiting for auth modal to close
2025-10-04 22:30:06 [[32m    INFO[0m] Waiting for #authModal to be hidden
2025-10-04 22:30:11 [[33m WARNING[0m] Modal didn't close automatically, checking auth state: Page.wait_for_selector: Timeout 5000ms exceeded.
Call log:
  - waiting for locator("#authModal") to be hidden
    15 √ó locator resolved to visible <div id="authModal" class="modal show">‚Ä¶</div>

2025-10-04 22:30:11 [[33m WARNING[0m] Token not found after registration, may have failed
[31mERROR[0m
================================================================================
Finished test: test_proxmox_settings_form[chromium]
================================================================================


test_settings.py::test_proxmox_test_connection[chromium] 
================================================================================
Starting test: test_proxmox_test_connection[chromium]
================================================================================

[1m-------------------------------- live log setup --------------------------------[0m
2025-10-04 22:30:11 [[32m    INFO[0m] Waiting for auth modal to appear
2025-10-04 22:30:11 [[32m    INFO[0m] Waiting for #authModal to be visible
2025-10-04 22:30:11 [[32m    INFO[0m] Waiting for #registerTab to be visible
2025-10-04 22:30:11 [[32m    INFO[0m] Registering user: testuser_20251004_223011_0u5v
2025-10-04 22:30:11 [[32m    INFO[0m] Switching to register mode
2025-10-04 22:30:11 [[32m    INFO[0m] Already in register mode
2025-10-04 22:30:11 [[32m    INFO[0m] Filling username: testuser_20251004_223011_0u5v
2025-10-04 22:30:11 [[32m    INFO[0m] Filling #registerUsername with: testuser_20251004_22...
2025-10-04 22:30:11 [[32m    INFO[0m] Filling password
2025-10-04 22:30:11 [[32m    INFO[0m] Filling #registerPassword with: Test1kxb4gp6kwlz!...
2025-10-04 22:30:11 [[32m    INFO[0m] Filling email: test_20251004_223011_0u5v@example.com
2025-10-04 22:30:11 [[32m    INFO[0m] Filling #registerEmail with: test_20251004_223011...
2025-10-04 22:30:11 [[32m    INFO[0m] Clicking Register button
2025-10-04 22:30:11 [[32m    INFO[0m] Clicking: #registerForm button[type='submit']
2025-10-04 22:30:13 [[32m    INFO[0m] Waiting for auth modal to close
2025-10-04 22:30:13 [[32m    INFO[0m] Waiting for #authModal to be hidden
2025-10-04 22:30:18 [[33m WARNING[0m] Modal didn't close automatically, checking auth state: Page.wait_for_selector: Timeout 5000ms exceeded.
Call log:
  - waiting for locator("#authModal") to be hidden
    15 √ó locator resolved to visible <div id="authModal" class="modal show">‚Ä¶</div>

2025-10-04 22:30:18 [[33m WARNING[0m] Token not found after registration, may have failed
[31mERROR[0m
================================================================================
Finished test: test_proxmox_test_connection[chromium]
================================================================================


test_settings.py::test_network_settings_form[chromium] 
================================================================================
Starting test: test_network_settings_form[chromium]
================================================================================

[1m-------------------------------- live log setup --------------------------------[0m
2025-10-04 22:30:18 [[32m    INFO[0m] Waiting for auth modal to appear
2025-10-04 22:30:18 [[32m    INFO[0m] Waiting for #authModal to be visible
2025-10-04 22:30:18 [[32m    INFO[0m] Waiting for #registerTab to be visible
2025-10-04 22:30:18 [[32m    INFO[0m] Registering user: testuser_20251004_223018_sk2r
2025-10-04 22:30:18 [[32m    INFO[0m] Switching to register mode
2025-10-04 22:30:18 [[32m    INFO[0m] Already in register mode
2025-10-04 22:30:18 [[32m    INFO[0m] Filling username: testuser_20251004_223018_sk2r
2025-10-04 22:30:18 [[32m    INFO[0m] Filling #registerUsername with: testuser_20251004_22...
2025-10-04 22:30:18 [[32m    INFO[0m] Filling password
2025-10-04 22:30:18 [[32m    INFO[0m] Filling #registerPassword with: Testexx82tr5zu01!...
2025-10-04 22:30:18 [[32m    INFO[0m] Filling email: test_20251004_223018_sk2r@example.com
2025-10-04 22:30:18 [[32m    INFO[0m] Filling #registerEmail with: test_20251004_223018...
2025-10-04 22:30:18 [[32m    INFO[0m] Clicking Register button
2025-10-04 22:30:18 [[32m    INFO[0m] Clicking: #registerForm button[type='submit']
2025-10-04 22:30:19 [[32m    INFO[0m] Waiting for auth modal to close
2025-10-04 22:30:19 [[32m    INFO[0m] Waiting for #authModal to be hidden
2025-10-04 22:30:24 [[33m WARNING[0m] Modal didn't close automatically, checking auth state: Page.wait_for_selector: Timeout 5000ms exceeded.
Call log:
  - waiting for locator("#authModal") to be hidden
    15 √ó locator resolved to visible <div id="authModal" class="modal show">‚Ä¶</div>

2025-10-04 22:30:24 [[33m WARNING[0m] Token not found after registration, may have failed
[31mERROR[0m
================================================================================
Finished test: test_network_settings_form[chromium]
================================================================================


test_settings.py::test_resources_settings_form[chromium] 
================================================================================
Starting test: test_resources_settings_form[chromium]
================================================================================

[1m-------------------------------- live log setup --------------------------------[0m
2025-10-04 22:30:25 [[32m    INFO[0m] Waiting for auth modal to appear
2025-10-04 22:30:25 [[32m    INFO[0m] Waiting for #authModal to be visible
2025-10-04 22:30:25 [[32m    INFO[0m] Waiting for #registerTab to be visible
2025-10-04 22:30:25 [[32m    INFO[0m] Registering user: testuser_20251004_223025_akgf
2025-10-04 22:30:25 [[32m    INFO[0m] Switching to register mode
2025-10-04 22:30:25 [[32m    INFO[0m] Already in register mode
2025-10-04 22:30:25 [[32m    INFO[0m] Filling username: testuser_20251004_223025_akgf
2025-10-04 22:30:25 [[32m    INFO[0m] Filling #registerUsername with: testuser_20251004_22...
2025-10-04 22:30:25 [[32m    INFO[0m] Filling password
2025-10-04 22:30:25 [[32m    INFO[0m] Filling #registerPassword with: Testbm8y6dr8dh5k!...
2025-10-04 22:30:25 [[32m    INFO[0m] Filling email: test_20251004_223025_akgf@example.com
2025-10-04 22:30:25 [[32m    INFO[0m] Filling #registerEmail with: test_20251004_223025...
2025-10-04 22:30:25 [[32m    INFO[0m] Clicking Register button
2025-10-04 22:30:25 [[32m    INFO[0m] Clicking: #registerForm button[type='submit']
2025-10-04 22:30:26 [[32m    INFO[0m] Waiting for auth modal to close
2025-10-04 22:30:26 [[32m    INFO[0m] Waiting for #authModal to be hidden
2025-10-04 22:30:31 [[33m WARNING[0m] Modal didn't close automatically, checking auth state: Page.wait_for_selector: Timeout 5000ms exceeded.
Call log:
  - waiting for locator("#authModal") to be hidden
    15 √ó locator resolved to visible <div id="authModal" class="modal show">‚Ä¶</div>

2025-10-04 22:30:31 [[33m WARNING[0m] Token not found after registration, may have failed
[31mERROR[0m
================================================================================
Finished test: test_resources_settings_form[chromium]
================================================================================


test_settings.py::test_system_settings_panel[chromium] 
================================================================================
Starting test: test_system_settings_panel[chromium]
================================================================================

[1m-------------------------------- live log setup --------------------------------[0m
2025-10-04 22:30:32 [[32m    INFO[0m] Waiting for auth modal to appear
2025-10-04 22:30:32 [[32m    INFO[0m] Waiting for #authModal to be visible
2025-10-04 22:30:32 [[32m    INFO[0m] Waiting for #registerTab to be visible
2025-10-04 22:30:32 [[32m    INFO[0m] Registering user: testuser_20251004_223032_egu5
2025-10-04 22:30:32 [[32m    INFO[0m] Switching to register mode
2025-10-04 22:30:32 [[32m    INFO[0m] Already in register mode
2025-10-04 22:30:32 [[32m    INFO[0m] Filling username: testuser_20251004_223032_egu5
2025-10-04 22:30:32 [[32m    INFO[0m] Filling #registerUsername with: testuser_20251004_22...
2025-10-04 22:30:32 [[32m    INFO[0m] Filling password
2025-10-04 22:30:32 [[32m    INFO[0m] Filling #registerPassword with: Testc4povd2bsy1c!...
2025-10-04 22:30:32 [[32m    INFO[0m] Filling email: test_20251004_223032_egu5@example.com
2025-10-04 22:30:32 [[32m    INFO[0m] Filling #registerEmail with: test_20251004_223032...
2025-10-04 22:30:32 [[32m    INFO[0m] Clicking Register button
2025-10-04 22:30:32 [[32m    INFO[0m] Clicking: #registerForm button[type='submit']
2025-10-04 22:30:33 [[32m    INFO[0m] Waiting for auth modal to close
2025-10-04 22:30:33 [[32m    INFO[0m] Waiting for #authModal to be hidden
2025-10-04 22:30:38 [[33m WARNING[0m] Modal didn't close automatically, checking auth state: Page.wait_for_selector: Timeout 5000ms exceeded.
Call log:
  - waiting for locator("#authModal") to be hidden
    15 √ó locator resolved to visible <div id="authModal" class="modal show">‚Ä¶</div>

2025-10-04 22:30:38 [[33m WARNING[0m] Token not found after registration, may have failed
[31mERROR[0m
================================================================================
Finished test: test_system_settings_panel[chromium]
================================================================================


test_settings.py::test_save_proxmox_settings[chromium] [33mSKIPPED[0m (Settings
persistence requires valid config)
test_settings.py::test_settings_keyboard_navigation[chromium] 
================================================================================
Starting test: test_settings_keyboard_navigation[chromium]
================================================================================

[1m-------------------------------- live log setup --------------------------------[0m
2025-10-04 22:30:39 [[32m    INFO[0m] Waiting for auth modal to appear
2025-10-04 22:30:39 [[32m    INFO[0m] Waiting for #authModal to be visible
2025-10-04 22:30:39 [[32m    INFO[0m] Waiting for #registerTab to be visible
2025-10-04 22:30:39 [[32m    INFO[0m] Registering user: testuser_20251004_223039_k9qo
2025-10-04 22:30:39 [[32m    INFO[0m] Switching to register mode
2025-10-04 22:30:39 [[32m    INFO[0m] Already in register mode
2025-10-04 22:30:39 [[32m    INFO[0m] Filling username: testuser_20251004_223039_k9qo
2025-10-04 22:30:39 [[32m    INFO[0m] Filling #registerUsername with: testuser_20251004_22...
2025-10-04 22:30:39 [[32m    INFO[0m] Filling password
2025-10-04 22:30:39 [[32m    INFO[0m] Filling #registerPassword with: Testkayye5dcd9y3!...
2025-10-04 22:30:39 [[32m    INFO[0m] Filling email: test_20251004_223039_k9qo@example.com
2025-10-04 22:30:39 [[32m    INFO[0m] Filling #registerEmail with: test_20251004_223039...
2025-10-04 22:30:39 [[32m    INFO[0m] Clicking Register button
2025-10-04 22:30:39 [[32m    INFO[0m] Clicking: #registerForm button[type='submit']
2025-10-04 22:30:40 [[32m    INFO[0m] Waiting for auth modal to close
2025-10-04 22:30:40 [[32m    INFO[0m] Waiting for #authModal to be hidden
2025-10-04 22:30:45 [[33m WARNING[0m] Modal didn't close automatically, checking auth state: Page.wait_for_selector: Timeout 5000ms exceeded.
Call log:
  - waiting for locator("#authModal") to be hidden
    15 √ó locator resolved to visible <div id="authModal" class="modal show">‚Ä¶</div>

2025-10-04 22:30:45 [[33m WARNING[0m] Token not found after registration, may have failed
[31mERROR[0m
================================================================================
Finished test: test_settings_keyboard_navigation[chromium]
================================================================================


test_settings.py::test_settings_form_validation[chromium] 
================================================================================
Starting test: test_settings_form_validation[chromium]
================================================================================

[1m-------------------------------- live log setup --------------------------------[0m
2025-10-04 22:30:46 [[32m    INFO[0m] Waiting for auth modal to appear
2025-10-04 22:30:46 [[32m    INFO[0m] Waiting for #authModal to be visible
2025-10-04 22:30:46 [[32m    INFO[0m] Waiting for #registerTab to be visible
2025-10-04 22:30:46 [[32m    INFO[0m] Registering user: testuser_20251004_223046_h7su
2025-10-04 22:30:46 [[32m    INFO[0m] Switching to register mode
2025-10-04 22:30:46 [[32m    INFO[0m] Already in register mode
2025-10-04 22:30:46 [[32m    INFO[0m] Filling username: testuser_20251004_223046_h7su
2025-10-04 22:30:46 [[32m    INFO[0m] Filling #registerUsername with: testuser_20251004_22...
2025-10-04 22:30:46 [[32m    INFO[0m] Filling password
2025-10-04 22:30:46 [[32m    INFO[0m] Filling #registerPassword with: Testdgl19up2s9ld!...
2025-10-04 22:30:46 [[32m    INFO[0m] Filling email: test_20251004_223046_h7su@example.com
2025-10-04 22:30:46 [[32m    INFO[0m] Filling #registerEmail with: test_20251004_223046...
2025-10-04 22:30:46 [[32m    INFO[0m] Clicking Register button
2025-10-04 22:30:46 [[32m    INFO[0m] Clicking: #registerForm button[type='submit']
2025-10-04 22:30:47 [[32m    INFO[0m] Waiting for auth modal to close
2025-10-04 22:30:47 [[32m    INFO[0m] Waiting for #authModal to be hidden
2025-10-04 22:30:52 [[33m WARNING[0m] Modal didn't close automatically, checking auth state: Page.wait_for_selector: Timeout 5000ms exceeded.
Call log:
  - waiting for locator("#authModal") to be hidden
    15 √ó locator resolved to visible <div id="authModal" class="modal show">‚Ä¶</div>

2025-10-04 22:30:52 [[33m WARNING[0m] Token not found after registration, may have failed
[31mERROR[0m
================================================================================
Finished test: test_settings_form_validation[chromium]
================================================================================


test_settings.py::test_settings_help_text[chromium] 
================================================================================
Starting test: test_settings_help_text[chromium]
================================================================================

[1m-------------------------------- live log setup --------------------------------[0m
2025-10-04 22:30:53 [[32m    INFO[0m] Waiting for auth modal to appear
2025-10-04 22:30:53 [[32m    INFO[0m] Waiting for #authModal to be visible
2025-10-04 22:30:53 [[32m    INFO[0m] Waiting for #registerTab to be visible
2025-10-04 22:30:53 [[32m    INFO[0m] Registering user: testuser_20251004_223053_7tly
2025-10-04 22:30:53 [[32m    INFO[0m] Switching to register mode
2025-10-04 22:30:53 [[32m    INFO[0m] Already in register mode
2025-10-04 22:30:53 [[32m    INFO[0m] Filling username: testuser_20251004_223053_7tly
2025-10-04 22:30:53 [[32m    INFO[0m] Filling #registerUsername with: testuser_20251004_22...
2025-10-04 22:30:53 [[32m    INFO[0m] Filling password
2025-10-04 22:30:53 [[32m    INFO[0m] Filling #registerPassword with: Testxw354ricssjs!...
2025-10-04 22:30:53 [[32m    INFO[0m] Filling email: test_20251004_223053_7tly@example.com
2025-10-04 22:30:53 [[32m    INFO[0m] Filling #registerEmail with: test_20251004_223053...
2025-10-04 22:30:53 [[32m    INFO[0m] Clicking Register button
2025-10-04 22:30:53 [[32m    INFO[0m] Clicking: #registerForm button[type='submit']
2025-10-04 22:30:54 [[32m    INFO[0m] Waiting for auth modal to close
2025-10-04 22:30:54 [[32m    INFO[0m] Waiting for #authModal to be hidden
2025-10-04 22:30:59 [[33m WARNING[0m] Modal didn't close automatically, checking auth state: Page.wait_for_selector: Timeout 5000ms exceeded.
Call log:
  - waiting for locator("#authModal") to be hidden
    15 √ó locator resolved to visible <div id="authModal" class="modal show">‚Ä¶</div>

2025-10-04 22:30:59 [[33m WARNING[0m] Token not found after registration, may have failed
[31mERROR[0m
================================================================================
Finished test: test_settings_help_text[chromium]
================================================================================



==================================== ERRORS ====================================
[31m[1m______ ERROR at setup of test_open_and_close_canvas_with_button[chromium] ______[0m
[1m[31mE   playwright._impl._errors.TimeoutError: Page.wait_for_function: Timeout 15000ms exceeded.[0m
------------------------------ Captured log setup ------------------------------
[32mINFO    [0m pages.login_page:login_page.py:102 Waiting for auth modal to appear
[32mINFO    [0m pages.base_page:base_page.py:155 Waiting for #authModal to be visible
[32mINFO    [0m pages.base_page:base_page.py:155 Waiting for #registerTab to be visible
[32mINFO    [0m pages.login_page:login_page.py:123 Switching to register mode
[32mINFO    [0m pages.login_page:login_page.py:128 Already in register mode
[32mINFO    [0m pages.login_page:login_page.py:157 Filling username: testuser_20251004_222203_b52g
[32mINFO    [0m pages.base_page:base_page.py:91 Filling #registerUsername with: testuser_20251004_22...
[32mINFO    [0m pages.login_page:login_page.py:179 Filling password
[32mINFO    [0m pages.base_page:base_page.py:91 Filling #registerPassword with: Test77d8fn7kq2zp!...
[32mINFO    [0m pages.login_page:login_page.py:200 Filling email: test_20251004_222203_b52g@example.com
[32mINFO    [0m pages.base_page:base_page.py:91 Filling #registerEmail with: test_20251004_222203...
[32mINFO    [0m pages.login_page:login_page.py:210 Clicking Register button
[32mINFO    [0m pages.base_page:base_page.py:79 Clicking: #registerForm button[type='submit']
[32mINFO    [0m pages.login_page:login_page.py:137 Switching to login mode
[32mINFO    [0m pages.login_page:login_page.py:142 Already in login mode
[32mINFO    [0m pages.login_page:login_page.py:205 Clicking Login submit button
[32mINFO    [0m pages.base_page:base_page.py:79 Clicking: #loginForm button[type='submit']
[32mINFO    [0m pages.dashboard_page:dashboard_page.py:76 Waiting for dashboard to load
[32mINFO    [0m pages.base_page:base_page.py:155 Waiting for #dashboardView to be visible
[32mINFO    [0m pages.base_page:base_page.py:188 Waiting for load state: networkidle
[32mINFO    [0m pages.dashboard_page:dashboard_page.py:92 Navigating to App Store
[32mINFO    [0m pages.base_page:base_page.py:79 Clicking: [data-view='catalog']
[31m[1m________ ERROR at setup of test_close_canvas_with_escape_key[chromium] _________[0m
[1m[31mE   playwright._impl._errors.TimeoutError: Page.wait_for_function: Timeout 15000ms exceeded.[0m
------------------------------ Captured log setup ------------------------------
[32mINFO    [0m pages.login_page:login_page.py:102 Waiting for auth modal to appear
[32mINFO    [0m pages.base_page:base_page.py:155 Waiting for #authModal to be visible
[32mINFO    [0m pages.base_page:base_page.py:155 Waiting for #registerTab to be visible
[32mINFO    [0m pages.login_page:login_page.py:123 Switching to register mode
[32mINFO    [0m pages.login_page:login_page.py:128 Already in register mode
[32mINFO    [0m pages.login_page:login_page.py:157 Filling username: testuser_20251004_222223_g1em
[32mINFO    [0m pages.base_page:base_page.py:91 Filling #registerUsername with: testuser_20251004_22...
[32mINFO    [0m pages.login_page:login_page.py:179 Filling password
[32mINFO    [0m pages.base_page:base_page.py:91 Filling #registerPassword with: Testjhsh4lyg2i24!...
[32mINFO    [0m pages.login_page:login_page.py:200 Filling email: test_20251004_222223_g1em@example.com
[32mINFO    [0m pages.base_page:base_page.py:91 Filling #registerEmail with: test_20251004_222223...
[32mINFO    [0m pages.login_page:login_page.py:210 Clicking Register button
[32mINFO    [0m pages.base_page:base_page.py:79 Clicking: #registerForm button[type='submit']
[32mINFO    [0m pages.login_page:login_page.py:137 Switching to login mode
[32mINFO    [0m pages.login_page:login_page.py:142 Already in login mode
[32mINFO    [0m pages.login_page:login_page.py:205 Clicking Login submit button
[32mINFO    [0m pages.base_page:base_page.py:79 Clicking: #loginForm button[type='submit']
[32mINFO    [0m pages.dashboard_page:dashboard_page.py:76 Waiting for dashboard to load
[32mINFO    [0m pages.base_page:base_page.py:155 Waiting for #dashboardView to be visible
[32mINFO    [0m pages.base_page:base_page.py:188 Waiting for load state: networkidle
[32mINFO    [0m pages.dashboard_page:dashboard_page.py:92 Navigating to App Store
[32mINFO    [0m pages.base_page:base_page.py:79 Clicking: [data-view='catalog']
[31m[1m______ ERROR at setup of test_close_canvas_by_clicking_outside[chromium] _______[0m
[1m[31mE   playwright._impl._errors.TimeoutError: Page.wait_for_function: Timeout 15000ms exceeded.[0m
------------------------------ Captured log setup ------------------------------
[32mINFO    [0m pages.login_page:login_page.py:102 Waiting for auth modal to appear
[32mINFO    [0m pages.base_page:base_page.py:155 Waiting for #authModal to be visible
[32mINFO    [0m pages.base_page:base_page.py:155 Waiting for #registerTab to be visible
[32mINFO    [0m pages.login_page:login_page.py:123 Switching to register mode
[32mINFO    [0m pages.login_page:login_page.py:128 Already in register mode
[32mINFO    [0m pages.login_page:login_page.py:157 Filling username: testuser_20251004_222242_x9wd
[32mINFO    [0m pages.base_page:base_page.py:91 Filling #registerUsername with: testuser_20251004_22...
[32mINFO    [0m pages.login_page:login_page.py:179 Filling password
[32mINFO    [0m pages.base_page:base_page.py:91 Filling #registerPassword with: Test0qocutw6b9io!...
[32mINFO    [0m pages.login_page:login_page.py:200 Filling email: test_20251004_222242_x9wd@example.com
[32mINFO    [0m pages.base_page:base_page.py:91 Filling #registerEmail with: test_20251004_222242...
[32mINFO    [0m pages.login_page:login_page.py:210 Clicking Register button
[32mINFO    [0m pages.base_page:base_page.py:79 Clicking: #registerForm button[type='submit']
[32mINFO    [0m pages.login_page:login_page.py:137 Switching to login mode
[32mINFO    [0m pages.login_page:login_page.py:142 Already in login mode
[32mINFO    [0m pages.login_page:login_page.py:205 Clicking Login submit button
[32mINFO    [0m pages.base_page:base_page.py:79 Clicking: #loginForm button[type='submit']
[32mINFO    [0m pages.dashboard_page:dashboard_page.py:76 Waiting for dashboard to load
[32mINFO    [0m pages.base_page:base_page.py:155 Waiting for #dashboardView to be visible
[32mINFO    [0m pages.base_page:base_page.py:188 Waiting for load state: networkidle
[32mINFO    [0m pages.dashboard_page:dashboard_page.py:92 Navigating to App Store
[32mINFO    [0m pages.base_page:base_page.py:79 Clicking: [data-view='catalog']
[31m[1m_______________ ERROR at setup of test_refresh_canvas[chromium] ________________[0m
[1m[31mE   playwright._impl._errors.TimeoutError: Page.wait_for_function: Timeout 15000ms exceeded.[0m
------------------------------ Captured log setup ------------------------------
[32mINFO    [0m pages.login_page:login_page.py:102 Waiting for auth modal to appear
[32mINFO    [0m pages.base_page:base_page.py:155 Waiting for #authModal to be visible
[32mINFO    [0m pages.base_page:base_page.py:155 Waiting for #registerTab to be visible
[32mINFO    [0m pages.login_page:login_page.py:123 Switching to register mode
[32mINFO    [0m pages.login_page:login_page.py:128 Already in register mode
[32mINFO    [0m pages.login_page:login_page.py:157 Filling username: testuser_20251004_222302_fvcx
[32mINFO    [0m pages.base_page:base_page.py:91 Filling #registerUsername with: testuser_20251004_22...
[32mINFO    [0m pages.login_page:login_page.py:179 Filling password
[32mINFO    [0m pages.base_page:base_page.py:91 Filling #registerPassword with: Testq95abgrlzecp!...
[32mINFO    [0m pages.login_page:login_page.py:200 Filling email: test_20251004_222302_fvcx@example.com
[32mINFO    [0m pages.base_page:base_page.py:91 Filling #registerEmail with: test_20251004_222302...
[32mINFO    [0m pages.login_page:login_page.py:210 Clicking Register button
[32mINFO    [0m pages.base_page:base_page.py:79 Clicking: #registerForm button[type='submit']
[32mINFO    [0m pages.login_page:login_page.py:137 Switching to login mode
[32mINFO    [0m pages.login_page:login_page.py:142 Already in login mode
[32mINFO    [0m pages.login_page:login_page.py:205 Clicking Login submit button
[32mINFO    [0m pages.base_page:base_page.py:79 Clicking: #loginForm button[type='submit']
[32mINFO    [0m pages.dashboard_page:dashboard_page.py:76 Waiting for dashboard to load
[32mINFO    [0m pages.base_page:base_page.py:155 Waiting for #dashboardView to be visible
[32mINFO    [0m pages.base_page:base_page.py:188 Waiting for load state: networkidle
[32mINFO    [0m pages.dashboard_page:dashboard_page.py:92 Navigating to App Store
[32mINFO    [0m pages.base_page:base_page.py:79 Clicking: [data-view='catalog']
[31m[1m______ ERROR at setup of test_canvas_displays_correct_app_name[chromium] _______[0m
[1m[31mE   playwright._impl._errors.TimeoutError: Page.wait_for_function: Timeout 15000ms exceeded.[0m
------------------------------ Captured log setup ------------------------------
[32mINFO    [0m pages.login_page:login_page.py:102 Waiting for auth modal to appear
[32mINFO    [0m pages.base_page:base_page.py:155 Waiting for #authModal to be visible
[32mINFO    [0m pages.base_page:base_page.py:155 Waiting for #registerTab to be visible
[32mINFO    [0m pages.login_page:login_page.py:123 Switching to register mode
[32mINFO    [0m pages.login_page:login_page.py:128 Already in register mode
[32mINFO    [0m pages.login_page:login_page.py:157 Filling username: testuser_20251004_222321_po5t
[32mINFO    [0m pages.base_page:base_page.py:91 Filling #registerUsername with: testuser_20251004_22...
[32mINFO    [0m pages.login_page:login_page.py:179 Filling password
[32mINFO    [0m pages.base_page:base_page.py:91 Filling #registerPassword with: Testgwxeiafl4zs6!...
[32mINFO    [0m pages.login_page:login_page.py:200 Filling email: test_20251004_222321_po5t@example.com
[32mINFO    [0m pages.base_page:base_page.py:91 Filling #registerEmail with: test_20251004_222321...
[32mINFO    [0m pages.login_page:login_page.py:210 Clicking Register button
[32mINFO    [0m pages.base_page:base_page.py:79 Clicking: #registerForm button[type='submit']
[32mINFO    [0m pages.login_page:login_page.py:137 Switching to login mode
[32mINFO    [0m pages.login_page:login_page.py:142 Already in login mode
[32mINFO    [0m pages.login_page:login_page.py:205 Clicking Login submit button
[32mINFO    [0m pages.base_page:base_page.py:79 Clicking: #loginForm button[type='submit']
[32mINFO    [0m pages.dashboard_page:dashboard_page.py:76 Waiting for dashboard to load
[32mINFO    [0m pages.base_page:base_page.py:155 Waiting for #dashboardView to be visible
[32mINFO    [0m pages.base_page:base_page.py:188 Waiting for load state: networkidle
[32mINFO    [0m pages.dashboard_page:dashboard_page.py:92 Navigating to App Store
[32mINFO    [0m pages.base_page:base_page.py:79 Clicking: [data-view='catalog']
[31m[1m_________ ERROR at setup of test_canvas_iframe_loads_content[chromium] _________[0m
[1m[31mE   playwright._impl._errors.TimeoutError: Page.wait_for_function: Timeout 15000ms exceeded.[0m
------------------------------ Captured log setup ------------------------------
[32mINFO    [0m pages.login_page:login_page.py:102 Waiting for auth modal to appear
[32mINFO    [0m pages.base_page:base_page.py:155 Waiting for #authModal to be visible
[32mINFO    [0m pages.base_page:base_page.py:155 Waiting for #registerTab to be visible
[32mINFO    [0m pages.login_page:login_page.py:123 Switching to register mode
[32mINFO    [0m pages.login_page:login_page.py:128 Already in register mode
[32mINFO    [0m pages.login_page:login_page.py:157 Filling username: testuser_20251004_222341_wx0o
[32mINFO    [0m pages.base_page:base_page.py:91 Filling #registerUsername with: testuser_20251004_22...
[32mINFO    [0m pages.login_page:login_page.py:179 Filling password
[32mINFO    [0m pages.base_page:base_page.py:91 Filling #registerPassword with: Testw7shtpzfksw8!...
[32mINFO    [0m pages.login_page:login_page.py:200 Filling email: test_20251004_222341_wx0o@example.com
[32mINFO    [0m pages.base_page:base_page.py:91 Filling #registerEmail with: test_20251004_222341...
[32mINFO    [0m pages.login_page:login_page.py:210 Clicking Register button
[32mINFO    [0m pages.base_page:base_page.py:79 Clicking: #registerForm button[type='submit']
[32mINFO    [0m pages.login_page:login_page.py:137 Switching to login mode
[32mINFO    [0m pages.login_page:login_page.py:142 Already in login mode
[32mINFO    [0m pages.login_page:login_page.py:205 Clicking Login submit button
[32mINFO    [0m pages.base_page:base_page.py:79 Clicking: #loginForm button[type='submit']
[32mINFO    [0m pages.dashboard_page:dashboard_page.py:76 Waiting for dashboard to load
[32mINFO    [0m pages.base_page:base_page.py:155 Waiting for #dashboardView to be visible
[32mINFO    [0m pages.base_page:base_page.py:188 Waiting for load state: networkidle
[32mINFO    [0m pages.dashboard_page:dashboard_page.py:92 Navigating to App Store
[32mINFO    [0m pages.base_page:base_page.py:79 Clicking: [data-view='catalog']
[31m[1m_ ERROR at setup of test_canvas_button_only_visible_for_running_apps[chromium] _[0m
[1m[31mE   playwright._impl._errors.TimeoutError: Page.wait_for_function: Timeout 15000ms exceeded.[0m
------------------------------ Captured log setup ------------------------------
[32mINFO    [0m pages.login_page:login_page.py:102 Waiting for auth modal to appear
[32mINFO    [0m pages.base_page:base_page.py:155 Waiting for #authModal to be visible
[32mINFO    [0m pages.base_page:base_page.py:155 Waiting for #registerTab to be visible
[32mINFO    [0m pages.login_page:login_page.py:123 Switching to register mode
[32mINFO    [0m pages.login_page:login_page.py:128 Already in register mode
[32mINFO    [0m pages.login_page:login_page.py:157 Filling username: testuser_20251004_222400_avqo
[32mINFO    [0m pages.base_page:base_page.py:91 Filling #registerUsername with: testuser_20251004_22...
[32mINFO    [0m pages.login_page:login_page.py:179 Filling password
[32mINFO    [0m pages.base_page:base_page.py:91 Filling #registerPassword with: Testdokfj7w1621b!...
[32mINFO    [0m pages.login_page:login_page.py:200 Filling email: test_20251004_222400_avqo@example.com
[32mINFO    [0m pages.base_page:base_page.py:91 Filling #registerEmail with: test_20251004_222400...
[32mINFO    [0m pages.login_page:login_page.py:210 Clicking Register button
[32mINFO    [0m pages.base_page:base_page.py:79 Clicking: #registerForm button[type='submit']
[32mINFO    [0m pages.login_page:login_page.py:137 Switching to login mode
[32mINFO    [0m pages.login_page:login_page.py:142 Already in login mode
[32mINFO    [0m pages.login_page:login_page.py:205 Clicking Login submit button
[32mINFO    [0m pages.base_page:base_page.py:79 Clicking: #loginForm button[type='submit']
[32mINFO    [0m pages.dashboard_page:dashboard_page.py:76 Waiting for dashboard to load
[32mINFO    [0m pages.base_page:base_page.py:155 Waiting for #dashboardView to be visible
[32mINFO    [0m pages.base_page:base_page.py:188 Waiting for load state: networkidle
[32mINFO    [0m pages.dashboard_page:dashboard_page.py:92 Navigating to App Store
[32mINFO    [0m pages.base_page:base_page.py:79 Clicking: [data-view='catalog']
[31m[1m______________ ERROR at setup of test_view_app_logs_all[chromium] ______________[0m
[1m[31mE   playwright._impl._errors.TimeoutError: Page.wait_for_selector: Timeout 10000ms exceeded.[0m
[1m[31m    Call log:[0m
[1m[31m      - waiting for locator("#authModal") to be visible[0m
------------------------------ Captured log setup ------------------------------
[32mINFO    [0m pages.login_page:login_page.py:102 Waiting for auth modal to appear
[32mINFO    [0m pages.base_page:base_page.py:155 Waiting for #authModal to be visible
[31m[1m____________ ERROR at setup of test_view_app_logs_docker[chromium] _____________[0m
[1m[31mE   playwright._impl._errors.TimeoutError: Page.wait_for_selector: Timeout 10000ms exceeded.[0m
[1m[31m    Call log:[0m
[1m[31m      - waiting for locator("#authModal") to be visible[0m
[31m[1m____________ ERROR at setup of test_view_app_logs_system[chromium] _____________[0m
[1m[31mE   playwright._impl._errors.TimeoutError: Page.wait_for_selector: Timeout 10000ms exceeded.[0m
[1m[31m    Call log:[0m
[1m[31m      - waiting for locator("#authModal") to be visible[0m
[31m[1m______________ ERROR at setup of test_logs_auto_refresh[chromium] ______________[0m
[1m[31mE   playwright._impl._errors.TimeoutError: Page.wait_for_selector: Timeout 10000ms exceeded.[0m
[1m[31m    Call log:[0m
[1m[31m      - waiting for locator("#authModal") to be visible[0m
[31m[1m________________ ERROR at setup of test_download_logs[chromium] ________________[0m
[1m[31mE   playwright._impl._errors.TimeoutError: Page.wait_for_selector: Timeout 10000ms exceeded.[0m
[1m[31m    Call log:[0m
[1m[31m      - waiting for locator("#authModal") to be visible[0m
[31m[1m______________ ERROR at setup of test_open_app_console[chromium] _______________[0m
[1m[31mE   playwright._impl._errors.TimeoutError: Page.wait_for_selector: Timeout 10000ms exceeded.[0m
[1m[31m    Call log:[0m
[1m[31m      - waiting for locator("#authModal") to be visible[0m
[31m[1m___________ ERROR at setup of test_console_quick_commands[chromium] ____________[0m
[1m[31mE   playwright._impl._errors.TimeoutError: Page.wait_for_selector: Timeout 10000ms exceeded.[0m
[1m[31m    Call log:[0m
[1m[31m      - waiting for locator("#authModal") to be visible[0m
[31m[1m______________ ERROR at setup of test_app_external_link[chromium] ______________[0m
[1m[31mE   playwright._impl._errors.TimeoutError: Page.wait_for_selector: Timeout 10000ms exceeded.[0m
[1m[31m    Call log:[0m
[1m[31m      - waiting for locator("#authModal") to be visible[0m
[31m[1m____________ ERROR at setup of test_app_stop_start_cycle[chromium] _____________[0m
[1m[31mE   playwright._impl._errors.TimeoutError: Page.wait_for_selector: Timeout 10000ms exceeded.[0m
[1m[31m    Call log:[0m
[1m[31m      - waiting for locator("#authModal") to be visible[0m
[31m[1m_________________ ERROR at setup of test_app_restart[chromium] _________________[0m
[1m[31mE   playwright._impl._errors.TimeoutError: Page.wait_for_selector: Timeout 10000ms exceeded.[0m
[1m[31m    Call log:[0m
[1m[31m      - waiting for locator("#authModal") to be visible[0m
[31m[1m__________ ERROR at setup of test_infrastructure_page_loads[chromium] __________[0m
[1m[31mE   playwright._impl._errors.TimeoutError: Page.wait_for_selector: Timeout 5000ms exceeded.[0m
[1m[31m    Call log:[0m
[1m[31m      - waiting for locator("#authModal") to be hidden[0m
[1m[31m        15 √ó locator resolved to visible <div id="authModal" class="modal show">‚Ä¶</div>[0m

[33mDuring handling of the above exception, another exception occurred:[0m
[1m[31mE   Exception: Registration may have failed - no token found[0m
------------------------------ Captured log setup ------------------------------
[32mINFO    [0m pages.login_page:login_page.py:102 Waiting for auth modal to appear
[32mINFO    [0m pages.base_page:base_page.py:155 Waiting for #authModal to be visible
[32mINFO    [0m pages.base_page:base_page.py:155 Waiting for #registerTab to be visible
[32mINFO    [0m pages.login_page:login_page.py:253 Registering user: testuser_20251004_222719_t4p0
[32mINFO    [0m pages.login_page:login_page.py:123 Switching to register mode
[32mINFO    [0m pages.login_page:login_page.py:128 Already in register mode
[32mINFO    [0m pages.login_page:login_page.py:157 Filling username: testuser_20251004_222719_t4p0
[32mINFO    [0m pages.base_page:base_page.py:91 Filling #registerUsername with: testuser_20251004_22...
[32mINFO    [0m pages.login_page:login_page.py:179 Filling password
[32mINFO    [0m pages.base_page:base_page.py:91 Filling #registerPassword with: Testaji8ax4vc35r!...
[32mINFO    [0m pages.login_page:login_page.py:200 Filling email: test_20251004_222719_t4p0@example.com
[32mINFO    [0m pages.base_page:base_page.py:91 Filling #registerEmail with: test_20251004_222719...
[32mINFO    [0m pages.login_page:login_page.py:210 Clicking Register button
[32mINFO    [0m pages.base_page:base_page.py:79 Clicking: #registerForm button[type='submit']
[32mINFO    [0m pages.login_page:login_page.py:114 Waiting for auth modal to close
[32mINFO    [0m pages.base_page:base_page.py:155 Waiting for #authModal to be hidden
[33mWARNING [0m pages.login_page:login_page.py:280 Modal didn't close automatically, checking auth state: Page.wait_for_selector: Timeout 5000ms exceeded.
Call log:
  - waiting for locator("#authModal") to be hidden
    15 √ó locator resolved to visible <div id="authModal" class="modal show">‚Ä¶</div>

[33mWARNING [0m pages.login_page:login_page.py:303 Token not found after registration, may have failed
[31m[1m____________ ERROR at setup of test_proxmox_nodes_display[chromium] ____________[0m
[1m[31mE   playwright._impl._errors.TimeoutError: Page.wait_for_selector: Timeout 5000ms exceeded.[0m
[1m[31m    Call log:[0m
[1m[31m      - waiting for locator("#authModal") to be hidden[0m
[1m[31m        15 √ó locator resolved to visible <div id="authModal" class="modal show">‚Ä¶</div>[0m

[33mDuring handling of the above exception, another exception occurred:[0m
[1m[31mE   Exception: Registration may have failed - no token found[0m
------------------------------ Captured log setup ------------------------------
[32mINFO    [0m pages.login_page:login_page.py:102 Waiting for auth modal to appear
[32mINFO    [0m pages.base_page:base_page.py:155 Waiting for #authModal to be visible
[32mINFO    [0m pages.base_page:base_page.py:155 Waiting for #registerTab to be visible
[32mINFO    [0m pages.login_page:login_page.py:253 Registering user: testuser_20251004_222726_wfgd
[32mINFO    [0m pages.login_page:login_page.py:123 Switching to register mode
[32mINFO    [0m pages.login_page:login_page.py:128 Already in register mode
[32mINFO    [0m pages.login_page:login_page.py:157 Filling username: testuser_20251004_222726_wfgd
[32mINFO    [0m pages.base_page:base_page.py:91 Filling #registerUsername with: testuser_20251004_22...
[32mINFO    [0m pages.login_page:login_page.py:179 Filling password
[32mINFO    [0m pages.base_page:base_page.py:91 Filling #registerPassword with: Testmghh96sw2bb9!...
[32mINFO    [0m pages.login_page:login_page.py:200 Filling email: test_20251004_222726_wfgd@example.com
[32mINFO    [0m pages.base_page:base_page.py:91 Filling #registerEmail with: test_20251004_222726...
[32mINFO    [0m pages.login_page:login_page.py:210 Clicking Register button
[32mINFO    [0m pages.base_page:base_page.py:79 Clicking: #registerForm button[type='submit']
[32mINFO    [0m pages.login_page:login_page.py:114 Waiting for auth modal to close
[32mINFO    [0m pages.base_page:base_page.py:155 Waiting for #authModal to be hidden
[33mWARNING [0m pages.login_page:login_page.py:280 Modal didn't close automatically, checking auth state: Page.wait_for_selector: Timeout 5000ms exceeded.
Call log:
  - waiting for locator("#authModal") to be hidden
    15 √ó locator resolved to visible <div id="authModal" class="modal show">‚Ä¶</div>

[33mWARNING [0m pages.login_page:login_page.py:303 Token not found after registration, may have failed
[31m[1m__________ ERROR at setup of test_network_appliance_status[chromium] ___________[0m
[1m[31mE   playwright._impl._errors.TimeoutError: Page.wait_for_selector: Timeout 5000ms exceeded.[0m
[1m[31m    Call log:[0m
[1m[31m      - waiting for locator("#authModal") to be hidden[0m
[1m[31m        15 √ó locator resolved to visible <div id="authModal" class="modal show">‚Ä¶</div>[0m

[33mDuring handling of the above exception, another exception occurred:[0m
[1m[31mE   Exception: Registration may have failed - no token found[0m
------------------------------ Captured log setup ------------------------------
[32mINFO    [0m pages.login_page:login_page.py:102 Waiting for auth modal to appear
[32mINFO    [0m pages.base_page:base_page.py:155 Waiting for #authModal to be visible
[32mINFO    [0m pages.base_page:base_page.py:155 Waiting for #registerTab to be visible
[32mINFO    [0m pages.login_page:login_page.py:253 Registering user: testuser_20251004_222733_mx2c
[32mINFO    [0m pages.login_page:login_page.py:123 Switching to register mode
[32mINFO    [0m pages.login_page:login_page.py:128 Already in register mode
[32mINFO    [0m pages.login_page:login_page.py:157 Filling username: testuser_20251004_222733_mx2c
[32mINFO    [0m pages.base_page:base_page.py:91 Filling #registerUsername with: testuser_20251004_22...
[32mINFO    [0m pages.login_page:login_page.py:179 Filling password
[32mINFO    [0m pages.base_page:base_page.py:91 Filling #registerPassword with: Testvfhgc20crkmg!...
[32mINFO    [0m pages.login_page:login_page.py:200 Filling email: test_20251004_222733_mx2c@example.com
[32mINFO    [0m pages.base_page:base_page.py:91 Filling #registerEmail with: test_20251004_222733...
[32mINFO    [0m pages.login_page:login_page.py:210 Clicking Register button
[32mINFO    [0m pages.base_page:base_page.py:79 Clicking: #registerForm button[type='submit']
[32mINFO    [0m pages.login_page:login_page.py:114 Waiting for auth modal to close
[32mINFO    [0m pages.base_page:base_page.py:155 Waiting for #authModal to be hidden
[33mWARNING [0m pages.login_page:login_page.py:280 Modal didn't close automatically, checking auth state: Page.wait_for_selector: Timeout 5000ms exceeded.
Call log:
  - waiting for locator("#authModal") to be hidden
    15 √ó locator resolved to visible <div id="authModal" class="modal show">‚Ä¶</div>

[33mWARNING [0m pages.login_page:login_page.py:303 Token not found after registration, may have failed
[31m[1m___________ ERROR at setup of test_refresh_infrastructure[chromium] ____________[0m
[1m[31mE   playwright._impl._errors.TimeoutError: Page.wait_for_selector: Timeout 5000ms exceeded.[0m
[1m[31m    Call log:[0m
[1m[31m      - waiting for locator("#authModal") to be hidden[0m
[1m[31m        15 √ó locator resolved to visible <div id="authModal" class="modal show">‚Ä¶</div>[0m

[33mDuring handling of the above exception, another exception occurred:[0m
[1m[31mE   Exception: Registration may have failed - no token found[0m
------------------------------ Captured log setup ------------------------------
[32mINFO    [0m pages.login_page:login_page.py:102 Waiting for auth modal to appear
[32mINFO    [0m pages.base_page:base_page.py:155 Waiting for #authModal to be visible
[32mINFO    [0m pages.base_page:base_page.py:155 Waiting for #registerTab to be visible
[32mINFO    [0m pages.login_page:login_page.py:253 Registering user: testuser_20251004_222740_zzi8
[32mINFO    [0m pages.login_page:login_page.py:123 Switching to register mode
[32mINFO    [0m pages.login_page:login_page.py:128 Already in register mode
[32mINFO    [0m pages.login_page:login_page.py:157 Filling username: testuser_20251004_222740_zzi8
[32mINFO    [0m pages.base_page:base_page.py:91 Filling #registerUsername with: testuser_20251004_22...
[32mINFO    [0m pages.login_page:login_page.py:179 Filling password
[32mINFO    [0m pages.base_page:base_page.py:91 Filling #registerPassword with: Testwpjt1mray9wv!...
[32mINFO    [0m pages.login_page:login_page.py:200 Filling email: test_20251004_222740_zzi8@example.com
[32mINFO    [0m pages.base_page:base_page.py:91 Filling #registerEmail with: test_20251004_222740...
[32mINFO    [0m pages.login_page:login_page.py:210 Clicking Register button
[32mINFO    [0m pages.base_page:base_page.py:79 Clicking: #registerForm button[type='submit']
[32mINFO    [0m pages.login_page:login_page.py:114 Waiting for auth modal to close
[32mINFO    [0m pages.base_page:base_page.py:155 Waiting for #authModal to be hidden
[33mWARNING [0m pages.login_page:login_page.py:280 Modal didn't close automatically, checking auth state: Page.wait_for_selector: Timeout 5000ms exceeded.
Call log:
  - waiting for locator("#authModal") to be hidden
    15 √ó locator resolved to visible <div id="authModal" class="modal show">‚Ä¶</div>

[33mWARNING [0m pages.login_page:login_page.py:303 Token not found after registration, may have failed
[31m[1m_____________ ERROR at setup of test_view_appliance_logs[chromium] _____________[0m
[1m[31mE   playwright._impl._errors.TimeoutError: Page.wait_for_selector: Timeout 5000ms exceeded.[0m
[1m[31m    Call log:[0m
[1m[31m      - waiting for locator("#authModal") to be hidden[0m
[1m[31m        15 √ó locator resolved to visible <div id="authModal" class="modal show">‚Ä¶</div>[0m

[33mDuring handling of the above exception, another exception occurred:[0m
[1m[31mE   Exception: Registration may have failed - no token found[0m
------------------------------ Captured log setup ------------------------------
[32mINFO    [0m pages.login_page:login_page.py:102 Waiting for auth modal to appear
[32mINFO    [0m pages.base_page:base_page.py:155 Waiting for #authModal to be visible
[32mINFO    [0m pages.base_page:base_page.py:155 Waiting for #registerTab to be visible
[32mINFO    [0m pages.login_page:login_page.py:253 Registering user: testuser_20251004_222746_oxfp
[32mINFO    [0m pages.login_page:login_page.py:123 Switching to register mode
[32mINFO    [0m pages.login_page:login_page.py:128 Already in register mode
[32mINFO    [0m pages.login_page:login_page.py:157 Filling username: testuser_20251004_222746_oxfp
[32mINFO    [0m pages.base_page:base_page.py:91 Filling #registerUsername with: testuser_20251004_22...
[32mINFO    [0m pages.login_page:login_page.py:179 Filling password
[32mINFO    [0m pages.base_page:base_page.py:91 Filling #registerPassword with: Testorxrv0xq4lnx!...
[32mINFO    [0m pages.login_page:login_page.py:200 Filling email: test_20251004_222746_oxfp@example.com
[32mINFO    [0m pages.base_page:base_page.py:91 Filling #registerEmail with: test_20251004_222746...
[32mINFO    [0m pages.login_page:login_page.py:210 Clicking Register button
[32mINFO    [0m pages.base_page:base_page.py:79 Clicking: #registerForm button[type='submit']
[32mINFO    [0m pages.login_page:login_page.py:114 Waiting for auth modal to close
[32mINFO    [0m pages.base_page:base_page.py:155 Waiting for #authModal to be hidden
[33mWARNING [0m pages.login_page:login_page.py:280 Modal didn't close automatically, checking auth state: Page.wait_for_selector: Timeout 5000ms exceeded.
Call log:
  - waiting for locator("#authModal") to be hidden
    15 √ó locator resolved to visible <div id="authModal" class="modal show">‚Ä¶</div>

[33mWARNING [0m pages.login_page:login_page.py:303 Token not found after registration, may have failed
[31m[1m__________ ERROR at setup of test_restart_appliance_button[chromium] ___________[0m
[1m[31mE   playwright._impl._errors.TimeoutError: Page.wait_for_selector: Timeout 5000ms exceeded.[0m
[1m[31m    Call log:[0m
[1m[31m      - waiting for locator("#authModal") to be hidden[0m
[1m[31m        15 √ó locator resolved to visible <div id="authModal" class="modal show">‚Ä¶</div>[0m

[33mDuring handling of the above exception, another exception occurred:[0m
[1m[31mE   Exception: Registration may have failed - no token found[0m
------------------------------ Captured log setup ------------------------------
[32mINFO    [0m pages.login_page:login_page.py:102 Waiting for auth modal to appear
[32mINFO    [0m pages.base_page:base_page.py:155 Waiting for #authModal to be visible
[32mINFO    [0m pages.base_page:base_page.py:155 Waiting for #registerTab to be visible
[32mINFO    [0m pages.login_page:login_page.py:253 Registering user: testuser_20251004_222753_nc3f
[32mINFO    [0m pages.login_page:login_page.py:123 Switching to register mode
[32mINFO    [0m pages.login_page:login_page.py:128 Already in register mode
[32mINFO    [0m pages.login_page:login_page.py:157 Filling username: testuser_20251004_222753_nc3f
[32mINFO    [0m pages.base_page:base_page.py:91 Filling #registerUsername with: testuser_20251004_22...
[32mINFO    [0m pages.login_page:login_page.py:179 Filling password
[32mINFO    [0m pages.base_page:base_page.py:91 Filling #registerPassword with: Testamrzvfzn2v73!...
[32mINFO    [0m pages.login_page:login_page.py:200 Filling email: test_20251004_222753_nc3f@example.com
[32mINFO    [0m pages.base_page:base_page.py:91 Filling #registerEmail with: test_20251004_222753...
[32mINFO    [0m pages.login_page:login_page.py:210 Clicking Register button
[32mINFO    [0m pages.base_page:base_page.py:79 Clicking: #registerForm button[type='submit']
[32mINFO    [0m pages.login_page:login_page.py:114 Waiting for auth modal to close
[32mINFO    [0m pages.base_page:base_page.py:155 Waiting for #authModal to be hidden
[33mWARNING [0m pages.login_page:login_page.py:280 Modal didn't close automatically, checking auth state: Page.wait_for_selector: Timeout 5000ms exceeded.
Call log:
  - waiting for locator("#authModal") to be hidden
    15 √ó locator resolved to visible <div id="authModal" class="modal show">‚Ä¶</div>

[33mWARNING [0m pages.login_page:login_page.py:303 Token not found after registration, may have failed
[31m[1m_____________ ERROR at setup of test_nat_testing_button[chromium] ______________[0m
[1m[31mE   playwright._impl._errors.TimeoutError: Page.wait_for_selector: Timeout 5000ms exceeded.[0m
[1m[31m    Call log:[0m
[1m[31m      - waiting for locator("#authModal") to be hidden[0m
[1m[31m        15 √ó locator resolved to visible <div id="authModal" class="modal show">‚Ä¶</div>[0m

[33mDuring handling of the above exception, another exception occurred:[0m
[1m[31mE   Exception: Registration may have failed - no token found[0m
------------------------------ Captured log setup ------------------------------
[32mINFO    [0m pages.login_page:login_page.py:102 Waiting for auth modal to appear
[32mINFO    [0m pages.base_page:base_page.py:155 Waiting for #authModal to be visible
[32mINFO    [0m pages.base_page:base_page.py:155 Waiting for #registerTab to be visible
[32mINFO    [0m pages.login_page:login_page.py:253 Registering user: testuser_20251004_222800_uysz
[32mINFO    [0m pages.login_page:login_page.py:123 Switching to register mode
[32mINFO    [0m pages.login_page:login_page.py:128 Already in register mode
[32mINFO    [0m pages.login_page:login_page.py:157 Filling username: testuser_20251004_222800_uysz
[32mINFO    [0m pages.base_page:base_page.py:91 Filling #registerUsername with: testuser_20251004_22...
[32mINFO    [0m pages.login_page:login_page.py:179 Filling password
[32mINFO    [0m pages.base_page:base_page.py:91 Filling #registerPassword with: Testyk2rl6caoaza!...
[32mINFO    [0m pages.login_page:login_page.py:200 Filling email: test_20251004_222800_uysz@example.com
[32mINFO    [0m pages.base_page:base_page.py:91 Filling #registerEmail with: test_20251004_222800...
[32mINFO    [0m pages.login_page:login_page.py:210 Clicking Register button
[32mINFO    [0m pages.base_page:base_page.py:79 Clicking: #registerForm button[type='submit']
[32mINFO    [0m pages.login_page:login_page.py:114 Waiting for auth modal to close
[32mINFO    [0m pages.base_page:base_page.py:155 Waiting for #authModal to be hidden
[33mWARNING [0m pages.login_page:login_page.py:280 Modal didn't close automatically, checking auth state: Page.wait_for_selector: Timeout 5000ms exceeded.
Call log:
  - waiting for locator("#authModal") to be hidden
    15 √ó locator resolved to visible <div id="authModal" class="modal show">‚Ä¶</div>

[33mWARNING [0m pages.login_page:login_page.py:303 Token not found after registration, may have failed
[31m[1m____________ ERROR at setup of test_services_health_grid[chromium] _____________[0m
[1m[31mE   playwright._impl._errors.TimeoutError: Page.wait_for_selector: Timeout 5000ms exceeded.[0m
[1m[31m    Call log:[0m
[1m[31m      - waiting for locator("#authModal") to be hidden[0m
[1m[31m        15 √ó locator resolved to visible <div id="authModal" class="modal show">‚Ä¶</div>[0m

[33mDuring handling of the above exception, another exception occurred:[0m
[1m[31mE   Exception: Registration may have failed - no token found[0m
------------------------------ Captured log setup ------------------------------
[32mINFO    [0m pages.login_page:login_page.py:102 Waiting for auth modal to appear
[32mINFO    [0m pages.base_page:base_page.py:155 Waiting for #authModal to be visible
[32mINFO    [0m pages.base_page:base_page.py:155 Waiting for #registerTab to be visible
[32mINFO    [0m pages.login_page:login_page.py:253 Registering user: testuser_20251004_222807_k8ri
[32mINFO    [0m pages.login_page:login_page.py:123 Switching to register mode
[32mINFO    [0m pages.login_page:login_page.py:128 Already in register mode
[32mINFO    [0m pages.login_page:login_page.py:157 Filling username: testuser_20251004_222807_k8ri
[32mINFO    [0m pages.base_page:base_page.py:91 Filling #registerUsername with: testuser_20251004_22...
[32mINFO    [0m pages.login_page:login_page.py:179 Filling password
[32mINFO    [0m pages.base_page:base_page.py:91 Filling #registerPassword with: Testqlkhokz6uq9x!...
[32mINFO    [0m pages.login_page:login_page.py:200 Filling email: test_20251004_222807_k8ri@example.com
[32mINFO    [0m pages.base_page:base_page.py:91 Filling #registerEmail with: test_20251004_222807...
[32mINFO    [0m pages.login_page:login_page.py:210 Clicking Register button
[32mINFO    [0m pages.base_page:base_page.py:79 Clicking: #registerForm button[type='submit']
[32mINFO    [0m pages.login_page:login_page.py:114 Waiting for auth modal to close
[32mINFO    [0m pages.base_page:base_page.py:155 Waiting for #authModal to be hidden
[33mWARNING [0m pages.login_page:login_page.py:280 Modal didn't close automatically, checking auth state: Page.wait_for_selector: Timeout 5000ms exceeded.
Call log:
  - waiting for locator("#authModal") to be hidden
    15 √ó locator resolved to visible <div id="authModal" class="modal show">‚Ä¶</div>

[33mWARNING [0m pages.login_page:login_page.py:303 Token not found after registration, may have failed
[31m[1m__________ ERROR at setup of test_infrastructure_statistics[chromium] __________[0m
[1m[31mE   playwright._impl._errors.TimeoutError: Page.wait_for_selector: Timeout 5000ms exceeded.[0m
[1m[31m    Call log:[0m
[1m[31m      - waiting for locator("#authModal") to be hidden[0m
[1m[31m        15 √ó locator resolved to visible <div id="authModal" class="modal show">‚Ä¶</div>[0m

[33mDuring handling of the above exception, another exception occurred:[0m
[1m[31mE   Exception: Registration may have failed - no token found[0m
------------------------------ Captured log setup ------------------------------
[32mINFO    [0m pages.login_page:login_page.py:102 Waiting for auth modal to appear
[32mINFO    [0m pages.base_page:base_page.py:155 Waiting for #authModal to be visible
[32mINFO    [0m pages.base_page:base_page.py:155 Waiting for #registerTab to be visible
[32mINFO    [0m pages.login_page:login_page.py:253 Registering user: testuser_20251004_222814_nbc1
[32mINFO    [0m pages.login_page:login_page.py:123 Switching to register mode
[32mINFO    [0m pages.login_page:login_page.py:128 Already in register mode
[32mINFO    [0m pages.login_page:login_page.py:157 Filling username: testuser_20251004_222814_nbc1
[32mINFO    [0m pages.base_page:base_page.py:91 Filling #registerUsername with: testuser_20251004_22...
[32mINFO    [0m pages.login_page:login_page.py:179 Filling password
[32mINFO    [0m pages.base_page:base_page.py:91 Filling #registerPassword with: Test7mxujk1w8o2u!...
[32mINFO    [0m pages.login_page:login_page.py:200 Filling email: test_20251004_222814_nbc1@example.com
[32mINFO    [0m pages.base_page:base_page.py:91 Filling #registerEmail with: test_20251004_222814...
[32mINFO    [0m pages.login_page:login_page.py:210 Clicking Register button
[32mINFO    [0m pages.base_page:base_page.py:79 Clicking: #registerForm button[type='submit']
[32mINFO    [0m pages.login_page:login_page.py:114 Waiting for auth modal to close
[32mINFO    [0m pages.base_page:base_page.py:155 Waiting for #authModal to be hidden
[33mWARNING [0m pages.login_page:login_page.py:280 Modal didn't close automatically, checking auth state: Page.wait_for_selector: Timeout 5000ms exceeded.
Call log:
  - waiting for locator("#authModal") to be hidden
    15 √ó locator resolved to visible <div id="authModal" class="modal show">‚Ä¶</div>

[33mWARNING [0m pages.login_page:login_page.py:303 Token not found after registration, may have failed
[31m[1m____________ ERROR at setup of test_infrastructure_alerts[chromium] ____________[0m
[1m[31mE   playwright._impl._errors.TimeoutError: Page.wait_for_selector: Timeout 5000ms exceeded.[0m
[1m[31m    Call log:[0m
[1m[31m      - waiting for locator("#authModal") to be hidden[0m
[1m[31m        15 √ó locator resolved to visible <div id="authModal" class="modal show">‚Ä¶</div>[0m

[33mDuring handling of the above exception, another exception occurred:[0m
[1m[31mE   Exception: Registration may have failed - no token found[0m
------------------------------ Captured log setup ------------------------------
[32mINFO    [0m pages.login_page:login_page.py:102 Waiting for auth modal to appear
[32mINFO    [0m pages.base_page:base_page.py:155 Waiting for #authModal to be visible
[32mINFO    [0m pages.base_page:base_page.py:155 Waiting for #registerTab to be visible
[32mINFO    [0m pages.login_page:login_page.py:253 Registering user: testuser_20251004_222821_taaa
[32mINFO    [0m pages.login_page:login_page.py:123 Switching to register mode
[32mINFO    [0m pages.login_page:login_page.py:128 Already in register mode
[32mINFO    [0m pages.login_page:login_page.py:157 Filling username: testuser_20251004_222821_taaa
[32mINFO    [0m pages.base_page:base_page.py:91 Filling #registerUsername with: testuser_20251004_22...
[32mINFO    [0m pages.login_page:login_page.py:179 Filling password
[32mINFO    [0m pages.base_page:base_page.py:91 Filling #registerPassword with: Testk1rtqtxdhssq!...
[32mINFO    [0m pages.login_page:login_page.py:200 Filling email: test_20251004_222821_taaa@example.com
[32mINFO    [0m pages.base_page:base_page.py:91 Filling #registerEmail with: test_20251004_222821...
[32mINFO    [0m pages.login_page:login_page.py:210 Clicking Register button
[32mINFO    [0m pages.base_page:base_page.py:79 Clicking: #registerForm button[type='submit']
[32mINFO    [0m pages.login_page:login_page.py:114 Waiting for auth modal to close
[32mINFO    [0m pages.base_page:base_page.py:155 Waiting for #authModal to be hidden
[33mWARNING [0m pages.login_page:login_page.py:280 Modal didn't close automatically, checking auth state: Page.wait_for_selector: Timeout 5000ms exceeded.
Call log:
  - waiting for locator("#authModal") to be hidden
    15 √ó locator resolved to visible <div id="authModal" class="modal show">‚Ä¶</div>

[33mWARNING [0m pages.login_page:login_page.py:303 Token not found after registration, may have failed
[31m[1m_______ ERROR at setup of test_infrastructure_realtime_updates[chromium] _______[0m
[1m[31mE   playwright._impl._errors.TimeoutError: Page.wait_for_selector: Timeout 5000ms exceeded.[0m
[1m[31m    Call log:[0m
[1m[31m      - waiting for locator("#authModal") to be hidden[0m
[1m[31m        15 √ó locator resolved to visible <div id="authModal" class="modal show">‚Ä¶</div>[0m

[33mDuring handling of the above exception, another exception occurred:[0m
[1m[31mE   Exception: Registration may have failed - no token found[0m
------------------------------ Captured log setup ------------------------------
[32mINFO    [0m pages.login_page:login_page.py:102 Waiting for auth modal to appear
[32mINFO    [0m pages.base_page:base_page.py:155 Waiting for #authModal to be visible
[32mINFO    [0m pages.base_page:base_page.py:155 Waiting for #registerTab to be visible
[32mINFO    [0m pages.login_page:login_page.py:253 Registering user: testuser_20251004_222828_6c4y
[32mINFO    [0m pages.login_page:login_page.py:123 Switching to register mode
[32mINFO    [0m pages.login_page:login_page.py:128 Already in register mode
[32mINFO    [0m pages.login_page:login_page.py:157 Filling username: testuser_20251004_222828_6c4y
[32mINFO    [0m pages.base_page:base_page.py:91 Filling #registerUsername with: testuser_20251004_22...
[32mINFO    [0m pages.login_page:login_page.py:179 Filling password
[32mINFO    [0m pages.base_page:base_page.py:91 Filling #registerPassword with: Test51q5lz7ojf7k!...
[32mINFO    [0m pages.login_page:login_page.py:200 Filling email: test_20251004_222828_6c4y@example.com
[32mINFO    [0m pages.base_page:base_page.py:91 Filling #registerEmail with: test_20251004_222828...
[32mINFO    [0m pages.login_page:login_page.py:210 Clicking Register button
[32mINFO    [0m pages.base_page:base_page.py:79 Clicking: #registerForm button[type='submit']
[32mINFO    [0m pages.login_page:login_page.py:114 Waiting for auth modal to close
[32mINFO    [0m pages.base_page:base_page.py:155 Waiting for #authModal to be hidden
[33mWARNING [0m pages.login_page:login_page.py:280 Modal didn't close automatically, checking auth state: Page.wait_for_selector: Timeout 5000ms exceeded.
Call log:
  - waiting for locator("#authModal") to be hidden
    15 √ó locator resolved to visible <div id="authModal" class="modal show">‚Ä¶</div>

[33mWARNING [0m pages.login_page:login_page.py:303 Token not found after registration, may have failed
[31m[1m_____________ ERROR at setup of test_navigate_all_views[chromium] ______________[0m
[1m[31mE   playwright._impl._errors.TimeoutError: Page.wait_for_selector: Timeout 5000ms exceeded.[0m
[1m[31m    Call log:[0m
[1m[31m      - waiting for locator("#authModal") to be hidden[0m
[1m[31m        15 √ó locator resolved to visible <div id="authModal" class="modal show">‚Ä¶</div>[0m

[33mDuring handling of the above exception, another exception occurred:[0m
[1m[31mE   Exception: Registration may have failed - no token found[0m
------------------------------ Captured log setup ------------------------------
[32mINFO    [0m pages.login_page:login_page.py:102 Waiting for auth modal to appear
[32mINFO    [0m pages.base_page:base_page.py:155 Waiting for #authModal to be visible
[32mINFO    [0m pages.base_page:base_page.py:155 Waiting for #registerTab to be visible
[32mINFO    [0m pages.login_page:login_page.py:253 Registering user: testuser_20251004_222835_uop3
[32mINFO    [0m pages.login_page:login_page.py:123 Switching to register mode
[32mINFO    [0m pages.login_page:login_page.py:128 Already in register mode
[32mINFO    [0m pages.login_page:login_page.py:157 Filling username: testuser_20251004_222835_uop3
[32mINFO    [0m pages.base_page:base_page.py:91 Filling #registerUsername with: testuser_20251004_22...
[32mINFO    [0m pages.login_page:login_page.py:179 Filling password
[32mINFO    [0m pages.base_page:base_page.py:91 Filling #registerPassword with: Testmtwd9g6qzeyf!...
[32mINFO    [0m pages.login_page:login_page.py:200 Filling email: test_20251004_222835_uop3@example.com
[32mINFO    [0m pages.base_page:base_page.py:91 Filling #registerEmail with: test_20251004_222835...
[32mINFO    [0m pages.login_page:login_page.py:210 Clicking Register button
[32mINFO    [0m pages.base_page:base_page.py:79 Clicking: #registerForm button[type='submit']
[32mINFO    [0m pages.login_page:login_page.py:114 Waiting for auth modal to close
[32mINFO    [0m pages.base_page:base_page.py:155 Waiting for #authModal to be hidden
[33mWARNING [0m pages.login_page:login_page.py:280 Modal didn't close automatically, checking auth state: Page.wait_for_selector: Timeout 5000ms exceeded.
Call log:
  - waiting for locator("#authModal") to be hidden
    15 √ó locator resolved to visible <div id="authModal" class="modal show">‚Ä¶</div>

[33mWARNING [0m pages.login_page:login_page.py:303 Token not found after registration, may have failed
[31m[1m___________ ERROR at setup of test_sidebar_collapse_expand[chromium] ___________[0m
[1m[31mE   playwright._impl._errors.TimeoutError: Page.wait_for_selector: Timeout 5000ms exceeded.[0m
[1m[31m    Call log:[0m
[1m[31m      - waiting for locator("#authModal") to be hidden[0m
[1m[31m        15 √ó locator resolved to visible <div id="authModal" class="modal show">‚Ä¶</div>[0m

[33mDuring handling of the above exception, another exception occurred:[0m
[1m[31mE   Exception: Registration may have failed - no token found[0m
------------------------------ Captured log setup ------------------------------
[32mINFO    [0m pages.login_page:login_page.py:102 Waiting for auth modal to appear
[32mINFO    [0m pages.base_page:base_page.py:155 Waiting for #authModal to be visible
[32mINFO    [0m pages.base_page:base_page.py:155 Waiting for #registerTab to be visible
[32mINFO    [0m pages.login_page:login_page.py:253 Registering user: testuser_20251004_222841_tnur
[32mINFO    [0m pages.login_page:login_page.py:123 Switching to register mode
[32mINFO    [0m pages.login_page:login_page.py:128 Already in register mode
[32mINFO    [0m pages.login_page:login_page.py:157 Filling username: testuser_20251004_222841_tnur
[32mINFO    [0m pages.base_page:base_page.py:91 Filling #registerUsername with: testuser_20251004_22...
[32mINFO    [0m pages.login_page:login_page.py:179 Filling password
[32mINFO    [0m pages.base_page:base_page.py:91 Filling #registerPassword with: Test20x87wsxy2be!...
[32mINFO    [0m pages.login_page:login_page.py:200 Filling email: test_20251004_222841_tnur@example.com
[32mINFO    [0m pages.base_page:base_page.py:91 Filling #registerEmail with: test_20251004_222841...
[32mINFO    [0m pages.login_page:login_page.py:210 Clicking Register button
[32mINFO    [0m pages.base_page:base_page.py:79 Clicking: #registerForm button[type='submit']
[32mINFO    [0m pages.login_page:login_page.py:114 Waiting for auth modal to close
[32mINFO    [0m pages.base_page:base_page.py:155 Waiting for #authModal to be hidden
[33mWARNING [0m pages.login_page:login_page.py:280 Modal didn't close automatically, checking auth state: Page.wait_for_selector: Timeout 5000ms exceeded.
Call log:
  - waiting for locator("#authModal") to be hidden
    15 √ó locator resolved to visible <div id="authModal" class="modal show">‚Ä¶</div>

[33mWARNING [0m pages.login_page:login_page.py:303 Token not found after registration, may have failed
[31m[1m______________ ERROR at setup of test_user_menu_toggle[chromium] _______________[0m
[1m[31mE   playwright._impl._errors.TimeoutError: Page.wait_for_selector: Timeout 5000ms exceeded.[0m
[1m[31m    Call log:[0m
[1m[31m      - waiting for locator("#authModal") to be hidden[0m
[1m[31m        15 √ó locator resolved to visible <div id="authModal" class="modal show">‚Ä¶</div>[0m

[33mDuring handling of the above exception, another exception occurred:[0m
[1m[31mE   Exception: Registration may have failed - no token found[0m
------------------------------ Captured log setup ------------------------------
[32mINFO    [0m pages.login_page:login_page.py:102 Waiting for auth modal to appear
[32mINFO    [0m pages.base_page:base_page.py:155 Waiting for #authModal to be visible
[32mINFO    [0m pages.base_page:base_page.py:155 Waiting for #registerTab to be visible
[32mINFO    [0m pages.login_page:login_page.py:253 Registering user: testuser_20251004_222848_5xo9
[32mINFO    [0m pages.login_page:login_page.py:123 Switching to register mode
[32mINFO    [0m pages.login_page:login_page.py:128 Already in register mode
[32mINFO    [0m pages.login_page:login_page.py:157 Filling username: testuser_20251004_222848_5xo9
[32mINFO    [0m pages.base_page:base_page.py:91 Filling #registerUsername with: testuser_20251004_22...
[32mINFO    [0m pages.login_page:login_page.py:179 Filling password
[32mINFO    [0m pages.base_page:base_page.py:91 Filling #registerPassword with: Testjouwa04n8grf!...
[32mINFO    [0m pages.login_page:login_page.py:200 Filling email: test_20251004_222848_5xo9@example.com
[32mINFO    [0m pages.base_page:base_page.py:91 Filling #registerEmail with: test_20251004_222848...
[32mINFO    [0m pages.login_page:login_page.py:210 Clicking Register button
[32mINFO    [0m pages.base_page:base_page.py:79 Clicking: #registerForm button[type='submit']
[32mINFO    [0m pages.login_page:login_page.py:114 Waiting for auth modal to close
[32mINFO    [0m pages.base_page:base_page.py:155 Waiting for #authModal to be hidden
[33mWARNING [0m pages.login_page:login_page.py:280 Modal didn't close automatically, checking auth state: Page.wait_for_selector: Timeout 5000ms exceeded.
Call log:
  - waiting for locator("#authModal") to be hidden
    15 √ó locator resolved to visible <div id="authModal" class="modal show">‚Ä¶</div>

[33mWARNING [0m pages.login_page:login_page.py:303 Token not found after registration, may have failed
[31m[1m__________ ERROR at setup of test_user_profile_info_display[chromium] __________[0m
[1m[31mE   playwright._impl._errors.TimeoutError: Page.wait_for_selector: Timeout 5000ms exceeded.[0m
[1m[31m    Call log:[0m
[1m[31m      - waiting for locator("#authModal") to be hidden[0m
[1m[31m        15 √ó locator resolved to visible <div id="authModal" class="modal show">‚Ä¶</div>[0m

[33mDuring handling of the above exception, another exception occurred:[0m
[1m[31mE   Exception: Registration may have failed - no token found[0m
------------------------------ Captured log setup ------------------------------
[32mINFO    [0m pages.login_page:login_page.py:102 Waiting for auth modal to appear
[32mINFO    [0m pages.base_page:base_page.py:155 Waiting for #authModal to be visible
[32mINFO    [0m pages.base_page:base_page.py:155 Waiting for #registerTab to be visible
[32mINFO    [0m pages.login_page:login_page.py:253 Registering user: testuser_20251004_222855_wtcj
[32mINFO    [0m pages.login_page:login_page.py:123 Switching to register mode
[32mINFO    [0m pages.login_page:login_page.py:128 Already in register mode
[32mINFO    [0m pages.login_page:login_page.py:157 Filling username: testuser_20251004_222855_wtcj
[32mINFO    [0m pages.base_page:base_page.py:91 Filling #registerUsername with: testuser_20251004_22...
[32mINFO    [0m pages.login_page:login_page.py:179 Filling password
[32mINFO    [0m pages.base_page:base_page.py:91 Filling #registerPassword with: Testvlbgz8f9881n!...
[32mINFO    [0m pages.login_page:login_page.py:200 Filling email: test_20251004_222855_wtcj@example.com
[32mINFO    [0m pages.base_page:base_page.py:91 Filling #registerEmail with: test_20251004_222855...
[32mINFO    [0m pages.login_page:login_page.py:210 Clicking Register button
[32mINFO    [0m pages.base_page:base_page.py:79 Clicking: #registerForm button[type='submit']
[32mINFO    [0m pages.login_page:login_page.py:114 Waiting for auth modal to close
[32mINFO    [0m pages.base_page:base_page.py:155 Waiting for #authModal to be hidden
[33mWARNING [0m pages.login_page:login_page.py:280 Modal didn't close automatically, checking auth state: Page.wait_for_selector: Timeout 5000ms exceeded.
Call log:
  - waiting for locator("#authModal") to be hidden
    15 √ó locator resolved to visible <div id="authModal" class="modal show">‚Ä¶</div>

[33mWARNING [0m pages.login_page:login_page.py:303 Token not found after registration, may have failed
[31m[1m_____________ ERROR at setup of test_navigate_to_profile[chromium] _____________[0m
[1m[31mE   playwright._impl._errors.TimeoutError: Page.wait_for_selector: Timeout 5000ms exceeded.[0m
[1m[31m    Call log:[0m
[1m[31m      - waiting for locator("#authModal") to be hidden[0m
[1m[31m        15 √ó locator resolved to visible <div id="authModal" class="modal show">‚Ä¶</div>[0m

[33mDuring handling of the above exception, another exception occurred:[0m
[1m[31mE   Exception: Registration may have failed - no token found[0m
------------------------------ Captured log setup ------------------------------
[32mINFO    [0m pages.login_page:login_page.py:102 Waiting for auth modal to appear
[32mINFO    [0m pages.base_page:base_page.py:155 Waiting for #authModal to be visible
[32mINFO    [0m pages.base_page:base_page.py:155 Waiting for #registerTab to be visible
[32mINFO    [0m pages.login_page:login_page.py:253 Registering user: testuser_20251004_222902_mtii
[32mINFO    [0m pages.login_page:login_page.py:123 Switching to register mode
[32mINFO    [0m pages.login_page:login_page.py:128 Already in register mode
[32mINFO    [0m pages.login_page:login_page.py:157 Filling username: testuser_20251004_222902_mtii
[32mINFO    [0m pages.base_page:base_page.py:91 Filling #registerUsername with: testuser_20251004_22...
[32mINFO    [0m pages.login_page:login_page.py:179 Filling password
[32mINFO    [0m pages.base_page:base_page.py:91 Filling #registerPassword with: Testshp3ls6ypkyl!...
[32mINFO    [0m pages.login_page:login_page.py:200 Filling email: test_20251004_222902_mtii@example.com
[32mINFO    [0m pages.base_page:base_page.py:91 Filling #registerEmail with: test_20251004_222902...
[32mINFO    [0m pages.login_page:login_page.py:210 Clicking Register button
[32mINFO    [0m pages.base_page:base_page.py:79 Clicking: #registerForm button[type='submit']
[32mINFO    [0m pages.login_page:login_page.py:114 Waiting for auth modal to close
[32mINFO    [0m pages.base_page:base_page.py:155 Waiting for #authModal to be hidden
[33mWARNING [0m pages.login_page:login_page.py:280 Modal didn't close automatically, checking auth state: Page.wait_for_selector: Timeout 5000ms exceeded.
Call log:
  - waiting for locator("#authModal") to be hidden
    15 √ó locator resolved to visible <div id="authModal" class="modal show">‚Ä¶</div>

[33mWARNING [0m pages.login_page:login_page.py:303 Token not found after registration, may have failed
[31m[1m____________ ERROR at setup of test_active_nav_indicator[chromium] _____________[0m
[1m[31mE   playwright._impl._errors.TimeoutError: Page.wait_for_selector: Timeout 5000ms exceeded.[0m
[1m[31m    Call log:[0m
[1m[31m      - waiting for locator("#authModal") to be hidden[0m
[1m[31m        15 √ó locator resolved to visible <div id="authModal" class="modal show">‚Ä¶</div>[0m

[33mDuring handling of the above exception, another exception occurred:[0m
[1m[31mE   Exception: Registration may have failed - no token found[0m
------------------------------ Captured log setup ------------------------------
[32mINFO    [0m pages.login_page:login_page.py:102 Waiting for auth modal to appear
[32mINFO    [0m pages.base_page:base_page.py:155 Waiting for #authModal to be visible
[32mINFO    [0m pages.base_page:base_page.py:155 Waiting for #registerTab to be visible
[32mINFO    [0m pages.login_page:login_page.py:253 Registering user: testuser_20251004_222909_7mzr
[32mINFO    [0m pages.login_page:login_page.py:123 Switching to register mode
[32mINFO    [0m pages.login_page:login_page.py:128 Already in register mode
[32mINFO    [0m pages.login_page:login_page.py:157 Filling username: testuser_20251004_222909_7mzr
[32mINFO    [0m pages.base_page:base_page.py:91 Filling #registerUsername with: testuser_20251004_22...
[32mINFO    [0m pages.login_page:login_page.py:179 Filling password
[32mINFO    [0m pages.base_page:base_page.py:91 Filling #registerPassword with: Testpqudoebk3ilk!...
[32mINFO    [0m pages.login_page:login_page.py:200 Filling email: test_20251004_222909_7mzr@example.com
[32mINFO    [0m pages.base_page:base_page.py:91 Filling #registerEmail with: test_20251004_222909...
[32mINFO    [0m pages.login_page:login_page.py:210 Clicking Register button
[32mINFO    [0m pages.base_page:base_page.py:79 Clicking: #registerForm button[type='submit']
[32mINFO    [0m pages.login_page:login_page.py:114 Waiting for auth modal to close
[32mINFO    [0m pages.base_page:base_page.py:155 Waiting for #authModal to be hidden
[33mWARNING [0m pages.login_page:login_page.py:280 Modal didn't close automatically, checking auth state: Page.wait_for_selector: Timeout 5000ms exceeded.
Call log:
  - waiting for locator("#authModal") to be hidden
    15 √ó locator resolved to visible <div id="authModal" class="modal show">‚Ä¶</div>

[33mWARNING [0m pages.login_page:login_page.py:303 Token not found after registration, may have failed
[31m[1m________ ERROR at setup of test_navigation_keyboard_shortcuts[chromium] ________[0m
[1m[31mE   playwright._impl._errors.TimeoutError: Page.wait_for_selector: Timeout 5000ms exceeded.[0m
[1m[31m    Call log:[0m
[1m[31m      - waiting for locator("#authModal") to be hidden[0m
[1m[31m        15 √ó locator resolved to visible <div id="authModal" class="modal show">‚Ä¶</div>[0m

[33mDuring handling of the above exception, another exception occurred:[0m
[1m[31mE   Exception: Registration may have failed - no token found[0m
------------------------------ Captured log setup ------------------------------
[32mINFO    [0m pages.login_page:login_page.py:102 Waiting for auth modal to appear
[32mINFO    [0m pages.base_page:base_page.py:155 Waiting for #authModal to be visible
[32mINFO    [0m pages.base_page:base_page.py:155 Waiting for #registerTab to be visible
[32mINFO    [0m pages.login_page:login_page.py:253 Registering user: testuser_20251004_222916_7riu
[32mINFO    [0m pages.login_page:login_page.py:123 Switching to register mode
[32mINFO    [0m pages.login_page:login_page.py:128 Already in register mode
[32mINFO    [0m pages.login_page:login_page.py:157 Filling username: testuser_20251004_222916_7riu
[32mINFO    [0m pages.base_page:base_page.py:91 Filling #registerUsername with: testuser_20251004_22...
[32mINFO    [0m pages.login_page:login_page.py:179 Filling password
[32mINFO    [0m pages.base_page:base_page.py:91 Filling #registerPassword with: Testenmzgrh6ba0s!...
[32mINFO    [0m pages.login_page:login_page.py:200 Filling email: test_20251004_222916_7riu@example.com
[32mINFO    [0m pages.base_page:base_page.py:91 Filling #registerEmail with: test_20251004_222916...
[32mINFO    [0m pages.login_page:login_page.py:210 Clicking Register button
[32mINFO    [0m pages.base_page:base_page.py:79 Clicking: #registerForm button[type='submit']
[32mINFO    [0m pages.login_page:login_page.py:114 Waiting for auth modal to close
[32mINFO    [0m pages.base_page:base_page.py:155 Waiting for #authModal to be hidden
[33mWARNING [0m pages.login_page:login_page.py:280 Modal didn't close automatically, checking auth state: Page.wait_for_selector: Timeout 5000ms exceeded.
Call log:
  - waiting for locator("#authModal") to be hidden
    15 √ó locator resolved to visible <div id="authModal" class="modal show">‚Ä¶</div>

[33mWARNING [0m pages.login_page:login_page.py:303 Token not found after registration, may have failed
[31m[1m____________ ERROR at setup of test_breadcrumb_navigation[chromium] ____________[0m
[1m[31mE   playwright._impl._errors.TimeoutError: Page.wait_for_selector: Timeout 5000ms exceeded.[0m
[1m[31m    Call log:[0m
[1m[31m      - waiting for locator("#authModal") to be hidden[0m
[1m[31m        15 √ó locator resolved to visible <div id="authModal" class="modal show">‚Ä¶</div>[0m

[33mDuring handling of the above exception, another exception occurred:[0m
[1m[31mE   Exception: Registration may have failed - no token found[0m
------------------------------ Captured log setup ------------------------------
[32mINFO    [0m pages.login_page:login_page.py:102 Waiting for auth modal to appear
[32mINFO    [0m pages.base_page:base_page.py:155 Waiting for #authModal to be visible
[32mINFO    [0m pages.base_page:base_page.py:155 Waiting for #registerTab to be visible
[32mINFO    [0m pages.login_page:login_page.py:253 Registering user: testuser_20251004_222923_7u14
[32mINFO    [0m pages.login_page:login_page.py:123 Switching to register mode
[32mINFO    [0m pages.login_page:login_page.py:128 Already in register mode
[32mINFO    [0m pages.login_page:login_page.py:157 Filling username: testuser_20251004_222923_7u14
[32mINFO    [0m pages.base_page:base_page.py:91 Filling #registerUsername with: testuser_20251004_22...
[32mINFO    [0m pages.login_page:login_page.py:179 Filling password
[32mINFO    [0m pages.base_page:base_page.py:91 Filling #registerPassword with: Testxjrr9gbuvbe5!...
[32mINFO    [0m pages.login_page:login_page.py:200 Filling email: test_20251004_222923_7u14@example.com
[32mINFO    [0m pages.base_page:base_page.py:91 Filling #registerEmail with: test_20251004_222923...
[32mINFO    [0m pages.login_page:login_page.py:210 Clicking Register button
[32mINFO    [0m pages.base_page:base_page.py:79 Clicking: #registerForm button[type='submit']
[32mINFO    [0m pages.login_page:login_page.py:114 Waiting for auth modal to close
[32mINFO    [0m pages.base_page:base_page.py:155 Waiting for #authModal to be hidden
[33mWARNING [0m pages.login_page:login_page.py:280 Modal didn't close automatically, checking auth state: Page.wait_for_selector: Timeout 5000ms exceeded.
Call log:
  - waiting for locator("#authModal") to be hidden
    15 √ó locator resolved to visible <div id="authModal" class="modal show">‚Ä¶</div>

[33mWARNING [0m pages.login_page:login_page.py:303 Token not found after registration, may have failed
[31m[1m_____________ ERROR at setup of test_page_titles_update[chromium] ______________[0m
[1m[31mE   playwright._impl._errors.TimeoutError: Page.wait_for_selector: Timeout 5000ms exceeded.[0m
[1m[31m    Call log:[0m
[1m[31m      - waiting for locator("#authModal") to be hidden[0m
[1m[31m        15 √ó locator resolved to visible <div id="authModal" class="modal show">‚Ä¶</div>[0m

[33mDuring handling of the above exception, another exception occurred:[0m
[1m[31mE   Exception: Registration may have failed - no token found[0m
------------------------------ Captured log setup ------------------------------
[32mINFO    [0m pages.login_page:login_page.py:102 Waiting for auth modal to appear
[32mINFO    [0m pages.base_page:base_page.py:155 Waiting for #authModal to be visible
[32mINFO    [0m pages.base_page:base_page.py:155 Waiting for #registerTab to be visible
[32mINFO    [0m pages.login_page:login_page.py:253 Registering user: testuser_20251004_222930_j4iq
[32mINFO    [0m pages.login_page:login_page.py:123 Switching to register mode
[32mINFO    [0m pages.login_page:login_page.py:128 Already in register mode
[32mINFO    [0m pages.login_page:login_page.py:157 Filling username: testuser_20251004_222930_j4iq
[32mINFO    [0m pages.base_page:base_page.py:91 Filling #registerUsername with: testuser_20251004_22...
[32mINFO    [0m pages.login_page:login_page.py:179 Filling password
[32mINFO    [0m pages.base_page:base_page.py:91 Filling #registerPassword with: Testvb1n31l2face!...
[32mINFO    [0m pages.login_page:login_page.py:200 Filling email: test_20251004_222930_j4iq@example.com
[32mINFO    [0m pages.base_page:base_page.py:91 Filling #registerEmail with: test_20251004_222930...
[32mINFO    [0m pages.login_page:login_page.py:210 Clicking Register button
[32mINFO    [0m pages.base_page:base_page.py:79 Clicking: #registerForm button[type='submit']
[32mINFO    [0m pages.login_page:login_page.py:114 Waiting for auth modal to close
[32mINFO    [0m pages.base_page:base_page.py:155 Waiting for #authModal to be hidden
[33mWARNING [0m pages.login_page:login_page.py:280 Modal didn't close automatically, checking auth state: Page.wait_for_selector: Timeout 5000ms exceeded.
Call log:
  - waiting for locator("#authModal") to be hidden
    15 √ó locator resolved to visible <div id="authModal" class="modal show">‚Ä¶</div>

[33mWARNING [0m pages.login_page:login_page.py:303 Token not found after registration, may have failed
[31m[1m_____________ ERROR at setup of test_quick_deploy_button[chromium] _____________[0m
[1m[31mE   playwright._impl._errors.TimeoutError: Page.wait_for_selector: Timeout 5000ms exceeded.[0m
[1m[31m    Call log:[0m
[1m[31m      - waiting for locator("#authModal") to be hidden[0m
[1m[31m        15 √ó locator resolved to visible <div id="authModal" class="modal show">‚Ä¶</div>[0m

[33mDuring handling of the above exception, another exception occurred:[0m
[1m[31mE   Exception: Registration may have failed - no token found[0m
------------------------------ Captured log setup ------------------------------
[32mINFO    [0m pages.login_page:login_page.py:102 Waiting for auth modal to appear
[32mINFO    [0m pages.base_page:base_page.py:155 Waiting for #authModal to be visible
[32mINFO    [0m pages.base_page:base_page.py:155 Waiting for #registerTab to be visible
[32mINFO    [0m pages.login_page:login_page.py:253 Registering user: testuser_20251004_222937_7mcd
[32mINFO    [0m pages.login_page:login_page.py:123 Switching to register mode
[32mINFO    [0m pages.login_page:login_page.py:128 Already in register mode
[32mINFO    [0m pages.login_page:login_page.py:157 Filling username: testuser_20251004_222937_7mcd
[32mINFO    [0m pages.base_page:base_page.py:91 Filling #registerUsername with: testuser_20251004_22...
[32mINFO    [0m pages.login_page:login_page.py:179 Filling password
[32mINFO    [0m pages.base_page:base_page.py:91 Filling #registerPassword with: Testp0hwguivxe6i!...
[32mINFO    [0m pages.login_page:login_page.py:200 Filling email: test_20251004_222937_7mcd@example.com
[32mINFO    [0m pages.base_page:base_page.py:91 Filling #registerEmail with: test_20251004_222937...
[32mINFO    [0m pages.login_page:login_page.py:210 Clicking Register button
[32mINFO    [0m pages.base_page:base_page.py:79 Clicking: #registerForm button[type='submit']
[32mINFO    [0m pages.login_page:login_page.py:114 Waiting for auth modal to close
[32mINFO    [0m pages.base_page:base_page.py:155 Waiting for #authModal to be hidden
[33mWARNING [0m pages.login_page:login_page.py:280 Modal didn't close automatically, checking auth state: Page.wait_for_selector: Timeout 5000ms exceeded.
Call log:
  - waiting for locator("#authModal") to be hidden
    15 √ó locator resolved to visible <div id="authModal" class="modal show">‚Ä¶</div>

[33mWARNING [0m pages.login_page:login_page.py:303 Token not found after registration, may have failed
[31m[1m___________ ERROR at setup of test_logo_click_returns_home[chromium] ___________[0m
[1m[31mE   playwright._impl._errors.TimeoutError: Page.wait_for_selector: Timeout 5000ms exceeded.[0m
[1m[31m    Call log:[0m
[1m[31m      - waiting for locator("#authModal") to be hidden[0m
[1m[31m        15 √ó locator resolved to visible <div id="authModal" class="modal show">‚Ä¶</div>[0m

[33mDuring handling of the above exception, another exception occurred:[0m
[1m[31mE   Exception: Registration may have failed - no token found[0m
------------------------------ Captured log setup ------------------------------
[32mINFO    [0m pages.login_page:login_page.py:102 Waiting for auth modal to appear
[32mINFO    [0m pages.base_page:base_page.py:155 Waiting for #authModal to be visible
[32mINFO    [0m pages.base_page:base_page.py:155 Waiting for #registerTab to be visible
[32mINFO    [0m pages.login_page:login_page.py:253 Registering user: testuser_20251004_222944_pkis
[32mINFO    [0m pages.login_page:login_page.py:123 Switching to register mode
[32mINFO    [0m pages.login_page:login_page.py:128 Already in register mode
[32mINFO    [0m pages.login_page:login_page.py:157 Filling username: testuser_20251004_222944_pkis
[32mINFO    [0m pages.base_page:base_page.py:91 Filling #registerUsername with: testuser_20251004_22...
[32mINFO    [0m pages.login_page:login_page.py:179 Filling password
[32mINFO    [0m pages.base_page:base_page.py:91 Filling #registerPassword with: Test9u1pkp0zlasw!...
[32mINFO    [0m pages.login_page:login_page.py:200 Filling email: test_20251004_222944_pkis@example.com
[32mINFO    [0m pages.base_page:base_page.py:91 Filling #registerEmail with: test_20251004_222944...
[32mINFO    [0m pages.login_page:login_page.py:210 Clicking Register button
[32mINFO    [0m pages.base_page:base_page.py:79 Clicking: #registerForm button[type='submit']
[32mINFO    [0m pages.login_page:login_page.py:114 Waiting for auth modal to close
[32mINFO    [0m pages.base_page:base_page.py:155 Waiting for #authModal to be hidden
[33mWARNING [0m pages.login_page:login_page.py:280 Modal didn't close automatically, checking auth state: Page.wait_for_selector: Timeout 5000ms exceeded.
Call log:
  - waiting for locator("#authModal") to be hidden
    15 √ó locator resolved to visible <div id="authModal" class="modal show">‚Ä¶</div>

[33mWARNING [0m pages.login_page:login_page.py:303 Token not found after registration, may have failed
[31m[1m_____________ ERROR at setup of test_settings_page_loads[chromium] _____________[0m
[1m[31mE   playwright._impl._errors.TimeoutError: Page.wait_for_selector: Timeout 5000ms exceeded.[0m
[1m[31m    Call log:[0m
[1m[31m      - waiting for locator("#authModal") to be hidden[0m
[1m[31m        15 √ó locator resolved to visible <div id="authModal" class="modal show">‚Ä¶</div>[0m

[33mDuring handling of the above exception, another exception occurred:[0m
[1m[31mE   Exception: Registration may have failed - no token found[0m
------------------------------ Captured log setup ------------------------------
[32mINFO    [0m pages.login_page:login_page.py:102 Waiting for auth modal to appear
[32mINFO    [0m pages.base_page:base_page.py:155 Waiting for #authModal to be visible
[32mINFO    [0m pages.base_page:base_page.py:155 Waiting for #registerTab to be visible
[32mINFO    [0m pages.login_page:login_page.py:253 Registering user: testuser_20251004_222951_bk5a
[32mINFO    [0m pages.login_page:login_page.py:123 Switching to register mode
[32mINFO    [0m pages.login_page:login_page.py:128 Already in register mode
[32mINFO    [0m pages.login_page:login_page.py:157 Filling username: testuser_20251004_222951_bk5a
[32mINFO    [0m pages.base_page:base_page.py:91 Filling #registerUsername with: testuser_20251004_22...
[32mINFO    [0m pages.login_page:login_page.py:179 Filling password
[32mINFO    [0m pages.base_page:base_page.py:91 Filling #registerPassword with: Test9jvfaz3grupn!...
[32mINFO    [0m pages.login_page:login_page.py:200 Filling email: test_20251004_222951_bk5a@example.com
[32mINFO    [0m pages.base_page:base_page.py:91 Filling #registerEmail with: test_20251004_222951...
[32mINFO    [0m pages.login_page:login_page.py:210 Clicking Register button
[32mINFO    [0m pages.base_page:base_page.py:79 Clicking: #registerForm button[type='submit']
[32mINFO    [0m pages.login_page:login_page.py:114 Waiting for auth modal to close
[32mINFO    [0m pages.base_page:base_page.py:155 Waiting for #authModal to be hidden
[33mWARNING [0m pages.login_page:login_page.py:280 Modal didn't close automatically, checking auth state: Page.wait_for_selector: Timeout 5000ms exceeded.
Call log:
  - waiting for locator("#authModal") to be hidden
    15 √ó locator resolved to visible <div id="authModal" class="modal show">‚Ä¶</div>

[33mWARNING [0m pages.login_page:login_page.py:303 Token not found after registration, may have failed
[31m[1m___________ ERROR at setup of test_settings_tab_navigation[chromium] ___________[0m
[1m[31mE   playwright._impl._errors.TimeoutError: Page.wait_for_selector: Timeout 5000ms exceeded.[0m
[1m[31m    Call log:[0m
[1m[31m      - waiting for locator("#authModal") to be hidden[0m
[1m[31m        15 √ó locator resolved to visible <div id="authModal" class="modal show">‚Ä¶</div>[0m

[33mDuring handling of the above exception, another exception occurred:[0m
[1m[31mE   Exception: Registration may have failed - no token found[0m
------------------------------ Captured log setup ------------------------------
[32mINFO    [0m pages.login_page:login_page.py:102 Waiting for auth modal to appear
[32mINFO    [0m pages.base_page:base_page.py:155 Waiting for #authModal to be visible
[32mINFO    [0m pages.base_page:base_page.py:155 Waiting for #registerTab to be visible
[32mINFO    [0m pages.login_page:login_page.py:253 Registering user: testuser_20251004_222958_ev1b
[32mINFO    [0m pages.login_page:login_page.py:123 Switching to register mode
[32mINFO    [0m pages.login_page:login_page.py:128 Already in register mode
[32mINFO    [0m pages.login_page:login_page.py:157 Filling username: testuser_20251004_222958_ev1b
[32mINFO    [0m pages.base_page:base_page.py:91 Filling #registerUsername with: testuser_20251004_22...
[32mINFO    [0m pages.login_page:login_page.py:179 Filling password
[32mINFO    [0m pages.base_page:base_page.py:91 Filling #registerPassword with: Testmwr3l7zcqjz6!...
[32mINFO    [0m pages.login_page:login_page.py:200 Filling email: test_20251004_222958_ev1b@example.com
[32mINFO    [0m pages.base_page:base_page.py:91 Filling #registerEmail with: test_20251004_222958...
[32mINFO    [0m pages.login_page:login_page.py:210 Clicking Register button
[32mINFO    [0m pages.base_page:base_page.py:79 Clicking: #registerForm button[type='submit']
[32mINFO    [0m pages.login_page:login_page.py:114 Waiting for auth modal to close
[32mINFO    [0m pages.base_page:base_page.py:155 Waiting for #authModal to be hidden
[33mWARNING [0m pages.login_page:login_page.py:280 Modal didn't close automatically, checking auth state: Page.wait_for_selector: Timeout 5000ms exceeded.
Call log:
  - waiting for locator("#authModal") to be hidden
    15 √ó locator resolved to visible <div id="authModal" class="modal show">‚Ä¶</div>

[33mWARNING [0m pages.login_page:login_page.py:303 Token not found after registration, may have failed
[31m[1m____________ ERROR at setup of test_proxmox_settings_form[chromium] ____________[0m
[1m[31mE   playwright._impl._errors.TimeoutError: Page.wait_for_selector: Timeout 5000ms exceeded.[0m
[1m[31m    Call log:[0m
[1m[31m      - waiting for locator("#authModal") to be hidden[0m
[1m[31m        15 √ó locator resolved to visible <div id="authModal" class="modal show">‚Ä¶</div>[0m

[33mDuring handling of the above exception, another exception occurred:[0m
[1m[31mE   Exception: Registration may have failed - no token found[0m
------------------------------ Captured log setup ------------------------------
[32mINFO    [0m pages.login_page:login_page.py:102 Waiting for auth modal to appear
[32mINFO    [0m pages.base_page:base_page.py:155 Waiting for #authModal to be visible
[32mINFO    [0m pages.base_page:base_page.py:155 Waiting for #registerTab to be visible
[32mINFO    [0m pages.login_page:login_page.py:253 Registering user: testuser_20251004_223004_6ci3
[32mINFO    [0m pages.login_page:login_page.py:123 Switching to register mode
[32mINFO    [0m pages.login_page:login_page.py:128 Already in register mode
[32mINFO    [0m pages.login_page:login_page.py:157 Filling username: testuser_20251004_223004_6ci3
[32mINFO    [0m pages.base_page:base_page.py:91 Filling #registerUsername with: testuser_20251004_22...
[32mINFO    [0m pages.login_page:login_page.py:179 Filling password
[32mINFO    [0m pages.base_page:base_page.py:91 Filling #registerPassword with: Testmz2uwoasfxdr!...
[32mINFO    [0m pages.login_page:login_page.py:200 Filling email: test_20251004_223004_6ci3@example.com
[32mINFO    [0m pages.base_page:base_page.py:91 Filling #registerEmail with: test_20251004_223004...
[32mINFO    [0m pages.login_page:login_page.py:210 Clicking Register button
[32mINFO    [0m pages.base_page:base_page.py:79 Clicking: #registerForm button[type='submit']
[32mINFO    [0m pages.login_page:login_page.py:114 Waiting for auth modal to close
[32mINFO    [0m pages.base_page:base_page.py:155 Waiting for #authModal to be hidden
[33mWARNING [0m pages.login_page:login_page.py:280 Modal didn't close automatically, checking auth state: Page.wait_for_selector: Timeout 5000ms exceeded.
Call log:
  - waiting for locator("#authModal") to be hidden
    15 √ó locator resolved to visible <div id="authModal" class="modal show">‚Ä¶</div>

[33mWARNING [0m pages.login_page:login_page.py:303 Token not found after registration, may have failed
[31m[1m___________ ERROR at setup of test_proxmox_test_connection[chromium] ___________[0m
[1m[31mE   playwright._impl._errors.TimeoutError: Page.wait_for_selector: Timeout 5000ms exceeded.[0m
[1m[31m    Call log:[0m
[1m[31m      - waiting for locator("#authModal") to be hidden[0m
[1m[31m        15 √ó locator resolved to visible <div id="authModal" class="modal show">‚Ä¶</div>[0m

[33mDuring handling of the above exception, another exception occurred:[0m
[1m[31mE   Exception: Registration may have failed - no token found[0m
------------------------------ Captured log setup ------------------------------
[32mINFO    [0m pages.login_page:login_page.py:102 Waiting for auth modal to appear
[32mINFO    [0m pages.base_page:base_page.py:155 Waiting for #authModal to be visible
[32mINFO    [0m pages.base_page:base_page.py:155 Waiting for #registerTab to be visible
[32mINFO    [0m pages.login_page:login_page.py:253 Registering user: testuser_20251004_223011_0u5v
[32mINFO    [0m pages.login_page:login_page.py:123 Switching to register mode
[32mINFO    [0m pages.login_page:login_page.py:128 Already in register mode
[32mINFO    [0m pages.login_page:login_page.py:157 Filling username: testuser_20251004_223011_0u5v
[32mINFO    [0m pages.base_page:base_page.py:91 Filling #registerUsername with: testuser_20251004_22...
[32mINFO    [0m pages.login_page:login_page.py:179 Filling password
[32mINFO    [0m pages.base_page:base_page.py:91 Filling #registerPassword with: Test1kxb4gp6kwlz!...
[32mINFO    [0m pages.login_page:login_page.py:200 Filling email: test_20251004_223011_0u5v@example.com
[32mINFO    [0m pages.base_page:base_page.py:91 Filling #registerEmail with: test_20251004_223011...
[32mINFO    [0m pages.login_page:login_page.py:210 Clicking Register button
[32mINFO    [0m pages.base_page:base_page.py:79 Clicking: #registerForm button[type='submit']
[32mINFO    [0m pages.login_page:login_page.py:114 Waiting for auth modal to close
[32mINFO    [0m pages.base_page:base_page.py:155 Waiting for #authModal to be hidden
[33mWARNING [0m pages.login_page:login_page.py:280 Modal didn't close automatically, checking auth state: Page.wait_for_selector: Timeout 5000ms exceeded.
Call log:
  - waiting for locator("#authModal") to be hidden
    15 √ó locator resolved to visible <div id="authModal" class="modal show">‚Ä¶</div>

[33mWARNING [0m pages.login_page:login_page.py:303 Token not found after registration, may have failed
[31m[1m____________ ERROR at setup of test_network_settings_form[chromium] ____________[0m
[1m[31mE   playwright._impl._errors.TimeoutError: Page.wait_for_selector: Timeout 5000ms exceeded.[0m
[1m[31m    Call log:[0m
[1m[31m      - waiting for locator("#authModal") to be hidden[0m
[1m[31m        15 √ó locator resolved to visible <div id="authModal" class="modal show">‚Ä¶</div>[0m

[33mDuring handling of the above exception, another exception occurred:[0m
[1m[31mE   Exception: Registration may have failed - no token found[0m
------------------------------ Captured log setup ------------------------------
[32mINFO    [0m pages.login_page:login_page.py:102 Waiting for auth modal to appear
[32mINFO    [0m pages.base_page:base_page.py:155 Waiting for #authModal to be visible
[32mINFO    [0m pages.base_page:base_page.py:155 Waiting for #registerTab to be visible
[32mINFO    [0m pages.login_page:login_page.py:253 Registering user: testuser_20251004_223018_sk2r
[32mINFO    [0m pages.login_page:login_page.py:123 Switching to register mode
[32mINFO    [0m pages.login_page:login_page.py:128 Already in register mode
[32mINFO    [0m pages.login_page:login_page.py:157 Filling username: testuser_20251004_223018_sk2r
[32mINFO    [0m pages.base_page:base_page.py:91 Filling #registerUsername with: testuser_20251004_22...
[32mINFO    [0m pages.login_page:login_page.py:179 Filling password
[32mINFO    [0m pages.base_page:base_page.py:91 Filling #registerPassword with: Testexx82tr5zu01!...
[32mINFO    [0m pages.login_page:login_page.py:200 Filling email: test_20251004_223018_sk2r@example.com
[32mINFO    [0m pages.base_page:base_page.py:91 Filling #registerEmail with: test_20251004_223018...
[32mINFO    [0m pages.login_page:login_page.py:210 Clicking Register button
[32mINFO    [0m pages.base_page:base_page.py:79 Clicking: #registerForm button[type='submit']
[32mINFO    [0m pages.login_page:login_page.py:114 Waiting for auth modal to close
[32mINFO    [0m pages.base_page:base_page.py:155 Waiting for #authModal to be hidden
[33mWARNING [0m pages.login_page:login_page.py:280 Modal didn't close automatically, checking auth state: Page.wait_for_selector: Timeout 5000ms exceeded.
Call log:
  - waiting for locator("#authModal") to be hidden
    15 √ó locator resolved to visible <div id="authModal" class="modal show">‚Ä¶</div>

[33mWARNING [0m pages.login_page:login_page.py:303 Token not found after registration, may have failed
[31m[1m___________ ERROR at setup of test_resources_settings_form[chromium] ___________[0m
[1m[31mE   playwright._impl._errors.TimeoutError: Page.wait_for_selector: Timeout 5000ms exceeded.[0m
[1m[31m    Call log:[0m
[1m[31m      - waiting for locator("#authModal") to be hidden[0m
[1m[31m        15 √ó locator resolved to visible <div id="authModal" class="modal show">‚Ä¶</div>[0m

[33mDuring handling of the above exception, another exception occurred:[0m
[1m[31mE   Exception: Registration may have failed - no token found[0m
------------------------------ Captured log setup ------------------------------
[32mINFO    [0m pages.login_page:login_page.py:102 Waiting for auth modal to appear
[32mINFO    [0m pages.base_page:base_page.py:155 Waiting for #authModal to be visible
[32mINFO    [0m pages.base_page:base_page.py:155 Waiting for #registerTab to be visible
[32mINFO    [0m pages.login_page:login_page.py:253 Registering user: testuser_20251004_223025_akgf
[32mINFO    [0m pages.login_page:login_page.py:123 Switching to register mode
[32mINFO    [0m pages.login_page:login_page.py:128 Already in register mode
[32mINFO    [0m pages.login_page:login_page.py:157 Filling username: testuser_20251004_223025_akgf
[32mINFO    [0m pages.base_page:base_page.py:91 Filling #registerUsername with: testuser_20251004_22...
[32mINFO    [0m pages.login_page:login_page.py:179 Filling password
[32mINFO    [0m pages.base_page:base_page.py:91 Filling #registerPassword with: Testbm8y6dr8dh5k!...
[32mINFO    [0m pages.login_page:login_page.py:200 Filling email: test_20251004_223025_akgf@example.com
[32mINFO    [0m pages.base_page:base_page.py:91 Filling #registerEmail with: test_20251004_223025...
[32mINFO    [0m pages.login_page:login_page.py:210 Clicking Register button
[32mINFO    [0m pages.base_page:base_page.py:79 Clicking: #registerForm button[type='submit']
[32mINFO    [0m pages.login_page:login_page.py:114 Waiting for auth modal to close
[32mINFO    [0m pages.base_page:base_page.py:155 Waiting for #authModal to be hidden
[33mWARNING [0m pages.login_page:login_page.py:280 Modal didn't close automatically, checking auth state: Page.wait_for_selector: Timeout 5000ms exceeded.
Call log:
  - waiting for locator("#authModal") to be hidden
    15 √ó locator resolved to visible <div id="authModal" class="modal show">‚Ä¶</div>

[33mWARNING [0m pages.login_page:login_page.py:303 Token not found after registration, may have failed
[31m[1m____________ ERROR at setup of test_system_settings_panel[chromium] ____________[0m
[1m[31mE   playwright._impl._errors.TimeoutError: Page.wait_for_selector: Timeout 5000ms exceeded.[0m
[1m[31m    Call log:[0m
[1m[31m      - waiting for locator("#authModal") to be hidden[0m
[1m[31m        15 √ó locator resolved to visible <div id="authModal" class="modal show">‚Ä¶</div>[0m

[33mDuring handling of the above exception, another exception occurred:[0m
[1m[31mE   Exception: Registration may have failed - no token found[0m
------------------------------ Captured log setup ------------------------------
[32mINFO    [0m pages.login_page:login_page.py:102 Waiting for auth modal to appear
[32mINFO    [0m pages.base_page:base_page.py:155 Waiting for #authModal to be visible
[32mINFO    [0m pages.base_page:base_page.py:155 Waiting for #registerTab to be visible
[32mINFO    [0m pages.login_page:login_page.py:253 Registering user: testuser_20251004_223032_egu5
[32mINFO    [0m pages.login_page:login_page.py:123 Switching to register mode
[32mINFO    [0m pages.login_page:login_page.py:128 Already in register mode
[32mINFO    [0m pages.login_page:login_page.py:157 Filling username: testuser_20251004_223032_egu5
[32mINFO    [0m pages.base_page:base_page.py:91 Filling #registerUsername with: testuser_20251004_22...
[32mINFO    [0m pages.login_page:login_page.py:179 Filling password
[32mINFO    [0m pages.base_page:base_page.py:91 Filling #registerPassword with: Testc4povd2bsy1c!...
[32mINFO    [0m pages.login_page:login_page.py:200 Filling email: test_20251004_223032_egu5@example.com
[32mINFO    [0m pages.base_page:base_page.py:91 Filling #registerEmail with: test_20251004_223032...
[32mINFO    [0m pages.login_page:login_page.py:210 Clicking Register button
[32mINFO    [0m pages.base_page:base_page.py:79 Clicking: #registerForm button[type='submit']
[32mINFO    [0m pages.login_page:login_page.py:114 Waiting for auth modal to close
[32mINFO    [0m pages.base_page:base_page.py:155 Waiting for #authModal to be hidden
[33mWARNING [0m pages.login_page:login_page.py:280 Modal didn't close automatically, checking auth state: Page.wait_for_selector: Timeout 5000ms exceeded.
Call log:
  - waiting for locator("#authModal") to be hidden
    15 √ó locator resolved to visible <div id="authModal" class="modal show">‚Ä¶</div>

[33mWARNING [0m pages.login_page:login_page.py:303 Token not found after registration, may have failed
[31m[1m________ ERROR at setup of test_settings_keyboard_navigation[chromium] _________[0m
[1m[31mE   playwright._impl._errors.TimeoutError: Page.wait_for_selector: Timeout 5000ms exceeded.[0m
[1m[31m    Call log:[0m
[1m[31m      - waiting for locator("#authModal") to be hidden[0m
[1m[31m        15 √ó locator resolved to visible <div id="authModal" class="modal show">‚Ä¶</div>[0m

[33mDuring handling of the above exception, another exception occurred:[0m
[1m[31mE   Exception: Registration may have failed - no token found[0m
------------------------------ Captured log setup ------------------------------
[32mINFO    [0m pages.login_page:login_page.py:102 Waiting for auth modal to appear
[32mINFO    [0m pages.base_page:base_page.py:155 Waiting for #authModal to be visible
[32mINFO    [0m pages.base_page:base_page.py:155 Waiting for #registerTab to be visible
[32mINFO    [0m pages.login_page:login_page.py:253 Registering user: testuser_20251004_223039_k9qo
[32mINFO    [0m pages.login_page:login_page.py:123 Switching to register mode
[32mINFO    [0m pages.login_page:login_page.py:128 Already in register mode
[32mINFO    [0m pages.login_page:login_page.py:157 Filling username: testuser_20251004_223039_k9qo
[32mINFO    [0m pages.base_page:base_page.py:91 Filling #registerUsername with: testuser_20251004_22...
[32mINFO    [0m pages.login_page:login_page.py:179 Filling password
[32mINFO    [0m pages.base_page:base_page.py:91 Filling #registerPassword with: Testkayye5dcd9y3!...
[32mINFO    [0m pages.login_page:login_page.py:200 Filling email: test_20251004_223039_k9qo@example.com
[32mINFO    [0m pages.base_page:base_page.py:91 Filling #registerEmail with: test_20251004_223039...
[32mINFO    [0m pages.login_page:login_page.py:210 Clicking Register button
[32mINFO    [0m pages.base_page:base_page.py:79 Clicking: #registerForm button[type='submit']
[32mINFO    [0m pages.login_page:login_page.py:114 Waiting for auth modal to close
[32mINFO    [0m pages.base_page:base_page.py:155 Waiting for #authModal to be hidden
[33mWARNING [0m pages.login_page:login_page.py:280 Modal didn't close automatically, checking auth state: Page.wait_for_selector: Timeout 5000ms exceeded.
Call log:
  - waiting for locator("#authModal") to be hidden
    15 √ó locator resolved to visible <div id="authModal" class="modal show">‚Ä¶</div>

[33mWARNING [0m pages.login_page:login_page.py:303 Token not found after registration, may have failed
[31m[1m__________ ERROR at setup of test_settings_form_validation[chromium] ___________[0m
[1m[31mE   playwright._impl._errors.TimeoutError: Page.wait_for_selector: Timeout 5000ms exceeded.[0m
[1m[31m    Call log:[0m
[1m[31m      - waiting for locator("#authModal") to be hidden[0m
[1m[31m        15 √ó locator resolved to visible <div id="authModal" class="modal show">‚Ä¶</div>[0m

[33mDuring handling of the above exception, another exception occurred:[0m
[1m[31mE   Exception: Registration may have failed - no token found[0m
------------------------------ Captured log setup ------------------------------
[32mINFO    [0m pages.login_page:login_page.py:102 Waiting for auth modal to appear
[32mINFO    [0m pages.base_page:base_page.py:155 Waiting for #authModal to be visible
[32mINFO    [0m pages.base_page:base_page.py:155 Waiting for #registerTab to be visible
[32mINFO    [0m pages.login_page:login_page.py:253 Registering user: testuser_20251004_223046_h7su
[32mINFO    [0m pages.login_page:login_page.py:123 Switching to register mode
[32mINFO    [0m pages.login_page:login_page.py:128 Already in register mode
[32mINFO    [0m pages.login_page:login_page.py:157 Filling username: testuser_20251004_223046_h7su
[32mINFO    [0m pages.base_page:base_page.py:91 Filling #registerUsername with: testuser_20251004_22...
[32mINFO    [0m pages.login_page:login_page.py:179 Filling password
[32mINFO    [0m pages.base_page:base_page.py:91 Filling #registerPassword with: Testdgl19up2s9ld!...
[32mINFO    [0m pages.login_page:login_page.py:200 Filling email: test_20251004_223046_h7su@example.com
[32mINFO    [0m pages.base_page:base_page.py:91 Filling #registerEmail with: test_20251004_223046...
[32mINFO    [0m pages.login_page:login_page.py:210 Clicking Register button
[32mINFO    [0m pages.base_page:base_page.py:79 Clicking: #registerForm button[type='submit']
[32mINFO    [0m pages.login_page:login_page.py:114 Waiting for auth modal to close
[32mINFO    [0m pages.base_page:base_page.py:155 Waiting for #authModal to be hidden
[33mWARNING [0m pages.login_page:login_page.py:280 Modal didn't close automatically, checking auth state: Page.wait_for_selector: Timeout 5000ms exceeded.
Call log:
  - waiting for locator("#authModal") to be hidden
    15 √ó locator resolved to visible <div id="authModal" class="modal show">‚Ä¶</div>

[33mWARNING [0m pages.login_page:login_page.py:303 Token not found after registration, may have failed
[31m[1m_____________ ERROR at setup of test_settings_help_text[chromium] ______________[0m
[1m[31mE   playwright._impl._errors.TimeoutError: Page.wait_for_selector: Timeout 5000ms exceeded.[0m
[1m[31m    Call log:[0m
[1m[31m      - waiting for locator("#authModal") to be hidden[0m
[1m[31m        15 √ó locator resolved to visible <div id="authModal" class="modal show">‚Ä¶</div>[0m

[33mDuring handling of the above exception, another exception occurred:[0m
[1m[31mE   Exception: Registration may have failed - no token found[0m
------------------------------ Captured log setup ------------------------------
[32mINFO    [0m pages.login_page:login_page.py:102 Waiting for auth modal to appear
[32mINFO    [0m pages.base_page:base_page.py:155 Waiting for #authModal to be visible
[32mINFO    [0m pages.base_page:base_page.py:155 Waiting for #registerTab to be visible
[32mINFO    [0m pages.login_page:login_page.py:253 Registering user: testuser_20251004_223053_7tly
[32mINFO    [0m pages.login_page:login_page.py:123 Switching to register mode
[32mINFO    [0m pages.login_page:login_page.py:128 Already in register mode
[32mINFO    [0m pages.login_page:login_page.py:157 Filling username: testuser_20251004_223053_7tly
[32mINFO    [0m pages.base_page:base_page.py:91 Filling #registerUsername with: testuser_20251004_22...
[32mINFO    [0m pages.login_page:login_page.py:179 Filling password
[32mINFO    [0m pages.base_page:base_page.py:91 Filling #registerPassword with: Testxw354ricssjs!...
[32mINFO    [0m pages.login_page:login_page.py:200 Filling email: test_20251004_223053_7tly@example.com
[32mINFO    [0m pages.base_page:base_page.py:91 Filling #registerEmail with: test_20251004_223053...
[32mINFO    [0m pages.login_page:login_page.py:210 Clicking Register button
[32mINFO    [0m pages.base_page:base_page.py:79 Clicking: #registerForm button[type='submit']
[32mINFO    [0m pages.login_page:login_page.py:114 Waiting for auth modal to close
[32mINFO    [0m pages.base_page:base_page.py:155 Waiting for #authModal to be hidden
[33mWARNING [0m pages.login_page:login_page.py:280 Modal didn't close automatically, checking auth state: Page.wait_for_selector: Timeout 5000ms exceeded.
Call log:
  - waiting for locator("#authModal") to be hidden
    15 √ó locator resolved to visible <div id="authModal" class="modal show">‚Ä¶</div>

[33mWARNING [0m pages.login_page:login_page.py:303 Token not found after registration, may have failed
=================================== FAILURES ===================================
/Users/fab/GitHub/proximity/e2e_tests/.venv/lib/python3.13/site-packages/playwright/_impl/_connection.py:558: playwright._impl._errors.TimeoutError: Page.wait_for_function: Timeout 15000ms exceeded.
/Users/fab/GitHub/proximity/e2e_tests/.venv/lib/python3.13/site-packages/playwright/_impl/_connection.py:558: playwright._impl._errors.TimeoutError: Page.wait_for_function: Timeout 15000ms exceeded.
/Users/fab/GitHub/proximity/e2e_tests/.venv/lib/python3.13/site-packages/playwright/_impl/_connection.py:558: playwright._impl._errors.TimeoutError: Page.wait_for_function: Timeout 15000ms exceeded.
/Users/fab/GitHub/proximity/e2e_tests/.venv/lib/python3.13/site-packages/playwright/_impl/_connection.py:558: playwright._impl._errors.TimeoutError: Page.wait_for_function: Timeout 15000ms exceeded.
/Users/fab/GitHub/proximity/e2e_tests/.venv/lib/python3.13/site-packages/playwright/_impl/_connection.py:558: playwright._impl._errors.TimeoutError: Locator.wait_for: Timeout 5000ms exceeded.
/Users/fab/GitHub/proximity/e2e_tests/test_backup_restore_flow.py:27: AssertionError: Locator expected to be visible
/Users/fab/GitHub/proximity/e2e_tests/.venv/lib/python3.13/site-packages/playwright/_impl/_connection.py:558: playwright._impl._errors.TimeoutError: Locator.click: Timeout 30000ms exceeded.
/Users/fab/GitHub/proximity/e2e_tests/.venv/lib/python3.13/site-packages/playwright/_impl/_connection.py:558: playwright._impl._errors.TargetClosedError: Locator.click: Target page, context or browser has been closed
/Users/fab/GitHub/proximity/e2e_tests/.venv/lib/python3.13/site-packages/playwright/_impl/_connection.py:558: playwright._impl._errors.TargetClosedError: Locator.click: Target page, context or browser has been closed
/Users/fab/GitHub/proximity/e2e_tests/.venv/lib/python3.13/site-packages/playwright/_impl/_connection.py:558: playwright._impl._errors.TargetClosedError: Locator.click: Target page, context or browser has been closed
/Users/fab/GitHub/proximity/e2e_tests/.venv/lib/python3.13/site-packages/playwright/_impl/_connection.py:558: playwright._impl._errors.TargetClosedError: Locator.inner_text: Target page, context or browser has been closed
[36m[1m=========================== short test summary info ============================[0m
[31mFAILED[0m test_app_lifecycle.py::[1mtest_full_app_deploy_manage_delete_workflow[chromium][0m - playwright._impl._errors.TimeoutError: Page.wait_for_function: Timeout 15000ms exceeded.
[31mFAILED[0m test_app_lifecycle.py::[1mtest_app_update_workflow_with_pre_update_backup[chromium][0m - playwright._impl._errors.TimeoutError: Page.wait_for_function: Timeout 15000ms exceeded.
[31mFAILED[0m test_app_lifecycle.py::[1mtest_app_volumes_display[chromium][0m - playwright._impl._errors.TimeoutError: Page.wait_for_function: Timeout 15000ms exceeded.
[31mFAILED[0m test_app_lifecycle.py::[1mtest_monitoring_tab_displays_data[chromium][0m - playwright._impl._errors.TimeoutError: Page.wait_for_function: Timeout 15000ms exceeded.
[31mFAILED[0m test_auth_flow.py::[1mtest_logout[chromium][0m - playwright._impl._errors.TimeoutError: Locator.wait_for: Timeout 5000ms exceeded.
Call log:
  - waiting for locator(".user-menu-item.logout") to be visible
    15 √ó locator resolved to hidden <a href="#" class="user-menu-item logout" onclick="handleLogout(event)">‚Ä¶</a>
[31mFAILED[0m test_backup_restore_flow.py::[1mtest_backup_creation_and_listing[chromium][0m - AssertionError: Locator expected to be visible
Actual value: <element(s) not found> 
Call log:
  - Expect "to_be_visible" with timeout 5000ms
  - waiting for locator(".app-card.deployed").first
[31mFAILED[0m test_backup_restore_flow.py::[1mtest_backup_completion_polling[chromium][0m - playwright._impl._errors.TimeoutError: Locator.click: Timeout 30000ms exceeded.
Call log:
  - waiting for locator(".app-card.deployed").first.locator("button[title=\"Backups\"]")
[31mFAILED[0m test_backup_restore_flow.py::[1mtest_backup_restore_workflow[chromium][0m - playwright._impl._errors.TargetClosedError: Locator.click: Target page, context or browser has been closed
Call log:
  - waiting for locator(".app-card.deployed").first.locator("button[title=\"Backups\"]")
[31mFAILED[0m test_backup_restore_flow.py::[1mtest_backup_deletion[chromium][0m - playwright._impl._errors.TargetClosedError: Locator.click: Target page, context or browser has been closed
Call log:
  - waiting for locator(".app-card.deployed").first.locator("button[title=\"Backups\"]")
[31mFAILED[0m test_backup_restore_flow.py::[1mtest_backup_ui_feedback[chromium][0m - playwright._impl._errors.TargetClosedError: Locator.click: Target page, context or browser has been closed
Call log:
  - waiting for locator(".app-card.deployed").first.locator("button[title=\"Backups\"]")
[31mFAILED[0m test_backup_restore_flow.py::[1mtest_backup_security_ownership[chromium][0m - playwright._impl._errors.TargetClosedError: Locator.inner_text: Target page, context or browser has been closed
Call log:
  - waiting for locator(".app-card.deployed").first.locator(".app-name")
[31mERROR[0m test_app_canvas.py::[1mtest_open_and_close_canvas_with_button[chromium][0m - playwright._impl._errors.TimeoutError: Page.wait_for_function: Timeout 15000ms exceeded.
[31mERROR[0m test_app_canvas.py::[1mtest_close_canvas_with_escape_key[chromium][0m - playwright._impl._errors.TimeoutError: Page.wait_for_function: Timeout 15000ms exceeded.
[31mERROR[0m test_app_canvas.py::[1mtest_close_canvas_by_clicking_outside[chromium][0m - playwright._impl._errors.TimeoutError: Page.wait_for_function: Timeout 15000ms exceeded.
[31mERROR[0m test_app_canvas.py::[1mtest_refresh_canvas[chromium][0m - playwright._impl._errors.TimeoutError: Page.wait_for_function: Timeout 15000ms exceeded.
[31mERROR[0m test_app_canvas.py::[1mtest_canvas_displays_correct_app_name[chromium][0m - playwright._impl._errors.TimeoutError: Page.wait_for_function: Timeout 15000ms exceeded.
[31mERROR[0m test_app_canvas.py::[1mtest_canvas_iframe_loads_content[chromium][0m - playwright._impl._errors.TimeoutError: Page.wait_for_function: Timeout 15000ms exceeded.
[31mERROR[0m test_app_canvas.py::[1mtest_canvas_button_only_visible_for_running_apps[chromium][0m - playwright._impl._errors.TimeoutError: Page.wait_for_function: Timeout 15000ms exceeded.
[31mERROR[0m test_app_management.py::[1mtest_view_app_logs_all[chromium][0m - playwright._impl._errors.TimeoutError: Page.wait_for_selector: Timeout 10000ms exceeded.
Call log:
  - waiting for locator("#authModal") to be visible
[31mERROR[0m test_app_management.py::[1mtest_view_app_logs_docker[chromium][0m - playwright._impl._errors.TimeoutError: Page.wait_for_selector: Timeout 10000ms exceeded.
Call log:
  - waiting for locator("#authModal") to be visible
[31mERROR[0m test_app_management.py::[1mtest_view_app_logs_system[chromium][0m - playwright._impl._errors.TimeoutError: Page.wait_for_selector: Timeout 10000ms exceeded.
Call log:
  - waiting for locator("#authModal") to be visible
[31mERROR[0m test_app_management.py::[1mtest_logs_auto_refresh[chromium][0m - playwright._impl._errors.TimeoutError: Page.wait_for_selector: Timeout 10000ms exceeded.
Call log:
  - waiting for locator("#authModal") to be visible
[31mERROR[0m test_app_management.py::[1mtest_download_logs[chromium][0m - playwright._impl._errors.TimeoutError: Page.wait_for_selector: Timeout 10000ms exceeded.
Call log:
  - waiting for locator("#authModal") to be visible
[31mERROR[0m test_app_management.py::[1mtest_open_app_console[chromium][0m - playwright._impl._errors.TimeoutError: Page.wait_for_selector: Timeout 10000ms exceeded.
Call log:
  - waiting for locator("#authModal") to be visible
[31mERROR[0m test_app_management.py::[1mtest_console_quick_commands[chromium][0m - playwright._impl._errors.TimeoutError: Page.wait_for_selector: Timeout 10000ms exceeded.
Call log:
  - waiting for locator("#authModal") to be visible
[31mERROR[0m test_app_management.py::[1mtest_app_external_link[chromium][0m - playwright._impl._errors.TimeoutError: Page.wait_for_selector: Timeout 10000ms exceeded.
Call log:
  - waiting for locator("#authModal") to be visible
[31mERROR[0m test_app_management.py::[1mtest_app_stop_start_cycle[chromium][0m - playwright._impl._errors.TimeoutError: Page.wait_for_selector: Timeout 10000ms exceeded.
Call log:
  - waiting for locator("#authModal") to be visible
[31mERROR[0m test_app_management.py::[1mtest_app_restart[chromium][0m - playwright._impl._errors.TimeoutError: Page.wait_for_selector: Timeout 10000ms exceeded.
Call log:
  - waiting for locator("#authModal") to be visible
[31mERROR[0m test_infrastructure.py::[1mtest_infrastructure_page_loads[chromium][0m - Exception: Registration may have failed - no token found
[31mERROR[0m test_infrastructure.py::[1mtest_proxmox_nodes_display[chromium][0m - Exception: Registration may have failed - no token found
[31mERROR[0m test_infrastructure.py::[1mtest_network_appliance_status[chromium][0m - Exception: Registration may have failed - no token found
[31mERROR[0m test_infrastructure.py::[1mtest_refresh_infrastructure[chromium][0m - Exception: Registration may have failed - no token found
[31mERROR[0m test_infrastructure.py::[1mtest_view_appliance_logs[chromium][0m - Exception: Registration may have failed - no token found
[31mERROR[0m test_infrastructure.py::[1mtest_restart_appliance_button[chromium][0m - Exception: Registration may have failed - no token found
[31mERROR[0m test_infrastructure.py::[1mtest_nat_testing_button[chromium][0m - Exception: Registration may have failed - no token found
[31mERROR[0m test_infrastructure.py::[1mtest_services_health_grid[chromium][0m - Exception: Registration may have failed - no token found
[31mERROR[0m test_infrastructure.py::[1mtest_infrastructure_statistics[chromium][0m - Exception: Registration may have failed - no token found
[31mERROR[0m test_infrastructure.py::[1mtest_infrastructure_alerts[chromium][0m - Exception: Registration may have failed - no token found
[31mERROR[0m test_infrastructure.py::[1mtest_infrastructure_realtime_updates[chromium][0m - Exception: Registration may have failed - no token found
[31mERROR[0m test_navigation.py::[1mtest_navigate_all_views[chromium][0m - Exception: Registration may have failed - no token found
[31mERROR[0m test_navigation.py::[1mtest_sidebar_collapse_expand[chromium][0m - Exception: Registration may have failed - no token found
[31mERROR[0m test_navigation.py::[1mtest_user_menu_toggle[chromium][0m - Exception: Registration may have failed - no token found
[31mERROR[0m test_navigation.py::[1mtest_user_profile_info_display[chromium][0m - Exception: Registration may have failed - no token found
[31mERROR[0m test_navigation.py::[1mtest_navigate_to_profile[chromium][0m - Exception: Registration may have failed - no token found
[31mERROR[0m test_navigation.py::[1mtest_active_nav_indicator[chromium][0m - Exception: Registration may have failed - no token found
[31mERROR[0m test_navigation.py::[1mtest_navigation_keyboard_shortcuts[chromium][0m - Exception: Registration may have failed - no token found
[31mERROR[0m test_navigation.py::[1mtest_breadcrumb_navigation[chromium][0m - Exception: Registration may have failed - no token found
[31mERROR[0m test_navigation.py::[1mtest_page_titles_update[chromium][0m - Exception: Registration may have failed - no token found
[31mERROR[0m test_navigation.py::[1mtest_quick_deploy_button[chromium][0m - Exception: Registration may have failed - no token found
[31mERROR[0m test_navigation.py::[1mtest_logo_click_returns_home[chromium][0m - Exception: Registration may have failed - no token found
[31mERROR[0m test_settings.py::[1mtest_settings_page_loads[chromium][0m - Exception: Registration may have failed - no token found
[31mERROR[0m test_settings.py::[1mtest_settings_tab_navigation[chromium][0m - Exception: Registration may have failed - no token found
[31mERROR[0m test_settings.py::[1mtest_proxmox_settings_form[chromium][0m - Exception: Registration may have failed - no token found
[31mERROR[0m test_settings.py::[1mtest_proxmox_test_connection[chromium][0m - Exception: Registration may have failed - no token found
[31mERROR[0m test_settings.py::[1mtest_network_settings_form[chromium][0m - Exception: Registration may have failed - no token found
[31mERROR[0m test_settings.py::[1mtest_resources_settings_form[chromium][0m - Exception: Registration may have failed - no token found
[31mERROR[0m test_settings.py::[1mtest_system_settings_panel[chromium][0m - Exception: Registration may have failed - no token found
[31mERROR[0m test_settings.py::[1mtest_settings_keyboard_navigation[chromium][0m - Exception: Registration may have failed - no token found
[31mERROR[0m test_settings.py::[1mtest_settings_form_validation[chromium][0m - Exception: Registration may have failed - no token found
[31mERROR[0m test_settings.py::[1mtest_settings_help_text[chromium][0m - Exception: Registration may have failed - no token found
[31m== [31m[1m11 failed[0m, [32m5 passed[0m, [33m3 skipped[0m, [33m3 warnings[0m, [31m[1m49 errors[0m[31m in 537.18s (0:08:57)[0m[31m ==[0m
