[1m============================= test session starts ==============================[0m
platform darwin -- Python 3.13.7, pytest-8.4.2, pluggy-1.6.0 -- /Users/fab/GitHub/proximity/e2e_tests/.venv/bin/python3.13
cachedir: .pytest_cache
rootdir: /Users/fab/GitHub/proximity/e2e_tests
configfile: pytest.ini
testpaths: .
plugins: asyncio-1.2.0, anyio-4.11.0, xdist-3.8.0, timeout-2.4.0, Faker-37.8.0, rerunfailures-16.0.1, base-url-2.1.0, playwright-0.7.1
asyncio: mode=Mode.STRICT, debug=False, asyncio_default_fixture_loop_scope=None, asyncio_default_test_loop_scope=function
timeout: 300.0s
timeout method: signal
timeout func_only: False
[1mcollecting ... [0mcollected 68 items

test_app_canvas.py::test_open_and_close_canvas_with_button[chromium] 
================================================================================
Starting test: test_open_and_close_canvas_with_button[chromium]
================================================================================

[1m-------------------------------- live log setup --------------------------------[0m
2025-10-04 22:53:28 [[32m    INFO[0m] Waiting for auth modal to appear
2025-10-04 22:53:28 [[32m    INFO[0m] Waiting for #authModal to be visible
2025-10-04 22:53:29 [[32m    INFO[0m] Waiting for #registerTab to be visible
2025-10-04 22:53:29 [[32m    INFO[0m] Switching to register mode
2025-10-04 22:53:29 [[32m    INFO[0m] Already in register mode
2025-10-04 22:53:29 [[32m    INFO[0m] Filling username: testuser_20251004_225328_djha
2025-10-04 22:53:29 [[32m    INFO[0m] Filling #registerUsername with: testuser_20251004_22...
2025-10-04 22:53:29 [[32m    INFO[0m] Filling password
2025-10-04 22:53:29 [[32m    INFO[0m] Filling #registerPassword with: Testqvlhven3g71z!...
2025-10-04 22:53:29 [[32m    INFO[0m] Filling email: test_20251004_225328_djha@example.com
2025-10-04 22:53:29 [[32m    INFO[0m] Filling #registerEmail with: test_20251004_225328...
2025-10-04 22:53:29 [[32m    INFO[0m] Clicking Register button
2025-10-04 22:53:29 [[32m    INFO[0m] Clicking: #registerForm button[type='submit']
2025-10-04 22:53:31 [[32m    INFO[0m] Switching to login mode
2025-10-04 22:53:31 [[32m    INFO[0m] Already in login mode
2025-10-04 22:53:31 [[32m    INFO[0m] Clicking Login submit button
2025-10-04 22:53:31 [[32m    INFO[0m] Clicking: #loginForm button[type='submit']
2025-10-04 22:53:32 [[32m    INFO[0m] Waiting for dashboard to load
2025-10-04 22:53:32 [[32m    INFO[0m] Waiting for #dashboardView to be visible
2025-10-04 22:53:32 [[32m    INFO[0m] Waiting for load state: networkidle
2025-10-04 22:53:32 [[32m    INFO[0m] Navigating to App Store
2025-10-04 22:53:32 [[32m    INFO[0m] Clicking: [data-view='catalog']
[31mERROR[0m
================================================================================
Finished test: test_open_and_close_canvas_with_button[chromium]
================================================================================


test_app_canvas.py::test_close_canvas_with_escape_key[chromium] 
================================================================================
Starting test: test_close_canvas_with_escape_key[chromium]
================================================================================

[1m-------------------------------- live log setup --------------------------------[0m
2025-10-04 22:53:48 [[32m    INFO[0m] Waiting for auth modal to appear
2025-10-04 22:53:48 [[32m    INFO[0m] Waiting for #authModal to be visible
2025-10-04 22:53:48 [[32m    INFO[0m] Waiting for #registerTab to be visible
2025-10-04 22:53:48 [[32m    INFO[0m] Switching to register mode
2025-10-04 22:53:48 [[32m    INFO[0m] Already in register mode
2025-10-04 22:53:48 [[32m    INFO[0m] Filling username: testuser_20251004_225348_io82
2025-10-04 22:53:48 [[32m    INFO[0m] Filling #registerUsername with: testuser_20251004_22...
2025-10-04 22:53:48 [[32m    INFO[0m] Filling password
2025-10-04 22:53:48 [[32m    INFO[0m] Filling #registerPassword with: Test7csrb51a7sk3!...
2025-10-04 22:53:48 [[32m    INFO[0m] Filling email: test_20251004_225348_io82@example.com
2025-10-04 22:53:48 [[32m    INFO[0m] Filling #registerEmail with: test_20251004_225348...
2025-10-04 22:53:48 [[32m    INFO[0m] Clicking Register button
2025-10-04 22:53:48 [[32m    INFO[0m] Clicking: #registerForm button[type='submit']
2025-10-04 22:53:50 [[32m    INFO[0m] Switching to login mode
2025-10-04 22:53:50 [[32m    INFO[0m] Already in login mode
2025-10-04 22:53:50 [[32m    INFO[0m] Clicking Login submit button
2025-10-04 22:53:50 [[32m    INFO[0m] Clicking: #loginForm button[type='submit']
2025-10-04 22:53:51 [[32m    INFO[0m] Waiting for dashboard to load
2025-10-04 22:53:51 [[32m    INFO[0m] Waiting for #dashboardView to be visible
2025-10-04 22:53:51 [[32m    INFO[0m] Waiting for load state: networkidle
2025-10-04 22:53:52 [[32m    INFO[0m] Navigating to App Store
2025-10-04 22:53:52 [[32m    INFO[0m] Clicking: [data-view='catalog']
[31mERROR[0m
================================================================================
Finished test: test_close_canvas_with_escape_key[chromium]
================================================================================


test_app_canvas.py::test_close_canvas_by_clicking_outside[chromium] 
================================================================================
Starting test: test_close_canvas_by_clicking_outside[chromium]
================================================================================

[1m-------------------------------- live log setup --------------------------------[0m
2025-10-04 22:54:08 [[32m    INFO[0m] Waiting for auth modal to appear
2025-10-04 22:54:08 [[32m    INFO[0m] Waiting for #authModal to be visible
2025-10-04 22:54:08 [[32m    INFO[0m] Waiting for #registerTab to be visible
2025-10-04 22:54:08 [[32m    INFO[0m] Switching to register mode
2025-10-04 22:54:08 [[32m    INFO[0m] Already in register mode
2025-10-04 22:54:08 [[32m    INFO[0m] Filling username: testuser_20251004_225407_7kxm
2025-10-04 22:54:08 [[32m    INFO[0m] Filling #registerUsername with: testuser_20251004_22...
2025-10-04 22:54:08 [[32m    INFO[0m] Filling password
2025-10-04 22:54:08 [[32m    INFO[0m] Filling #registerPassword with: Testpxr9lkl3j3va!...
2025-10-04 22:54:08 [[32m    INFO[0m] Filling email: test_20251004_225407_7kxm@example.com
2025-10-04 22:54:08 [[32m    INFO[0m] Filling #registerEmail with: test_20251004_225407...
2025-10-04 22:54:08 [[32m    INFO[0m] Clicking Register button
2025-10-04 22:54:08 [[32m    INFO[0m] Clicking: #registerForm button[type='submit']
2025-10-04 22:54:10 [[32m    INFO[0m] Switching to login mode
2025-10-04 22:54:10 [[32m    INFO[0m] Already in login mode
2025-10-04 22:54:10 [[32m    INFO[0m] Clicking Login submit button
2025-10-04 22:54:10 [[32m    INFO[0m] Clicking: #loginForm button[type='submit']
2025-10-04 22:54:11 [[32m    INFO[0m] Waiting for dashboard to load
2025-10-04 22:54:11 [[32m    INFO[0m] Waiting for #dashboardView to be visible
2025-10-04 22:54:11 [[32m    INFO[0m] Waiting for load state: networkidle
2025-10-04 22:54:11 [[32m    INFO[0m] Navigating to App Store
2025-10-04 22:54:11 [[32m    INFO[0m] Clicking: [data-view='catalog']
[31mERROR[0m
================================================================================
Finished test: test_close_canvas_by_clicking_outside[chromium]
================================================================================


test_app_canvas.py::test_refresh_canvas[chromium] 
================================================================================
Starting test: test_refresh_canvas[chromium]
================================================================================

[1m-------------------------------- live log setup --------------------------------[0m
2025-10-04 22:54:27 [[32m    INFO[0m] Waiting for auth modal to appear
2025-10-04 22:54:27 [[32m    INFO[0m] Waiting for #authModal to be visible
2025-10-04 22:54:27 [[32m    INFO[0m] Waiting for #registerTab to be visible
2025-10-04 22:54:27 [[32m    INFO[0m] Switching to register mode
2025-10-04 22:54:27 [[32m    INFO[0m] Already in register mode
2025-10-04 22:54:27 [[32m    INFO[0m] Filling username: testuser_20251004_225427_i4j6
2025-10-04 22:54:27 [[32m    INFO[0m] Filling #registerUsername with: testuser_20251004_22...
2025-10-04 22:54:27 [[32m    INFO[0m] Filling password
2025-10-04 22:54:27 [[32m    INFO[0m] Filling #registerPassword with: Testx6e2n235wuw5!...
2025-10-04 22:54:27 [[32m    INFO[0m] Filling email: test_20251004_225427_i4j6@example.com
2025-10-04 22:54:27 [[32m    INFO[0m] Filling #registerEmail with: test_20251004_225427...
2025-10-04 22:54:27 [[32m    INFO[0m] Clicking Register button
2025-10-04 22:54:27 [[32m    INFO[0m] Clicking: #registerForm button[type='submit']
2025-10-04 22:54:29 [[32m    INFO[0m] Switching to login mode
2025-10-04 22:54:29 [[32m    INFO[0m] Already in login mode
2025-10-04 22:54:29 [[32m    INFO[0m] Clicking Login submit button
2025-10-04 22:54:29 [[32m    INFO[0m] Clicking: #loginForm button[type='submit']
2025-10-04 22:54:30 [[32m    INFO[0m] Waiting for dashboard to load
2025-10-04 22:54:30 [[32m    INFO[0m] Waiting for #dashboardView to be visible
2025-10-04 22:54:30 [[32m    INFO[0m] Waiting for load state: networkidle
2025-10-04 22:54:31 [[32m    INFO[0m] Navigating to App Store
2025-10-04 22:54:31 [[32m    INFO[0m] Clicking: [data-view='catalog']
[31mERROR[0m
================================================================================
Finished test: test_refresh_canvas[chromium]
================================================================================


test_app_canvas.py::test_canvas_displays_correct_app_name[chromium] 
================================================================================
Starting test: test_canvas_displays_correct_app_name[chromium]
================================================================================

[1m-------------------------------- live log setup --------------------------------[0m
2025-10-04 22:54:47 [[32m    INFO[0m] Waiting for auth modal to appear
2025-10-04 22:54:47 [[32m    INFO[0m] Waiting for #authModal to be visible
2025-10-04 22:54:47 [[32m    INFO[0m] Waiting for #registerTab to be visible
2025-10-04 22:54:47 [[32m    INFO[0m] Switching to register mode
2025-10-04 22:54:47 [[32m    INFO[0m] Already in register mode
2025-10-04 22:54:47 [[32m    INFO[0m] Filling username: testuser_20251004_225447_9t38
2025-10-04 22:54:47 [[32m    INFO[0m] Filling #registerUsername with: testuser_20251004_22...
2025-10-04 22:54:47 [[32m    INFO[0m] Filling password
2025-10-04 22:54:47 [[32m    INFO[0m] Filling #registerPassword with: Testb5ve4m2onwwk!...
2025-10-04 22:54:47 [[32m    INFO[0m] Filling email: test_20251004_225447_9t38@example.com
2025-10-04 22:54:47 [[32m    INFO[0m] Filling #registerEmail with: test_20251004_225447...
2025-10-04 22:54:47 [[32m    INFO[0m] Clicking Register button
2025-10-04 22:54:47 [[32m    INFO[0m] Clicking: #registerForm button[type='submit']
2025-10-04 22:54:49 [[32m    INFO[0m] Switching to login mode
2025-10-04 22:54:49 [[32m    INFO[0m] Already in login mode
2025-10-04 22:54:49 [[32m    INFO[0m] Clicking Login submit button
2025-10-04 22:54:49 [[32m    INFO[0m] Clicking: #loginForm button[type='submit']
2025-10-04 22:54:50 [[32m    INFO[0m] Waiting for dashboard to load
2025-10-04 22:54:50 [[32m    INFO[0m] Waiting for #dashboardView to be visible
2025-10-04 22:54:50 [[32m    INFO[0m] Waiting for load state: networkidle
2025-10-04 22:54:50 [[32m    INFO[0m] Navigating to App Store
2025-10-04 22:54:50 [[32m    INFO[0m] Clicking: [data-view='catalog']
[31mERROR[0m
================================================================================
Finished test: test_canvas_displays_correct_app_name[chromium]
================================================================================


test_app_canvas.py::test_canvas_iframe_loads_content[chromium] 
================================================================================
Starting test: test_canvas_iframe_loads_content[chromium]
================================================================================

[1m-------------------------------- live log setup --------------------------------[0m
2025-10-04 22:55:06 [[32m    INFO[0m] Waiting for auth modal to appear
2025-10-04 22:55:06 [[32m    INFO[0m] Waiting for #authModal to be visible
2025-10-04 22:55:06 [[32m    INFO[0m] Waiting for #registerTab to be visible
2025-10-04 22:55:06 [[32m    INFO[0m] Switching to register mode
2025-10-04 22:55:06 [[32m    INFO[0m] Already in register mode
2025-10-04 22:55:06 [[32m    INFO[0m] Filling username: testuser_20251004_225506_xwif
2025-10-04 22:55:06 [[32m    INFO[0m] Filling #registerUsername with: testuser_20251004_22...
2025-10-04 22:55:06 [[32m    INFO[0m] Filling password
2025-10-04 22:55:06 [[32m    INFO[0m] Filling #registerPassword with: Test62gcks2yiuoj!...
2025-10-04 22:55:06 [[32m    INFO[0m] Filling email: test_20251004_225506_xwif@example.com
2025-10-04 22:55:06 [[32m    INFO[0m] Filling #registerEmail with: test_20251004_225506...
2025-10-04 22:55:06 [[32m    INFO[0m] Clicking Register button
2025-10-04 22:55:06 [[32m    INFO[0m] Clicking: #registerForm button[type='submit']
2025-10-04 22:55:08 [[32m    INFO[0m] Switching to login mode
2025-10-04 22:55:08 [[32m    INFO[0m] Already in login mode
2025-10-04 22:55:08 [[32m    INFO[0m] Clicking Login submit button
2025-10-04 22:55:08 [[32m    INFO[0m] Clicking: #loginForm button[type='submit']
2025-10-04 22:55:10 [[32m    INFO[0m] Waiting for dashboard to load
2025-10-04 22:55:10 [[32m    INFO[0m] Waiting for #dashboardView to be visible
2025-10-04 22:55:10 [[32m    INFO[0m] Waiting for load state: networkidle
2025-10-04 22:55:10 [[32m    INFO[0m] Navigating to App Store
2025-10-04 22:55:10 [[32m    INFO[0m] Clicking: [data-view='catalog']
[31mERROR[0m
================================================================================
Finished test: test_canvas_iframe_loads_content[chromium]
================================================================================


test_app_canvas.py::test_canvas_button_only_visible_for_running_apps[chromium] 
================================================================================
Starting test: test_canvas_button_only_visible_for_running_apps[chromium]
================================================================================

[1m-------------------------------- live log setup --------------------------------[0m
2025-10-04 22:55:26 [[32m    INFO[0m] Waiting for auth modal to appear
2025-10-04 22:55:26 [[32m    INFO[0m] Waiting for #authModal to be visible
2025-10-04 22:55:26 [[32m    INFO[0m] Waiting for #registerTab to be visible
2025-10-04 22:55:26 [[32m    INFO[0m] Switching to register mode
2025-10-04 22:55:26 [[32m    INFO[0m] Already in register mode
2025-10-04 22:55:26 [[32m    INFO[0m] Filling username: testuser_20251004_225526_ucq8
2025-10-04 22:55:26 [[32m    INFO[0m] Filling #registerUsername with: testuser_20251004_22...
2025-10-04 22:55:26 [[32m    INFO[0m] Filling password
2025-10-04 22:55:26 [[32m    INFO[0m] Filling #registerPassword with: Testiew6vd7m1m42!...
2025-10-04 22:55:26 [[32m    INFO[0m] Filling email: test_20251004_225526_ucq8@example.com
2025-10-04 22:55:26 [[32m    INFO[0m] Filling #registerEmail with: test_20251004_225526...
2025-10-04 22:55:26 [[32m    INFO[0m] Clicking Register button
2025-10-04 22:55:26 [[32m    INFO[0m] Clicking: #registerForm button[type='submit']
2025-10-04 22:55:28 [[32m    INFO[0m] Switching to login mode
2025-10-04 22:55:28 [[32m    INFO[0m] Already in login mode
2025-10-04 22:55:28 [[32m    INFO[0m] Clicking Login submit button
2025-10-04 22:55:28 [[32m    INFO[0m] Clicking: #loginForm button[type='submit']
2025-10-04 22:55:29 [[32m    INFO[0m] Waiting for dashboard to load
2025-10-04 22:55:29 [[32m    INFO[0m] Waiting for #dashboardView to be visible
2025-10-04 22:55:29 [[32m    INFO[0m] Waiting for load state: networkidle
2025-10-04 22:55:29 [[32m    INFO[0m] Navigating to App Store
2025-10-04 22:55:29 [[32m    INFO[0m] Clicking: [data-view='catalog']
[31mERROR[0m
================================================================================
Finished test: test_canvas_button_only_visible_for_running_apps[chromium]
================================================================================


test_app_canvas.py::test_canvas_error_handling[chromium] [33mSKIPPED[0m (Error
handling depends on app configuration)
test_app_lifecycle.py::test_full_app_deploy_manage_delete_workflow[chromium] 
================================================================================
Starting test: test_full_app_deploy_manage_delete_workflow[chromium]
================================================================================

[1m-------------------------------- live log setup --------------------------------[0m
2025-10-04 22:55:45 [[32m    INFO[0m] Waiting for auth modal to appear
2025-10-04 22:55:45 [[32m    INFO[0m] Waiting for #authModal to be visible
2025-10-04 22:55:45 [[32m    INFO[0m] Waiting for #registerTab to be visible
2025-10-04 22:55:45 [[32m    INFO[0m] Switching to register mode
2025-10-04 22:55:45 [[32m    INFO[0m] Already in register mode
2025-10-04 22:55:45 [[32m    INFO[0m] Filling username: testuser_20251004_225545_i8iy
2025-10-04 22:55:45 [[32m    INFO[0m] Filling #registerUsername with: testuser_20251004_22...
2025-10-04 22:55:45 [[32m    INFO[0m] Filling password
2025-10-04 22:55:45 [[32m    INFO[0m] Filling #registerPassword with: Test11wb4arwh18m!...
2025-10-04 22:55:45 [[32m    INFO[0m] Filling email: test_20251004_225545_i8iy@example.com
2025-10-04 22:55:45 [[32m    INFO[0m] Filling #registerEmail with: test_20251004_225545...
2025-10-04 22:55:45 [[32m    INFO[0m] Clicking Register button
2025-10-04 22:55:45 [[32m    INFO[0m] Clicking: #registerForm button[type='submit']
2025-10-04 22:55:48 [[32m    INFO[0m] Switching to login mode
2025-10-04 22:55:48 [[32m    INFO[0m] Already in login mode
2025-10-04 22:55:48 [[32m    INFO[0m] Clicking Login submit button
2025-10-04 22:55:48 [[32m    INFO[0m] Clicking: #loginForm button[type='submit']
2025-10-04 22:55:49 [[32m    INFO[0m] Waiting for dashboard to load
2025-10-04 22:55:49 [[32m    INFO[0m] Waiting for #dashboardView to be visible
2025-10-04 22:55:49 [[32m    INFO[0m] Waiting for load state: networkidle

================================================================================
üöÄ CRITICAL E2E TEST: Full Application Lifecycle Workflow
================================================================================

üìã Phase 0: Setup
   ‚úì Generated unique hostname: nginx-e2e-202510042255-r3uh8m
   ‚úì Page objects initialized
   ‚úì Base URL: http://127.0.0.1:8765

--------------------------------------------------------------------------------
ÔøΩ Phase 1: Deploy Application
--------------------------------------------------------------------------------

   Step 1.1: Navigate to App Store
[1m-------------------------------- live log call ---------------------------------[0m
2025-10-04 22:55:49 [[32m    INFO[0m] Navigating to App Store
2025-10-04 22:55:49 [[32m    INFO[0m] Clicking: [data-view='catalog']
[31mFAILED[0m
================================================================================
Finished test: test_full_app_deploy_manage_delete_workflow[chromium]
================================================================================


test_app_lifecycle.py::test_app_update_workflow_with_pre_update_backup[chromium] 
================================================================================
Starting test: test_app_update_workflow_with_pre_update_backup[chromium]
================================================================================

[1m-------------------------------- live log setup --------------------------------[0m
2025-10-04 22:56:05 [[32m    INFO[0m] Waiting for auth modal to appear
2025-10-04 22:56:05 [[32m    INFO[0m] Waiting for #authModal to be visible
2025-10-04 22:56:05 [[32m    INFO[0m] Waiting for #registerTab to be visible
2025-10-04 22:56:05 [[32m    INFO[0m] Switching to register mode
2025-10-04 22:56:05 [[32m    INFO[0m] Already in register mode
2025-10-04 22:56:05 [[32m    INFO[0m] Filling username: testuser_20251004_225605_a5qk
2025-10-04 22:56:05 [[32m    INFO[0m] Filling #registerUsername with: testuser_20251004_22...
2025-10-04 22:56:05 [[32m    INFO[0m] Filling password
2025-10-04 22:56:05 [[32m    INFO[0m] Filling #registerPassword with: Testuq36nrk4q9sa!...
2025-10-04 22:56:05 [[32m    INFO[0m] Filling email: test_20251004_225605_a5qk@example.com
2025-10-04 22:56:05 [[32m    INFO[0m] Filling #registerEmail with: test_20251004_225605...
2025-10-04 22:56:05 [[32m    INFO[0m] Clicking Register button
2025-10-04 22:56:05 [[32m    INFO[0m] Clicking: #registerForm button[type='submit']
2025-10-04 22:56:07 [[32m    INFO[0m] Switching to login mode
2025-10-04 22:56:07 [[32m    INFO[0m] Already in login mode
2025-10-04 22:56:07 [[32m    INFO[0m] Clicking Login submit button
2025-10-04 22:56:07 [[32m    INFO[0m] Clicking: #loginForm button[type='submit']
2025-10-04 22:56:08 [[32m    INFO[0m] Waiting for dashboard to load
2025-10-04 22:56:08 [[32m    INFO[0m] Waiting for #dashboardView to be visible
2025-10-04 22:56:08 [[32m    INFO[0m] Waiting for load state: networkidle

================================================================================
üîÑ E2E TEST: Fearless Update Workflow
================================================================================

üì¶ Phase 1: Deploy Application for Update Test
   Generated hostname: nginx-e2e-202510042256-ap58dr
[1m-------------------------------- live log call ---------------------------------[0m
2025-10-04 22:56:09 [[32m    INFO[0m] Navigating to App Store
2025-10-04 22:56:09 [[32m    INFO[0m] Clicking: [data-view='catalog']
[31mFAILED[0m
================================================================================
Finished test: test_app_update_workflow_with_pre_update_backup[chromium]
================================================================================


test_app_lifecycle.py::test_app_volumes_display[chromium] 
================================================================================
Starting test: test_app_volumes_display[chromium]
================================================================================

[1m-------------------------------- live log setup --------------------------------[0m
2025-10-04 22:56:24 [[32m    INFO[0m] Waiting for auth modal to appear
2025-10-04 22:56:24 [[32m    INFO[0m] Waiting for #authModal to be visible
2025-10-04 22:56:24 [[32m    INFO[0m] Waiting for #registerTab to be visible
2025-10-04 22:56:24 [[32m    INFO[0m] Switching to register mode
2025-10-04 22:56:24 [[32m    INFO[0m] Already in register mode
2025-10-04 22:56:24 [[32m    INFO[0m] Filling username: testuser_20251004_225624_zpl9
2025-10-04 22:56:24 [[32m    INFO[0m] Filling #registerUsername with: testuser_20251004_22...
2025-10-04 22:56:24 [[32m    INFO[0m] Filling password
2025-10-04 22:56:24 [[32m    INFO[0m] Filling #registerPassword with: Test21289dhkz7mn!...
2025-10-04 22:56:24 [[32m    INFO[0m] Filling email: test_20251004_225624_zpl9@example.com
2025-10-04 22:56:24 [[32m    INFO[0m] Filling #registerEmail with: test_20251004_225624...
2025-10-04 22:56:24 [[32m    INFO[0m] Clicking Register button
2025-10-04 22:56:24 [[32m    INFO[0m] Clicking: #registerForm button[type='submit']
2025-10-04 22:56:27 [[32m    INFO[0m] Switching to login mode
2025-10-04 22:56:27 [[32m    INFO[0m] Already in login mode
2025-10-04 22:56:27 [[32m    INFO[0m] Clicking Login submit button
2025-10-04 22:56:27 [[32m    INFO[0m] Clicking: #loginForm button[type='submit']
2025-10-04 22:56:28 [[32m    INFO[0m] Waiting for dashboard to load
2025-10-04 22:56:28 [[32m    INFO[0m] Waiting for #dashboardView to be visible
2025-10-04 22:56:28 [[32m    INFO[0m] Waiting for load state: networkidle

================================================================================
üíæ E2E TEST: Transparent Volumes Display
================================================================================

üì¶ Phase 1: Deploy Application with Volumes
   Generated hostname: nginx-e2e-202510042256-vvc88f
[1m-------------------------------- live log call ---------------------------------[0m
2025-10-04 22:56:28 [[32m    INFO[0m] Navigating to App Store
2025-10-04 22:56:28 [[32m    INFO[0m] Clicking: [data-view='catalog']
[31mFAILED[0m
================================================================================
Finished test: test_app_volumes_display[chromium]
================================================================================


test_app_lifecycle.py::test_monitoring_tab_displays_data[chromium] 
================================================================================
Starting test: test_monitoring_tab_displays_data[chromium]
================================================================================

[1m-------------------------------- live log setup --------------------------------[0m
2025-10-04 22:56:44 [[32m    INFO[0m] Waiting for auth modal to appear
2025-10-04 22:56:44 [[32m    INFO[0m] Waiting for #authModal to be visible
2025-10-04 22:56:44 [[32m    INFO[0m] Waiting for #registerTab to be visible
2025-10-04 22:56:44 [[32m    INFO[0m] Switching to register mode
2025-10-04 22:56:44 [[32m    INFO[0m] Already in register mode
2025-10-04 22:56:44 [[32m    INFO[0m] Filling username: testuser_20251004_225644_4j1l
2025-10-04 22:56:44 [[32m    INFO[0m] Filling #registerUsername with: testuser_20251004_22...
2025-10-04 22:56:44 [[32m    INFO[0m] Filling password
2025-10-04 22:56:44 [[32m    INFO[0m] Filling #registerPassword with: Testqsdjmke1c0vn!...
2025-10-04 22:56:44 [[32m    INFO[0m] Filling email: test_20251004_225644_4j1l@example.com
2025-10-04 22:56:44 [[32m    INFO[0m] Filling #registerEmail with: test_20251004_225644...
2025-10-04 22:56:44 [[32m    INFO[0m] Clicking Register button
2025-10-04 22:56:44 [[32m    INFO[0m] Clicking: #registerForm button[type='submit']
2025-10-04 22:56:46 [[32m    INFO[0m] Switching to login mode
2025-10-04 22:56:46 [[32m    INFO[0m] Already in login mode
2025-10-04 22:56:46 [[32m    INFO[0m] Clicking Login submit button
2025-10-04 22:56:46 [[32m    INFO[0m] Clicking: #loginForm button[type='submit']
2025-10-04 22:56:47 [[32m    INFO[0m] Waiting for dashboard to load
2025-10-04 22:56:47 [[32m    INFO[0m] Waiting for #dashboardView to be visible
2025-10-04 22:56:47 [[32m    INFO[0m] Waiting for load state: networkidle

================================================================================
üìä E2E TEST: Monitoring Tab Data Display
================================================================================

üì¶ Phase 1: Deploy Application for Monitoring Test
   Generated hostname: nginx-e2e-202510042256-wide3k
[1m-------------------------------- live log call ---------------------------------[0m
2025-10-04 22:56:48 [[32m    INFO[0m] Navigating to App Store
2025-10-04 22:56:48 [[32m    INFO[0m] Clicking: [data-view='catalog']
[31mFAILED[0m
================================================================================
Finished test: test_monitoring_tab_displays_data[chromium]
================================================================================


test_app_management.py::test_view_app_logs_all[chromium] 
[1m-------------------------------- live log setup --------------------------------[0m
2025-10-04 22:57:03 [[32m    INFO[0m] Waiting for auth modal to appear
2025-10-04 22:57:03 [[32m    INFO[0m] Waiting for #authModal to be visible
[31mERROR[0m
test_app_management.py::test_view_app_logs_docker[chromium] [31mERROR[0m
test_app_management.py::test_view_app_logs_system[chromium] [31mERROR[0m
test_app_management.py::test_logs_auto_refresh[chromium] [31mERROR[0m
test_app_management.py::test_download_logs[chromium] [31mERROR[0m
test_app_management.py::test_open_app_console[chromium] [31mERROR[0m
test_app_management.py::test_console_quick_commands[chromium] [31mERROR[0m
test_app_management.py::test_app_external_link[chromium] [31mERROR[0m
test_app_management.py::test_app_stop_start_cycle[chromium] [31mERROR[0m
test_app_management.py::test_app_restart[chromium] [31mERROR[0m
test_auth_flow.py::test_registration_and_login[chromium] 
================================================================================
Starting test: test_registration_and_login[chromium]
================================================================================

üîç Test: Registration and Login Flow
üìù Generated test user: testuser_20251004_225714_kvak
üìã Step 1: Waiting for auth modal

[1m-------------------------------- live log call ---------------------------------[0m
2025-10-04 22:57:14 [[32m    INFO[0m] Waiting for auth modal to appear
2025-10-04 22:57:14 [[32m    INFO[0m] Waiting for #authModal to be visible
2025-10-04 22:57:14 [[32m    INFO[0m] Waiting for #registerTab to be visible
üìã Step 2: Switching to register mode
2025-10-04 22:57:14 [[32m    INFO[0m] Switching to register mode
2025-10-04 22:57:14 [[32m    INFO[0m] Already in register mode
üìã Step 3: Filling registration form
2025-10-04 22:57:14 [[32m    INFO[0m] Filling username: testuser_20251004_225714_kvak
2025-10-04 22:57:14 [[32m    INFO[0m] Filling #registerUsername with: testuser_20251004_22...
2025-10-04 22:57:14 [[32m    INFO[0m] Filling password
2025-10-04 22:57:14 [[32m    INFO[0m] Filling #registerPassword with: Testbcd3f09x2ggv!...
2025-10-04 22:57:14 [[32m    INFO[0m] Filling email: test_20251004_225714_kvak@example.com
2025-10-04 22:57:14 [[32m    INFO[0m] Filling #registerEmail with: test_20251004_225714...
üìã Step 4: Clicking register button
2025-10-04 22:57:14 [[32m    INFO[0m] Clicking Register button
2025-10-04 22:57:14 [[32m    INFO[0m] Clicking: #registerForm button[type='submit']
üìã Step 5: Waiting for success notification (optional)
üìã Step 6: Verifying modal switched to login tab
2025-10-04 22:57:16 [[32m    INFO[0m] Asserting login mode
üìã Step 7: Verifying username is pre-filled
2025-10-04 22:57:16 [[32m    INFO[0m] Asserting username is pre-filled with: testuser_20251004_225714_kvak
2025-10-04 22:57:16 [[32m    INFO[0m] Getting pre-filled username from login form
üìã Step 8: Clicking login button to complete authentication
2025-10-04 22:57:16 [[32m    INFO[0m] Clicking Login submit button
2025-10-04 22:57:16 [[32m    INFO[0m] Clicking: #loginForm button[type='submit']
üìã Step 9: Waiting for dashboard to appear (confirms async auto-login completed)
‚úì Dashboard is now visible - auto-login completed successfully
üìã Step 10: Verifying modal is closed
‚úì Auth modal is hidden
üìã Step 11: Verifying dashboard state
2025-10-04 22:57:17 [[32m    INFO[0m] Asserting on dashboard page
2025-10-04 22:57:17 [[32m    INFO[0m] Asserting visible: #dashboardView
‚úÖ Test passed: Registration and login flow works correctly
[32mPASSED[0m
================================================================================
Finished test: test_registration_and_login[chromium]
================================================================================


test_auth_flow.py::test_logout[chromium] 
================================================================================
Starting test: test_logout[chromium]
================================================================================

[1m-------------------------------- live log setup --------------------------------[0m
2025-10-04 22:57:17 [[32m    INFO[0m] Waiting for auth modal to appear
2025-10-04 22:57:17 [[32m    INFO[0m] Waiting for #authModal to be visible
2025-10-04 22:57:17 [[32m    INFO[0m] Waiting for #registerTab to be visible
2025-10-04 22:57:17 [[32m    INFO[0m] Switching to register mode
2025-10-04 22:57:17 [[32m    INFO[0m] Already in register mode
2025-10-04 22:57:17 [[32m    INFO[0m] Filling username: testuser_20251004_225717_klpk
2025-10-04 22:57:17 [[32m    INFO[0m] Filling #registerUsername with: testuser_20251004_22...
2025-10-04 22:57:17 [[32m    INFO[0m] Filling password
2025-10-04 22:57:17 [[32m    INFO[0m] Filling #registerPassword with: Testgswtv1rkvhie!...
2025-10-04 22:57:17 [[32m    INFO[0m] Filling email: test_20251004_225717_klpk@example.com
2025-10-04 22:57:17 [[32m    INFO[0m] Filling #registerEmail with: test_20251004_225717...
2025-10-04 22:57:17 [[32m    INFO[0m] Clicking Register button
2025-10-04 22:57:17 [[32m    INFO[0m] Clicking: #registerForm button[type='submit']
2025-10-04 22:57:20 [[32m    INFO[0m] Switching to login mode
2025-10-04 22:57:20 [[32m    INFO[0m] Already in login mode
2025-10-04 22:57:20 [[32m    INFO[0m] Clicking Login submit button
2025-10-04 22:57:20 [[32m    INFO[0m] Clicking: #loginForm button[type='submit']
2025-10-04 22:57:21 [[32m    INFO[0m] Waiting for dashboard to load
2025-10-04 22:57:21 [[32m    INFO[0m] Waiting for #dashboardView to be visible
2025-10-04 22:57:21 [[32m    INFO[0m] Waiting for load state: networkidle

üîç Test: Logout Functionality
üìã Step 1: Verifying authenticated state
[1m-------------------------------- live log call ---------------------------------[0m
2025-10-04 22:57:21 [[32m    INFO[0m] Asserting on dashboard page
2025-10-04 22:57:21 [[32m    INFO[0m] Asserting visible: #dashboardView
‚úì User is authenticated and on dashboard
üìã Step 2: Clicking logout button
2025-10-04 22:57:21 [[32m    INFO[0m] Logging out
2025-10-04 22:57:21 [[32m    INFO[0m] Opening user menu dropdown
2025-10-04 22:57:21 [[33m WARNING[0m] Hard wait for 500ms
2025-10-04 22:57:22 [[32m    INFO[0m] Clicking logout button
[31mFAILED[0m
================================================================================
Finished test: test_logout[chromium]
================================================================================


test_auth_flow.py::test_invalid_login[chromium] 
================================================================================
Starting test: test_invalid_login[chromium]
================================================================================

üîç Test: Invalid Login
üìã Step 1: Clearing any existing session
üìã Step 2: Navigating to fresh page with full reload
üìã Step 3: Verifying clean state (no dashboard visible)
‚ö†Ô∏è  Dashboard was visible, forcing another clear
üìã Step 4: Waiting for auth modal

[1m-------------------------------- live log call ---------------------------------[0m
2025-10-04 22:57:32 [[32m    INFO[0m] Waiting for auth modal to appear
2025-10-04 22:57:32 [[32m    INFO[0m] Waiting for #authModal to be visible
2025-10-04 22:57:32 [[32m    INFO[0m] Waiting for #registerTab to be visible
üìã Step 5: Attempting login with invalid credentials
2025-10-04 22:57:32 [[32m    INFO[0m] Switching to login mode
2025-10-04 22:57:32 [[32m    INFO[0m] Clicking: #loginTab
2025-10-04 22:57:32 [[32m    INFO[0m] Waiting for #loginUsername to be visible
2025-10-04 22:57:32 [[32m    INFO[0m] Filling username: nonexistent_user_12345
2025-10-04 22:57:32 [[32m    INFO[0m] Filling #loginUsername with: nonexistent_user_123...
2025-10-04 22:57:32 [[32m    INFO[0m] Filling password
2025-10-04 22:57:32 [[32m    INFO[0m] Filling #loginPassword with: wrong_password_98765...
2025-10-04 22:57:33 [[32m    INFO[0m] Clicking Login submit button
2025-10-04 22:57:33 [[32m    INFO[0m] Clicking: #loginForm button[type='submit']
üìã Step 6: Waiting for error message to appear (confirms async login attempt completed)
‚úì Error message is now visible - invalid login rejected
üìã Step 7: Verifying error message content
‚úì Error message received: Incorrect username or password
üìã Step 8: Verifying modal still visible
2025-10-04 22:57:33 [[32m    INFO[0m] Asserting auth modal is visible
2025-10-04 22:57:33 [[32m    INFO[0m] Asserting visible: #authModal
üìã Step 9: Verifying user is NOT authenticated (no token saved)
‚úì No auth token stored - access properly denied
‚úÖ Test passed: Invalid login correctly rejected
[32mPASSED[0m
================================================================================
Finished test: test_invalid_login[chromium]
================================================================================


test_auth_flow.py::test_session_persistence[chromium] 
================================================================================
Starting test: test_session_persistence[chromium]
================================================================================

üîç Test: Session Persistence
üìù Generated test user: testuser_20251004_225733_mtu9
üìã Step 1: Registering new user

[1m-------------------------------- live log call ---------------------------------[0m
2025-10-04 22:57:33 [[32m    INFO[0m] Waiting for auth modal to appear
2025-10-04 22:57:33 [[32m    INFO[0m] Waiting for #authModal to be visible
2025-10-04 22:57:33 [[32m    INFO[0m] Waiting for #registerTab to be visible
2025-10-04 22:57:33 [[32m    INFO[0m] Switching to register mode
2025-10-04 22:57:33 [[32m    INFO[0m] Already in register mode
2025-10-04 22:57:33 [[32m    INFO[0m] Filling username: testuser_20251004_225733_mtu9
2025-10-04 22:57:33 [[32m    INFO[0m] Filling #registerUsername with: testuser_20251004_22...
2025-10-04 22:57:33 [[32m    INFO[0m] Filling password
2025-10-04 22:57:33 [[32m    INFO[0m] Filling #registerPassword with: Testgq97eb1dts4j!...
2025-10-04 22:57:33 [[32m    INFO[0m] Filling email: test_20251004_225733_mtu9@example.com
2025-10-04 22:57:33 [[32m    INFO[0m] Filling #registerEmail with: test_20251004_225733...
2025-10-04 22:57:33 [[32m    INFO[0m] Clicking Register button
2025-10-04 22:57:33 [[32m    INFO[0m] Clicking: #registerForm button[type='submit']
üìã Step 2: Completing login
2025-10-04 22:57:35 [[32m    INFO[0m] Switching to login mode
2025-10-04 22:57:35 [[32m    INFO[0m] Already in login mode
2025-10-04 22:57:35 [[32m    INFO[0m] Clicking Login submit button
2025-10-04 22:57:35 [[32m    INFO[0m] Clicking: #loginForm button[type='submit']
üìã Step 3: Waiting for dashboard to load (confirms login completed)
‚úì Dashboard is now visible - login completed successfully
üìã Step 4: Verifying JWT token is stored
üìù Token check result: {'key': 'proximity_token', 'value': 'eyJhbGciOiJIUzI1NiIsInR5cCI6IkpXVCJ9.eyJzdWIiOiJ0ZXN0dXNlcl8yMDI1MTAwNF8yMjU3MzNfbXR1OSIsInJvbGUiOiJ1c2VyIiwidXNlcl9pZCI6NzUsImV4cCI6MTc1OTYxNTA1NiwiaWF0IjoxNzU5NjExNDU2fQ.HXiG7oguENrWyjCc1G_8kkZTzOmGwMPWRtM98XLQRHI'}
‚úì JWT token stored (length: 215 chars)
üìã Step 5: Reloading page to test persistence
üìã Step 6: Waiting for dashboard to appear (confirms session persisted and auto-login occurred)
‚úì Dashboard is now visible - session persisted successfully
üìã Step 7: Verifying auth modal does NOT appear
‚úì Auth modal is hidden - user remained authenticated
üìã Step 8: Verifying dashboard is fully loaded
2025-10-04 22:57:36 [[32m    INFO[0m] Asserting on dashboard page
2025-10-04 22:57:36 [[32m    INFO[0m] Asserting visible: #dashboardView
‚úÖ Test passed: Session persists across page reload
[32mPASSED[0m
================================================================================
Finished test: test_session_persistence[chromium]
================================================================================


test_auth_flow.py::test_password_field_masking[chromium] 
================================================================================
Starting test: test_password_field_masking[chromium]
================================================================================

[1m-------------------------------- live log call ---------------------------------[0m
2025-10-04 22:57:37 [[32m    INFO[0m] Waiting for auth modal to appear
2025-10-04 22:57:37 [[32m    INFO[0m] Waiting for #authModal to be visible
2025-10-04 22:57:37 [[32m    INFO[0m] Waiting for #registerTab to be visible
2025-10-04 22:57:37 [[32m    INFO[0m] Filling password
2025-10-04 22:57:37 [[32m    INFO[0m] Filling #registerPassword with: TestPassword123!...
[32mPASSED[0m
================================================================================
Finished test: test_password_field_masking[chromium]
================================================================================


test_auth_flow.py::test_switch_between_login_and_register[chromium] 
================================================================================
Starting test: test_switch_between_login_and_register[chromium]
================================================================================

[1m-------------------------------- live log call ---------------------------------[0m
2025-10-04 22:57:37 [[32m    INFO[0m] Waiting for auth modal to appear
2025-10-04 22:57:37 [[32m    INFO[0m] Waiting for #authModal to be visible
2025-10-04 22:57:37 [[32m    INFO[0m] Waiting for #registerTab to be visible
2025-10-04 22:57:37 [[32m    INFO[0m] Switching to register mode
2025-10-04 22:57:37 [[32m    INFO[0m] Already in register mode
2025-10-04 22:57:37 [[32m    INFO[0m] Asserting register mode
2025-10-04 22:57:37 [[32m    INFO[0m] Switching to login mode
2025-10-04 22:57:37 [[32m    INFO[0m] Clicking: #loginTab
2025-10-04 22:57:38 [[32m    INFO[0m] Waiting for #loginUsername to be visible
2025-10-04 22:57:38 [[32m    INFO[0m] Asserting login mode
[32mPASSED[0m
================================================================================
Finished test: test_switch_between_login_and_register[chromium]
================================================================================


test_auth_flow.py::test_admin_user_login[chromium] 
================================================================================
Starting test: test_admin_user_login[chromium]
================================================================================
[33mSKIPPED[0m (Admin
credentials not configured in environment)
================================================================================
Finished test: test_admin_user_login[chromium]
================================================================================


test_backup_restore_flow.py::test_backup_creation_and_listing[chromium] 
================================================================================
Starting test: test_backup_creation_and_listing[chromium]
================================================================================
[31mFAILED[0m
================================================================================
Finished test: test_backup_creation_and_listing[chromium]
================================================================================


test_backup_restore_flow.py::test_backup_completion_polling[chromium] 
================================================================================
Starting test: test_backup_completion_polling[chromium]
================================================================================
[31mFAILED[0m
================================================================================
Finished test: test_backup_completion_polling[chromium]
================================================================================


test_backup_restore_flow.py::test_backup_restore_workflow[chromium] 
================================================================================
Starting test: test_backup_restore_workflow[chromium]
================================================================================
[31mFAILED[0m
================================================================================
Finished test: test_backup_restore_workflow[chromium]
================================================================================


test_backup_restore_flow.py::test_backup_deletion[chromium] 
================================================================================
Starting test: test_backup_deletion[chromium]
================================================================================
[31mFAILED[0m
================================================================================
Finished test: test_backup_deletion[chromium]
================================================================================


test_backup_restore_flow.py::test_backup_ui_feedback[chromium] 
================================================================================
Starting test: test_backup_ui_feedback[chromium]
================================================================================
[31mFAILED[0m
================================================================================
Finished test: test_backup_ui_feedback[chromium]
================================================================================


test_backup_restore_flow.py::test_backup_security_ownership[chromium] 
================================================================================
Starting test: test_backup_security_ownership[chromium]
================================================================================
[31mFAILED[0m
================================================================================
Finished test: test_backup_security_ownership[chromium]
================================================================================


test_infrastructure.py::test_infrastructure_page_loads[chromium] 
================================================================================
Starting test: test_infrastructure_page_loads[chromium]
================================================================================

[1m-------------------------------- live log setup --------------------------------[0m
2025-10-04 22:59:15 [[32m    INFO[0m] Waiting for auth modal to appear
2025-10-04 22:59:15 [[32m    INFO[0m] Waiting for #authModal to be visible
2025-10-04 22:59:15 [[32m    INFO[0m] Waiting for #registerTab to be visible
2025-10-04 22:59:15 [[32m    INFO[0m] Registering user: testuser_20251004_225915_qawm
2025-10-04 22:59:15 [[32m    INFO[0m] Switching to register mode
2025-10-04 22:59:15 [[32m    INFO[0m] Already in register mode
2025-10-04 22:59:15 [[32m    INFO[0m] Filling username: testuser_20251004_225915_qawm
2025-10-04 22:59:15 [[32m    INFO[0m] Filling #registerUsername with: testuser_20251004_22...
2025-10-04 22:59:15 [[32m    INFO[0m] Filling password
2025-10-04 22:59:15 [[32m    INFO[0m] Filling #registerPassword with: Testf44trbtqt21k!...
2025-10-04 22:59:15 [[32m    INFO[0m] Filling email: test_20251004_225915_qawm@example.com
2025-10-04 22:59:15 [[32m    INFO[0m] Filling #registerEmail with: test_20251004_225915...
2025-10-04 22:59:15 [[32m    INFO[0m] Clicking Register button
2025-10-04 22:59:15 [[32m    INFO[0m] Clicking: #registerForm button[type='submit']
2025-10-04 22:59:17 [[32m    INFO[0m] Waiting for auth modal to close
2025-10-04 22:59:17 [[32m    INFO[0m] Waiting for #authModal to be hidden
2025-10-04 22:59:22 [[33m WARNING[0m] Modal didn't close automatically, checking auth state: Page.wait_for_selector: Timeout 5000ms exceeded.
Call log:
  - waiting for locator("#authModal") to be hidden
    15 √ó locator resolved to visible <div id="authModal" class="modal show">‚Ä¶</div>

2025-10-04 22:59:22 [[33m WARNING[0m] Token not found after registration, may have failed
[31mERROR[0m
================================================================================
Finished test: test_infrastructure_page_loads[chromium]
================================================================================


test_infrastructure.py::test_proxmox_nodes_display[chromium] 
================================================================================
Starting test: test_proxmox_nodes_display[chromium]
================================================================================

[1m-------------------------------- live log setup --------------------------------[0m
2025-10-04 22:59:22 [[32m    INFO[0m] Waiting for auth modal to appear
2025-10-04 22:59:22 [[32m    INFO[0m] Waiting for #authModal to be visible
2025-10-04 22:59:22 [[32m    INFO[0m] Waiting for #registerTab to be visible
2025-10-04 22:59:22 [[32m    INFO[0m] Registering user: testuser_20251004_225922_op4y
2025-10-04 22:59:22 [[32m    INFO[0m] Switching to register mode
2025-10-04 22:59:22 [[32m    INFO[0m] Already in register mode
2025-10-04 22:59:22 [[32m    INFO[0m] Filling username: testuser_20251004_225922_op4y
2025-10-04 22:59:22 [[32m    INFO[0m] Filling #registerUsername with: testuser_20251004_22...
2025-10-04 22:59:22 [[32m    INFO[0m] Filling password
2025-10-04 22:59:22 [[32m    INFO[0m] Filling #registerPassword with: Testt9be8xb8nqbe!...
2025-10-04 22:59:22 [[32m    INFO[0m] Filling email: test_20251004_225922_op4y@example.com
2025-10-04 22:59:22 [[32m    INFO[0m] Filling #registerEmail with: test_20251004_225922...
2025-10-04 22:59:22 [[32m    INFO[0m] Clicking Register button
2025-10-04 22:59:22 [[32m    INFO[0m] Clicking: #registerForm button[type='submit']
2025-10-04 22:59:23 [[32m    INFO[0m] Waiting for auth modal to close
2025-10-04 22:59:23 [[32m    INFO[0m] Waiting for #authModal to be hidden
2025-10-04 22:59:28 [[33m WARNING[0m] Modal didn't close automatically, checking auth state: Page.wait_for_selector: Timeout 5000ms exceeded.
Call log:
  - waiting for locator("#authModal") to be hidden
    15 √ó locator resolved to visible <div id="authModal" class="modal show">‚Ä¶</div>

2025-10-04 22:59:28 [[33m WARNING[0m] Token not found after registration, may have failed
[31mERROR[0m
================================================================================
Finished test: test_proxmox_nodes_display[chromium]
================================================================================


test_infrastructure.py::test_network_appliance_status[chromium] 
================================================================================
Starting test: test_network_appliance_status[chromium]
================================================================================

[1m-------------------------------- live log setup --------------------------------[0m
2025-10-04 22:59:29 [[32m    INFO[0m] Waiting for auth modal to appear
2025-10-04 22:59:29 [[32m    INFO[0m] Waiting for #authModal to be visible
2025-10-04 22:59:29 [[32m    INFO[0m] Waiting for #registerTab to be visible
2025-10-04 22:59:29 [[32m    INFO[0m] Registering user: testuser_20251004_225929_z7so
2025-10-04 22:59:29 [[32m    INFO[0m] Switching to register mode
2025-10-04 22:59:29 [[32m    INFO[0m] Already in register mode
2025-10-04 22:59:29 [[32m    INFO[0m] Filling username: testuser_20251004_225929_z7so
2025-10-04 22:59:29 [[32m    INFO[0m] Filling #registerUsername with: testuser_20251004_22...
2025-10-04 22:59:29 [[32m    INFO[0m] Filling password
2025-10-04 22:59:29 [[32m    INFO[0m] Filling #registerPassword with: Test3516bqzzk2it!...
2025-10-04 22:59:29 [[32m    INFO[0m] Filling email: test_20251004_225929_z7so@example.com
2025-10-04 22:59:29 [[32m    INFO[0m] Filling #registerEmail with: test_20251004_225929...
2025-10-04 22:59:29 [[32m    INFO[0m] Clicking Register button
2025-10-04 22:59:29 [[32m    INFO[0m] Clicking: #registerForm button[type='submit']
2025-10-04 22:59:30 [[32m    INFO[0m] Waiting for auth modal to close
2025-10-04 22:59:30 [[32m    INFO[0m] Waiting for #authModal to be hidden
2025-10-04 22:59:35 [[33m WARNING[0m] Modal didn't close automatically, checking auth state: Page.wait_for_selector: Timeout 5000ms exceeded.
Call log:
  - waiting for locator("#authModal") to be hidden
    15 √ó locator resolved to visible <div id="authModal" class="modal show">‚Ä¶</div>

2025-10-04 22:59:35 [[33m WARNING[0m] Token not found after registration, may have failed
[31mERROR[0m
================================================================================
Finished test: test_network_appliance_status[chromium]
================================================================================


test_infrastructure.py::test_refresh_infrastructure[chromium] 
================================================================================
Starting test: test_refresh_infrastructure[chromium]
================================================================================

[1m-------------------------------- live log setup --------------------------------[0m
2025-10-04 22:59:36 [[32m    INFO[0m] Waiting for auth modal to appear
2025-10-04 22:59:36 [[32m    INFO[0m] Waiting for #authModal to be visible
2025-10-04 22:59:36 [[32m    INFO[0m] Waiting for #registerTab to be visible
2025-10-04 22:59:36 [[32m    INFO[0m] Registering user: testuser_20251004_225936_p0vr
2025-10-04 22:59:36 [[32m    INFO[0m] Switching to register mode
2025-10-04 22:59:36 [[32m    INFO[0m] Already in register mode
2025-10-04 22:59:36 [[32m    INFO[0m] Filling username: testuser_20251004_225936_p0vr
2025-10-04 22:59:36 [[32m    INFO[0m] Filling #registerUsername with: testuser_20251004_22...
2025-10-04 22:59:36 [[32m    INFO[0m] Filling password
2025-10-04 22:59:36 [[32m    INFO[0m] Filling #registerPassword with: Test34mmbyg7zmmz!...
2025-10-04 22:59:36 [[32m    INFO[0m] Filling email: test_20251004_225936_p0vr@example.com
2025-10-04 22:59:36 [[32m    INFO[0m] Filling #registerEmail with: test_20251004_225936...
2025-10-04 22:59:36 [[32m    INFO[0m] Clicking Register button
2025-10-04 22:59:36 [[32m    INFO[0m] Clicking: #registerForm button[type='submit']
2025-10-04 22:59:37 [[32m    INFO[0m] Waiting for auth modal to close
2025-10-04 22:59:37 [[32m    INFO[0m] Waiting for #authModal to be hidden
2025-10-04 22:59:42 [[33m WARNING[0m] Modal didn't close automatically, checking auth state: Page.wait_for_selector: Timeout 5000ms exceeded.
Call log:
  - waiting for locator("#authModal") to be hidden
    15 √ó locator resolved to visible <div id="authModal" class="modal show">‚Ä¶</div>

2025-10-04 22:59:42 [[33m WARNING[0m] Token not found after registration, may have failed
[31mERROR[0m
================================================================================
Finished test: test_refresh_infrastructure[chromium]
================================================================================


test_infrastructure.py::test_view_appliance_logs[chromium] 
================================================================================
Starting test: test_view_appliance_logs[chromium]
================================================================================

[1m-------------------------------- live log setup --------------------------------[0m
2025-10-04 22:59:43 [[32m    INFO[0m] Waiting for auth modal to appear
2025-10-04 22:59:43 [[32m    INFO[0m] Waiting for #authModal to be visible
2025-10-04 22:59:43 [[32m    INFO[0m] Waiting for #registerTab to be visible
2025-10-04 22:59:43 [[32m    INFO[0m] Registering user: testuser_20251004_225943_p0uf
2025-10-04 22:59:43 [[32m    INFO[0m] Switching to register mode
2025-10-04 22:59:43 [[32m    INFO[0m] Already in register mode
2025-10-04 22:59:43 [[32m    INFO[0m] Filling username: testuser_20251004_225943_p0uf
2025-10-04 22:59:43 [[32m    INFO[0m] Filling #registerUsername with: testuser_20251004_22...
2025-10-04 22:59:43 [[32m    INFO[0m] Filling password
2025-10-04 22:59:43 [[32m    INFO[0m] Filling #registerPassword with: Testp7sumo17ifzk!...
2025-10-04 22:59:43 [[32m    INFO[0m] Filling email: test_20251004_225943_p0uf@example.com
2025-10-04 22:59:43 [[32m    INFO[0m] Filling #registerEmail with: test_20251004_225943...
2025-10-04 22:59:43 [[32m    INFO[0m] Clicking Register button
2025-10-04 22:59:43 [[32m    INFO[0m] Clicking: #registerForm button[type='submit']
2025-10-04 22:59:44 [[32m    INFO[0m] Waiting for auth modal to close
2025-10-04 22:59:44 [[32m    INFO[0m] Waiting for #authModal to be hidden
2025-10-04 22:59:49 [[33m WARNING[0m] Modal didn't close automatically, checking auth state: Page.wait_for_selector: Timeout 5000ms exceeded.
Call log:
  - waiting for locator("#authModal") to be hidden
    15 √ó locator resolved to visible <div id="authModal" class="modal show">‚Ä¶</div>

2025-10-04 22:59:49 [[33m WARNING[0m] Token not found after registration, may have failed
[31mERROR[0m
================================================================================
Finished test: test_view_appliance_logs[chromium]
================================================================================


test_infrastructure.py::test_restart_appliance_button[chromium] 
================================================================================
Starting test: test_restart_appliance_button[chromium]
================================================================================

[1m-------------------------------- live log setup --------------------------------[0m
2025-10-04 22:59:50 [[32m    INFO[0m] Waiting for auth modal to appear
2025-10-04 22:59:50 [[32m    INFO[0m] Waiting for #authModal to be visible
2025-10-04 22:59:50 [[32m    INFO[0m] Waiting for #registerTab to be visible
2025-10-04 22:59:50 [[32m    INFO[0m] Registering user: testuser_20251004_225950_20fv
2025-10-04 22:59:50 [[32m    INFO[0m] Switching to register mode
2025-10-04 22:59:50 [[32m    INFO[0m] Already in register mode
2025-10-04 22:59:50 [[32m    INFO[0m] Filling username: testuser_20251004_225950_20fv
2025-10-04 22:59:50 [[32m    INFO[0m] Filling #registerUsername with: testuser_20251004_22...
2025-10-04 22:59:50 [[32m    INFO[0m] Filling password
2025-10-04 22:59:50 [[32m    INFO[0m] Filling #registerPassword with: Testi6w7i2gvkx0r!...
2025-10-04 22:59:50 [[32m    INFO[0m] Filling email: test_20251004_225950_20fv@example.com
2025-10-04 22:59:50 [[32m    INFO[0m] Filling #registerEmail with: test_20251004_225950...
2025-10-04 22:59:50 [[32m    INFO[0m] Clicking Register button
2025-10-04 22:59:50 [[32m    INFO[0m] Clicking: #registerForm button[type='submit']
2025-10-04 22:59:51 [[32m    INFO[0m] Waiting for auth modal to close
2025-10-04 22:59:51 [[32m    INFO[0m] Waiting for #authModal to be hidden
2025-10-04 22:59:54 [[32m    INFO[0m] Registration successful - modal closed automatically
2025-10-04 22:59:54 [[32m    INFO[0m] Waiting for dashboard to load
2025-10-04 22:59:54 [[32m    INFO[0m] Waiting for #dashboardView to be visible
[31mERROR[0m
================================================================================
Finished test: test_restart_appliance_button[chromium]
================================================================================


test_infrastructure.py::test_nat_testing_button[chromium] 
================================================================================
Starting test: test_nat_testing_button[chromium]
================================================================================

[1m-------------------------------- live log setup --------------------------------[0m
2025-10-04 23:00:05 [[32m    INFO[0m] Waiting for auth modal to appear
2025-10-04 23:00:05 [[32m    INFO[0m] Waiting for #authModal to be visible
2025-10-04 23:00:05 [[32m    INFO[0m] Waiting for #registerTab to be visible
2025-10-04 23:00:05 [[32m    INFO[0m] Registering user: testuser_20251004_230005_4l8v
2025-10-04 23:00:05 [[32m    INFO[0m] Switching to register mode
2025-10-04 23:00:05 [[32m    INFO[0m] Already in register mode
2025-10-04 23:00:05 [[32m    INFO[0m] Filling username: testuser_20251004_230005_4l8v
2025-10-04 23:00:05 [[32m    INFO[0m] Filling #registerUsername with: testuser_20251004_23...
2025-10-04 23:00:05 [[32m    INFO[0m] Filling password
2025-10-04 23:00:05 [[32m    INFO[0m] Filling #registerPassword with: Testrg1cfxudcv9o!...
2025-10-04 23:00:05 [[32m    INFO[0m] Filling email: test_20251004_230005_4l8v@example.com
2025-10-04 23:00:05 [[32m    INFO[0m] Filling #registerEmail with: test_20251004_230005...
2025-10-04 23:00:05 [[32m    INFO[0m] Clicking Register button
2025-10-04 23:00:05 [[32m    INFO[0m] Clicking: #registerForm button[type='submit']
2025-10-04 23:00:06 [[32m    INFO[0m] Waiting for auth modal to close
2025-10-04 23:00:06 [[32m    INFO[0m] Waiting for #authModal to be hidden
2025-10-04 23:00:11 [[33m WARNING[0m] Modal didn't close automatically, checking auth state: Page.wait_for_selector: Timeout 5000ms exceeded.
Call log:
  - waiting for locator("#authModal") to be hidden
    15 √ó locator resolved to visible <div id="authModal" class="modal show">‚Ä¶</div>

2025-10-04 23:00:11 [[33m WARNING[0m] Token not found after registration, may have failed
[31mERROR[0m
================================================================================
Finished test: test_nat_testing_button[chromium]
================================================================================


test_infrastructure.py::test_services_health_grid[chromium] 
================================================================================
Starting test: test_services_health_grid[chromium]
================================================================================

[1m-------------------------------- live log setup --------------------------------[0m
2025-10-04 23:00:11 [[32m    INFO[0m] Waiting for auth modal to appear
2025-10-04 23:00:11 [[32m    INFO[0m] Waiting for #authModal to be visible
2025-10-04 23:00:11 [[32m    INFO[0m] Waiting for #registerTab to be visible
2025-10-04 23:00:11 [[32m    INFO[0m] Registering user: testuser_20251004_230011_worq
2025-10-04 23:00:11 [[32m    INFO[0m] Switching to register mode
2025-10-04 23:00:11 [[32m    INFO[0m] Already in register mode
2025-10-04 23:00:11 [[32m    INFO[0m] Filling username: testuser_20251004_230011_worq
2025-10-04 23:00:11 [[32m    INFO[0m] Filling #registerUsername with: testuser_20251004_23...
2025-10-04 23:00:11 [[32m    INFO[0m] Filling password
2025-10-04 23:00:11 [[32m    INFO[0m] Filling #registerPassword with: Testcji2oi9zgsn0!...
2025-10-04 23:00:11 [[32m    INFO[0m] Filling email: test_20251004_230011_worq@example.com
2025-10-04 23:00:11 [[32m    INFO[0m] Filling #registerEmail with: test_20251004_230011...
2025-10-04 23:00:11 [[32m    INFO[0m] Clicking Register button
2025-10-04 23:00:11 [[32m    INFO[0m] Clicking: #registerForm button[type='submit']
2025-10-04 23:00:13 [[32m    INFO[0m] Waiting for auth modal to close
2025-10-04 23:00:13 [[32m    INFO[0m] Waiting for #authModal to be hidden
2025-10-04 23:00:18 [[33m WARNING[0m] Modal didn't close automatically, checking auth state: Page.wait_for_selector: Timeout 5000ms exceeded.
Call log:
  - waiting for locator("#authModal") to be hidden
    15 √ó locator resolved to visible <div id="authModal" class="modal show">‚Ä¶</div>

2025-10-04 23:00:18 [[33m WARNING[0m] Token not found after registration, may have failed
[31mERROR[0m
================================================================================
Finished test: test_services_health_grid[chromium]
================================================================================


test_infrastructure.py::test_infrastructure_statistics[chromium] 
================================================================================
Starting test: test_infrastructure_statistics[chromium]
================================================================================

[1m-------------------------------- live log setup --------------------------------[0m
2025-10-04 23:00:18 [[32m    INFO[0m] Waiting for auth modal to appear
2025-10-04 23:00:18 [[32m    INFO[0m] Waiting for #authModal to be visible
2025-10-04 23:00:18 [[32m    INFO[0m] Waiting for #registerTab to be visible
2025-10-04 23:00:18 [[32m    INFO[0m] Registering user: testuser_20251004_230018_kv1o
2025-10-04 23:00:18 [[32m    INFO[0m] Switching to register mode
2025-10-04 23:00:18 [[32m    INFO[0m] Already in register mode
2025-10-04 23:00:18 [[32m    INFO[0m] Filling username: testuser_20251004_230018_kv1o
2025-10-04 23:00:18 [[32m    INFO[0m] Filling #registerUsername with: testuser_20251004_23...
2025-10-04 23:00:18 [[32m    INFO[0m] Filling password
2025-10-04 23:00:18 [[32m    INFO[0m] Filling #registerPassword with: Testk4oey4uu2u8q!...
2025-10-04 23:00:18 [[32m    INFO[0m] Filling email: test_20251004_230018_kv1o@example.com
2025-10-04 23:00:18 [[32m    INFO[0m] Filling #registerEmail with: test_20251004_230018...
2025-10-04 23:00:18 [[32m    INFO[0m] Clicking Register button
2025-10-04 23:00:18 [[32m    INFO[0m] Clicking: #registerForm button[type='submit']
2025-10-04 23:00:20 [[32m    INFO[0m] Waiting for auth modal to close
2025-10-04 23:00:20 [[32m    INFO[0m] Waiting for #authModal to be hidden
2025-10-04 23:00:25 [[33m WARNING[0m] Modal didn't close automatically, checking auth state: Page.wait_for_selector: Timeout 5000ms exceeded.
Call log:
  - waiting for locator("#authModal") to be hidden
    15 √ó locator resolved to visible <div id="authModal" class="modal show">‚Ä¶</div>

2025-10-04 23:00:25 [[33m WARNING[0m] Token not found after registration, may have failed
[31mERROR[0m
================================================================================
Finished test: test_infrastructure_statistics[chromium]
================================================================================


test_infrastructure.py::test_infrastructure_alerts[chromium] 
================================================================================
Starting test: test_infrastructure_alerts[chromium]
================================================================================

[1m-------------------------------- live log setup --------------------------------[0m
2025-10-04 23:00:25 [[32m    INFO[0m] Waiting for auth modal to appear
2025-10-04 23:00:25 [[32m    INFO[0m] Waiting for #authModal to be visible
2025-10-04 23:00:25 [[32m    INFO[0m] Waiting for #registerTab to be visible
2025-10-04 23:00:25 [[32m    INFO[0m] Registering user: testuser_20251004_230025_mn1q
2025-10-04 23:00:25 [[32m    INFO[0m] Switching to register mode
2025-10-04 23:00:25 [[32m    INFO[0m] Already in register mode
2025-10-04 23:00:25 [[32m    INFO[0m] Filling username: testuser_20251004_230025_mn1q
2025-10-04 23:00:25 [[32m    INFO[0m] Filling #registerUsername with: testuser_20251004_23...
2025-10-04 23:00:25 [[32m    INFO[0m] Filling password
2025-10-04 23:00:25 [[32m    INFO[0m] Filling #registerPassword with: Testnrj55lklb0do!...
2025-10-04 23:00:25 [[32m    INFO[0m] Filling email: test_20251004_230025_mn1q@example.com
2025-10-04 23:00:25 [[32m    INFO[0m] Filling #registerEmail with: test_20251004_230025...
2025-10-04 23:00:25 [[32m    INFO[0m] Clicking Register button
2025-10-04 23:00:25 [[32m    INFO[0m] Clicking: #registerForm button[type='submit']
2025-10-04 23:00:26 [[32m    INFO[0m] Waiting for auth modal to close
2025-10-04 23:00:26 [[32m    INFO[0m] Waiting for #authModal to be hidden
2025-10-04 23:00:31 [[33m WARNING[0m] Modal didn't close automatically, checking auth state: Page.wait_for_selector: Timeout 5000ms exceeded.
Call log:
  - waiting for locator("#authModal") to be hidden
    15 √ó locator resolved to visible <div id="authModal" class="modal show">‚Ä¶</div>

2025-10-04 23:00:31 [[33m WARNING[0m] Token not found after registration, may have failed
[31mERROR[0m
================================================================================
Finished test: test_infrastructure_alerts[chromium]
================================================================================


test_infrastructure.py::test_infrastructure_realtime_updates[chromium] 
================================================================================
Starting test: test_infrastructure_realtime_updates[chromium]
================================================================================

[1m-------------------------------- live log setup --------------------------------[0m
2025-10-04 23:00:32 [[32m    INFO[0m] Waiting for auth modal to appear
2025-10-04 23:00:32 [[32m    INFO[0m] Waiting for #authModal to be visible
2025-10-04 23:00:32 [[32m    INFO[0m] Waiting for #registerTab to be visible
2025-10-04 23:00:32 [[32m    INFO[0m] Registering user: testuser_20251004_230032_3s96
2025-10-04 23:00:32 [[32m    INFO[0m] Switching to register mode
2025-10-04 23:00:32 [[32m    INFO[0m] Already in register mode
2025-10-04 23:00:32 [[32m    INFO[0m] Filling username: testuser_20251004_230032_3s96
2025-10-04 23:00:32 [[32m    INFO[0m] Filling #registerUsername with: testuser_20251004_23...
2025-10-04 23:00:32 [[32m    INFO[0m] Filling password
2025-10-04 23:00:32 [[32m    INFO[0m] Filling #registerPassword with: Test2h2hkmyxhq7q!...
2025-10-04 23:00:32 [[32m    INFO[0m] Filling email: test_20251004_230032_3s96@example.com
2025-10-04 23:00:32 [[32m    INFO[0m] Filling #registerEmail with: test_20251004_230032...
2025-10-04 23:00:32 [[32m    INFO[0m] Clicking Register button
2025-10-04 23:00:32 [[32m    INFO[0m] Clicking: #registerForm button[type='submit']
2025-10-04 23:00:33 [[32m    INFO[0m] Waiting for auth modal to close
2025-10-04 23:00:33 [[32m    INFO[0m] Waiting for #authModal to be hidden
2025-10-04 23:00:38 [[33m WARNING[0m] Modal didn't close automatically, checking auth state: Page.wait_for_selector: Timeout 5000ms exceeded.
Call log:
  - waiting for locator("#authModal") to be hidden
    15 √ó locator resolved to visible <div id="authModal" class="modal show">‚Ä¶</div>

2025-10-04 23:00:38 [[33m WARNING[0m] Token not found after registration, may have failed
[31mERROR[0m
================================================================================
Finished test: test_infrastructure_realtime_updates[chromium]
================================================================================


test_navigation.py::test_navigate_all_views[chromium] 
================================================================================
Starting test: test_navigate_all_views[chromium]
================================================================================

[1m-------------------------------- live log setup --------------------------------[0m
2025-10-04 23:00:39 [[32m    INFO[0m] Waiting for auth modal to appear
2025-10-04 23:00:39 [[32m    INFO[0m] Waiting for #authModal to be visible
2025-10-04 23:00:39 [[32m    INFO[0m] Waiting for #registerTab to be visible
2025-10-04 23:00:39 [[32m    INFO[0m] Registering user: testuser_20251004_230039_lb36
2025-10-04 23:00:39 [[32m    INFO[0m] Switching to register mode
2025-10-04 23:00:39 [[32m    INFO[0m] Already in register mode
2025-10-04 23:00:39 [[32m    INFO[0m] Filling username: testuser_20251004_230039_lb36
2025-10-04 23:00:39 [[32m    INFO[0m] Filling #registerUsername with: testuser_20251004_23...
2025-10-04 23:00:39 [[32m    INFO[0m] Filling password
2025-10-04 23:00:39 [[32m    INFO[0m] Filling #registerPassword with: Testixaj32bwa89f!...
2025-10-04 23:00:39 [[32m    INFO[0m] Filling email: test_20251004_230039_lb36@example.com
2025-10-04 23:00:39 [[32m    INFO[0m] Filling #registerEmail with: test_20251004_230039...
2025-10-04 23:00:39 [[32m    INFO[0m] Clicking Register button
2025-10-04 23:00:39 [[32m    INFO[0m] Clicking: #registerForm button[type='submit']
2025-10-04 23:00:40 [[32m    INFO[0m] Waiting for auth modal to close
2025-10-04 23:00:40 [[32m    INFO[0m] Waiting for #authModal to be hidden
2025-10-04 23:00:45 [[33m WARNING[0m] Modal didn't close automatically, checking auth state: Page.wait_for_selector: Timeout 5000ms exceeded.
Call log:
  - waiting for locator("#authModal") to be hidden
    15 √ó locator resolved to visible <div id="authModal" class="modal show">‚Ä¶</div>

2025-10-04 23:00:45 [[33m WARNING[0m] Token not found after registration, may have failed
[31mERROR[0m
================================================================================
Finished test: test_navigate_all_views[chromium]
================================================================================


test_navigation.py::test_sidebar_collapse_expand[chromium] 
================================================================================
Starting test: test_sidebar_collapse_expand[chromium]
================================================================================

[1m-------------------------------- live log setup --------------------------------[0m
2025-10-04 23:00:46 [[32m    INFO[0m] Waiting for auth modal to appear
2025-10-04 23:00:46 [[32m    INFO[0m] Waiting for #authModal to be visible
2025-10-04 23:00:46 [[32m    INFO[0m] Waiting for #registerTab to be visible
2025-10-04 23:00:46 [[32m    INFO[0m] Registering user: testuser_20251004_230046_3kqw
2025-10-04 23:00:46 [[32m    INFO[0m] Switching to register mode
2025-10-04 23:00:46 [[32m    INFO[0m] Already in register mode
2025-10-04 23:00:46 [[32m    INFO[0m] Filling username: testuser_20251004_230046_3kqw
2025-10-04 23:00:46 [[32m    INFO[0m] Filling #registerUsername with: testuser_20251004_23...
2025-10-04 23:00:46 [[32m    INFO[0m] Filling password
2025-10-04 23:00:46 [[32m    INFO[0m] Filling #registerPassword with: Testdeags1jvgc8s!...
2025-10-04 23:00:46 [[32m    INFO[0m] Filling email: test_20251004_230046_3kqw@example.com
2025-10-04 23:00:46 [[32m    INFO[0m] Filling #registerEmail with: test_20251004_230046...
2025-10-04 23:00:46 [[32m    INFO[0m] Clicking Register button
2025-10-04 23:00:46 [[32m    INFO[0m] Clicking: #registerForm button[type='submit']
2025-10-04 23:00:47 [[32m    INFO[0m] Waiting for auth modal to close
2025-10-04 23:00:47 [[32m    INFO[0m] Waiting for #authModal to be hidden
2025-10-04 23:00:52 [[33m WARNING[0m] Modal didn't close automatically, checking auth state: Page.wait_for_selector: Timeout 5000ms exceeded.
Call log:
  - waiting for locator("#authModal") to be hidden
    15 √ó locator resolved to visible <div id="authModal" class="modal show">‚Ä¶</div>

2025-10-04 23:00:52 [[33m WARNING[0m] Token not found after registration, may have failed
[31mERROR[0m
================================================================================
Finished test: test_sidebar_collapse_expand[chromium]
================================================================================


test_navigation.py::test_user_menu_toggle[chromium] 
================================================================================
Starting test: test_user_menu_toggle[chromium]
================================================================================

[1m-------------------------------- live log setup --------------------------------[0m
2025-10-04 23:00:53 [[32m    INFO[0m] Waiting for auth modal to appear
2025-10-04 23:00:53 [[32m    INFO[0m] Waiting for #authModal to be visible
2025-10-04 23:00:53 [[32m    INFO[0m] Waiting for #registerTab to be visible
2025-10-04 23:00:53 [[32m    INFO[0m] Registering user: testuser_20251004_230053_0ni7
2025-10-04 23:00:53 [[32m    INFO[0m] Switching to register mode
2025-10-04 23:00:53 [[32m    INFO[0m] Already in register mode
2025-10-04 23:00:53 [[32m    INFO[0m] Filling username: testuser_20251004_230053_0ni7
2025-10-04 23:00:53 [[32m    INFO[0m] Filling #registerUsername with: testuser_20251004_23...
2025-10-04 23:00:53 [[32m    INFO[0m] Filling password
2025-10-04 23:00:53 [[32m    INFO[0m] Filling #registerPassword with: Testm7l52r45i9ab!...
2025-10-04 23:00:53 [[32m    INFO[0m] Filling email: test_20251004_230053_0ni7@example.com
2025-10-04 23:00:53 [[32m    INFO[0m] Filling #registerEmail with: test_20251004_230053...
2025-10-04 23:00:53 [[32m    INFO[0m] Clicking Register button
2025-10-04 23:00:53 [[32m    INFO[0m] Clicking: #registerForm button[type='submit']
2025-10-04 23:00:54 [[32m    INFO[0m] Waiting for auth modal to close
2025-10-04 23:00:54 [[32m    INFO[0m] Waiting for #authModal to be hidden
2025-10-04 23:00:59 [[33m WARNING[0m] Modal didn't close automatically, checking auth state: Page.wait_for_selector: Timeout 5000ms exceeded.
Call log:
  - waiting for locator("#authModal") to be hidden
    15 √ó locator resolved to visible <div id="authModal" class="modal show">‚Ä¶</div>

2025-10-04 23:00:59 [[33m WARNING[0m] Token not found after registration, may have failed
[31mERROR[0m
================================================================================
Finished test: test_user_menu_toggle[chromium]
================================================================================


test_navigation.py::test_user_profile_info_display[chromium] 
================================================================================
Starting test: test_user_profile_info_display[chromium]
================================================================================

[1m-------------------------------- live log setup --------------------------------[0m
2025-10-04 23:01:00 [[32m    INFO[0m] Waiting for auth modal to appear
2025-10-04 23:01:00 [[32m    INFO[0m] Waiting for #authModal to be visible
2025-10-04 23:01:00 [[32m    INFO[0m] Waiting for #registerTab to be visible
2025-10-04 23:01:00 [[32m    INFO[0m] Registering user: testuser_20251004_230100_d8w0
2025-10-04 23:01:00 [[32m    INFO[0m] Switching to register mode
2025-10-04 23:01:00 [[32m    INFO[0m] Already in register mode
2025-10-04 23:01:00 [[32m    INFO[0m] Filling username: testuser_20251004_230100_d8w0
2025-10-04 23:01:00 [[32m    INFO[0m] Filling #registerUsername with: testuser_20251004_23...
2025-10-04 23:01:00 [[32m    INFO[0m] Filling password
2025-10-04 23:01:00 [[32m    INFO[0m] Filling #registerPassword with: Testgaqgbyhfgvc0!...
2025-10-04 23:01:00 [[32m    INFO[0m] Filling email: test_20251004_230100_d8w0@example.com
2025-10-04 23:01:00 [[32m    INFO[0m] Filling #registerEmail with: test_20251004_230100...
2025-10-04 23:01:00 [[32m    INFO[0m] Clicking Register button
2025-10-04 23:01:00 [[32m    INFO[0m] Clicking: #registerForm button[type='submit']
2025-10-04 23:01:01 [[32m    INFO[0m] Waiting for auth modal to close
2025-10-04 23:01:01 [[32m    INFO[0m] Waiting for #authModal to be hidden
2025-10-04 23:01:06 [[33m WARNING[0m] Modal didn't close automatically, checking auth state: Page.wait_for_selector: Timeout 5000ms exceeded.
Call log:
  - waiting for locator("#authModal") to be hidden
    15 √ó locator resolved to visible <div id="authModal" class="modal show">‚Ä¶</div>

2025-10-04 23:01:06 [[33m WARNING[0m] Token not found after registration, may have failed
[31mERROR[0m
================================================================================
Finished test: test_user_profile_info_display[chromium]
================================================================================


test_navigation.py::test_navigate_to_profile[chromium] 
================================================================================
Starting test: test_navigate_to_profile[chromium]
================================================================================

[1m-------------------------------- live log setup --------------------------------[0m
2025-10-04 23:01:07 [[32m    INFO[0m] Waiting for auth modal to appear
2025-10-04 23:01:07 [[32m    INFO[0m] Waiting for #authModal to be visible
2025-10-04 23:01:07 [[32m    INFO[0m] Waiting for #registerTab to be visible
2025-10-04 23:01:07 [[32m    INFO[0m] Registering user: testuser_20251004_230107_z8g9
2025-10-04 23:01:07 [[32m    INFO[0m] Switching to register mode
2025-10-04 23:01:07 [[32m    INFO[0m] Already in register mode
2025-10-04 23:01:07 [[32m    INFO[0m] Filling username: testuser_20251004_230107_z8g9
2025-10-04 23:01:07 [[32m    INFO[0m] Filling #registerUsername with: testuser_20251004_23...
2025-10-04 23:01:07 [[32m    INFO[0m] Filling password
2025-10-04 23:01:07 [[32m    INFO[0m] Filling #registerPassword with: Testkvlrkz920pov!...
2025-10-04 23:01:07 [[32m    INFO[0m] Filling email: test_20251004_230107_z8g9@example.com
2025-10-04 23:01:07 [[32m    INFO[0m] Filling #registerEmail with: test_20251004_230107...
2025-10-04 23:01:07 [[32m    INFO[0m] Clicking Register button
2025-10-04 23:01:07 [[32m    INFO[0m] Clicking: #registerForm button[type='submit']
2025-10-04 23:01:08 [[32m    INFO[0m] Waiting for auth modal to close
2025-10-04 23:01:08 [[32m    INFO[0m] Waiting for #authModal to be hidden
2025-10-04 23:01:13 [[33m WARNING[0m] Modal didn't close automatically, checking auth state: Page.wait_for_selector: Timeout 5000ms exceeded.
Call log:
  - waiting for locator("#authModal") to be hidden
    15 √ó locator resolved to visible <div id="authModal" class="modal show">‚Ä¶</div>

2025-10-04 23:01:13 [[33m WARNING[0m] Token not found after registration, may have failed
[31mERROR[0m
================================================================================
Finished test: test_navigate_to_profile[chromium]
================================================================================


test_navigation.py::test_active_nav_indicator[chromium] 
================================================================================
Starting test: test_active_nav_indicator[chromium]
================================================================================

[1m-------------------------------- live log setup --------------------------------[0m
2025-10-04 23:01:13 [[32m    INFO[0m] Waiting for auth modal to appear
2025-10-04 23:01:13 [[32m    INFO[0m] Waiting for #authModal to be visible
2025-10-04 23:01:13 [[32m    INFO[0m] Waiting for #registerTab to be visible
2025-10-04 23:01:13 [[32m    INFO[0m] Registering user: testuser_20251004_230113_5npv
2025-10-04 23:01:13 [[32m    INFO[0m] Switching to register mode
2025-10-04 23:01:13 [[32m    INFO[0m] Already in register mode
2025-10-04 23:01:13 [[32m    INFO[0m] Filling username: testuser_20251004_230113_5npv
2025-10-04 23:01:13 [[32m    INFO[0m] Filling #registerUsername with: testuser_20251004_23...
2025-10-04 23:01:13 [[32m    INFO[0m] Filling password
2025-10-04 23:01:13 [[32m    INFO[0m] Filling #registerPassword with: Testcu6w6wdjd0sa!...
2025-10-04 23:01:14 [[32m    INFO[0m] Filling email: test_20251004_230113_5npv@example.com
2025-10-04 23:01:14 [[32m    INFO[0m] Filling #registerEmail with: test_20251004_230113...
2025-10-04 23:01:14 [[32m    INFO[0m] Clicking Register button
2025-10-04 23:01:14 [[32m    INFO[0m] Clicking: #registerForm button[type='submit']
2025-10-04 23:01:15 [[32m    INFO[0m] Waiting for auth modal to close
2025-10-04 23:01:15 [[32m    INFO[0m] Waiting for #authModal to be hidden
2025-10-04 23:01:20 [[33m WARNING[0m] Modal didn't close automatically, checking auth state: Page.wait_for_selector: Timeout 5000ms exceeded.
Call log:
  - waiting for locator("#authModal") to be hidden
    15 √ó locator resolved to visible <div id="authModal" class="modal show">‚Ä¶</div>

2025-10-04 23:01:20 [[33m WARNING[0m] Token not found after registration, may have failed
[31mERROR[0m
================================================================================
Finished test: test_active_nav_indicator[chromium]
================================================================================


test_navigation.py::test_navigation_keyboard_shortcuts[chromium] 
================================================================================
Starting test: test_navigation_keyboard_shortcuts[chromium]
================================================================================

[1m-------------------------------- live log setup --------------------------------[0m
2025-10-04 23:01:20 [[32m    INFO[0m] Waiting for auth modal to appear
2025-10-04 23:01:20 [[32m    INFO[0m] Waiting for #authModal to be visible
2025-10-04 23:01:20 [[32m    INFO[0m] Waiting for #registerTab to be visible
2025-10-04 23:01:20 [[32m    INFO[0m] Registering user: testuser_20251004_230120_1dbm
2025-10-04 23:01:20 [[32m    INFO[0m] Switching to register mode
2025-10-04 23:01:20 [[32m    INFO[0m] Already in register mode
2025-10-04 23:01:20 [[32m    INFO[0m] Filling username: testuser_20251004_230120_1dbm
2025-10-04 23:01:20 [[32m    INFO[0m] Filling #registerUsername with: testuser_20251004_23...
2025-10-04 23:01:20 [[32m    INFO[0m] Filling password
2025-10-04 23:01:20 [[32m    INFO[0m] Filling #registerPassword with: Test34q9dtedjunv!...
2025-10-04 23:01:20 [[32m    INFO[0m] Filling email: test_20251004_230120_1dbm@example.com
2025-10-04 23:01:20 [[32m    INFO[0m] Filling #registerEmail with: test_20251004_230120...
2025-10-04 23:01:20 [[32m    INFO[0m] Clicking Register button
2025-10-04 23:01:20 [[32m    INFO[0m] Clicking: #registerForm button[type='submit']
2025-10-04 23:01:22 [[32m    INFO[0m] Waiting for auth modal to close
2025-10-04 23:01:22 [[32m    INFO[0m] Waiting for #authModal to be hidden
2025-10-04 23:01:27 [[33m WARNING[0m] Modal didn't close automatically, checking auth state: Page.wait_for_selector: Timeout 5000ms exceeded.
Call log:
  - waiting for locator("#authModal") to be hidden
    15 √ó locator resolved to visible <div id="authModal" class="modal show">‚Ä¶</div>

2025-10-04 23:01:27 [[33m WARNING[0m] Token not found after registration, may have failed
[31mERROR[0m
================================================================================
Finished test: test_navigation_keyboard_shortcuts[chromium]
================================================================================


test_navigation.py::test_breadcrumb_navigation[chromium] 
================================================================================
Starting test: test_breadcrumb_navigation[chromium]
================================================================================

[1m-------------------------------- live log setup --------------------------------[0m
2025-10-04 23:01:28 [[32m    INFO[0m] Waiting for auth modal to appear
2025-10-04 23:01:28 [[32m    INFO[0m] Waiting for #authModal to be visible
2025-10-04 23:01:28 [[32m    INFO[0m] Waiting for #registerTab to be visible
2025-10-04 23:01:28 [[32m    INFO[0m] Registering user: testuser_20251004_230128_9cov
2025-10-04 23:01:28 [[32m    INFO[0m] Switching to register mode
2025-10-04 23:01:28 [[32m    INFO[0m] Already in register mode
2025-10-04 23:01:28 [[32m    INFO[0m] Filling username: testuser_20251004_230128_9cov
2025-10-04 23:01:28 [[32m    INFO[0m] Filling #registerUsername with: testuser_20251004_23...
2025-10-04 23:01:28 [[32m    INFO[0m] Filling password
2025-10-04 23:01:28 [[32m    INFO[0m] Filling #registerPassword with: Testd46kfbtp2zmb!...
2025-10-04 23:01:28 [[32m    INFO[0m] Filling email: test_20251004_230128_9cov@example.com
2025-10-04 23:01:28 [[32m    INFO[0m] Filling #registerEmail with: test_20251004_230128...
2025-10-04 23:01:28 [[32m    INFO[0m] Clicking Register button
2025-10-04 23:01:28 [[32m    INFO[0m] Clicking: #registerForm button[type='submit']
2025-10-04 23:01:29 [[32m    INFO[0m] Waiting for auth modal to close
2025-10-04 23:01:29 [[32m    INFO[0m] Waiting for #authModal to be hidden
2025-10-04 23:01:34 [[33m WARNING[0m] Modal didn't close automatically, checking auth state: Page.wait_for_selector: Timeout 5000ms exceeded.
Call log:
  - waiting for locator("#authModal") to be hidden
    15 √ó locator resolved to visible <div id="authModal" class="modal show">‚Ä¶</div>

2025-10-04 23:01:34 [[33m WARNING[0m] Token not found after registration, may have failed
[31mERROR[0m
================================================================================
Finished test: test_breadcrumb_navigation[chromium]
================================================================================


test_navigation.py::test_page_titles_update[chromium] 
================================================================================
Starting test: test_page_titles_update[chromium]
================================================================================

[1m-------------------------------- live log setup --------------------------------[0m
2025-10-04 23:01:35 [[32m    INFO[0m] Waiting for auth modal to appear
2025-10-04 23:01:35 [[32m    INFO[0m] Waiting for #authModal to be visible
2025-10-04 23:01:35 [[32m    INFO[0m] Waiting for #registerTab to be visible
2025-10-04 23:01:35 [[32m    INFO[0m] Registering user: testuser_20251004_230135_jzlx
2025-10-04 23:01:35 [[32m    INFO[0m] Switching to register mode
2025-10-04 23:01:35 [[32m    INFO[0m] Already in register mode
2025-10-04 23:01:35 [[32m    INFO[0m] Filling username: testuser_20251004_230135_jzlx
2025-10-04 23:01:35 [[32m    INFO[0m] Filling #registerUsername with: testuser_20251004_23...
2025-10-04 23:01:35 [[32m    INFO[0m] Filling password
2025-10-04 23:01:35 [[32m    INFO[0m] Filling #registerPassword with: Testl9s3l6bdp5ct!...
2025-10-04 23:01:35 [[32m    INFO[0m] Filling email: test_20251004_230135_jzlx@example.com
2025-10-04 23:01:35 [[32m    INFO[0m] Filling #registerEmail with: test_20251004_230135...
2025-10-04 23:01:35 [[32m    INFO[0m] Clicking Register button
2025-10-04 23:01:35 [[32m    INFO[0m] Clicking: #registerForm button[type='submit']
2025-10-04 23:01:36 [[32m    INFO[0m] Waiting for auth modal to close
2025-10-04 23:01:36 [[32m    INFO[0m] Waiting for #authModal to be hidden
2025-10-04 23:01:41 [[33m WARNING[0m] Modal didn't close automatically, checking auth state: Page.wait_for_selector: Timeout 5000ms exceeded.
Call log:
  - waiting for locator("#authModal") to be hidden
    15 √ó locator resolved to visible <div id="authModal" class="modal show">‚Ä¶</div>

2025-10-04 23:01:41 [[33m WARNING[0m] Token not found after registration, may have failed
[31mERROR[0m
================================================================================
Finished test: test_page_titles_update[chromium]
================================================================================


test_navigation.py::test_quick_deploy_button[chromium] 
================================================================================
Starting test: test_quick_deploy_button[chromium]
================================================================================

[1m-------------------------------- live log setup --------------------------------[0m
2025-10-04 23:01:42 [[32m    INFO[0m] Waiting for auth modal to appear
2025-10-04 23:01:42 [[32m    INFO[0m] Waiting for #authModal to be visible
2025-10-04 23:01:42 [[32m    INFO[0m] Waiting for #registerTab to be visible
2025-10-04 23:01:42 [[32m    INFO[0m] Registering user: testuser_20251004_230142_qs7a
2025-10-04 23:01:42 [[32m    INFO[0m] Switching to register mode
2025-10-04 23:01:42 [[32m    INFO[0m] Already in register mode
2025-10-04 23:01:42 [[32m    INFO[0m] Filling username: testuser_20251004_230142_qs7a
2025-10-04 23:01:42 [[32m    INFO[0m] Filling #registerUsername with: testuser_20251004_23...
2025-10-04 23:01:42 [[32m    INFO[0m] Filling password
2025-10-04 23:01:42 [[32m    INFO[0m] Filling #registerPassword with: Testko4pf4nw9qkc!...
2025-10-04 23:01:42 [[32m    INFO[0m] Filling email: test_20251004_230142_qs7a@example.com
2025-10-04 23:01:42 [[32m    INFO[0m] Filling #registerEmail with: test_20251004_230142...
2025-10-04 23:01:42 [[32m    INFO[0m] Clicking Register button
2025-10-04 23:01:42 [[32m    INFO[0m] Clicking: #registerForm button[type='submit']
2025-10-04 23:01:43 [[32m    INFO[0m] Waiting for auth modal to close
2025-10-04 23:01:43 [[32m    INFO[0m] Waiting for #authModal to be hidden
2025-10-04 23:01:48 [[33m WARNING[0m] Modal didn't close automatically, checking auth state: Page.wait_for_selector: Timeout 5000ms exceeded.
Call log:
  - waiting for locator("#authModal") to be hidden
    15 √ó locator resolved to visible <div id="authModal" class="modal show">‚Ä¶</div>

2025-10-04 23:01:48 [[33m WARNING[0m] Token not found after registration, may have failed
[31mERROR[0m
================================================================================
Finished test: test_quick_deploy_button[chromium]
================================================================================


test_navigation.py::test_logo_click_returns_home[chromium] 
================================================================================
Starting test: test_logo_click_returns_home[chromium]
================================================================================

[1m-------------------------------- live log setup --------------------------------[0m
2025-10-04 23:01:48 [[32m    INFO[0m] Waiting for auth modal to appear
2025-10-04 23:01:48 [[32m    INFO[0m] Waiting for #authModal to be visible
2025-10-04 23:01:49 [[32m    INFO[0m] Waiting for #registerTab to be visible
2025-10-04 23:01:49 [[32m    INFO[0m] Registering user: testuser_20251004_230148_ruxb
2025-10-04 23:01:49 [[32m    INFO[0m] Switching to register mode
2025-10-04 23:01:49 [[32m    INFO[0m] Already in register mode
2025-10-04 23:01:49 [[32m    INFO[0m] Filling username: testuser_20251004_230148_ruxb
2025-10-04 23:01:49 [[32m    INFO[0m] Filling #registerUsername with: testuser_20251004_23...
2025-10-04 23:01:49 [[32m    INFO[0m] Filling password
2025-10-04 23:01:49 [[32m    INFO[0m] Filling #registerPassword with: Testc66o5rwhedin!...
2025-10-04 23:01:49 [[32m    INFO[0m] Filling email: test_20251004_230148_ruxb@example.com
2025-10-04 23:01:49 [[32m    INFO[0m] Filling #registerEmail with: test_20251004_230148...
2025-10-04 23:01:49 [[32m    INFO[0m] Clicking Register button
2025-10-04 23:01:49 [[32m    INFO[0m] Clicking: #registerForm button[type='submit']
2025-10-04 23:01:50 [[32m    INFO[0m] Waiting for auth modal to close
2025-10-04 23:01:50 [[32m    INFO[0m] Waiting for #authModal to be hidden
2025-10-04 23:01:55 [[33m WARNING[0m] Modal didn't close automatically, checking auth state: Page.wait_for_selector: Timeout 5000ms exceeded.
Call log:
  - waiting for locator("#authModal") to be hidden
    15 √ó locator resolved to visible <div id="authModal" class="modal show">‚Ä¶</div>

2025-10-04 23:01:55 [[33m WARNING[0m] Token not found after registration, may have failed
[31mERROR[0m
================================================================================
Finished test: test_logo_click_returns_home[chromium]
================================================================================


test_settings.py::test_settings_page_loads[chromium] 
================================================================================
Starting test: test_settings_page_loads[chromium]
================================================================================

[1m-------------------------------- live log setup --------------------------------[0m
2025-10-04 23:01:55 [[32m    INFO[0m] Waiting for auth modal to appear
2025-10-04 23:01:55 [[32m    INFO[0m] Waiting for #authModal to be visible
2025-10-04 23:01:55 [[32m    INFO[0m] Waiting for #registerTab to be visible
2025-10-04 23:01:55 [[32m    INFO[0m] Registering user: testuser_20251004_230155_p2yc
2025-10-04 23:01:55 [[32m    INFO[0m] Switching to register mode
2025-10-04 23:01:55 [[32m    INFO[0m] Already in register mode
2025-10-04 23:01:55 [[32m    INFO[0m] Filling username: testuser_20251004_230155_p2yc
2025-10-04 23:01:55 [[32m    INFO[0m] Filling #registerUsername with: testuser_20251004_23...
2025-10-04 23:01:55 [[32m    INFO[0m] Filling password
2025-10-04 23:01:55 [[32m    INFO[0m] Filling #registerPassword with: Test7zrwyo5xo6zu!...
2025-10-04 23:01:55 [[32m    INFO[0m] Filling email: test_20251004_230155_p2yc@example.com
2025-10-04 23:01:55 [[32m    INFO[0m] Filling #registerEmail with: test_20251004_230155...
2025-10-04 23:01:55 [[32m    INFO[0m] Clicking Register button
2025-10-04 23:01:55 [[32m    INFO[0m] Clicking: #registerForm button[type='submit']
2025-10-04 23:01:57 [[32m    INFO[0m] Waiting for auth modal to close
2025-10-04 23:01:57 [[32m    INFO[0m] Waiting for #authModal to be hidden
2025-10-04 23:02:02 [[33m WARNING[0m] Modal didn't close automatically, checking auth state: Page.wait_for_selector: Timeout 5000ms exceeded.
Call log:
  - waiting for locator("#authModal") to be hidden
    15 √ó locator resolved to visible <div id="authModal" class="modal show">‚Ä¶</div>

2025-10-04 23:02:02 [[33m WARNING[0m] Token not found after registration, may have failed
[31mERROR[0m
================================================================================
Finished test: test_settings_page_loads[chromium]
================================================================================


test_settings.py::test_settings_tab_navigation[chromium] 
================================================================================
Starting test: test_settings_tab_navigation[chromium]
================================================================================

[1m-------------------------------- live log setup --------------------------------[0m
2025-10-04 23:02:02 [[32m    INFO[0m] Waiting for auth modal to appear
2025-10-04 23:02:02 [[32m    INFO[0m] Waiting for #authModal to be visible
2025-10-04 23:02:02 [[32m    INFO[0m] Waiting for #registerTab to be visible
2025-10-04 23:02:02 [[32m    INFO[0m] Registering user: testuser_20251004_230202_onab
2025-10-04 23:02:02 [[32m    INFO[0m] Switching to register mode
2025-10-04 23:02:02 [[32m    INFO[0m] Already in register mode
2025-10-04 23:02:02 [[32m    INFO[0m] Filling username: testuser_20251004_230202_onab
2025-10-04 23:02:02 [[32m    INFO[0m] Filling #registerUsername with: testuser_20251004_23...
2025-10-04 23:02:02 [[32m    INFO[0m] Filling password
2025-10-04 23:02:02 [[32m    INFO[0m] Filling #registerPassword with: Testt5xzy156v9gc!...
2025-10-04 23:02:02 [[32m    INFO[0m] Filling email: test_20251004_230202_onab@example.com
2025-10-04 23:02:02 [[32m    INFO[0m] Filling #registerEmail with: test_20251004_230202...
2025-10-04 23:02:02 [[32m    INFO[0m] Clicking Register button
2025-10-04 23:02:02 [[32m    INFO[0m] Clicking: #registerForm button[type='submit']
2025-10-04 23:02:03 [[32m    INFO[0m] Waiting for auth modal to close
2025-10-04 23:02:03 [[32m    INFO[0m] Waiting for #authModal to be hidden
2025-10-04 23:02:08 [[33m WARNING[0m] Modal didn't close automatically, checking auth state: Page.wait_for_selector: Timeout 5000ms exceeded.
Call log:
  - waiting for locator("#authModal") to be hidden
    15 √ó locator resolved to visible <div id="authModal" class="modal show">‚Ä¶</div>

2025-10-04 23:02:08 [[33m WARNING[0m] Token not found after registration, may have failed
[31mERROR[0m
================================================================================
Finished test: test_settings_tab_navigation[chromium]
================================================================================


test_settings.py::test_proxmox_settings_form[chromium] 
================================================================================
Starting test: test_proxmox_settings_form[chromium]
================================================================================

[1m-------------------------------- live log setup --------------------------------[0m
2025-10-04 23:02:09 [[32m    INFO[0m] Waiting for auth modal to appear
2025-10-04 23:02:09 [[32m    INFO[0m] Waiting for #authModal to be visible
2025-10-04 23:02:09 [[32m    INFO[0m] Waiting for #registerTab to be visible
2025-10-04 23:02:09 [[32m    INFO[0m] Registering user: testuser_20251004_230209_ljuz
2025-10-04 23:02:09 [[32m    INFO[0m] Switching to register mode
2025-10-04 23:02:09 [[32m    INFO[0m] Already in register mode
2025-10-04 23:02:09 [[32m    INFO[0m] Filling username: testuser_20251004_230209_ljuz
2025-10-04 23:02:09 [[32m    INFO[0m] Filling #registerUsername with: testuser_20251004_23...
2025-10-04 23:02:09 [[32m    INFO[0m] Filling password
2025-10-04 23:02:09 [[32m    INFO[0m] Filling #registerPassword with: Testbbapkf9zb4vt!...
2025-10-04 23:02:09 [[32m    INFO[0m] Filling email: test_20251004_230209_ljuz@example.com
2025-10-04 23:02:09 [[32m    INFO[0m] Filling #registerEmail with: test_20251004_230209...
2025-10-04 23:02:09 [[32m    INFO[0m] Clicking Register button
2025-10-04 23:02:09 [[32m    INFO[0m] Clicking: #registerForm button[type='submit']
2025-10-04 23:02:10 [[32m    INFO[0m] Waiting for auth modal to close
2025-10-04 23:02:10 [[32m    INFO[0m] Waiting for #authModal to be hidden
2025-10-04 23:02:15 [[33m WARNING[0m] Modal didn't close automatically, checking auth state: Page.wait_for_selector: Timeout 5000ms exceeded.
Call log:
  - waiting for locator("#authModal") to be hidden
    15 √ó locator resolved to visible <div id="authModal" class="modal show">‚Ä¶</div>

2025-10-04 23:02:15 [[33m WARNING[0m] Token not found after registration, may have failed
[31mERROR[0m
================================================================================
Finished test: test_proxmox_settings_form[chromium]
================================================================================


test_settings.py::test_proxmox_test_connection[chromium] 
================================================================================
Starting test: test_proxmox_test_connection[chromium]
================================================================================

[1m-------------------------------- live log setup --------------------------------[0m
2025-10-04 23:02:16 [[32m    INFO[0m] Waiting for auth modal to appear
2025-10-04 23:02:16 [[32m    INFO[0m] Waiting for #authModal to be visible
2025-10-04 23:02:16 [[32m    INFO[0m] Waiting for #registerTab to be visible
2025-10-04 23:02:16 [[32m    INFO[0m] Registering user: testuser_20251004_230216_1zmp
2025-10-04 23:02:16 [[32m    INFO[0m] Switching to register mode
2025-10-04 23:02:16 [[32m    INFO[0m] Already in register mode
2025-10-04 23:02:16 [[32m    INFO[0m] Filling username: testuser_20251004_230216_1zmp
2025-10-04 23:02:16 [[32m    INFO[0m] Filling #registerUsername with: testuser_20251004_23...
2025-10-04 23:02:16 [[32m    INFO[0m] Filling password
2025-10-04 23:02:16 [[32m    INFO[0m] Filling #registerPassword with: Testn0zy2levcvon!...
2025-10-04 23:02:16 [[32m    INFO[0m] Filling email: test_20251004_230216_1zmp@example.com
2025-10-04 23:02:16 [[32m    INFO[0m] Filling #registerEmail with: test_20251004_230216...
2025-10-04 23:02:16 [[32m    INFO[0m] Clicking Register button
2025-10-04 23:02:16 [[32m    INFO[0m] Clicking: #registerForm button[type='submit']
2025-10-04 23:02:17 [[32m    INFO[0m] Waiting for auth modal to close
2025-10-04 23:02:17 [[32m    INFO[0m] Waiting for #authModal to be hidden
2025-10-04 23:02:22 [[33m WARNING[0m] Modal didn't close automatically, checking auth state: Page.wait_for_selector: Timeout 5000ms exceeded.
Call log:
  - waiting for locator("#authModal") to be hidden
    15 √ó locator resolved to visible <div id="authModal" class="modal show">‚Ä¶</div>

2025-10-04 23:02:22 [[33m WARNING[0m] Token not found after registration, may have failed
[31mERROR[0m
================================================================================
Finished test: test_proxmox_test_connection[chromium]
================================================================================


test_settings.py::test_network_settings_form[chromium] 
================================================================================
Starting test: test_network_settings_form[chromium]
================================================================================

[1m-------------------------------- live log setup --------------------------------[0m
2025-10-04 23:02:23 [[32m    INFO[0m] Waiting for auth modal to appear
2025-10-04 23:02:23 [[32m    INFO[0m] Waiting for #authModal to be visible
2025-10-04 23:02:23 [[32m    INFO[0m] Waiting for #registerTab to be visible
2025-10-04 23:02:23 [[32m    INFO[0m] Registering user: testuser_20251004_230223_emyi
2025-10-04 23:02:23 [[32m    INFO[0m] Switching to register mode
2025-10-04 23:02:23 [[32m    INFO[0m] Already in register mode
2025-10-04 23:02:23 [[32m    INFO[0m] Filling username: testuser_20251004_230223_emyi
2025-10-04 23:02:23 [[32m    INFO[0m] Filling #registerUsername with: testuser_20251004_23...
2025-10-04 23:02:23 [[32m    INFO[0m] Filling password
2025-10-04 23:02:23 [[32m    INFO[0m] Filling #registerPassword with: Testf47p69nmg8uc!...
2025-10-04 23:02:23 [[32m    INFO[0m] Filling email: test_20251004_230223_emyi@example.com
2025-10-04 23:02:23 [[32m    INFO[0m] Filling #registerEmail with: test_20251004_230223...
2025-10-04 23:02:23 [[32m    INFO[0m] Clicking Register button
2025-10-04 23:02:23 [[32m    INFO[0m] Clicking: #registerForm button[type='submit']
2025-10-04 23:02:24 [[32m    INFO[0m] Waiting for auth modal to close
2025-10-04 23:02:24 [[32m    INFO[0m] Waiting for #authModal to be hidden
2025-10-04 23:02:29 [[33m WARNING[0m] Modal didn't close automatically, checking auth state: Page.wait_for_selector: Timeout 5000ms exceeded.
Call log:
  - waiting for locator("#authModal") to be hidden
    15 √ó locator resolved to visible <div id="authModal" class="modal show">‚Ä¶</div>

2025-10-04 23:02:29 [[33m WARNING[0m] Token not found after registration, may have failed
[31mERROR[0m
================================================================================
Finished test: test_network_settings_form[chromium]
================================================================================


test_settings.py::test_resources_settings_form[chromium] 
================================================================================
Starting test: test_resources_settings_form[chromium]
================================================================================

[1m-------------------------------- live log setup --------------------------------[0m
2025-10-04 23:02:30 [[32m    INFO[0m] Waiting for auth modal to appear
2025-10-04 23:02:30 [[32m    INFO[0m] Waiting for #authModal to be visible
2025-10-04 23:02:30 [[32m    INFO[0m] Waiting for #registerTab to be visible
2025-10-04 23:02:30 [[32m    INFO[0m] Registering user: testuser_20251004_230230_88sl
2025-10-04 23:02:30 [[32m    INFO[0m] Switching to register mode
2025-10-04 23:02:30 [[32m    INFO[0m] Already in register mode
2025-10-04 23:02:30 [[32m    INFO[0m] Filling username: testuser_20251004_230230_88sl
2025-10-04 23:02:30 [[32m    INFO[0m] Filling #registerUsername with: testuser_20251004_23...
2025-10-04 23:02:30 [[32m    INFO[0m] Filling password
2025-10-04 23:02:30 [[32m    INFO[0m] Filling #registerPassword with: Testq7fe3cpj7k74!...
2025-10-04 23:02:30 [[32m    INFO[0m] Filling email: test_20251004_230230_88sl@example.com
2025-10-04 23:02:30 [[32m    INFO[0m] Filling #registerEmail with: test_20251004_230230...
2025-10-04 23:02:30 [[32m    INFO[0m] Clicking Register button
2025-10-04 23:02:30 [[32m    INFO[0m] Clicking: #registerForm button[type='submit']
2025-10-04 23:02:31 [[32m    INFO[0m] Waiting for auth modal to close
2025-10-04 23:02:31 [[32m    INFO[0m] Waiting for #authModal to be hidden
2025-10-04 23:02:36 [[33m WARNING[0m] Modal didn't close automatically, checking auth state: Page.wait_for_selector: Timeout 5000ms exceeded.
Call log:
  - waiting for locator("#authModal") to be hidden
    15 √ó locator resolved to visible <div id="authModal" class="modal show">‚Ä¶</div>

2025-10-04 23:02:36 [[33m WARNING[0m] Token not found after registration, may have failed
[31mERROR[0m
================================================================================
Finished test: test_resources_settings_form[chromium]
================================================================================


test_settings.py::test_system_settings_panel[chromium] 
================================================================================
Starting test: test_system_settings_panel[chromium]
================================================================================

[1m-------------------------------- live log setup --------------------------------[0m
2025-10-04 23:02:36 [[32m    INFO[0m] Waiting for auth modal to appear
2025-10-04 23:02:36 [[32m    INFO[0m] Waiting for #authModal to be visible
2025-10-04 23:02:36 [[32m    INFO[0m] Waiting for #registerTab to be visible
2025-10-04 23:02:36 [[32m    INFO[0m] Registering user: testuser_20251004_230236_rswv
2025-10-04 23:02:36 [[32m    INFO[0m] Switching to register mode
2025-10-04 23:02:36 [[32m    INFO[0m] Already in register mode
2025-10-04 23:02:36 [[32m    INFO[0m] Filling username: testuser_20251004_230236_rswv
2025-10-04 23:02:36 [[32m    INFO[0m] Filling #registerUsername with: testuser_20251004_23...
2025-10-04 23:02:36 [[32m    INFO[0m] Filling password
2025-10-04 23:02:36 [[32m    INFO[0m] Filling #registerPassword with: Test2hl16xqh23bj!...
2025-10-04 23:02:37 [[32m    INFO[0m] Filling email: test_20251004_230236_rswv@example.com
2025-10-04 23:02:37 [[32m    INFO[0m] Filling #registerEmail with: test_20251004_230236...
2025-10-04 23:02:37 [[32m    INFO[0m] Clicking Register button
2025-10-04 23:02:37 [[32m    INFO[0m] Clicking: #registerForm button[type='submit']
2025-10-04 23:02:38 [[32m    INFO[0m] Waiting for auth modal to close
2025-10-04 23:02:38 [[32m    INFO[0m] Waiting for #authModal to be hidden
2025-10-04 23:02:43 [[33m WARNING[0m] Modal didn't close automatically, checking auth state: Page.wait_for_selector: Timeout 5000ms exceeded.
Call log:
  - waiting for locator("#authModal") to be hidden
    15 √ó locator resolved to visible <div id="authModal" class="modal show">‚Ä¶</div>

2025-10-04 23:02:43 [[33m WARNING[0m] Token not found after registration, may have failed
[31mERROR[0m
================================================================================
Finished test: test_system_settings_panel[chromium]
================================================================================


test_settings.py::test_save_proxmox_settings[chromium] [33mSKIPPED[0m (Settings
persistence requires valid config)
test_settings.py::test_settings_keyboard_navigation[chromium] 
================================================================================
Starting test: test_settings_keyboard_navigation[chromium]
================================================================================

[1m-------------------------------- live log setup --------------------------------[0m
2025-10-04 23:02:43 [[32m    INFO[0m] Waiting for auth modal to appear
2025-10-04 23:02:43 [[32m    INFO[0m] Waiting for #authModal to be visible
2025-10-04 23:02:43 [[32m    INFO[0m] Waiting for #registerTab to be visible
2025-10-04 23:02:43 [[32m    INFO[0m] Registering user: testuser_20251004_230243_x1pi
2025-10-04 23:02:43 [[32m    INFO[0m] Switching to register mode
2025-10-04 23:02:43 [[32m    INFO[0m] Already in register mode
2025-10-04 23:02:43 [[32m    INFO[0m] Filling username: testuser_20251004_230243_x1pi
2025-10-04 23:02:43 [[32m    INFO[0m] Filling #registerUsername with: testuser_20251004_23...
2025-10-04 23:02:43 [[32m    INFO[0m] Filling password
2025-10-04 23:02:43 [[32m    INFO[0m] Filling #registerPassword with: Test6cvk9dpuf7sj!...
2025-10-04 23:02:43 [[32m    INFO[0m] Filling email: test_20251004_230243_x1pi@example.com
2025-10-04 23:02:43 [[32m    INFO[0m] Filling #registerEmail with: test_20251004_230243...
2025-10-04 23:02:43 [[32m    INFO[0m] Clicking Register button
2025-10-04 23:02:43 [[32m    INFO[0m] Clicking: #registerForm button[type='submit']
2025-10-04 23:02:45 [[32m    INFO[0m] Waiting for auth modal to close
2025-10-04 23:02:45 [[32m    INFO[0m] Waiting for #authModal to be hidden
2025-10-04 23:02:50 [[33m WARNING[0m] Modal didn't close automatically, checking auth state: Page.wait_for_selector: Timeout 5000ms exceeded.
Call log:
  - waiting for locator("#authModal") to be hidden
    15 √ó locator resolved to visible <div id="authModal" class="modal show">‚Ä¶</div>

2025-10-04 23:02:50 [[33m WARNING[0m] Token not found after registration, may have failed
[31mERROR[0m
================================================================================
Finished test: test_settings_keyboard_navigation[chromium]
================================================================================


test_settings.py::test_settings_form_validation[chromium] 
================================================================================
Starting test: test_settings_form_validation[chromium]
================================================================================

[1m-------------------------------- live log setup --------------------------------[0m
2025-10-04 23:02:50 [[32m    INFO[0m] Waiting for auth modal to appear
2025-10-04 23:02:50 [[32m    INFO[0m] Waiting for #authModal to be visible
2025-10-04 23:02:50 [[32m    INFO[0m] Waiting for #registerTab to be visible
2025-10-04 23:02:50 [[32m    INFO[0m] Registering user: testuser_20251004_230250_2rat
2025-10-04 23:02:50 [[32m    INFO[0m] Switching to register mode
2025-10-04 23:02:50 [[32m    INFO[0m] Already in register mode
2025-10-04 23:02:50 [[32m    INFO[0m] Filling username: testuser_20251004_230250_2rat
2025-10-04 23:02:50 [[32m    INFO[0m] Filling #registerUsername with: testuser_20251004_23...
2025-10-04 23:02:50 [[32m    INFO[0m] Filling password
2025-10-04 23:02:50 [[32m    INFO[0m] Filling #registerPassword with: Testm5ag7jx6ujfd!...
2025-10-04 23:02:50 [[32m    INFO[0m] Filling email: test_20251004_230250_2rat@example.com
2025-10-04 23:02:50 [[32m    INFO[0m] Filling #registerEmail with: test_20251004_230250...
2025-10-04 23:02:50 [[32m    INFO[0m] Clicking Register button
2025-10-04 23:02:50 [[32m    INFO[0m] Clicking: #registerForm button[type='submit']
2025-10-04 23:02:51 [[32m    INFO[0m] Waiting for auth modal to close
2025-10-04 23:02:51 [[32m    INFO[0m] Waiting for #authModal to be hidden
2025-10-04 23:02:56 [[33m WARNING[0m] Modal didn't close automatically, checking auth state: Page.wait_for_selector: Timeout 5000ms exceeded.
Call log:
  - waiting for locator("#authModal") to be hidden
    15 √ó locator resolved to visible <div id="authModal" class="modal show">‚Ä¶</div>

2025-10-04 23:02:56 [[33m WARNING[0m] Token not found after registration, may have failed
[31mERROR[0m
================================================================================
Finished test: test_settings_form_validation[chromium]
================================================================================


test_settings.py::test_settings_help_text[chromium] 
================================================================================
Starting test: test_settings_help_text[chromium]
================================================================================

[1m-------------------------------- live log setup --------------------------------[0m
2025-10-04 23:02:57 [[32m    INFO[0m] Waiting for auth modal to appear
2025-10-04 23:02:57 [[32m    INFO[0m] Waiting for #authModal to be visible
2025-10-04 23:02:57 [[32m    INFO[0m] Waiting for #registerTab to be visible
2025-10-04 23:02:57 [[32m    INFO[0m] Registering user: testuser_20251004_230257_0o2q
2025-10-04 23:02:57 [[32m    INFO[0m] Switching to register mode
2025-10-04 23:02:57 [[32m    INFO[0m] Already in register mode
2025-10-04 23:02:57 [[32m    INFO[0m] Filling username: testuser_20251004_230257_0o2q
2025-10-04 23:02:57 [[32m    INFO[0m] Filling #registerUsername with: testuser_20251004_23...
2025-10-04 23:02:57 [[32m    INFO[0m] Filling password
2025-10-04 23:02:57 [[32m    INFO[0m] Filling #registerPassword with: Test885snk34g5pq!...
2025-10-04 23:02:57 [[32m    INFO[0m] Filling email: test_20251004_230257_0o2q@example.com
2025-10-04 23:02:57 [[32m    INFO[0m] Filling #registerEmail with: test_20251004_230257...
2025-10-04 23:02:57 [[32m    INFO[0m] Clicking Register button
2025-10-04 23:02:57 [[32m    INFO[0m] Clicking: #registerForm button[type='submit']
2025-10-04 23:02:58 [[32m    INFO[0m] Waiting for auth modal to close
2025-10-04 23:02:58 [[32m    INFO[0m] Waiting for #authModal to be hidden
2025-10-04 23:03:03 [[33m WARNING[0m] Modal didn't close automatically, checking auth state: Page.wait_for_selector: Timeout 5000ms exceeded.
Call log:
  - waiting for locator("#authModal") to be hidden
    15 √ó locator resolved to visible <div id="authModal" class="modal show">‚Ä¶</div>

2025-10-04 23:03:03 [[33m WARNING[0m] Token not found after registration, may have failed
[31mERROR[0m
================================================================================
Finished test: test_settings_help_text[chromium]
================================================================================



==================================== ERRORS ====================================
[31m[1m______ ERROR at setup of test_open_and_close_canvas_with_button[chromium] ______[0m
[1m[31mE   playwright._impl._errors.TimeoutError: Page.wait_for_function: Timeout 15000ms exceeded.[0m
------------------------------ Captured log setup ------------------------------
[32mINFO    [0m pages.login_page:login_page.py:102 Waiting for auth modal to appear
[32mINFO    [0m pages.base_page:base_page.py:155 Waiting for #authModal to be visible
[32mINFO    [0m pages.base_page:base_page.py:155 Waiting for #registerTab to be visible
[32mINFO    [0m pages.login_page:login_page.py:123 Switching to register mode
[32mINFO    [0m pages.login_page:login_page.py:128 Already in register mode
[32mINFO    [0m pages.login_page:login_page.py:157 Filling username: testuser_20251004_225328_djha
[32mINFO    [0m pages.base_page:base_page.py:91 Filling #registerUsername with: testuser_20251004_22...
[32mINFO    [0m pages.login_page:login_page.py:179 Filling password
[32mINFO    [0m pages.base_page:base_page.py:91 Filling #registerPassword with: Testqvlhven3g71z!...
[32mINFO    [0m pages.login_page:login_page.py:200 Filling email: test_20251004_225328_djha@example.com
[32mINFO    [0m pages.base_page:base_page.py:91 Filling #registerEmail with: test_20251004_225328...
[32mINFO    [0m pages.login_page:login_page.py:210 Clicking Register button
[32mINFO    [0m pages.base_page:base_page.py:79 Clicking: #registerForm button[type='submit']
[32mINFO    [0m pages.login_page:login_page.py:137 Switching to login mode
[32mINFO    [0m pages.login_page:login_page.py:142 Already in login mode
[32mINFO    [0m pages.login_page:login_page.py:205 Clicking Login submit button
[32mINFO    [0m pages.base_page:base_page.py:79 Clicking: #loginForm button[type='submit']
[32mINFO    [0m pages.dashboard_page:dashboard_page.py:76 Waiting for dashboard to load
[32mINFO    [0m pages.base_page:base_page.py:155 Waiting for #dashboardView to be visible
[32mINFO    [0m pages.base_page:base_page.py:188 Waiting for load state: networkidle
[32mINFO    [0m pages.dashboard_page:dashboard_page.py:92 Navigating to App Store
[32mINFO    [0m pages.base_page:base_page.py:79 Clicking: [data-view='catalog']
[31m[1m________ ERROR at setup of test_close_canvas_with_escape_key[chromium] _________[0m
[1m[31mE   playwright._impl._errors.TimeoutError: Page.wait_for_function: Timeout 15000ms exceeded.[0m
------------------------------ Captured log setup ------------------------------
[32mINFO    [0m pages.login_page:login_page.py:102 Waiting for auth modal to appear
[32mINFO    [0m pages.base_page:base_page.py:155 Waiting for #authModal to be visible
[32mINFO    [0m pages.base_page:base_page.py:155 Waiting for #registerTab to be visible
[32mINFO    [0m pages.login_page:login_page.py:123 Switching to register mode
[32mINFO    [0m pages.login_page:login_page.py:128 Already in register mode
[32mINFO    [0m pages.login_page:login_page.py:157 Filling username: testuser_20251004_225348_io82
[32mINFO    [0m pages.base_page:base_page.py:91 Filling #registerUsername with: testuser_20251004_22...
[32mINFO    [0m pages.login_page:login_page.py:179 Filling password
[32mINFO    [0m pages.base_page:base_page.py:91 Filling #registerPassword with: Test7csrb51a7sk3!...
[32mINFO    [0m pages.login_page:login_page.py:200 Filling email: test_20251004_225348_io82@example.com
[32mINFO    [0m pages.base_page:base_page.py:91 Filling #registerEmail with: test_20251004_225348...
[32mINFO    [0m pages.login_page:login_page.py:210 Clicking Register button
[32mINFO    [0m pages.base_page:base_page.py:79 Clicking: #registerForm button[type='submit']
[32mINFO    [0m pages.login_page:login_page.py:137 Switching to login mode
[32mINFO    [0m pages.login_page:login_page.py:142 Already in login mode
[32mINFO    [0m pages.login_page:login_page.py:205 Clicking Login submit button
[32mINFO    [0m pages.base_page:base_page.py:79 Clicking: #loginForm button[type='submit']
[32mINFO    [0m pages.dashboard_page:dashboard_page.py:76 Waiting for dashboard to load
[32mINFO    [0m pages.base_page:base_page.py:155 Waiting for #dashboardView to be visible
[32mINFO    [0m pages.base_page:base_page.py:188 Waiting for load state: networkidle
[32mINFO    [0m pages.dashboard_page:dashboard_page.py:92 Navigating to App Store
[32mINFO    [0m pages.base_page:base_page.py:79 Clicking: [data-view='catalog']
[31m[1m______ ERROR at setup of test_close_canvas_by_clicking_outside[chromium] _______[0m
[1m[31mE   playwright._impl._errors.TimeoutError: Page.wait_for_function: Timeout 15000ms exceeded.[0m
------------------------------ Captured log setup ------------------------------
[32mINFO    [0m pages.login_page:login_page.py:102 Waiting for auth modal to appear
[32mINFO    [0m pages.base_page:base_page.py:155 Waiting for #authModal to be visible
[32mINFO    [0m pages.base_page:base_page.py:155 Waiting for #registerTab to be visible
[32mINFO    [0m pages.login_page:login_page.py:123 Switching to register mode
[32mINFO    [0m pages.login_page:login_page.py:128 Already in register mode
[32mINFO    [0m pages.login_page:login_page.py:157 Filling username: testuser_20251004_225407_7kxm
[32mINFO    [0m pages.base_page:base_page.py:91 Filling #registerUsername with: testuser_20251004_22...
[32mINFO    [0m pages.login_page:login_page.py:179 Filling password
[32mINFO    [0m pages.base_page:base_page.py:91 Filling #registerPassword with: Testpxr9lkl3j3va!...
[32mINFO    [0m pages.login_page:login_page.py:200 Filling email: test_20251004_225407_7kxm@example.com
[32mINFO    [0m pages.base_page:base_page.py:91 Filling #registerEmail with: test_20251004_225407...
[32mINFO    [0m pages.login_page:login_page.py:210 Clicking Register button
[32mINFO    [0m pages.base_page:base_page.py:79 Clicking: #registerForm button[type='submit']
[32mINFO    [0m pages.login_page:login_page.py:137 Switching to login mode
[32mINFO    [0m pages.login_page:login_page.py:142 Already in login mode
[32mINFO    [0m pages.login_page:login_page.py:205 Clicking Login submit button
[32mINFO    [0m pages.base_page:base_page.py:79 Clicking: #loginForm button[type='submit']
[32mINFO    [0m pages.dashboard_page:dashboard_page.py:76 Waiting for dashboard to load
[32mINFO    [0m pages.base_page:base_page.py:155 Waiting for #dashboardView to be visible
[32mINFO    [0m pages.base_page:base_page.py:188 Waiting for load state: networkidle
[32mINFO    [0m pages.dashboard_page:dashboard_page.py:92 Navigating to App Store
[32mINFO    [0m pages.base_page:base_page.py:79 Clicking: [data-view='catalog']
[31m[1m_______________ ERROR at setup of test_refresh_canvas[chromium] ________________[0m
[1m[31mE   playwright._impl._errors.TimeoutError: Page.wait_for_function: Timeout 15000ms exceeded.[0m
------------------------------ Captured log setup ------------------------------
[32mINFO    [0m pages.login_page:login_page.py:102 Waiting for auth modal to appear
[32mINFO    [0m pages.base_page:base_page.py:155 Waiting for #authModal to be visible
[32mINFO    [0m pages.base_page:base_page.py:155 Waiting for #registerTab to be visible
[32mINFO    [0m pages.login_page:login_page.py:123 Switching to register mode
[32mINFO    [0m pages.login_page:login_page.py:128 Already in register mode
[32mINFO    [0m pages.login_page:login_page.py:157 Filling username: testuser_20251004_225427_i4j6
[32mINFO    [0m pages.base_page:base_page.py:91 Filling #registerUsername with: testuser_20251004_22...
[32mINFO    [0m pages.login_page:login_page.py:179 Filling password
[32mINFO    [0m pages.base_page:base_page.py:91 Filling #registerPassword with: Testx6e2n235wuw5!...
[32mINFO    [0m pages.login_page:login_page.py:200 Filling email: test_20251004_225427_i4j6@example.com
[32mINFO    [0m pages.base_page:base_page.py:91 Filling #registerEmail with: test_20251004_225427...
[32mINFO    [0m pages.login_page:login_page.py:210 Clicking Register button
[32mINFO    [0m pages.base_page:base_page.py:79 Clicking: #registerForm button[type='submit']
[32mINFO    [0m pages.login_page:login_page.py:137 Switching to login mode
[32mINFO    [0m pages.login_page:login_page.py:142 Already in login mode
[32mINFO    [0m pages.login_page:login_page.py:205 Clicking Login submit button
[32mINFO    [0m pages.base_page:base_page.py:79 Clicking: #loginForm button[type='submit']
[32mINFO    [0m pages.dashboard_page:dashboard_page.py:76 Waiting for dashboard to load
[32mINFO    [0m pages.base_page:base_page.py:155 Waiting for #dashboardView to be visible
[32mINFO    [0m pages.base_page:base_page.py:188 Waiting for load state: networkidle
[32mINFO    [0m pages.dashboard_page:dashboard_page.py:92 Navigating to App Store
[32mINFO    [0m pages.base_page:base_page.py:79 Clicking: [data-view='catalog']
[31m[1m______ ERROR at setup of test_canvas_displays_correct_app_name[chromium] _______[0m
[1m[31mE   playwright._impl._errors.TimeoutError: Page.wait_for_function: Timeout 15000ms exceeded.[0m
------------------------------ Captured log setup ------------------------------
[32mINFO    [0m pages.login_page:login_page.py:102 Waiting for auth modal to appear
[32mINFO    [0m pages.base_page:base_page.py:155 Waiting for #authModal to be visible
[32mINFO    [0m pages.base_page:base_page.py:155 Waiting for #registerTab to be visible
[32mINFO    [0m pages.login_page:login_page.py:123 Switching to register mode
[32mINFO    [0m pages.login_page:login_page.py:128 Already in register mode
[32mINFO    [0m pages.login_page:login_page.py:157 Filling username: testuser_20251004_225447_9t38
[32mINFO    [0m pages.base_page:base_page.py:91 Filling #registerUsername with: testuser_20251004_22...
[32mINFO    [0m pages.login_page:login_page.py:179 Filling password
[32mINFO    [0m pages.base_page:base_page.py:91 Filling #registerPassword with: Testb5ve4m2onwwk!...
[32mINFO    [0m pages.login_page:login_page.py:200 Filling email: test_20251004_225447_9t38@example.com
[32mINFO    [0m pages.base_page:base_page.py:91 Filling #registerEmail with: test_20251004_225447...
[32mINFO    [0m pages.login_page:login_page.py:210 Clicking Register button
[32mINFO    [0m pages.base_page:base_page.py:79 Clicking: #registerForm button[type='submit']
[32mINFO    [0m pages.login_page:login_page.py:137 Switching to login mode
[32mINFO    [0m pages.login_page:login_page.py:142 Already in login mode
[32mINFO    [0m pages.login_page:login_page.py:205 Clicking Login submit button
[32mINFO    [0m pages.base_page:base_page.py:79 Clicking: #loginForm button[type='submit']
[32mINFO    [0m pages.dashboard_page:dashboard_page.py:76 Waiting for dashboard to load
[32mINFO    [0m pages.base_page:base_page.py:155 Waiting for #dashboardView to be visible
[32mINFO    [0m pages.base_page:base_page.py:188 Waiting for load state: networkidle
[32mINFO    [0m pages.dashboard_page:dashboard_page.py:92 Navigating to App Store
[32mINFO    [0m pages.base_page:base_page.py:79 Clicking: [data-view='catalog']
[31m[1m_________ ERROR at setup of test_canvas_iframe_loads_content[chromium] _________[0m
[1m[31mE   playwright._impl._errors.TimeoutError: Page.wait_for_function: Timeout 15000ms exceeded.[0m
------------------------------ Captured log setup ------------------------------
[32mINFO    [0m pages.login_page:login_page.py:102 Waiting for auth modal to appear
[32mINFO    [0m pages.base_page:base_page.py:155 Waiting for #authModal to be visible
[32mINFO    [0m pages.base_page:base_page.py:155 Waiting for #registerTab to be visible
[32mINFO    [0m pages.login_page:login_page.py:123 Switching to register mode
[32mINFO    [0m pages.login_page:login_page.py:128 Already in register mode
[32mINFO    [0m pages.login_page:login_page.py:157 Filling username: testuser_20251004_225506_xwif
[32mINFO    [0m pages.base_page:base_page.py:91 Filling #registerUsername with: testuser_20251004_22...
[32mINFO    [0m pages.login_page:login_page.py:179 Filling password
[32mINFO    [0m pages.base_page:base_page.py:91 Filling #registerPassword with: Test62gcks2yiuoj!...
[32mINFO    [0m pages.login_page:login_page.py:200 Filling email: test_20251004_225506_xwif@example.com
[32mINFO    [0m pages.base_page:base_page.py:91 Filling #registerEmail with: test_20251004_225506...
[32mINFO    [0m pages.login_page:login_page.py:210 Clicking Register button
[32mINFO    [0m pages.base_page:base_page.py:79 Clicking: #registerForm button[type='submit']
[32mINFO    [0m pages.login_page:login_page.py:137 Switching to login mode
[32mINFO    [0m pages.login_page:login_page.py:142 Already in login mode
[32mINFO    [0m pages.login_page:login_page.py:205 Clicking Login submit button
[32mINFO    [0m pages.base_page:base_page.py:79 Clicking: #loginForm button[type='submit']
[32mINFO    [0m pages.dashboard_page:dashboard_page.py:76 Waiting for dashboard to load
[32mINFO    [0m pages.base_page:base_page.py:155 Waiting for #dashboardView to be visible
[32mINFO    [0m pages.base_page:base_page.py:188 Waiting for load state: networkidle
[32mINFO    [0m pages.dashboard_page:dashboard_page.py:92 Navigating to App Store
[32mINFO    [0m pages.base_page:base_page.py:79 Clicking: [data-view='catalog']
[31m[1m_ ERROR at setup of test_canvas_button_only_visible_for_running_apps[chromium] _[0m
[1m[31mE   playwright._impl._errors.TimeoutError: Page.wait_for_function: Timeout 15000ms exceeded.[0m
------------------------------ Captured log setup ------------------------------
[32mINFO    [0m pages.login_page:login_page.py:102 Waiting for auth modal to appear
[32mINFO    [0m pages.base_page:base_page.py:155 Waiting for #authModal to be visible
[32mINFO    [0m pages.base_page:base_page.py:155 Waiting for #registerTab to be visible
[32mINFO    [0m pages.login_page:login_page.py:123 Switching to register mode
[32mINFO    [0m pages.login_page:login_page.py:128 Already in register mode
[32mINFO    [0m pages.login_page:login_page.py:157 Filling username: testuser_20251004_225526_ucq8
[32mINFO    [0m pages.base_page:base_page.py:91 Filling #registerUsername with: testuser_20251004_22...
[32mINFO    [0m pages.login_page:login_page.py:179 Filling password
[32mINFO    [0m pages.base_page:base_page.py:91 Filling #registerPassword with: Testiew6vd7m1m42!...
[32mINFO    [0m pages.login_page:login_page.py:200 Filling email: test_20251004_225526_ucq8@example.com
[32mINFO    [0m pages.base_page:base_page.py:91 Filling #registerEmail with: test_20251004_225526...
[32mINFO    [0m pages.login_page:login_page.py:210 Clicking Register button
[32mINFO    [0m pages.base_page:base_page.py:79 Clicking: #registerForm button[type='submit']
[32mINFO    [0m pages.login_page:login_page.py:137 Switching to login mode
[32mINFO    [0m pages.login_page:login_page.py:142 Already in login mode
[32mINFO    [0m pages.login_page:login_page.py:205 Clicking Login submit button
[32mINFO    [0m pages.base_page:base_page.py:79 Clicking: #loginForm button[type='submit']
[32mINFO    [0m pages.dashboard_page:dashboard_page.py:76 Waiting for dashboard to load
[32mINFO    [0m pages.base_page:base_page.py:155 Waiting for #dashboardView to be visible
[32mINFO    [0m pages.base_page:base_page.py:188 Waiting for load state: networkidle
[32mINFO    [0m pages.dashboard_page:dashboard_page.py:92 Navigating to App Store
[32mINFO    [0m pages.base_page:base_page.py:79 Clicking: [data-view='catalog']
[31m[1m______________ ERROR at setup of test_view_app_logs_all[chromium] ______________[0m
[1m[31mE   playwright._impl._errors.TimeoutError: Page.wait_for_selector: Timeout 10000ms exceeded.[0m
[1m[31m    Call log:[0m
[1m[31m      - waiting for locator("#authModal") to be visible[0m
------------------------------ Captured log setup ------------------------------
[32mINFO    [0m pages.login_page:login_page.py:102 Waiting for auth modal to appear
[32mINFO    [0m pages.base_page:base_page.py:155 Waiting for #authModal to be visible
[31m[1m____________ ERROR at setup of test_view_app_logs_docker[chromium] _____________[0m
[1m[31mE   playwright._impl._errors.TimeoutError: Page.wait_for_selector: Timeout 10000ms exceeded.[0m
[1m[31m    Call log:[0m
[1m[31m      - waiting for locator("#authModal") to be visible[0m
[31m[1m____________ ERROR at setup of test_view_app_logs_system[chromium] _____________[0m
[1m[31mE   playwright._impl._errors.TimeoutError: Page.wait_for_selector: Timeout 10000ms exceeded.[0m
[1m[31m    Call log:[0m
[1m[31m      - waiting for locator("#authModal") to be visible[0m
[31m[1m______________ ERROR at setup of test_logs_auto_refresh[chromium] ______________[0m
[1m[31mE   playwright._impl._errors.TimeoutError: Page.wait_for_selector: Timeout 10000ms exceeded.[0m
[1m[31m    Call log:[0m
[1m[31m      - waiting for locator("#authModal") to be visible[0m
[31m[1m________________ ERROR at setup of test_download_logs[chromium] ________________[0m
[1m[31mE   playwright._impl._errors.TimeoutError: Page.wait_for_selector: Timeout 10000ms exceeded.[0m
[1m[31m    Call log:[0m
[1m[31m      - waiting for locator("#authModal") to be visible[0m
[31m[1m______________ ERROR at setup of test_open_app_console[chromium] _______________[0m
[1m[31mE   playwright._impl._errors.TimeoutError: Page.wait_for_selector: Timeout 10000ms exceeded.[0m
[1m[31m    Call log:[0m
[1m[31m      - waiting for locator("#authModal") to be visible[0m
[31m[1m___________ ERROR at setup of test_console_quick_commands[chromium] ____________[0m
[1m[31mE   playwright._impl._errors.TimeoutError: Page.wait_for_selector: Timeout 10000ms exceeded.[0m
[1m[31m    Call log:[0m
[1m[31m      - waiting for locator("#authModal") to be visible[0m
[31m[1m______________ ERROR at setup of test_app_external_link[chromium] ______________[0m
[1m[31mE   playwright._impl._errors.TimeoutError: Page.wait_for_selector: Timeout 10000ms exceeded.[0m
[1m[31m    Call log:[0m
[1m[31m      - waiting for locator("#authModal") to be visible[0m
[31m[1m____________ ERROR at setup of test_app_stop_start_cycle[chromium] _____________[0m
[1m[31mE   playwright._impl._errors.TimeoutError: Page.wait_for_selector: Timeout 10000ms exceeded.[0m
[1m[31m    Call log:[0m
[1m[31m      - waiting for locator("#authModal") to be visible[0m
[31m[1m_________________ ERROR at setup of test_app_restart[chromium] _________________[0m
[1m[31mE   playwright._impl._errors.TimeoutError: Page.wait_for_selector: Timeout 10000ms exceeded.[0m
[1m[31m    Call log:[0m
[1m[31m      - waiting for locator("#authModal") to be visible[0m
[31m[1m__________ ERROR at setup of test_infrastructure_page_loads[chromium] __________[0m
[1m[31mE   playwright._impl._errors.TimeoutError: Page.wait_for_selector: Timeout 5000ms exceeded.[0m
[1m[31m    Call log:[0m
[1m[31m      - waiting for locator("#authModal") to be hidden[0m
[1m[31m        15 √ó locator resolved to visible <div id="authModal" class="modal show">‚Ä¶</div>[0m

[33mDuring handling of the above exception, another exception occurred:[0m
[1m[31mE   Exception: Registration may have failed - no token found[0m
------------------------------ Captured log setup ------------------------------
[32mINFO    [0m pages.login_page:login_page.py:102 Waiting for auth modal to appear
[32mINFO    [0m pages.base_page:base_page.py:155 Waiting for #authModal to be visible
[32mINFO    [0m pages.base_page:base_page.py:155 Waiting for #registerTab to be visible
[32mINFO    [0m pages.login_page:login_page.py:253 Registering user: testuser_20251004_225915_qawm
[32mINFO    [0m pages.login_page:login_page.py:123 Switching to register mode
[32mINFO    [0m pages.login_page:login_page.py:128 Already in register mode
[32mINFO    [0m pages.login_page:login_page.py:157 Filling username: testuser_20251004_225915_qawm
[32mINFO    [0m pages.base_page:base_page.py:91 Filling #registerUsername with: testuser_20251004_22...
[32mINFO    [0m pages.login_page:login_page.py:179 Filling password
[32mINFO    [0m pages.base_page:base_page.py:91 Filling #registerPassword with: Testf44trbtqt21k!...
[32mINFO    [0m pages.login_page:login_page.py:200 Filling email: test_20251004_225915_qawm@example.com
[32mINFO    [0m pages.base_page:base_page.py:91 Filling #registerEmail with: test_20251004_225915...
[32mINFO    [0m pages.login_page:login_page.py:210 Clicking Register button
[32mINFO    [0m pages.base_page:base_page.py:79 Clicking: #registerForm button[type='submit']
[32mINFO    [0m pages.login_page:login_page.py:114 Waiting for auth modal to close
[32mINFO    [0m pages.base_page:base_page.py:155 Waiting for #authModal to be hidden
[33mWARNING [0m pages.login_page:login_page.py:280 Modal didn't close automatically, checking auth state: Page.wait_for_selector: Timeout 5000ms exceeded.
Call log:
  - waiting for locator("#authModal") to be hidden
    15 √ó locator resolved to visible <div id="authModal" class="modal show">‚Ä¶</div>

[33mWARNING [0m pages.login_page:login_page.py:304 Token not found after registration, may have failed
[31m[1m____________ ERROR at setup of test_proxmox_nodes_display[chromium] ____________[0m
[1m[31mE   playwright._impl._errors.TimeoutError: Page.wait_for_selector: Timeout 5000ms exceeded.[0m
[1m[31m    Call log:[0m
[1m[31m      - waiting for locator("#authModal") to be hidden[0m
[1m[31m        15 √ó locator resolved to visible <div id="authModal" class="modal show">‚Ä¶</div>[0m

[33mDuring handling of the above exception, another exception occurred:[0m
[1m[31mE   Exception: Registration may have failed - no token found[0m
------------------------------ Captured log setup ------------------------------
[32mINFO    [0m pages.login_page:login_page.py:102 Waiting for auth modal to appear
[32mINFO    [0m pages.base_page:base_page.py:155 Waiting for #authModal to be visible
[32mINFO    [0m pages.base_page:base_page.py:155 Waiting for #registerTab to be visible
[32mINFO    [0m pages.login_page:login_page.py:253 Registering user: testuser_20251004_225922_op4y
[32mINFO    [0m pages.login_page:login_page.py:123 Switching to register mode
[32mINFO    [0m pages.login_page:login_page.py:128 Already in register mode
[32mINFO    [0m pages.login_page:login_page.py:157 Filling username: testuser_20251004_225922_op4y
[32mINFO    [0m pages.base_page:base_page.py:91 Filling #registerUsername with: testuser_20251004_22...
[32mINFO    [0m pages.login_page:login_page.py:179 Filling password
[32mINFO    [0m pages.base_page:base_page.py:91 Filling #registerPassword with: Testt9be8xb8nqbe!...
[32mINFO    [0m pages.login_page:login_page.py:200 Filling email: test_20251004_225922_op4y@example.com
[32mINFO    [0m pages.base_page:base_page.py:91 Filling #registerEmail with: test_20251004_225922...
[32mINFO    [0m pages.login_page:login_page.py:210 Clicking Register button
[32mINFO    [0m pages.base_page:base_page.py:79 Clicking: #registerForm button[type='submit']
[32mINFO    [0m pages.login_page:login_page.py:114 Waiting for auth modal to close
[32mINFO    [0m pages.base_page:base_page.py:155 Waiting for #authModal to be hidden
[33mWARNING [0m pages.login_page:login_page.py:280 Modal didn't close automatically, checking auth state: Page.wait_for_selector: Timeout 5000ms exceeded.
Call log:
  - waiting for locator("#authModal") to be hidden
    15 √ó locator resolved to visible <div id="authModal" class="modal show">‚Ä¶</div>

[33mWARNING [0m pages.login_page:login_page.py:304 Token not found after registration, may have failed
[31m[1m__________ ERROR at setup of test_network_appliance_status[chromium] ___________[0m
[1m[31mE   playwright._impl._errors.TimeoutError: Page.wait_for_selector: Timeout 5000ms exceeded.[0m
[1m[31m    Call log:[0m
[1m[31m      - waiting for locator("#authModal") to be hidden[0m
[1m[31m        15 √ó locator resolved to visible <div id="authModal" class="modal show">‚Ä¶</div>[0m

[33mDuring handling of the above exception, another exception occurred:[0m
[1m[31mE   Exception: Registration may have failed - no token found[0m
------------------------------ Captured log setup ------------------------------
[32mINFO    [0m pages.login_page:login_page.py:102 Waiting for auth modal to appear
[32mINFO    [0m pages.base_page:base_page.py:155 Waiting for #authModal to be visible
[32mINFO    [0m pages.base_page:base_page.py:155 Waiting for #registerTab to be visible
[32mINFO    [0m pages.login_page:login_page.py:253 Registering user: testuser_20251004_225929_z7so
[32mINFO    [0m pages.login_page:login_page.py:123 Switching to register mode
[32mINFO    [0m pages.login_page:login_page.py:128 Already in register mode
[32mINFO    [0m pages.login_page:login_page.py:157 Filling username: testuser_20251004_225929_z7so
[32mINFO    [0m pages.base_page:base_page.py:91 Filling #registerUsername with: testuser_20251004_22...
[32mINFO    [0m pages.login_page:login_page.py:179 Filling password
[32mINFO    [0m pages.base_page:base_page.py:91 Filling #registerPassword with: Test3516bqzzk2it!...
[32mINFO    [0m pages.login_page:login_page.py:200 Filling email: test_20251004_225929_z7so@example.com
[32mINFO    [0m pages.base_page:base_page.py:91 Filling #registerEmail with: test_20251004_225929...
[32mINFO    [0m pages.login_page:login_page.py:210 Clicking Register button
[32mINFO    [0m pages.base_page:base_page.py:79 Clicking: #registerForm button[type='submit']
[32mINFO    [0m pages.login_page:login_page.py:114 Waiting for auth modal to close
[32mINFO    [0m pages.base_page:base_page.py:155 Waiting for #authModal to be hidden
[33mWARNING [0m pages.login_page:login_page.py:280 Modal didn't close automatically, checking auth state: Page.wait_for_selector: Timeout 5000ms exceeded.
Call log:
  - waiting for locator("#authModal") to be hidden
    15 √ó locator resolved to visible <div id="authModal" class="modal show">‚Ä¶</div>

[33mWARNING [0m pages.login_page:login_page.py:304 Token not found after registration, may have failed
[31m[1m___________ ERROR at setup of test_refresh_infrastructure[chromium] ____________[0m
[1m[31mE   playwright._impl._errors.TimeoutError: Page.wait_for_selector: Timeout 5000ms exceeded.[0m
[1m[31m    Call log:[0m
[1m[31m      - waiting for locator("#authModal") to be hidden[0m
[1m[31m        15 √ó locator resolved to visible <div id="authModal" class="modal show">‚Ä¶</div>[0m

[33mDuring handling of the above exception, another exception occurred:[0m
[1m[31mE   Exception: Registration may have failed - no token found[0m
------------------------------ Captured log setup ------------------------------
[32mINFO    [0m pages.login_page:login_page.py:102 Waiting for auth modal to appear
[32mINFO    [0m pages.base_page:base_page.py:155 Waiting for #authModal to be visible
[32mINFO    [0m pages.base_page:base_page.py:155 Waiting for #registerTab to be visible
[32mINFO    [0m pages.login_page:login_page.py:253 Registering user: testuser_20251004_225936_p0vr
[32mINFO    [0m pages.login_page:login_page.py:123 Switching to register mode
[32mINFO    [0m pages.login_page:login_page.py:128 Already in register mode
[32mINFO    [0m pages.login_page:login_page.py:157 Filling username: testuser_20251004_225936_p0vr
[32mINFO    [0m pages.base_page:base_page.py:91 Filling #registerUsername with: testuser_20251004_22...
[32mINFO    [0m pages.login_page:login_page.py:179 Filling password
[32mINFO    [0m pages.base_page:base_page.py:91 Filling #registerPassword with: Test34mmbyg7zmmz!...
[32mINFO    [0m pages.login_page:login_page.py:200 Filling email: test_20251004_225936_p0vr@example.com
[32mINFO    [0m pages.base_page:base_page.py:91 Filling #registerEmail with: test_20251004_225936...
[32mINFO    [0m pages.login_page:login_page.py:210 Clicking Register button
[32mINFO    [0m pages.base_page:base_page.py:79 Clicking: #registerForm button[type='submit']
[32mINFO    [0m pages.login_page:login_page.py:114 Waiting for auth modal to close
[32mINFO    [0m pages.base_page:base_page.py:155 Waiting for #authModal to be hidden
[33mWARNING [0m pages.login_page:login_page.py:280 Modal didn't close automatically, checking auth state: Page.wait_for_selector: Timeout 5000ms exceeded.
Call log:
  - waiting for locator("#authModal") to be hidden
    15 √ó locator resolved to visible <div id="authModal" class="modal show">‚Ä¶</div>

[33mWARNING [0m pages.login_page:login_page.py:304 Token not found after registration, may have failed
[31m[1m_____________ ERROR at setup of test_view_appliance_logs[chromium] _____________[0m
[1m[31mE   playwright._impl._errors.TimeoutError: Page.wait_for_selector: Timeout 5000ms exceeded.[0m
[1m[31m    Call log:[0m
[1m[31m      - waiting for locator("#authModal") to be hidden[0m
[1m[31m        15 √ó locator resolved to visible <div id="authModal" class="modal show">‚Ä¶</div>[0m

[33mDuring handling of the above exception, another exception occurred:[0m
[1m[31mE   Exception: Registration may have failed - no token found[0m
------------------------------ Captured log setup ------------------------------
[32mINFO    [0m pages.login_page:login_page.py:102 Waiting for auth modal to appear
[32mINFO    [0m pages.base_page:base_page.py:155 Waiting for #authModal to be visible
[32mINFO    [0m pages.base_page:base_page.py:155 Waiting for #registerTab to be visible
[32mINFO    [0m pages.login_page:login_page.py:253 Registering user: testuser_20251004_225943_p0uf
[32mINFO    [0m pages.login_page:login_page.py:123 Switching to register mode
[32mINFO    [0m pages.login_page:login_page.py:128 Already in register mode
[32mINFO    [0m pages.login_page:login_page.py:157 Filling username: testuser_20251004_225943_p0uf
[32mINFO    [0m pages.base_page:base_page.py:91 Filling #registerUsername with: testuser_20251004_22...
[32mINFO    [0m pages.login_page:login_page.py:179 Filling password
[32mINFO    [0m pages.base_page:base_page.py:91 Filling #registerPassword with: Testp7sumo17ifzk!...
[32mINFO    [0m pages.login_page:login_page.py:200 Filling email: test_20251004_225943_p0uf@example.com
[32mINFO    [0m pages.base_page:base_page.py:91 Filling #registerEmail with: test_20251004_225943...
[32mINFO    [0m pages.login_page:login_page.py:210 Clicking Register button
[32mINFO    [0m pages.base_page:base_page.py:79 Clicking: #registerForm button[type='submit']
[32mINFO    [0m pages.login_page:login_page.py:114 Waiting for auth modal to close
[32mINFO    [0m pages.base_page:base_page.py:155 Waiting for #authModal to be hidden
[33mWARNING [0m pages.login_page:login_page.py:280 Modal didn't close automatically, checking auth state: Page.wait_for_selector: Timeout 5000ms exceeded.
Call log:
  - waiting for locator("#authModal") to be hidden
    15 √ó locator resolved to visible <div id="authModal" class="modal show">‚Ä¶</div>

[33mWARNING [0m pages.login_page:login_page.py:304 Token not found after registration, may have failed
[31m[1m__________ ERROR at setup of test_restart_appliance_button[chromium] ___________[0m
[1m[31mE   playwright._impl._errors.TargetClosedError: Page.wait_for_selector: Target page, context or browser has been closed[0m
[1m[31m    Call log:[0m
[1m[31m      - waiting for locator("#dashboardView") to be visible[0m
[1m[31m        - waiting for" https://www.google.com/search?q=su+tutot+cio+dovrebbe+poter+fare+finora&oq=su+tutot+cio+dovrebbe+poter+fare+finora&gs_lcrp=EgZjaHJvbWUyBggAEEUYOdIBCDQxODJqMGo0qAIAsAIA&sourceid=chrome&ie=UTF-8" navigation to finish...[0m
[1m[31m        - navigated to "https://www.google.com/search?q=su+tutot+cio+dovrebbe+poter+fare+finora&oq=su+tutot+cio+dovrebbe+poter+fare+finora&gs_lcrp=EgZjaHJvbWUyBggAEEUYOdIBCDQxODJqMGo0qAIAsAIA&sourceid=chrome&ie=UTF-8"[0m
------------------------------ Captured log setup ------------------------------
[32mINFO    [0m pages.login_page:login_page.py:102 Waiting for auth modal to appear
[32mINFO    [0m pages.base_page:base_page.py:155 Waiting for #authModal to be visible
[32mINFO    [0m pages.base_page:base_page.py:155 Waiting for #registerTab to be visible
[32mINFO    [0m pages.login_page:login_page.py:253 Registering user: testuser_20251004_225950_20fv
[32mINFO    [0m pages.login_page:login_page.py:123 Switching to register mode
[32mINFO    [0m pages.login_page:login_page.py:128 Already in register mode
[32mINFO    [0m pages.login_page:login_page.py:157 Filling username: testuser_20251004_225950_20fv
[32mINFO    [0m pages.base_page:base_page.py:91 Filling #registerUsername with: testuser_20251004_22...
[32mINFO    [0m pages.login_page:login_page.py:179 Filling password
[32mINFO    [0m pages.base_page:base_page.py:91 Filling #registerPassword with: Testi6w7i2gvkx0r!...
[32mINFO    [0m pages.login_page:login_page.py:200 Filling email: test_20251004_225950_20fv@example.com
[32mINFO    [0m pages.base_page:base_page.py:91 Filling #registerEmail with: test_20251004_225950...
[32mINFO    [0m pages.login_page:login_page.py:210 Clicking Register button
[32mINFO    [0m pages.base_page:base_page.py:79 Clicking: #registerForm button[type='submit']
[32mINFO    [0m pages.login_page:login_page.py:114 Waiting for auth modal to close
[32mINFO    [0m pages.base_page:base_page.py:155 Waiting for #authModal to be hidden
[32mINFO    [0m pages.login_page:login_page.py:278 Registration successful - modal closed automatically
[32mINFO    [0m pages.dashboard_page:dashboard_page.py:76 Waiting for dashboard to load
[32mINFO    [0m pages.base_page:base_page.py:155 Waiting for #dashboardView to be visible
[31m[1m_____________ ERROR at setup of test_nat_testing_button[chromium] ______________[0m
[1m[31mE   playwright._impl._errors.TimeoutError: Page.wait_for_selector: Timeout 5000ms exceeded.[0m
[1m[31m    Call log:[0m
[1m[31m      - waiting for locator("#authModal") to be hidden[0m
[1m[31m        15 √ó locator resolved to visible <div id="authModal" class="modal show">‚Ä¶</div>[0m

[33mDuring handling of the above exception, another exception occurred:[0m
[1m[31mE   Exception: Registration may have failed - no token found[0m
------------------------------ Captured log setup ------------------------------
[32mINFO    [0m pages.login_page:login_page.py:102 Waiting for auth modal to appear
[32mINFO    [0m pages.base_page:base_page.py:155 Waiting for #authModal to be visible
[32mINFO    [0m pages.base_page:base_page.py:155 Waiting for #registerTab to be visible
[32mINFO    [0m pages.login_page:login_page.py:253 Registering user: testuser_20251004_230005_4l8v
[32mINFO    [0m pages.login_page:login_page.py:123 Switching to register mode
[32mINFO    [0m pages.login_page:login_page.py:128 Already in register mode
[32mINFO    [0m pages.login_page:login_page.py:157 Filling username: testuser_20251004_230005_4l8v
[32mINFO    [0m pages.base_page:base_page.py:91 Filling #registerUsername with: testuser_20251004_23...
[32mINFO    [0m pages.login_page:login_page.py:179 Filling password
[32mINFO    [0m pages.base_page:base_page.py:91 Filling #registerPassword with: Testrg1cfxudcv9o!...
[32mINFO    [0m pages.login_page:login_page.py:200 Filling email: test_20251004_230005_4l8v@example.com
[32mINFO    [0m pages.base_page:base_page.py:91 Filling #registerEmail with: test_20251004_230005...
[32mINFO    [0m pages.login_page:login_page.py:210 Clicking Register button
[32mINFO    [0m pages.base_page:base_page.py:79 Clicking: #registerForm button[type='submit']
[32mINFO    [0m pages.login_page:login_page.py:114 Waiting for auth modal to close
[32mINFO    [0m pages.base_page:base_page.py:155 Waiting for #authModal to be hidden
[33mWARNING [0m pages.login_page:login_page.py:280 Modal didn't close automatically, checking auth state: Page.wait_for_selector: Timeout 5000ms exceeded.
Call log:
  - waiting for locator("#authModal") to be hidden
    15 √ó locator resolved to visible <div id="authModal" class="modal show">‚Ä¶</div>

[33mWARNING [0m pages.login_page:login_page.py:304 Token not found after registration, may have failed
[31m[1m____________ ERROR at setup of test_services_health_grid[chromium] _____________[0m
[1m[31mE   playwright._impl._errors.TimeoutError: Page.wait_for_selector: Timeout 5000ms exceeded.[0m
[1m[31m    Call log:[0m
[1m[31m      - waiting for locator("#authModal") to be hidden[0m
[1m[31m        15 √ó locator resolved to visible <div id="authModal" class="modal show">‚Ä¶</div>[0m

[33mDuring handling of the above exception, another exception occurred:[0m
[1m[31mE   Exception: Registration may have failed - no token found[0m
------------------------------ Captured log setup ------------------------------
[32mINFO    [0m pages.login_page:login_page.py:102 Waiting for auth modal to appear
[32mINFO    [0m pages.base_page:base_page.py:155 Waiting for #authModal to be visible
[32mINFO    [0m pages.base_page:base_page.py:155 Waiting for #registerTab to be visible
[32mINFO    [0m pages.login_page:login_page.py:253 Registering user: testuser_20251004_230011_worq
[32mINFO    [0m pages.login_page:login_page.py:123 Switching to register mode
[32mINFO    [0m pages.login_page:login_page.py:128 Already in register mode
[32mINFO    [0m pages.login_page:login_page.py:157 Filling username: testuser_20251004_230011_worq
[32mINFO    [0m pages.base_page:base_page.py:91 Filling #registerUsername with: testuser_20251004_23...
[32mINFO    [0m pages.login_page:login_page.py:179 Filling password
[32mINFO    [0m pages.base_page:base_page.py:91 Filling #registerPassword with: Testcji2oi9zgsn0!...
[32mINFO    [0m pages.login_page:login_page.py:200 Filling email: test_20251004_230011_worq@example.com
[32mINFO    [0m pages.base_page:base_page.py:91 Filling #registerEmail with: test_20251004_230011...
[32mINFO    [0m pages.login_page:login_page.py:210 Clicking Register button
[32mINFO    [0m pages.base_page:base_page.py:79 Clicking: #registerForm button[type='submit']
[32mINFO    [0m pages.login_page:login_page.py:114 Waiting for auth modal to close
[32mINFO    [0m pages.base_page:base_page.py:155 Waiting for #authModal to be hidden
[33mWARNING [0m pages.login_page:login_page.py:280 Modal didn't close automatically, checking auth state: Page.wait_for_selector: Timeout 5000ms exceeded.
Call log:
  - waiting for locator("#authModal") to be hidden
    15 √ó locator resolved to visible <div id="authModal" class="modal show">‚Ä¶</div>

[33mWARNING [0m pages.login_page:login_page.py:304 Token not found after registration, may have failed
[31m[1m__________ ERROR at setup of test_infrastructure_statistics[chromium] __________[0m
[1m[31mE   playwright._impl._errors.TimeoutError: Page.wait_for_selector: Timeout 5000ms exceeded.[0m
[1m[31m    Call log:[0m
[1m[31m      - waiting for locator("#authModal") to be hidden[0m
[1m[31m        15 √ó locator resolved to visible <div id="authModal" class="modal show">‚Ä¶</div>[0m

[33mDuring handling of the above exception, another exception occurred:[0m
[1m[31mE   Exception: Registration may have failed - no token found[0m
------------------------------ Captured log setup ------------------------------
[32mINFO    [0m pages.login_page:login_page.py:102 Waiting for auth modal to appear
[32mINFO    [0m pages.base_page:base_page.py:155 Waiting for #authModal to be visible
[32mINFO    [0m pages.base_page:base_page.py:155 Waiting for #registerTab to be visible
[32mINFO    [0m pages.login_page:login_page.py:253 Registering user: testuser_20251004_230018_kv1o
[32mINFO    [0m pages.login_page:login_page.py:123 Switching to register mode
[32mINFO    [0m pages.login_page:login_page.py:128 Already in register mode
[32mINFO    [0m pages.login_page:login_page.py:157 Filling username: testuser_20251004_230018_kv1o
[32mINFO    [0m pages.base_page:base_page.py:91 Filling #registerUsername with: testuser_20251004_23...
[32mINFO    [0m pages.login_page:login_page.py:179 Filling password
[32mINFO    [0m pages.base_page:base_page.py:91 Filling #registerPassword with: Testk4oey4uu2u8q!...
[32mINFO    [0m pages.login_page:login_page.py:200 Filling email: test_20251004_230018_kv1o@example.com
[32mINFO    [0m pages.base_page:base_page.py:91 Filling #registerEmail with: test_20251004_230018...
[32mINFO    [0m pages.login_page:login_page.py:210 Clicking Register button
[32mINFO    [0m pages.base_page:base_page.py:79 Clicking: #registerForm button[type='submit']
[32mINFO    [0m pages.login_page:login_page.py:114 Waiting for auth modal to close
[32mINFO    [0m pages.base_page:base_page.py:155 Waiting for #authModal to be hidden
[33mWARNING [0m pages.login_page:login_page.py:280 Modal didn't close automatically, checking auth state: Page.wait_for_selector: Timeout 5000ms exceeded.
Call log:
  - waiting for locator("#authModal") to be hidden
    15 √ó locator resolved to visible <div id="authModal" class="modal show">‚Ä¶</div>

[33mWARNING [0m pages.login_page:login_page.py:304 Token not found after registration, may have failed
[31m[1m____________ ERROR at setup of test_infrastructure_alerts[chromium] ____________[0m
[1m[31mE   playwright._impl._errors.TimeoutError: Page.wait_for_selector: Timeout 5000ms exceeded.[0m
[1m[31m    Call log:[0m
[1m[31m      - waiting for locator("#authModal") to be hidden[0m
[1m[31m        15 √ó locator resolved to visible <div id="authModal" class="modal show">‚Ä¶</div>[0m

[33mDuring handling of the above exception, another exception occurred:[0m
[1m[31mE   Exception: Registration may have failed - no token found[0m
------------------------------ Captured log setup ------------------------------
[32mINFO    [0m pages.login_page:login_page.py:102 Waiting for auth modal to appear
[32mINFO    [0m pages.base_page:base_page.py:155 Waiting for #authModal to be visible
[32mINFO    [0m pages.base_page:base_page.py:155 Waiting for #registerTab to be visible
[32mINFO    [0m pages.login_page:login_page.py:253 Registering user: testuser_20251004_230025_mn1q
[32mINFO    [0m pages.login_page:login_page.py:123 Switching to register mode
[32mINFO    [0m pages.login_page:login_page.py:128 Already in register mode
[32mINFO    [0m pages.login_page:login_page.py:157 Filling username: testuser_20251004_230025_mn1q
[32mINFO    [0m pages.base_page:base_page.py:91 Filling #registerUsername with: testuser_20251004_23...
[32mINFO    [0m pages.login_page:login_page.py:179 Filling password
[32mINFO    [0m pages.base_page:base_page.py:91 Filling #registerPassword with: Testnrj55lklb0do!...
[32mINFO    [0m pages.login_page:login_page.py:200 Filling email: test_20251004_230025_mn1q@example.com
[32mINFO    [0m pages.base_page:base_page.py:91 Filling #registerEmail with: test_20251004_230025...
[32mINFO    [0m pages.login_page:login_page.py:210 Clicking Register button
[32mINFO    [0m pages.base_page:base_page.py:79 Clicking: #registerForm button[type='submit']
[32mINFO    [0m pages.login_page:login_page.py:114 Waiting for auth modal to close
[32mINFO    [0m pages.base_page:base_page.py:155 Waiting for #authModal to be hidden
[33mWARNING [0m pages.login_page:login_page.py:280 Modal didn't close automatically, checking auth state: Page.wait_for_selector: Timeout 5000ms exceeded.
Call log:
  - waiting for locator("#authModal") to be hidden
    15 √ó locator resolved to visible <div id="authModal" class="modal show">‚Ä¶</div>

[33mWARNING [0m pages.login_page:login_page.py:304 Token not found after registration, may have failed
[31m[1m_______ ERROR at setup of test_infrastructure_realtime_updates[chromium] _______[0m
[1m[31mE   playwright._impl._errors.TimeoutError: Page.wait_for_selector: Timeout 5000ms exceeded.[0m
[1m[31m    Call log:[0m
[1m[31m      - waiting for locator("#authModal") to be hidden[0m
[1m[31m        15 √ó locator resolved to visible <div id="authModal" class="modal show">‚Ä¶</div>[0m

[33mDuring handling of the above exception, another exception occurred:[0m
[1m[31mE   Exception: Registration may have failed - no token found[0m
------------------------------ Captured log setup ------------------------------
[32mINFO    [0m pages.login_page:login_page.py:102 Waiting for auth modal to appear
[32mINFO    [0m pages.base_page:base_page.py:155 Waiting for #authModal to be visible
[32mINFO    [0m pages.base_page:base_page.py:155 Waiting for #registerTab to be visible
[32mINFO    [0m pages.login_page:login_page.py:253 Registering user: testuser_20251004_230032_3s96
[32mINFO    [0m pages.login_page:login_page.py:123 Switching to register mode
[32mINFO    [0m pages.login_page:login_page.py:128 Already in register mode
[32mINFO    [0m pages.login_page:login_page.py:157 Filling username: testuser_20251004_230032_3s96
[32mINFO    [0m pages.base_page:base_page.py:91 Filling #registerUsername with: testuser_20251004_23...
[32mINFO    [0m pages.login_page:login_page.py:179 Filling password
[32mINFO    [0m pages.base_page:base_page.py:91 Filling #registerPassword with: Test2h2hkmyxhq7q!...
[32mINFO    [0m pages.login_page:login_page.py:200 Filling email: test_20251004_230032_3s96@example.com
[32mINFO    [0m pages.base_page:base_page.py:91 Filling #registerEmail with: test_20251004_230032...
[32mINFO    [0m pages.login_page:login_page.py:210 Clicking Register button
[32mINFO    [0m pages.base_page:base_page.py:79 Clicking: #registerForm button[type='submit']
[32mINFO    [0m pages.login_page:login_page.py:114 Waiting for auth modal to close
[32mINFO    [0m pages.base_page:base_page.py:155 Waiting for #authModal to be hidden
[33mWARNING [0m pages.login_page:login_page.py:280 Modal didn't close automatically, checking auth state: Page.wait_for_selector: Timeout 5000ms exceeded.
Call log:
  - waiting for locator("#authModal") to be hidden
    15 √ó locator resolved to visible <div id="authModal" class="modal show">‚Ä¶</div>

[33mWARNING [0m pages.login_page:login_page.py:304 Token not found after registration, may have failed
[31m[1m_____________ ERROR at setup of test_navigate_all_views[chromium] ______________[0m
[1m[31mE   playwright._impl._errors.TimeoutError: Page.wait_for_selector: Timeout 5000ms exceeded.[0m
[1m[31m    Call log:[0m
[1m[31m      - waiting for locator("#authModal") to be hidden[0m
[1m[31m        15 √ó locator resolved to visible <div id="authModal" class="modal show">‚Ä¶</div>[0m

[33mDuring handling of the above exception, another exception occurred:[0m
[1m[31mE   Exception: Registration may have failed - no token found[0m
------------------------------ Captured log setup ------------------------------
[32mINFO    [0m pages.login_page:login_page.py:102 Waiting for auth modal to appear
[32mINFO    [0m pages.base_page:base_page.py:155 Waiting for #authModal to be visible
[32mINFO    [0m pages.base_page:base_page.py:155 Waiting for #registerTab to be visible
[32mINFO    [0m pages.login_page:login_page.py:253 Registering user: testuser_20251004_230039_lb36
[32mINFO    [0m pages.login_page:login_page.py:123 Switching to register mode
[32mINFO    [0m pages.login_page:login_page.py:128 Already in register mode
[32mINFO    [0m pages.login_page:login_page.py:157 Filling username: testuser_20251004_230039_lb36
[32mINFO    [0m pages.base_page:base_page.py:91 Filling #registerUsername with: testuser_20251004_23...
[32mINFO    [0m pages.login_page:login_page.py:179 Filling password
[32mINFO    [0m pages.base_page:base_page.py:91 Filling #registerPassword with: Testixaj32bwa89f!...
[32mINFO    [0m pages.login_page:login_page.py:200 Filling email: test_20251004_230039_lb36@example.com
[32mINFO    [0m pages.base_page:base_page.py:91 Filling #registerEmail with: test_20251004_230039...
[32mINFO    [0m pages.login_page:login_page.py:210 Clicking Register button
[32mINFO    [0m pages.base_page:base_page.py:79 Clicking: #registerForm button[type='submit']
[32mINFO    [0m pages.login_page:login_page.py:114 Waiting for auth modal to close
[32mINFO    [0m pages.base_page:base_page.py:155 Waiting for #authModal to be hidden
[33mWARNING [0m pages.login_page:login_page.py:280 Modal didn't close automatically, checking auth state: Page.wait_for_selector: Timeout 5000ms exceeded.
Call log:
  - waiting for locator("#authModal") to be hidden
    15 √ó locator resolved to visible <div id="authModal" class="modal show">‚Ä¶</div>

[33mWARNING [0m pages.login_page:login_page.py:304 Token not found after registration, may have failed
[31m[1m___________ ERROR at setup of test_sidebar_collapse_expand[chromium] ___________[0m
[1m[31mE   playwright._impl._errors.TimeoutError: Page.wait_for_selector: Timeout 5000ms exceeded.[0m
[1m[31m    Call log:[0m
[1m[31m      - waiting for locator("#authModal") to be hidden[0m
[1m[31m        15 √ó locator resolved to visible <div id="authModal" class="modal show">‚Ä¶</div>[0m

[33mDuring handling of the above exception, another exception occurred:[0m
[1m[31mE   Exception: Registration may have failed - no token found[0m
------------------------------ Captured log setup ------------------------------
[32mINFO    [0m pages.login_page:login_page.py:102 Waiting for auth modal to appear
[32mINFO    [0m pages.base_page:base_page.py:155 Waiting for #authModal to be visible
[32mINFO    [0m pages.base_page:base_page.py:155 Waiting for #registerTab to be visible
[32mINFO    [0m pages.login_page:login_page.py:253 Registering user: testuser_20251004_230046_3kqw
[32mINFO    [0m pages.login_page:login_page.py:123 Switching to register mode
[32mINFO    [0m pages.login_page:login_page.py:128 Already in register mode
[32mINFO    [0m pages.login_page:login_page.py:157 Filling username: testuser_20251004_230046_3kqw
[32mINFO    [0m pages.base_page:base_page.py:91 Filling #registerUsername with: testuser_20251004_23...
[32mINFO    [0m pages.login_page:login_page.py:179 Filling password
[32mINFO    [0m pages.base_page:base_page.py:91 Filling #registerPassword with: Testdeags1jvgc8s!...
[32mINFO    [0m pages.login_page:login_page.py:200 Filling email: test_20251004_230046_3kqw@example.com
[32mINFO    [0m pages.base_page:base_page.py:91 Filling #registerEmail with: test_20251004_230046...
[32mINFO    [0m pages.login_page:login_page.py:210 Clicking Register button
[32mINFO    [0m pages.base_page:base_page.py:79 Clicking: #registerForm button[type='submit']
[32mINFO    [0m pages.login_page:login_page.py:114 Waiting for auth modal to close
[32mINFO    [0m pages.base_page:base_page.py:155 Waiting for #authModal to be hidden
[33mWARNING [0m pages.login_page:login_page.py:280 Modal didn't close automatically, checking auth state: Page.wait_for_selector: Timeout 5000ms exceeded.
Call log:
  - waiting for locator("#authModal") to be hidden
    15 √ó locator resolved to visible <div id="authModal" class="modal show">‚Ä¶</div>

[33mWARNING [0m pages.login_page:login_page.py:304 Token not found after registration, may have failed
[31m[1m______________ ERROR at setup of test_user_menu_toggle[chromium] _______________[0m
[1m[31mE   playwright._impl._errors.TimeoutError: Page.wait_for_selector: Timeout 5000ms exceeded.[0m
[1m[31m    Call log:[0m
[1m[31m      - waiting for locator("#authModal") to be hidden[0m
[1m[31m        15 √ó locator resolved to visible <div id="authModal" class="modal show">‚Ä¶</div>[0m

[33mDuring handling of the above exception, another exception occurred:[0m
[1m[31mE   Exception: Registration may have failed - no token found[0m
------------------------------ Captured log setup ------------------------------
[32mINFO    [0m pages.login_page:login_page.py:102 Waiting for auth modal to appear
[32mINFO    [0m pages.base_page:base_page.py:155 Waiting for #authModal to be visible
[32mINFO    [0m pages.base_page:base_page.py:155 Waiting for #registerTab to be visible
[32mINFO    [0m pages.login_page:login_page.py:253 Registering user: testuser_20251004_230053_0ni7
[32mINFO    [0m pages.login_page:login_page.py:123 Switching to register mode
[32mINFO    [0m pages.login_page:login_page.py:128 Already in register mode
[32mINFO    [0m pages.login_page:login_page.py:157 Filling username: testuser_20251004_230053_0ni7
[32mINFO    [0m pages.base_page:base_page.py:91 Filling #registerUsername with: testuser_20251004_23...
[32mINFO    [0m pages.login_page:login_page.py:179 Filling password
[32mINFO    [0m pages.base_page:base_page.py:91 Filling #registerPassword with: Testm7l52r45i9ab!...
[32mINFO    [0m pages.login_page:login_page.py:200 Filling email: test_20251004_230053_0ni7@example.com
[32mINFO    [0m pages.base_page:base_page.py:91 Filling #registerEmail with: test_20251004_230053...
[32mINFO    [0m pages.login_page:login_page.py:210 Clicking Register button
[32mINFO    [0m pages.base_page:base_page.py:79 Clicking: #registerForm button[type='submit']
[32mINFO    [0m pages.login_page:login_page.py:114 Waiting for auth modal to close
[32mINFO    [0m pages.base_page:base_page.py:155 Waiting for #authModal to be hidden
[33mWARNING [0m pages.login_page:login_page.py:280 Modal didn't close automatically, checking auth state: Page.wait_for_selector: Timeout 5000ms exceeded.
Call log:
  - waiting for locator("#authModal") to be hidden
    15 √ó locator resolved to visible <div id="authModal" class="modal show">‚Ä¶</div>

[33mWARNING [0m pages.login_page:login_page.py:304 Token not found after registration, may have failed
[31m[1m__________ ERROR at setup of test_user_profile_info_display[chromium] __________[0m
[1m[31mE   playwright._impl._errors.TimeoutError: Page.wait_for_selector: Timeout 5000ms exceeded.[0m
[1m[31m    Call log:[0m
[1m[31m      - waiting for locator("#authModal") to be hidden[0m
[1m[31m        15 √ó locator resolved to visible <div id="authModal" class="modal show">‚Ä¶</div>[0m

[33mDuring handling of the above exception, another exception occurred:[0m
[1m[31mE   Exception: Registration may have failed - no token found[0m
------------------------------ Captured log setup ------------------------------
[32mINFO    [0m pages.login_page:login_page.py:102 Waiting for auth modal to appear
[32mINFO    [0m pages.base_page:base_page.py:155 Waiting for #authModal to be visible
[32mINFO    [0m pages.base_page:base_page.py:155 Waiting for #registerTab to be visible
[32mINFO    [0m pages.login_page:login_page.py:253 Registering user: testuser_20251004_230100_d8w0
[32mINFO    [0m pages.login_page:login_page.py:123 Switching to register mode
[32mINFO    [0m pages.login_page:login_page.py:128 Already in register mode
[32mINFO    [0m pages.login_page:login_page.py:157 Filling username: testuser_20251004_230100_d8w0
[32mINFO    [0m pages.base_page:base_page.py:91 Filling #registerUsername with: testuser_20251004_23...
[32mINFO    [0m pages.login_page:login_page.py:179 Filling password
[32mINFO    [0m pages.base_page:base_page.py:91 Filling #registerPassword with: Testgaqgbyhfgvc0!...
[32mINFO    [0m pages.login_page:login_page.py:200 Filling email: test_20251004_230100_d8w0@example.com
[32mINFO    [0m pages.base_page:base_page.py:91 Filling #registerEmail with: test_20251004_230100...
[32mINFO    [0m pages.login_page:login_page.py:210 Clicking Register button
[32mINFO    [0m pages.base_page:base_page.py:79 Clicking: #registerForm button[type='submit']
[32mINFO    [0m pages.login_page:login_page.py:114 Waiting for auth modal to close
[32mINFO    [0m pages.base_page:base_page.py:155 Waiting for #authModal to be hidden
[33mWARNING [0m pages.login_page:login_page.py:280 Modal didn't close automatically, checking auth state: Page.wait_for_selector: Timeout 5000ms exceeded.
Call log:
  - waiting for locator("#authModal") to be hidden
    15 √ó locator resolved to visible <div id="authModal" class="modal show">‚Ä¶</div>

[33mWARNING [0m pages.login_page:login_page.py:304 Token not found after registration, may have failed
[31m[1m_____________ ERROR at setup of test_navigate_to_profile[chromium] _____________[0m
[1m[31mE   playwright._impl._errors.TimeoutError: Page.wait_for_selector: Timeout 5000ms exceeded.[0m
[1m[31m    Call log:[0m
[1m[31m      - waiting for locator("#authModal") to be hidden[0m
[1m[31m        15 √ó locator resolved to visible <div id="authModal" class="modal show">‚Ä¶</div>[0m

[33mDuring handling of the above exception, another exception occurred:[0m
[1m[31mE   Exception: Registration may have failed - no token found[0m
------------------------------ Captured log setup ------------------------------
[32mINFO    [0m pages.login_page:login_page.py:102 Waiting for auth modal to appear
[32mINFO    [0m pages.base_page:base_page.py:155 Waiting for #authModal to be visible
[32mINFO    [0m pages.base_page:base_page.py:155 Waiting for #registerTab to be visible
[32mINFO    [0m pages.login_page:login_page.py:253 Registering user: testuser_20251004_230107_z8g9
[32mINFO    [0m pages.login_page:login_page.py:123 Switching to register mode
[32mINFO    [0m pages.login_page:login_page.py:128 Already in register mode
[32mINFO    [0m pages.login_page:login_page.py:157 Filling username: testuser_20251004_230107_z8g9
[32mINFO    [0m pages.base_page:base_page.py:91 Filling #registerUsername with: testuser_20251004_23...
[32mINFO    [0m pages.login_page:login_page.py:179 Filling password
[32mINFO    [0m pages.base_page:base_page.py:91 Filling #registerPassword with: Testkvlrkz920pov!...
[32mINFO    [0m pages.login_page:login_page.py:200 Filling email: test_20251004_230107_z8g9@example.com
[32mINFO    [0m pages.base_page:base_page.py:91 Filling #registerEmail with: test_20251004_230107...
[32mINFO    [0m pages.login_page:login_page.py:210 Clicking Register button
[32mINFO    [0m pages.base_page:base_page.py:79 Clicking: #registerForm button[type='submit']
[32mINFO    [0m pages.login_page:login_page.py:114 Waiting for auth modal to close
[32mINFO    [0m pages.base_page:base_page.py:155 Waiting for #authModal to be hidden
[33mWARNING [0m pages.login_page:login_page.py:280 Modal didn't close automatically, checking auth state: Page.wait_for_selector: Timeout 5000ms exceeded.
Call log:
  - waiting for locator("#authModal") to be hidden
    15 √ó locator resolved to visible <div id="authModal" class="modal show">‚Ä¶</div>

[33mWARNING [0m pages.login_page:login_page.py:304 Token not found after registration, may have failed
[31m[1m____________ ERROR at setup of test_active_nav_indicator[chromium] _____________[0m
[1m[31mE   playwright._impl._errors.TimeoutError: Page.wait_for_selector: Timeout 5000ms exceeded.[0m
[1m[31m    Call log:[0m
[1m[31m      - waiting for locator("#authModal") to be hidden[0m
[1m[31m        15 √ó locator resolved to visible <div id="authModal" class="modal show">‚Ä¶</div>[0m

[33mDuring handling of the above exception, another exception occurred:[0m
[1m[31mE   Exception: Registration may have failed - no token found[0m
------------------------------ Captured log setup ------------------------------
[32mINFO    [0m pages.login_page:login_page.py:102 Waiting for auth modal to appear
[32mINFO    [0m pages.base_page:base_page.py:155 Waiting for #authModal to be visible
[32mINFO    [0m pages.base_page:base_page.py:155 Waiting for #registerTab to be visible
[32mINFO    [0m pages.login_page:login_page.py:253 Registering user: testuser_20251004_230113_5npv
[32mINFO    [0m pages.login_page:login_page.py:123 Switching to register mode
[32mINFO    [0m pages.login_page:login_page.py:128 Already in register mode
[32mINFO    [0m pages.login_page:login_page.py:157 Filling username: testuser_20251004_230113_5npv
[32mINFO    [0m pages.base_page:base_page.py:91 Filling #registerUsername with: testuser_20251004_23...
[32mINFO    [0m pages.login_page:login_page.py:179 Filling password
[32mINFO    [0m pages.base_page:base_page.py:91 Filling #registerPassword with: Testcu6w6wdjd0sa!...
[32mINFO    [0m pages.login_page:login_page.py:200 Filling email: test_20251004_230113_5npv@example.com
[32mINFO    [0m pages.base_page:base_page.py:91 Filling #registerEmail with: test_20251004_230113...
[32mINFO    [0m pages.login_page:login_page.py:210 Clicking Register button
[32mINFO    [0m pages.base_page:base_page.py:79 Clicking: #registerForm button[type='submit']
[32mINFO    [0m pages.login_page:login_page.py:114 Waiting for auth modal to close
[32mINFO    [0m pages.base_page:base_page.py:155 Waiting for #authModal to be hidden
[33mWARNING [0m pages.login_page:login_page.py:280 Modal didn't close automatically, checking auth state: Page.wait_for_selector: Timeout 5000ms exceeded.
Call log:
  - waiting for locator("#authModal") to be hidden
    15 √ó locator resolved to visible <div id="authModal" class="modal show">‚Ä¶</div>

[33mWARNING [0m pages.login_page:login_page.py:304 Token not found after registration, may have failed
[31m[1m________ ERROR at setup of test_navigation_keyboard_shortcuts[chromium] ________[0m
[1m[31mE   playwright._impl._errors.TimeoutError: Page.wait_for_selector: Timeout 5000ms exceeded.[0m
[1m[31m    Call log:[0m
[1m[31m      - waiting for locator("#authModal") to be hidden[0m
[1m[31m        15 √ó locator resolved to visible <div id="authModal" class="modal show">‚Ä¶</div>[0m

[33mDuring handling of the above exception, another exception occurred:[0m
[1m[31mE   Exception: Registration may have failed - no token found[0m
------------------------------ Captured log setup ------------------------------
[32mINFO    [0m pages.login_page:login_page.py:102 Waiting for auth modal to appear
[32mINFO    [0m pages.base_page:base_page.py:155 Waiting for #authModal to be visible
[32mINFO    [0m pages.base_page:base_page.py:155 Waiting for #registerTab to be visible
[32mINFO    [0m pages.login_page:login_page.py:253 Registering user: testuser_20251004_230120_1dbm
[32mINFO    [0m pages.login_page:login_page.py:123 Switching to register mode
[32mINFO    [0m pages.login_page:login_page.py:128 Already in register mode
[32mINFO    [0m pages.login_page:login_page.py:157 Filling username: testuser_20251004_230120_1dbm
[32mINFO    [0m pages.base_page:base_page.py:91 Filling #registerUsername with: testuser_20251004_23...
[32mINFO    [0m pages.login_page:login_page.py:179 Filling password
[32mINFO    [0m pages.base_page:base_page.py:91 Filling #registerPassword with: Test34q9dtedjunv!...
[32mINFO    [0m pages.login_page:login_page.py:200 Filling email: test_20251004_230120_1dbm@example.com
[32mINFO    [0m pages.base_page:base_page.py:91 Filling #registerEmail with: test_20251004_230120...
[32mINFO    [0m pages.login_page:login_page.py:210 Clicking Register button
[32mINFO    [0m pages.base_page:base_page.py:79 Clicking: #registerForm button[type='submit']
[32mINFO    [0m pages.login_page:login_page.py:114 Waiting for auth modal to close
[32mINFO    [0m pages.base_page:base_page.py:155 Waiting for #authModal to be hidden
[33mWARNING [0m pages.login_page:login_page.py:280 Modal didn't close automatically, checking auth state: Page.wait_for_selector: Timeout 5000ms exceeded.
Call log:
  - waiting for locator("#authModal") to be hidden
    15 √ó locator resolved to visible <div id="authModal" class="modal show">‚Ä¶</div>

[33mWARNING [0m pages.login_page:login_page.py:304 Token not found after registration, may have failed
[31m[1m____________ ERROR at setup of test_breadcrumb_navigation[chromium] ____________[0m
[1m[31mE   playwright._impl._errors.TimeoutError: Page.wait_for_selector: Timeout 5000ms exceeded.[0m
[1m[31m    Call log:[0m
[1m[31m      - waiting for locator("#authModal") to be hidden[0m
[1m[31m        15 √ó locator resolved to visible <div id="authModal" class="modal show">‚Ä¶</div>[0m

[33mDuring handling of the above exception, another exception occurred:[0m
[1m[31mE   Exception: Registration may have failed - no token found[0m
------------------------------ Captured log setup ------------------------------
[32mINFO    [0m pages.login_page:login_page.py:102 Waiting for auth modal to appear
[32mINFO    [0m pages.base_page:base_page.py:155 Waiting for #authModal to be visible
[32mINFO    [0m pages.base_page:base_page.py:155 Waiting for #registerTab to be visible
[32mINFO    [0m pages.login_page:login_page.py:253 Registering user: testuser_20251004_230128_9cov
[32mINFO    [0m pages.login_page:login_page.py:123 Switching to register mode
[32mINFO    [0m pages.login_page:login_page.py:128 Already in register mode
[32mINFO    [0m pages.login_page:login_page.py:157 Filling username: testuser_20251004_230128_9cov
[32mINFO    [0m pages.base_page:base_page.py:91 Filling #registerUsername with: testuser_20251004_23...
[32mINFO    [0m pages.login_page:login_page.py:179 Filling password
[32mINFO    [0m pages.base_page:base_page.py:91 Filling #registerPassword with: Testd46kfbtp2zmb!...
[32mINFO    [0m pages.login_page:login_page.py:200 Filling email: test_20251004_230128_9cov@example.com
[32mINFO    [0m pages.base_page:base_page.py:91 Filling #registerEmail with: test_20251004_230128...
[32mINFO    [0m pages.login_page:login_page.py:210 Clicking Register button
[32mINFO    [0m pages.base_page:base_page.py:79 Clicking: #registerForm button[type='submit']
[32mINFO    [0m pages.login_page:login_page.py:114 Waiting for auth modal to close
[32mINFO    [0m pages.base_page:base_page.py:155 Waiting for #authModal to be hidden
[33mWARNING [0m pages.login_page:login_page.py:280 Modal didn't close automatically, checking auth state: Page.wait_for_selector: Timeout 5000ms exceeded.
Call log:
  - waiting for locator("#authModal") to be hidden
    15 √ó locator resolved to visible <div id="authModal" class="modal show">‚Ä¶</div>

[33mWARNING [0m pages.login_page:login_page.py:304 Token not found after registration, may have failed
[31m[1m_____________ ERROR at setup of test_page_titles_update[chromium] ______________[0m
[1m[31mE   playwright._impl._errors.TimeoutError: Page.wait_for_selector: Timeout 5000ms exceeded.[0m
[1m[31m    Call log:[0m
[1m[31m      - waiting for locator("#authModal") to be hidden[0m
[1m[31m        15 √ó locator resolved to visible <div id="authModal" class="modal show">‚Ä¶</div>[0m

[33mDuring handling of the above exception, another exception occurred:[0m
[1m[31mE   Exception: Registration may have failed - no token found[0m
------------------------------ Captured log setup ------------------------------
[32mINFO    [0m pages.login_page:login_page.py:102 Waiting for auth modal to appear
[32mINFO    [0m pages.base_page:base_page.py:155 Waiting for #authModal to be visible
[32mINFO    [0m pages.base_page:base_page.py:155 Waiting for #registerTab to be visible
[32mINFO    [0m pages.login_page:login_page.py:253 Registering user: testuser_20251004_230135_jzlx
[32mINFO    [0m pages.login_page:login_page.py:123 Switching to register mode
[32mINFO    [0m pages.login_page:login_page.py:128 Already in register mode
[32mINFO    [0m pages.login_page:login_page.py:157 Filling username: testuser_20251004_230135_jzlx
[32mINFO    [0m pages.base_page:base_page.py:91 Filling #registerUsername with: testuser_20251004_23...
[32mINFO    [0m pages.login_page:login_page.py:179 Filling password
[32mINFO    [0m pages.base_page:base_page.py:91 Filling #registerPassword with: Testl9s3l6bdp5ct!...
[32mINFO    [0m pages.login_page:login_page.py:200 Filling email: test_20251004_230135_jzlx@example.com
[32mINFO    [0m pages.base_page:base_page.py:91 Filling #registerEmail with: test_20251004_230135...
[32mINFO    [0m pages.login_page:login_page.py:210 Clicking Register button
[32mINFO    [0m pages.base_page:base_page.py:79 Clicking: #registerForm button[type='submit']
[32mINFO    [0m pages.login_page:login_page.py:114 Waiting for auth modal to close
[32mINFO    [0m pages.base_page:base_page.py:155 Waiting for #authModal to be hidden
[33mWARNING [0m pages.login_page:login_page.py:280 Modal didn't close automatically, checking auth state: Page.wait_for_selector: Timeout 5000ms exceeded.
Call log:
  - waiting for locator("#authModal") to be hidden
    15 √ó locator resolved to visible <div id="authModal" class="modal show">‚Ä¶</div>

[33mWARNING [0m pages.login_page:login_page.py:304 Token not found after registration, may have failed
[31m[1m_____________ ERROR at setup of test_quick_deploy_button[chromium] _____________[0m
[1m[31mE   playwright._impl._errors.TimeoutError: Page.wait_for_selector: Timeout 5000ms exceeded.[0m
[1m[31m    Call log:[0m
[1m[31m      - waiting for locator("#authModal") to be hidden[0m
[1m[31m        15 √ó locator resolved to visible <div id="authModal" class="modal show">‚Ä¶</div>[0m

[33mDuring handling of the above exception, another exception occurred:[0m
[1m[31mE   Exception: Registration may have failed - no token found[0m
------------------------------ Captured log setup ------------------------------
[32mINFO    [0m pages.login_page:login_page.py:102 Waiting for auth modal to appear
[32mINFO    [0m pages.base_page:base_page.py:155 Waiting for #authModal to be visible
[32mINFO    [0m pages.base_page:base_page.py:155 Waiting for #registerTab to be visible
[32mINFO    [0m pages.login_page:login_page.py:253 Registering user: testuser_20251004_230142_qs7a
[32mINFO    [0m pages.login_page:login_page.py:123 Switching to register mode
[32mINFO    [0m pages.login_page:login_page.py:128 Already in register mode
[32mINFO    [0m pages.login_page:login_page.py:157 Filling username: testuser_20251004_230142_qs7a
[32mINFO    [0m pages.base_page:base_page.py:91 Filling #registerUsername with: testuser_20251004_23...
[32mINFO    [0m pages.login_page:login_page.py:179 Filling password
[32mINFO    [0m pages.base_page:base_page.py:91 Filling #registerPassword with: Testko4pf4nw9qkc!...
[32mINFO    [0m pages.login_page:login_page.py:200 Filling email: test_20251004_230142_qs7a@example.com
[32mINFO    [0m pages.base_page:base_page.py:91 Filling #registerEmail with: test_20251004_230142...
[32mINFO    [0m pages.login_page:login_page.py:210 Clicking Register button
[32mINFO    [0m pages.base_page:base_page.py:79 Clicking: #registerForm button[type='submit']
[32mINFO    [0m pages.login_page:login_page.py:114 Waiting for auth modal to close
[32mINFO    [0m pages.base_page:base_page.py:155 Waiting for #authModal to be hidden
[33mWARNING [0m pages.login_page:login_page.py:280 Modal didn't close automatically, checking auth state: Page.wait_for_selector: Timeout 5000ms exceeded.
Call log:
  - waiting for locator("#authModal") to be hidden
    15 √ó locator resolved to visible <div id="authModal" class="modal show">‚Ä¶</div>

[33mWARNING [0m pages.login_page:login_page.py:304 Token not found after registration, may have failed
[31m[1m___________ ERROR at setup of test_logo_click_returns_home[chromium] ___________[0m
[1m[31mE   playwright._impl._errors.TimeoutError: Page.wait_for_selector: Timeout 5000ms exceeded.[0m
[1m[31m    Call log:[0m
[1m[31m      - waiting for locator("#authModal") to be hidden[0m
[1m[31m        15 √ó locator resolved to visible <div id="authModal" class="modal show">‚Ä¶</div>[0m

[33mDuring handling of the above exception, another exception occurred:[0m
[1m[31mE   Exception: Registration may have failed - no token found[0m
------------------------------ Captured log setup ------------------------------
[32mINFO    [0m pages.login_page:login_page.py:102 Waiting for auth modal to appear
[32mINFO    [0m pages.base_page:base_page.py:155 Waiting for #authModal to be visible
[32mINFO    [0m pages.base_page:base_page.py:155 Waiting for #registerTab to be visible
[32mINFO    [0m pages.login_page:login_page.py:253 Registering user: testuser_20251004_230148_ruxb
[32mINFO    [0m pages.login_page:login_page.py:123 Switching to register mode
[32mINFO    [0m pages.login_page:login_page.py:128 Already in register mode
[32mINFO    [0m pages.login_page:login_page.py:157 Filling username: testuser_20251004_230148_ruxb
[32mINFO    [0m pages.base_page:base_page.py:91 Filling #registerUsername with: testuser_20251004_23...
[32mINFO    [0m pages.login_page:login_page.py:179 Filling password
[32mINFO    [0m pages.base_page:base_page.py:91 Filling #registerPassword with: Testc66o5rwhedin!...
[32mINFO    [0m pages.login_page:login_page.py:200 Filling email: test_20251004_230148_ruxb@example.com
[32mINFO    [0m pages.base_page:base_page.py:91 Filling #registerEmail with: test_20251004_230148...
[32mINFO    [0m pages.login_page:login_page.py:210 Clicking Register button
[32mINFO    [0m pages.base_page:base_page.py:79 Clicking: #registerForm button[type='submit']
[32mINFO    [0m pages.login_page:login_page.py:114 Waiting for auth modal to close
[32mINFO    [0m pages.base_page:base_page.py:155 Waiting for #authModal to be hidden
[33mWARNING [0m pages.login_page:login_page.py:280 Modal didn't close automatically, checking auth state: Page.wait_for_selector: Timeout 5000ms exceeded.
Call log:
  - waiting for locator("#authModal") to be hidden
    15 √ó locator resolved to visible <div id="authModal" class="modal show">‚Ä¶</div>

[33mWARNING [0m pages.login_page:login_page.py:304 Token not found after registration, may have failed
[31m[1m_____________ ERROR at setup of test_settings_page_loads[chromium] _____________[0m
[1m[31mE   playwright._impl._errors.TimeoutError: Page.wait_for_selector: Timeout 5000ms exceeded.[0m
[1m[31m    Call log:[0m
[1m[31m      - waiting for locator("#authModal") to be hidden[0m
[1m[31m        15 √ó locator resolved to visible <div id="authModal" class="modal show">‚Ä¶</div>[0m

[33mDuring handling of the above exception, another exception occurred:[0m
[1m[31mE   Exception: Registration may have failed - no token found[0m
------------------------------ Captured log setup ------------------------------
[32mINFO    [0m pages.login_page:login_page.py:102 Waiting for auth modal to appear
[32mINFO    [0m pages.base_page:base_page.py:155 Waiting for #authModal to be visible
[32mINFO    [0m pages.base_page:base_page.py:155 Waiting for #registerTab to be visible
[32mINFO    [0m pages.login_page:login_page.py:253 Registering user: testuser_20251004_230155_p2yc
[32mINFO    [0m pages.login_page:login_page.py:123 Switching to register mode
[32mINFO    [0m pages.login_page:login_page.py:128 Already in register mode
[32mINFO    [0m pages.login_page:login_page.py:157 Filling username: testuser_20251004_230155_p2yc
[32mINFO    [0m pages.base_page:base_page.py:91 Filling #registerUsername with: testuser_20251004_23...
[32mINFO    [0m pages.login_page:login_page.py:179 Filling password
[32mINFO    [0m pages.base_page:base_page.py:91 Filling #registerPassword with: Test7zrwyo5xo6zu!...
[32mINFO    [0m pages.login_page:login_page.py:200 Filling email: test_20251004_230155_p2yc@example.com
[32mINFO    [0m pages.base_page:base_page.py:91 Filling #registerEmail with: test_20251004_230155...
[32mINFO    [0m pages.login_page:login_page.py:210 Clicking Register button
[32mINFO    [0m pages.base_page:base_page.py:79 Clicking: #registerForm button[type='submit']
[32mINFO    [0m pages.login_page:login_page.py:114 Waiting for auth modal to close
[32mINFO    [0m pages.base_page:base_page.py:155 Waiting for #authModal to be hidden
[33mWARNING [0m pages.login_page:login_page.py:280 Modal didn't close automatically, checking auth state: Page.wait_for_selector: Timeout 5000ms exceeded.
Call log:
  - waiting for locator("#authModal") to be hidden
    15 √ó locator resolved to visible <div id="authModal" class="modal show">‚Ä¶</div>

[33mWARNING [0m pages.login_page:login_page.py:304 Token not found after registration, may have failed
[31m[1m___________ ERROR at setup of test_settings_tab_navigation[chromium] ___________[0m
[1m[31mE   playwright._impl._errors.TimeoutError: Page.wait_for_selector: Timeout 5000ms exceeded.[0m
[1m[31m    Call log:[0m
[1m[31m      - waiting for locator("#authModal") to be hidden[0m
[1m[31m        15 √ó locator resolved to visible <div id="authModal" class="modal show">‚Ä¶</div>[0m

[33mDuring handling of the above exception, another exception occurred:[0m
[1m[31mE   Exception: Registration may have failed - no token found[0m
------------------------------ Captured log setup ------------------------------
[32mINFO    [0m pages.login_page:login_page.py:102 Waiting for auth modal to appear
[32mINFO    [0m pages.base_page:base_page.py:155 Waiting for #authModal to be visible
[32mINFO    [0m pages.base_page:base_page.py:155 Waiting for #registerTab to be visible
[32mINFO    [0m pages.login_page:login_page.py:253 Registering user: testuser_20251004_230202_onab
[32mINFO    [0m pages.login_page:login_page.py:123 Switching to register mode
[32mINFO    [0m pages.login_page:login_page.py:128 Already in register mode
[32mINFO    [0m pages.login_page:login_page.py:157 Filling username: testuser_20251004_230202_onab
[32mINFO    [0m pages.base_page:base_page.py:91 Filling #registerUsername with: testuser_20251004_23...
[32mINFO    [0m pages.login_page:login_page.py:179 Filling password
[32mINFO    [0m pages.base_page:base_page.py:91 Filling #registerPassword with: Testt5xzy156v9gc!...
[32mINFO    [0m pages.login_page:login_page.py:200 Filling email: test_20251004_230202_onab@example.com
[32mINFO    [0m pages.base_page:base_page.py:91 Filling #registerEmail with: test_20251004_230202...
[32mINFO    [0m pages.login_page:login_page.py:210 Clicking Register button
[32mINFO    [0m pages.base_page:base_page.py:79 Clicking: #registerForm button[type='submit']
[32mINFO    [0m pages.login_page:login_page.py:114 Waiting for auth modal to close
[32mINFO    [0m pages.base_page:base_page.py:155 Waiting for #authModal to be hidden
[33mWARNING [0m pages.login_page:login_page.py:280 Modal didn't close automatically, checking auth state: Page.wait_for_selector: Timeout 5000ms exceeded.
Call log:
  - waiting for locator("#authModal") to be hidden
    15 √ó locator resolved to visible <div id="authModal" class="modal show">‚Ä¶</div>

[33mWARNING [0m pages.login_page:login_page.py:304 Token not found after registration, may have failed
[31m[1m____________ ERROR at setup of test_proxmox_settings_form[chromium] ____________[0m
[1m[31mE   playwright._impl._errors.TimeoutError: Page.wait_for_selector: Timeout 5000ms exceeded.[0m
[1m[31m    Call log:[0m
[1m[31m      - waiting for locator("#authModal") to be hidden[0m
[1m[31m        15 √ó locator resolved to visible <div id="authModal" class="modal show">‚Ä¶</div>[0m

[33mDuring handling of the above exception, another exception occurred:[0m
[1m[31mE   Exception: Registration may have failed - no token found[0m
------------------------------ Captured log setup ------------------------------
[32mINFO    [0m pages.login_page:login_page.py:102 Waiting for auth modal to appear
[32mINFO    [0m pages.base_page:base_page.py:155 Waiting for #authModal to be visible
[32mINFO    [0m pages.base_page:base_page.py:155 Waiting for #registerTab to be visible
[32mINFO    [0m pages.login_page:login_page.py:253 Registering user: testuser_20251004_230209_ljuz
[32mINFO    [0m pages.login_page:login_page.py:123 Switching to register mode
[32mINFO    [0m pages.login_page:login_page.py:128 Already in register mode
[32mINFO    [0m pages.login_page:login_page.py:157 Filling username: testuser_20251004_230209_ljuz
[32mINFO    [0m pages.base_page:base_page.py:91 Filling #registerUsername with: testuser_20251004_23...
[32mINFO    [0m pages.login_page:login_page.py:179 Filling password
[32mINFO    [0m pages.base_page:base_page.py:91 Filling #registerPassword with: Testbbapkf9zb4vt!...
[32mINFO    [0m pages.login_page:login_page.py:200 Filling email: test_20251004_230209_ljuz@example.com
[32mINFO    [0m pages.base_page:base_page.py:91 Filling #registerEmail with: test_20251004_230209...
[32mINFO    [0m pages.login_page:login_page.py:210 Clicking Register button
[32mINFO    [0m pages.base_page:base_page.py:79 Clicking: #registerForm button[type='submit']
[32mINFO    [0m pages.login_page:login_page.py:114 Waiting for auth modal to close
[32mINFO    [0m pages.base_page:base_page.py:155 Waiting for #authModal to be hidden
[33mWARNING [0m pages.login_page:login_page.py:280 Modal didn't close automatically, checking auth state: Page.wait_for_selector: Timeout 5000ms exceeded.
Call log:
  - waiting for locator("#authModal") to be hidden
    15 √ó locator resolved to visible <div id="authModal" class="modal show">‚Ä¶</div>

[33mWARNING [0m pages.login_page:login_page.py:304 Token not found after registration, may have failed
[31m[1m___________ ERROR at setup of test_proxmox_test_connection[chromium] ___________[0m
[1m[31mE   playwright._impl._errors.TimeoutError: Page.wait_for_selector: Timeout 5000ms exceeded.[0m
[1m[31m    Call log:[0m
[1m[31m      - waiting for locator("#authModal") to be hidden[0m
[1m[31m        15 √ó locator resolved to visible <div id="authModal" class="modal show">‚Ä¶</div>[0m

[33mDuring handling of the above exception, another exception occurred:[0m
[1m[31mE   Exception: Registration may have failed - no token found[0m
------------------------------ Captured log setup ------------------------------
[32mINFO    [0m pages.login_page:login_page.py:102 Waiting for auth modal to appear
[32mINFO    [0m pages.base_page:base_page.py:155 Waiting for #authModal to be visible
[32mINFO    [0m pages.base_page:base_page.py:155 Waiting for #registerTab to be visible
[32mINFO    [0m pages.login_page:login_page.py:253 Registering user: testuser_20251004_230216_1zmp
[32mINFO    [0m pages.login_page:login_page.py:123 Switching to register mode
[32mINFO    [0m pages.login_page:login_page.py:128 Already in register mode
[32mINFO    [0m pages.login_page:login_page.py:157 Filling username: testuser_20251004_230216_1zmp
[32mINFO    [0m pages.base_page:base_page.py:91 Filling #registerUsername with: testuser_20251004_23...
[32mINFO    [0m pages.login_page:login_page.py:179 Filling password
[32mINFO    [0m pages.base_page:base_page.py:91 Filling #registerPassword with: Testn0zy2levcvon!...
[32mINFO    [0m pages.login_page:login_page.py:200 Filling email: test_20251004_230216_1zmp@example.com
[32mINFO    [0m pages.base_page:base_page.py:91 Filling #registerEmail with: test_20251004_230216...
[32mINFO    [0m pages.login_page:login_page.py:210 Clicking Register button
[32mINFO    [0m pages.base_page:base_page.py:79 Clicking: #registerForm button[type='submit']
[32mINFO    [0m pages.login_page:login_page.py:114 Waiting for auth modal to close
[32mINFO    [0m pages.base_page:base_page.py:155 Waiting for #authModal to be hidden
[33mWARNING [0m pages.login_page:login_page.py:280 Modal didn't close automatically, checking auth state: Page.wait_for_selector: Timeout 5000ms exceeded.
Call log:
  - waiting for locator("#authModal") to be hidden
    15 √ó locator resolved to visible <div id="authModal" class="modal show">‚Ä¶</div>

[33mWARNING [0m pages.login_page:login_page.py:304 Token not found after registration, may have failed
[31m[1m____________ ERROR at setup of test_network_settings_form[chromium] ____________[0m
[1m[31mE   playwright._impl._errors.TimeoutError: Page.wait_for_selector: Timeout 5000ms exceeded.[0m
[1m[31m    Call log:[0m
[1m[31m      - waiting for locator("#authModal") to be hidden[0m
[1m[31m        15 √ó locator resolved to visible <div id="authModal" class="modal show">‚Ä¶</div>[0m

[33mDuring handling of the above exception, another exception occurred:[0m
[1m[31mE   Exception: Registration may have failed - no token found[0m
------------------------------ Captured log setup ------------------------------
[32mINFO    [0m pages.login_page:login_page.py:102 Waiting for auth modal to appear
[32mINFO    [0m pages.base_page:base_page.py:155 Waiting for #authModal to be visible
[32mINFO    [0m pages.base_page:base_page.py:155 Waiting for #registerTab to be visible
[32mINFO    [0m pages.login_page:login_page.py:253 Registering user: testuser_20251004_230223_emyi
[32mINFO    [0m pages.login_page:login_page.py:123 Switching to register mode
[32mINFO    [0m pages.login_page:login_page.py:128 Already in register mode
[32mINFO    [0m pages.login_page:login_page.py:157 Filling username: testuser_20251004_230223_emyi
[32mINFO    [0m pages.base_page:base_page.py:91 Filling #registerUsername with: testuser_20251004_23...
[32mINFO    [0m pages.login_page:login_page.py:179 Filling password
[32mINFO    [0m pages.base_page:base_page.py:91 Filling #registerPassword with: Testf47p69nmg8uc!...
[32mINFO    [0m pages.login_page:login_page.py:200 Filling email: test_20251004_230223_emyi@example.com
[32mINFO    [0m pages.base_page:base_page.py:91 Filling #registerEmail with: test_20251004_230223...
[32mINFO    [0m pages.login_page:login_page.py:210 Clicking Register button
[32mINFO    [0m pages.base_page:base_page.py:79 Clicking: #registerForm button[type='submit']
[32mINFO    [0m pages.login_page:login_page.py:114 Waiting for auth modal to close
[32mINFO    [0m pages.base_page:base_page.py:155 Waiting for #authModal to be hidden
[33mWARNING [0m pages.login_page:login_page.py:280 Modal didn't close automatically, checking auth state: Page.wait_for_selector: Timeout 5000ms exceeded.
Call log:
  - waiting for locator("#authModal") to be hidden
    15 √ó locator resolved to visible <div id="authModal" class="modal show">‚Ä¶</div>

[33mWARNING [0m pages.login_page:login_page.py:304 Token not found after registration, may have failed
[31m[1m___________ ERROR at setup of test_resources_settings_form[chromium] ___________[0m
[1m[31mE   playwright._impl._errors.TimeoutError: Page.wait_for_selector: Timeout 5000ms exceeded.[0m
[1m[31m    Call log:[0m
[1m[31m      - waiting for locator("#authModal") to be hidden[0m
[1m[31m        15 √ó locator resolved to visible <div id="authModal" class="modal show">‚Ä¶</div>[0m

[33mDuring handling of the above exception, another exception occurred:[0m
[1m[31mE   Exception: Registration may have failed - no token found[0m
------------------------------ Captured log setup ------------------------------
[32mINFO    [0m pages.login_page:login_page.py:102 Waiting for auth modal to appear
[32mINFO    [0m pages.base_page:base_page.py:155 Waiting for #authModal to be visible
[32mINFO    [0m pages.base_page:base_page.py:155 Waiting for #registerTab to be visible
[32mINFO    [0m pages.login_page:login_page.py:253 Registering user: testuser_20251004_230230_88sl
[32mINFO    [0m pages.login_page:login_page.py:123 Switching to register mode
[32mINFO    [0m pages.login_page:login_page.py:128 Already in register mode
[32mINFO    [0m pages.login_page:login_page.py:157 Filling username: testuser_20251004_230230_88sl
[32mINFO    [0m pages.base_page:base_page.py:91 Filling #registerUsername with: testuser_20251004_23...
[32mINFO    [0m pages.login_page:login_page.py:179 Filling password
[32mINFO    [0m pages.base_page:base_page.py:91 Filling #registerPassword with: Testq7fe3cpj7k74!...
[32mINFO    [0m pages.login_page:login_page.py:200 Filling email: test_20251004_230230_88sl@example.com
[32mINFO    [0m pages.base_page:base_page.py:91 Filling #registerEmail with: test_20251004_230230...
[32mINFO    [0m pages.login_page:login_page.py:210 Clicking Register button
[32mINFO    [0m pages.base_page:base_page.py:79 Clicking: #registerForm button[type='submit']
[32mINFO    [0m pages.login_page:login_page.py:114 Waiting for auth modal to close
[32mINFO    [0m pages.base_page:base_page.py:155 Waiting for #authModal to be hidden
[33mWARNING [0m pages.login_page:login_page.py:280 Modal didn't close automatically, checking auth state: Page.wait_for_selector: Timeout 5000ms exceeded.
Call log:
  - waiting for locator("#authModal") to be hidden
    15 √ó locator resolved to visible <div id="authModal" class="modal show">‚Ä¶</div>

[33mWARNING [0m pages.login_page:login_page.py:304 Token not found after registration, may have failed
[31m[1m____________ ERROR at setup of test_system_settings_panel[chromium] ____________[0m
[1m[31mE   playwright._impl._errors.TimeoutError: Page.wait_for_selector: Timeout 5000ms exceeded.[0m
[1m[31m    Call log:[0m
[1m[31m      - waiting for locator("#authModal") to be hidden[0m
[1m[31m        15 √ó locator resolved to visible <div id="authModal" class="modal show">‚Ä¶</div>[0m

[33mDuring handling of the above exception, another exception occurred:[0m
[1m[31mE   Exception: Registration may have failed - no token found[0m
------------------------------ Captured log setup ------------------------------
[32mINFO    [0m pages.login_page:login_page.py:102 Waiting for auth modal to appear
[32mINFO    [0m pages.base_page:base_page.py:155 Waiting for #authModal to be visible
[32mINFO    [0m pages.base_page:base_page.py:155 Waiting for #registerTab to be visible
[32mINFO    [0m pages.login_page:login_page.py:253 Registering user: testuser_20251004_230236_rswv
[32mINFO    [0m pages.login_page:login_page.py:123 Switching to register mode
[32mINFO    [0m pages.login_page:login_page.py:128 Already in register mode
[32mINFO    [0m pages.login_page:login_page.py:157 Filling username: testuser_20251004_230236_rswv
[32mINFO    [0m pages.base_page:base_page.py:91 Filling #registerUsername with: testuser_20251004_23...
[32mINFO    [0m pages.login_page:login_page.py:179 Filling password
[32mINFO    [0m pages.base_page:base_page.py:91 Filling #registerPassword with: Test2hl16xqh23bj!...
[32mINFO    [0m pages.login_page:login_page.py:200 Filling email: test_20251004_230236_rswv@example.com
[32mINFO    [0m pages.base_page:base_page.py:91 Filling #registerEmail with: test_20251004_230236...
[32mINFO    [0m pages.login_page:login_page.py:210 Clicking Register button
[32mINFO    [0m pages.base_page:base_page.py:79 Clicking: #registerForm button[type='submit']
[32mINFO    [0m pages.login_page:login_page.py:114 Waiting for auth modal to close
[32mINFO    [0m pages.base_page:base_page.py:155 Waiting for #authModal to be hidden
[33mWARNING [0m pages.login_page:login_page.py:280 Modal didn't close automatically, checking auth state: Page.wait_for_selector: Timeout 5000ms exceeded.
Call log:
  - waiting for locator("#authModal") to be hidden
    15 √ó locator resolved to visible <div id="authModal" class="modal show">‚Ä¶</div>

[33mWARNING [0m pages.login_page:login_page.py:304 Token not found after registration, may have failed
[31m[1m________ ERROR at setup of test_settings_keyboard_navigation[chromium] _________[0m
[1m[31mE   playwright._impl._errors.TimeoutError: Page.wait_for_selector: Timeout 5000ms exceeded.[0m
[1m[31m    Call log:[0m
[1m[31m      - waiting for locator("#authModal") to be hidden[0m
[1m[31m        15 √ó locator resolved to visible <div id="authModal" class="modal show">‚Ä¶</div>[0m

[33mDuring handling of the above exception, another exception occurred:[0m
[1m[31mE   Exception: Registration may have failed - no token found[0m
------------------------------ Captured log setup ------------------------------
[32mINFO    [0m pages.login_page:login_page.py:102 Waiting for auth modal to appear
[32mINFO    [0m pages.base_page:base_page.py:155 Waiting for #authModal to be visible
[32mINFO    [0m pages.base_page:base_page.py:155 Waiting for #registerTab to be visible
[32mINFO    [0m pages.login_page:login_page.py:253 Registering user: testuser_20251004_230243_x1pi
[32mINFO    [0m pages.login_page:login_page.py:123 Switching to register mode
[32mINFO    [0m pages.login_page:login_page.py:128 Already in register mode
[32mINFO    [0m pages.login_page:login_page.py:157 Filling username: testuser_20251004_230243_x1pi
[32mINFO    [0m pages.base_page:base_page.py:91 Filling #registerUsername with: testuser_20251004_23...
[32mINFO    [0m pages.login_page:login_page.py:179 Filling password
[32mINFO    [0m pages.base_page:base_page.py:91 Filling #registerPassword with: Test6cvk9dpuf7sj!...
[32mINFO    [0m pages.login_page:login_page.py:200 Filling email: test_20251004_230243_x1pi@example.com
[32mINFO    [0m pages.base_page:base_page.py:91 Filling #registerEmail with: test_20251004_230243...
[32mINFO    [0m pages.login_page:login_page.py:210 Clicking Register button
[32mINFO    [0m pages.base_page:base_page.py:79 Clicking: #registerForm button[type='submit']
[32mINFO    [0m pages.login_page:login_page.py:114 Waiting for auth modal to close
[32mINFO    [0m pages.base_page:base_page.py:155 Waiting for #authModal to be hidden
[33mWARNING [0m pages.login_page:login_page.py:280 Modal didn't close automatically, checking auth state: Page.wait_for_selector: Timeout 5000ms exceeded.
Call log:
  - waiting for locator("#authModal") to be hidden
    15 √ó locator resolved to visible <div id="authModal" class="modal show">‚Ä¶</div>

[33mWARNING [0m pages.login_page:login_page.py:304 Token not found after registration, may have failed
[31m[1m__________ ERROR at setup of test_settings_form_validation[chromium] ___________[0m
[1m[31mE   playwright._impl._errors.TimeoutError: Page.wait_for_selector: Timeout 5000ms exceeded.[0m
[1m[31m    Call log:[0m
[1m[31m      - waiting for locator("#authModal") to be hidden[0m
[1m[31m        15 √ó locator resolved to visible <div id="authModal" class="modal show">‚Ä¶</div>[0m

[33mDuring handling of the above exception, another exception occurred:[0m
[1m[31mE   Exception: Registration may have failed - no token found[0m
------------------------------ Captured log setup ------------------------------
[32mINFO    [0m pages.login_page:login_page.py:102 Waiting for auth modal to appear
[32mINFO    [0m pages.base_page:base_page.py:155 Waiting for #authModal to be visible
[32mINFO    [0m pages.base_page:base_page.py:155 Waiting for #registerTab to be visible
[32mINFO    [0m pages.login_page:login_page.py:253 Registering user: testuser_20251004_230250_2rat
[32mINFO    [0m pages.login_page:login_page.py:123 Switching to register mode
[32mINFO    [0m pages.login_page:login_page.py:128 Already in register mode
[32mINFO    [0m pages.login_page:login_page.py:157 Filling username: testuser_20251004_230250_2rat
[32mINFO    [0m pages.base_page:base_page.py:91 Filling #registerUsername with: testuser_20251004_23...
[32mINFO    [0m pages.login_page:login_page.py:179 Filling password
[32mINFO    [0m pages.base_page:base_page.py:91 Filling #registerPassword with: Testm5ag7jx6ujfd!...
[32mINFO    [0m pages.login_page:login_page.py:200 Filling email: test_20251004_230250_2rat@example.com
[32mINFO    [0m pages.base_page:base_page.py:91 Filling #registerEmail with: test_20251004_230250...
[32mINFO    [0m pages.login_page:login_page.py:210 Clicking Register button
[32mINFO    [0m pages.base_page:base_page.py:79 Clicking: #registerForm button[type='submit']
[32mINFO    [0m pages.login_page:login_page.py:114 Waiting for auth modal to close
[32mINFO    [0m pages.base_page:base_page.py:155 Waiting for #authModal to be hidden
[33mWARNING [0m pages.login_page:login_page.py:280 Modal didn't close automatically, checking auth state: Page.wait_for_selector: Timeout 5000ms exceeded.
Call log:
  - waiting for locator("#authModal") to be hidden
    15 √ó locator resolved to visible <div id="authModal" class="modal show">‚Ä¶</div>

[33mWARNING [0m pages.login_page:login_page.py:304 Token not found after registration, may have failed
[31m[1m_____________ ERROR at setup of test_settings_help_text[chromium] ______________[0m
[1m[31mE   playwright._impl._errors.TimeoutError: Page.wait_for_selector: Timeout 5000ms exceeded.[0m
[1m[31m    Call log:[0m
[1m[31m      - waiting for locator("#authModal") to be hidden[0m
[1m[31m        15 √ó locator resolved to visible <div id="authModal" class="modal show">‚Ä¶</div>[0m

[33mDuring handling of the above exception, another exception occurred:[0m
[1m[31mE   Exception: Registration may have failed - no token found[0m
------------------------------ Captured log setup ------------------------------
[32mINFO    [0m pages.login_page:login_page.py:102 Waiting for auth modal to appear
[32mINFO    [0m pages.base_page:base_page.py:155 Waiting for #authModal to be visible
[32mINFO    [0m pages.base_page:base_page.py:155 Waiting for #registerTab to be visible
[32mINFO    [0m pages.login_page:login_page.py:253 Registering user: testuser_20251004_230257_0o2q
[32mINFO    [0m pages.login_page:login_page.py:123 Switching to register mode
[32mINFO    [0m pages.login_page:login_page.py:128 Already in register mode
[32mINFO    [0m pages.login_page:login_page.py:157 Filling username: testuser_20251004_230257_0o2q
[32mINFO    [0m pages.base_page:base_page.py:91 Filling #registerUsername with: testuser_20251004_23...
[32mINFO    [0m pages.login_page:login_page.py:179 Filling password
[32mINFO    [0m pages.base_page:base_page.py:91 Filling #registerPassword with: Test885snk34g5pq!...
[32mINFO    [0m pages.login_page:login_page.py:200 Filling email: test_20251004_230257_0o2q@example.com
[32mINFO    [0m pages.base_page:base_page.py:91 Filling #registerEmail with: test_20251004_230257...
[32mINFO    [0m pages.login_page:login_page.py:210 Clicking Register button
[32mINFO    [0m pages.base_page:base_page.py:79 Clicking: #registerForm button[type='submit']
[32mINFO    [0m pages.login_page:login_page.py:114 Waiting for auth modal to close
[32mINFO    [0m pages.base_page:base_page.py:155 Waiting for #authModal to be hidden
[33mWARNING [0m pages.login_page:login_page.py:280 Modal didn't close automatically, checking auth state: Page.wait_for_selector: Timeout 5000ms exceeded.
Call log:
  - waiting for locator("#authModal") to be hidden
    15 √ó locator resolved to visible <div id="authModal" class="modal show">‚Ä¶</div>

[33mWARNING [0m pages.login_page:login_page.py:304 Token not found after registration, may have failed
=================================== FAILURES ===================================
/Users/fab/GitHub/proximity/e2e_tests/.venv/lib/python3.13/site-packages/playwright/_impl/_connection.py:558: playwright._impl._errors.TimeoutError: Page.wait_for_function: Timeout 15000ms exceeded.
/Users/fab/GitHub/proximity/e2e_tests/.venv/lib/python3.13/site-packages/playwright/_impl/_connection.py:558: playwright._impl._errors.TimeoutError: Page.wait_for_function: Timeout 15000ms exceeded.
/Users/fab/GitHub/proximity/e2e_tests/.venv/lib/python3.13/site-packages/playwright/_impl/_connection.py:558: playwright._impl._errors.TimeoutError: Page.wait_for_function: Timeout 15000ms exceeded.
/Users/fab/GitHub/proximity/e2e_tests/.venv/lib/python3.13/site-packages/playwright/_impl/_connection.py:558: playwright._impl._errors.TimeoutError: Page.wait_for_function: Timeout 15000ms exceeded.
/Users/fab/GitHub/proximity/e2e_tests/.venv/lib/python3.13/site-packages/playwright/_impl/_connection.py:558: playwright._impl._errors.TimeoutError: Locator.wait_for: Timeout 5000ms exceeded.
/Users/fab/GitHub/proximity/e2e_tests/test_backup_restore_flow.py:27: AssertionError: Locator expected to be visible
/Users/fab/GitHub/proximity/e2e_tests/.venv/lib/python3.13/site-packages/playwright/_impl/_connection.py:558: playwright._impl._errors.TimeoutError: Locator.click: Timeout 30000ms exceeded.
/Users/fab/GitHub/proximity/e2e_tests/.venv/lib/python3.13/site-packages/playwright/_impl/_connection.py:558: playwright._impl._errors.TimeoutError: Locator.click: Timeout 30000ms exceeded.
/Users/fab/GitHub/proximity/e2e_tests/.venv/lib/python3.13/site-packages/playwright/_impl/_connection.py:558: playwright._impl._errors.TargetClosedError: Locator.click: Target page, context or browser has been closed
/Users/fab/GitHub/proximity/e2e_tests/.venv/lib/python3.13/site-packages/playwright/_impl/_connection.py:558: playwright._impl._errors.TargetClosedError: Locator.click: Target page, context or browser has been closed
/Users/fab/GitHub/proximity/e2e_tests/.venv/lib/python3.13/site-packages/playwright/_impl/_connection.py:558: playwright._impl._errors.TargetClosedError: Locator.inner_text: Target page, context or browser has been closed
[36m[1m=========================== short test summary info ============================[0m
[31mFAILED[0m test_app_lifecycle.py::[1mtest_full_app_deploy_manage_delete_workflow[chromium][0m - playwright._impl._errors.TimeoutError: Page.wait_for_function: Timeout 15000ms exceeded.
[31mFAILED[0m test_app_lifecycle.py::[1mtest_app_update_workflow_with_pre_update_backup[chromium][0m - playwright._impl._errors.TimeoutError: Page.wait_for_function: Timeout 15000ms exceeded.
[31mFAILED[0m test_app_lifecycle.py::[1mtest_app_volumes_display[chromium][0m - playwright._impl._errors.TimeoutError: Page.wait_for_function: Timeout 15000ms exceeded.
[31mFAILED[0m test_app_lifecycle.py::[1mtest_monitoring_tab_displays_data[chromium][0m - playwright._impl._errors.TimeoutError: Page.wait_for_function: Timeout 15000ms exceeded.
[31mFAILED[0m test_auth_flow.py::[1mtest_logout[chromium][0m - playwright._impl._errors.TimeoutError: Locator.wait_for: Timeout 5000ms exceeded.
Call log:
  - waiting for locator(".user-menu-item.logout") to be visible
    15 √ó locator resolved to hidden <a href="#" class="user-menu-item logout" onclick="handleLogout(event)">‚Ä¶</a>
[31mFAILED[0m test_backup_restore_flow.py::[1mtest_backup_creation_and_listing[chromium][0m - AssertionError: Locator expected to be visible
Actual value: <element(s) not found> 
Call log:
  - Expect "to_be_visible" with timeout 5000ms
  - waiting for locator(".app-card.deployed").first
[31mFAILED[0m test_backup_restore_flow.py::[1mtest_backup_completion_polling[chromium][0m - playwright._impl._errors.TimeoutError: Locator.click: Timeout 30000ms exceeded.
Call log:
  - waiting for locator(".app-card.deployed").first.locator("button[title=\"Backups\"]")
[31mFAILED[0m test_backup_restore_flow.py::[1mtest_backup_restore_workflow[chromium][0m - playwright._impl._errors.TimeoutError: Locator.click: Timeout 30000ms exceeded.
Call log:
  - waiting for locator(".app-card.deployed").first.locator("button[title=\"Backups\"]")
[31mFAILED[0m test_backup_restore_flow.py::[1mtest_backup_deletion[chromium][0m - playwright._impl._errors.TargetClosedError: Locator.click: Target page, context or browser has been closed
Call log:
  - waiting for locator(".app-card.deployed").first.locator("button[title=\"Backups\"]")
[31mFAILED[0m test_backup_restore_flow.py::[1mtest_backup_ui_feedback[chromium][0m - playwright._impl._errors.TargetClosedError: Locator.click: Target page, context or browser has been closed
Call log:
  - waiting for locator(".app-card.deployed").first.locator("button[title=\"Backups\"]")
[31mFAILED[0m test_backup_restore_flow.py::[1mtest_backup_security_ownership[chromium][0m - playwright._impl._errors.TargetClosedError: Locator.inner_text: Target page, context or browser has been closed
Call log:
  - waiting for locator(".app-card.deployed").first.locator(".app-name")
[31mERROR[0m test_app_canvas.py::[1mtest_open_and_close_canvas_with_button[chromium][0m - playwright._impl._errors.TimeoutError: Page.wait_for_function: Timeout 15000ms exceeded.
[31mERROR[0m test_app_canvas.py::[1mtest_close_canvas_with_escape_key[chromium][0m - playwright._impl._errors.TimeoutError: Page.wait_for_function: Timeout 15000ms exceeded.
[31mERROR[0m test_app_canvas.py::[1mtest_close_canvas_by_clicking_outside[chromium][0m - playwright._impl._errors.TimeoutError: Page.wait_for_function: Timeout 15000ms exceeded.
[31mERROR[0m test_app_canvas.py::[1mtest_refresh_canvas[chromium][0m - playwright._impl._errors.TimeoutError: Page.wait_for_function: Timeout 15000ms exceeded.
[31mERROR[0m test_app_canvas.py::[1mtest_canvas_displays_correct_app_name[chromium][0m - playwright._impl._errors.TimeoutError: Page.wait_for_function: Timeout 15000ms exceeded.
[31mERROR[0m test_app_canvas.py::[1mtest_canvas_iframe_loads_content[chromium][0m - playwright._impl._errors.TimeoutError: Page.wait_for_function: Timeout 15000ms exceeded.
[31mERROR[0m test_app_canvas.py::[1mtest_canvas_button_only_visible_for_running_apps[chromium][0m - playwright._impl._errors.TimeoutError: Page.wait_for_function: Timeout 15000ms exceeded.
[31mERROR[0m test_app_management.py::[1mtest_view_app_logs_all[chromium][0m - playwright._impl._errors.TimeoutError: Page.wait_for_selector: Timeout 10000ms exceeded.
Call log:
  - waiting for locator("#authModal") to be visible
[31mERROR[0m test_app_management.py::[1mtest_view_app_logs_docker[chromium][0m - playwright._impl._errors.TimeoutError: Page.wait_for_selector: Timeout 10000ms exceeded.
Call log:
  - waiting for locator("#authModal") to be visible
[31mERROR[0m test_app_management.py::[1mtest_view_app_logs_system[chromium][0m - playwright._impl._errors.TimeoutError: Page.wait_for_selector: Timeout 10000ms exceeded.
Call log:
  - waiting for locator("#authModal") to be visible
[31mERROR[0m test_app_management.py::[1mtest_logs_auto_refresh[chromium][0m - playwright._impl._errors.TimeoutError: Page.wait_for_selector: Timeout 10000ms exceeded.
Call log:
  - waiting for locator("#authModal") to be visible
[31mERROR[0m test_app_management.py::[1mtest_download_logs[chromium][0m - playwright._impl._errors.TimeoutError: Page.wait_for_selector: Timeout 10000ms exceeded.
Call log:
  - waiting for locator("#authModal") to be visible
[31mERROR[0m test_app_management.py::[1mtest_open_app_console[chromium][0m - playwright._impl._errors.TimeoutError: Page.wait_for_selector: Timeout 10000ms exceeded.
Call log:
  - waiting for locator("#authModal") to be visible
[31mERROR[0m test_app_management.py::[1mtest_console_quick_commands[chromium][0m - playwright._impl._errors.TimeoutError: Page.wait_for_selector: Timeout 10000ms exceeded.
Call log:
  - waiting for locator("#authModal") to be visible
[31mERROR[0m test_app_management.py::[1mtest_app_external_link[chromium][0m - playwright._impl._errors.TimeoutError: Page.wait_for_selector: Timeout 10000ms exceeded.
Call log:
  - waiting for locator("#authModal") to be visible
[31mERROR[0m test_app_management.py::[1mtest_app_stop_start_cycle[chromium][0m - playwright._impl._errors.TimeoutError: Page.wait_for_selector: Timeout 10000ms exceeded.
Call log:
  - waiting for locator("#authModal") to be visible
[31mERROR[0m test_app_management.py::[1mtest_app_restart[chromium][0m - playwright._impl._errors.TimeoutError: Page.wait_for_selector: Timeout 10000ms exceeded.
Call log:
  - waiting for locator("#authModal") to be visible
[31mERROR[0m test_infrastructure.py::[1mtest_infrastructure_page_loads[chromium][0m - Exception: Registration may have failed - no token found
[31mERROR[0m test_infrastructure.py::[1mtest_proxmox_nodes_display[chromium][0m - Exception: Registration may have failed - no token found
[31mERROR[0m test_infrastructure.py::[1mtest_network_appliance_status[chromium][0m - Exception: Registration may have failed - no token found
[31mERROR[0m test_infrastructure.py::[1mtest_refresh_infrastructure[chromium][0m - Exception: Registration may have failed - no token found
[31mERROR[0m test_infrastructure.py::[1mtest_view_appliance_logs[chromium][0m - Exception: Registration may have failed - no token found
[31mERROR[0m test_infrastructure.py::[1mtest_restart_appliance_button[chromium][0m - playwright._impl._errors.TargetClosedError: Page.wait_for_selector: Target page, context or browser has been closed
Call log:
  - waiting for locator("#dashboardView") to be visible
    - waiting for" https://www.google.com/search?q=su+tutot+cio+dovrebbe+poter+fare+finora&oq=su+tutot+cio+dovrebbe+poter+fare+finora&gs_lcrp=EgZjaHJvbWUyBggAEEUYOdIBCDQxODJqMGo0qAIAsAIA&sourceid=chrome&ie=UTF-8" navigation to finish...
    - navigated to "https://www.google.com/search?q=su+tutot+cio+dovrebbe+poter+fare+finora&oq=su+tutot+cio+dovrebbe+poter+fare+finora&gs_lcrp=EgZjaHJvbWUyBggAEEUYOdIBCDQxODJqMGo0qAIAsAIA&sourceid=chrome&ie=UTF-8"
[31mERROR[0m test_infrastructure.py::[1mtest_nat_testing_button[chromium][0m - Exception: Registration may have failed - no token found
[31mERROR[0m test_infrastructure.py::[1mtest_services_health_grid[chromium][0m - Exception: Registration may have failed - no token found
[31mERROR[0m test_infrastructure.py::[1mtest_infrastructure_statistics[chromium][0m - Exception: Registration may have failed - no token found
[31mERROR[0m test_infrastructure.py::[1mtest_infrastructure_alerts[chromium][0m - Exception: Registration may have failed - no token found
[31mERROR[0m test_infrastructure.py::[1mtest_infrastructure_realtime_updates[chromium][0m - Exception: Registration may have failed - no token found
[31mERROR[0m test_navigation.py::[1mtest_navigate_all_views[chromium][0m - Exception: Registration may have failed - no token found
[31mERROR[0m test_navigation.py::[1mtest_sidebar_collapse_expand[chromium][0m - Exception: Registration may have failed - no token found
[31mERROR[0m test_navigation.py::[1mtest_user_menu_toggle[chromium][0m - Exception: Registration may have failed - no token found
[31mERROR[0m test_navigation.py::[1mtest_user_profile_info_display[chromium][0m - Exception: Registration may have failed - no token found
[31mERROR[0m test_navigation.py::[1mtest_navigate_to_profile[chromium][0m - Exception: Registration may have failed - no token found
[31mERROR[0m test_navigation.py::[1mtest_active_nav_indicator[chromium][0m - Exception: Registration may have failed - no token found
[31mERROR[0m test_navigation.py::[1mtest_navigation_keyboard_shortcuts[chromium][0m - Exception: Registration may have failed - no token found
[31mERROR[0m test_navigation.py::[1mtest_breadcrumb_navigation[chromium][0m - Exception: Registration may have failed - no token found
[31mERROR[0m test_navigation.py::[1mtest_page_titles_update[chromium][0m - Exception: Registration may have failed - no token found
[31mERROR[0m test_navigation.py::[1mtest_quick_deploy_button[chromium][0m - Exception: Registration may have failed - no token found
[31mERROR[0m test_navigation.py::[1mtest_logo_click_returns_home[chromium][0m - Exception: Registration may have failed - no token found
[31mERROR[0m test_settings.py::[1mtest_settings_page_loads[chromium][0m - Exception: Registration may have failed - no token found
[31mERROR[0m test_settings.py::[1mtest_settings_tab_navigation[chromium][0m - Exception: Registration may have failed - no token found
[31mERROR[0m test_settings.py::[1mtest_proxmox_settings_form[chromium][0m - Exception: Registration may have failed - no token found
[31mERROR[0m test_settings.py::[1mtest_proxmox_test_connection[chromium][0m - Exception: Registration may have failed - no token found
[31mERROR[0m test_settings.py::[1mtest_network_settings_form[chromium][0m - Exception: Registration may have failed - no token found
[31mERROR[0m test_settings.py::[1mtest_resources_settings_form[chromium][0m - Exception: Registration may have failed - no token found
[31mERROR[0m test_settings.py::[1mtest_system_settings_panel[chromium][0m - Exception: Registration may have failed - no token found
[31mERROR[0m test_settings.py::[1mtest_settings_keyboard_navigation[chromium][0m - Exception: Registration may have failed - no token found
[31mERROR[0m test_settings.py::[1mtest_settings_form_validation[chromium][0m - Exception: Registration may have failed - no token found
[31mERROR[0m test_settings.py::[1mtest_settings_help_text[chromium][0m - Exception: Registration may have failed - no token found
[31m== [31m[1m11 failed[0m, [32m5 passed[0m, [33m3 skipped[0m, [33m3 warnings[0m, [31m[1m49 errors[0m[31m in 576.87s (0:09:36)[0m[31m ==[0m
